Event[3184]:
  Log Name: Security
  Source: Microsoft-Windows-Security-Auditing
  Date: 2024-08-09T04:52:54.375
  Event ID: 4625
  Task: Account Lockout
  Level: Information
  Opcode: Info
  Keyword: Audit Failure
  User: N/A
  User Name: N/A
  Computer: CLIBAAD03.cliba.com.ar
  Description: 
An account failed to log on.

Subject:
	Security ID:		S-1-5-18
	Account Name:		CLIBAAD03$
	Account Domain:		CLIBA
	Logon ID:		0x3E7

Logon Type:			3

Account For Which Logon Failed:
	Security ID:		S-1-0-0
	Account Name:		wcaballero
	Account Domain:		CLIBA

Failure Information:
	Failure Reason:		Account locked out.
	Status:			0xC0000234
	Sub Status:		0x0

Process Information:
	Caller Process ID:	0x418
	Caller Process Name:	C:\Windows\System32\svchost.exe

Network Information:
	Workstation Name:	-
	Source Network Address:	-
	Source Port:		-

Detailed Authentication Information:
	Logon Process:		CHAP
	Authentication Package:	MICROSOFT_AUTHENTICATION_PACKAGE_V1_0
	Transited Services:	-
	Package Name (NTLM only):	-
	Key Length:		0

This event is generated when a logon request fails. It is generated on the computer where access was attempted.

The Subject fields indicate the account on the local system which requested the logon. This is most commonly a service such as the Server service, or a local process such as Winlogon.exe or Services.exe.

The Logon Type field indicates the kind of logon that was requested. The most common types are 2 (interactive) and 3 (network).

The Process Information fields indicate which account and process on the system requested the logon.

The Network Information fields indicate where a remote logon request originated. Workstation name is not always available and may be left blank in some cases.

The authentication information fields provide detailed information about this specific logon request.
	- Transited services indicate which intermediate services have participated in this logon request.
	- Package name indicates which sub-protocol was used among the NTLM protocols.
	- Key length indicates the length of the generated session key. This will be 0 if no session key was requested.

Event[3185]:
  Log Name: Security
  Source: Microsoft-Windows-Security-Auditing
  Date: 2024-08-09T04:52:52.654
  Event ID: 4625
  Task: Account Lockout
  Level: Information
  Opcode: Info
  Keyword: Audit Failure
  User: N/A
  User Name: N/A
  Computer: CLIBAAD03.cliba.com.ar
  Description: 
An account failed to log on.

Subject:
	Security ID:		S-1-5-18
	Account Name:		CLIBAAD03$
	Account Domain:		CLIBA
	Logon ID:		0x3E7

Logon Type:			3

Account For Which Logon Failed:
	Security ID:		S-1-0-0
	Account Name:		wcaballero
	Account Domain:		CLIBA

Failure Information:
	Failure Reason:		Account locked out.
	Status:			0xC0000234
	Sub Status:		0x0

Process Information:
	Caller Process ID:	0x418
	Caller Process Name:	C:\Windows\System32\svchost.exe

Network Information:
	Workstation Name:	-
	Source Network Address:	-
	Source Port:		-

Detailed Authentication Information:
	Logon Process:		CHAP
	Authentication Package:	MICROSOFT_AUTHENTICATION_PACKAGE_V1_0
	Transited Services:	-
	Package Name (NTLM only):	-
	Key Length:		0

This event is generated when a logon request fails. It is generated on the computer where access was attempted.

The Subject fields indicate the account on the local system which requested the logon. This is most commonly a service such as the Server service, or a local process such as Winlogon.exe or Services.exe.

The Logon Type field indicates the kind of logon that was requested. The most common types are 2 (interactive) and 3 (network).

The Process Information fields indicate which account and process on the system requested the logon.

The Network Information fields indicate where a remote logon request originated. Workstation name is not always available and may be left blank in some cases.

The authentication information fields provide detailed information about this specific logon request.
	- Transited services indicate which intermediate services have participated in this logon request.
	- Package name indicates which sub-protocol was used among the NTLM protocols.
	- Key length indicates the length of the generated session key. This will be 0 if no session key was requested.

Event[3186]:
  Log Name: Security
  Source: Microsoft-Windows-Security-Auditing
  Date: 2024-08-09T04:52:37.491
  Event ID: 4625
  Task: Account Lockout
  Level: Information
  Opcode: Info
  Keyword: Audit Failure
  User: N/A
  User Name: N/A
  Computer: CLIBAAD03.cliba.com.ar
  Description: 
An account failed to log on.

Subject:
	Security ID:		S-1-5-18
	Account Name:		CLIBAAD03$
	Account Domain:		CLIBA
	Logon ID:		0x3E7

Logon Type:			3

Account For Which Logon Failed:
	Security ID:		S-1-0-0
	Account Name:		wcaballero
	Account Domain:		CLIBA

Failure Information:
	Failure Reason:		Account locked out.
	Status:			0xC0000234
	Sub Status:		0x0

Process Information:
	Caller Process ID:	0x418
	Caller Process Name:	C:\Windows\System32\svchost.exe

Network Information:
	Workstation Name:	-
	Source Network Address:	-
	Source Port:		-

Detailed Authentication Information:
	Logon Process:		CHAP
	Authentication Package:	MICROSOFT_AUTHENTICATION_PACKAGE_V1_0
	Transited Services:	-
	Package Name (NTLM only):	-
	Key Length:		0

This event is generated when a logon request fails. It is generated on the computer where access was attempted.

The Subject fields indicate the account on the local system which requested the logon. This is most commonly a service such as the Server service, or a local process such as Winlogon.exe or Services.exe.

The Logon Type field indicates the kind of logon that was requested. The most common types are 2 (interactive) and 3 (network).

The Process Information fields indicate which account and process on the system requested the logon.

The Network Information fields indicate where a remote logon request originated. Workstation name is not always available and may be left blank in some cases.

The authentication information fields provide detailed information about this specific logon request.
	- Transited services indicate which intermediate services have participated in this logon request.
	- Package name indicates which sub-protocol was used among the NTLM protocols.
	- Key length indicates the length of the generated session key. This will be 0 if no session key was requested.

Event[3189]:
  Log Name: Security
  Source: Microsoft-Windows-Security-Auditing
  Date: 2024-08-09T04:50:49.134
  Event ID: 4625
  Task: Account Lockout
  Level: Information
  Opcode: Info
  Keyword: Audit Failure
  User: N/A
  User Name: N/A
  Computer: CLIBAAD03.cliba.com.ar
  Description: 
An account failed to log on.

Subject:
	Security ID:		S-1-5-18
	Account Name:		CLIBAAD03$
	Account Domain:		CLIBA
	Logon ID:		0x3E7

Logon Type:			3

Account For Which Logon Failed:
	Security ID:		S-1-0-0
	Account Name:		wcaballero
	Account Domain:		CLIBA

Failure Information:
	Failure Reason:		Account locked out.
	Status:			0xC0000234
	Sub Status:		0x0

Process Information:
	Caller Process ID:	0x418
	Caller Process Name:	C:\Windows\System32\svchost.exe

Network Information:
	Workstation Name:	-
	Source Network Address:	-
	Source Port:		-

Detailed Authentication Information:
	Logon Process:		CHAP
	Authentication Package:	MICROSOFT_AUTHENTICATION_PACKAGE_V1_0
	Transited Services:	-
	Package Name (NTLM only):	-
	Key Length:		0

This event is generated when a logon request fails. It is generated on the computer where access was attempted.

The Subject fields indicate the account on the local system which requested the logon. This is most commonly a service such as the Server service, or a local process such as Winlogon.exe or Services.exe.

The Logon Type field indicates the kind of logon that was requested. The most common types are 2 (interactive) and 3 (network).

The Process Information fields indicate which account and process on the system requested the logon.

The Network Information fields indicate where a remote logon request originated. Workstation name is not always available and may be left blank in some cases.

The authentication information fields provide detailed information about this specific logon request.
	- Transited services indicate which intermediate services have participated in this logon request.
	- Package name indicates which sub-protocol was used among the NTLM protocols.
	- Key length indicates the length of the generated session key. This will be 0 if no session key was requested.

Event[3383]:
  Log Name: Security
  Source: Microsoft-Windows-Security-Auditing
  Date: 2024-08-09T04:30:01.172
  Event ID: 4771
  Task: Kerberos Authentication Service
  Level: Information
  Opcode: Info
  Keyword: Audit Failure
  User: N/A
  User Name: N/A
  Computer: CLIBAAD03.cliba.com.ar
  Description: 
Kerberos pre-authentication failed.

Account Information:
	Security ID:		S-1-5-21-1171290785-409082668-1575050150-27494
	Account Name:		wcaballero

Service Information:
	Service Name:		krbtgt/Cliba

Network Information:
	Client Address:		::ffff:172.19.27.91
	Client Port:		51364

Additional Information:
	Ticket Options:		0x40810010
	Failure Code:		0x12
	Pre-Authentication Type:	0

Certificate Information:
	Certificate Issuer Name:		
	Certificate Serial Number: 	
	Certificate Thumbprint:		

Certificate information is only provided if a certificate was used for pre-authentication.

Pre-authentication types, ticket options and failure codes are defined in RFC 4120.

If the ticket was malformed or damaged during transit and could not be decrypted, then many fields in this event might not be present.

Event[3400]:
  Log Name: Security
  Source: Microsoft-Windows-Security-Auditing
  Date: 2024-08-09T04:19:20.545
  Event ID: 4771
  Task: Kerberos Authentication Service
  Level: Information
  Opcode: Info
  Keyword: Audit Failure
  User: N/A
  User Name: N/A
  Computer: CLIBAAD03.cliba.com.ar
  Description: 
Kerberos pre-authentication failed.

Account Information:
	Security ID:		S-1-5-21-1171290785-409082668-1575050150-27494
	Account Name:		wcaballero

Service Information:
	Service Name:		krbtgt/Cliba

Network Information:
	Client Address:		::ffff:172.19.27.91
	Client Port:		51331

Additional Information:
	Ticket Options:		0x40810010
	Failure Code:		0x12
	Pre-Authentication Type:	0

Certificate Information:
	Certificate Issuer Name:		
	Certificate Serial Number: 	
	Certificate Thumbprint:		

Certificate information is only provided if a certificate was used for pre-authentication.

Pre-authentication types, ticket options and failure codes are defined in RFC 4120.

If the ticket was malformed or damaged during transit and could not be decrypted, then many fields in this event might not be present.

Event[3409]:
  Log Name: Security
  Source: Microsoft-Windows-Security-Auditing
  Date: 2024-08-09T04:16:53.489
  Event ID: 4771
  Task: Kerberos Authentication Service
  Level: Information
  Opcode: Info
  Keyword: Audit Failure
  User: N/A
  User Name: N/A
  Computer: CLIBAAD03.cliba.com.ar
  Description: 
Kerberos pre-authentication failed.

Account Information:
	Security ID:		S-1-5-21-1171290785-409082668-1575050150-27494
	Account Name:		wcaballero

Service Information:
	Service Name:		krbtgt/Cliba

Network Information:
	Client Address:		::ffff:172.19.27.91
	Client Port:		51285

Additional Information:
	Ticket Options:		0x40810010
	Failure Code:		0x12
	Pre-Authentication Type:	0

Certificate Information:
	Certificate Issuer Name:		
	Certificate Serial Number: 	
	Certificate Thumbprint:		

Certificate information is only provided if a certificate was used for pre-authentication.

Pre-authentication types, ticket options and failure codes are defined in RFC 4120.

If the ticket was malformed or damaged during transit and could not be decrypted, then many fields in this event might not be present.

Event[3413]:
  Log Name: Security
  Source: Microsoft-Windows-Security-Auditing
  Date: 2024-08-09T04:15:42.373
  Event ID: 4771
  Task: Kerberos Authentication Service
  Level: Information
  Opcode: Info
  Keyword: Audit Failure
  User: N/A
  User Name: N/A
  Computer: CLIBAAD03.cliba.com.ar
  Description: 
Kerberos pre-authentication failed.

Account Information:
	Security ID:		S-1-5-21-1171290785-409082668-1575050150-27494
	Account Name:		wcaballero

Service Information:
	Service Name:		krbtgt/Cliba

Network Information:
	Client Address:		::ffff:172.19.27.91
	Client Port:		51276

Additional Information:
	Ticket Options:		0x40810010
	Failure Code:		0x12
	Pre-Authentication Type:	0

Certificate Information:
	Certificate Issuer Name:		
	Certificate Serial Number: 	
	Certificate Thumbprint:		

Certificate information is only provided if a certificate was used for pre-authentication.

Pre-authentication types, ticket options and failure codes are defined in RFC 4120.

If the ticket was malformed or damaged during transit and could not be decrypted, then many fields in this event might not be present.

Event[3418]:
  Log Name: Security
  Source: Microsoft-Windows-Security-Auditing
  Date: 2024-08-09T04:10:48.267
  Event ID: 4771
  Task: Kerberos Authentication Service
  Level: Information
  Opcode: Info
  Keyword: Audit Failure
  User: N/A
  User Name: N/A
  Computer: CLIBAAD03.cliba.com.ar
  Description: 
Kerberos pre-authentication failed.

Account Information:
	Security ID:		S-1-5-21-1171290785-409082668-1575050150-27494
	Account Name:		wcaballero

Service Information:
	Service Name:		krbtgt/Cliba

Network Information:
	Client Address:		::ffff:172.19.27.91
	Client Port:		51259

Additional Information:
	Ticket Options:		0x40810010
	Failure Code:		0x12
	Pre-Authentication Type:	0

Certificate Information:
	Certificate Issuer Name:		
	Certificate Serial Number: 	
	Certificate Thumbprint:		

Certificate information is only provided if a certificate was used for pre-authentication.

Pre-authentication types, ticket options and failure codes are defined in RFC 4120.

If the ticket was malformed or damaged during transit and could not be decrypted, then many fields in this event might not be present.

Event[3423]:
  Log Name: Security
  Source: Microsoft-Windows-Security-Auditing
  Date: 2024-08-09T04:08:38.442
  Event ID: 4771
  Task: Kerberos Authentication Service
  Level: Information
  Opcode: Info
  Keyword: Audit Failure
  User: N/A
  User Name: N/A
  Computer: CLIBAAD03.cliba.com.ar
  Description: 
Kerberos pre-authentication failed.

Account Information:
	Security ID:		S-1-5-21-1171290785-409082668-1575050150-27494
	Account Name:		wcaballero

Service Information:
	Service Name:		krbtgt/Cliba

Network Information:
	Client Address:		::ffff:172.19.27.91
	Client Port:		51248

Additional Information:
	Ticket Options:		0x40810010
	Failure Code:		0x12
	Pre-Authentication Type:	0

Certificate Information:
	Certificate Issuer Name:		
	Certificate Serial Number: 	
	Certificate Thumbprint:		

Certificate information is only provided if a certificate was used for pre-authentication.

Pre-authentication types, ticket options and failure codes are defined in RFC 4120.

If the ticket was malformed or damaged during transit and could not be decrypted, then many fields in this event might not be present.

Event[3428]:
  Log Name: Security
  Source: Microsoft-Windows-Security-Auditing
  Date: 2024-08-09T04:07:26.655
  Event ID: 4625
  Task: Logon
  Level: Information
  Opcode: Info
  Keyword: Audit Failure
  User: N/A
  User Name: N/A
  Computer: CLIBAAD03.cliba.com.ar
  Description: 
An account failed to log on.

Subject:
	Security ID:		S-1-5-18
	Account Name:		CLIBAAD03$
	Account Domain:		CLIBA
	Logon ID:		0x3E7

Logon Type:			3

Account For Which Logon Failed:
	Security ID:		S-1-0-0
	Account Name:		wcaballero
	Account Domain:		CLIBA

Failure Information:
	Failure Reason:		Unknown user name or bad password.
	Status:			0xC000006D
	Sub Status:		0xC000006A

Process Information:
	Caller Process ID:	0x418
	Caller Process Name:	C:\Windows\System32\svchost.exe

Network Information:
	Workstation Name:	-
	Source Network Address:	-
	Source Port:		-

Detailed Authentication Information:
	Logon Process:		CHAP
	Authentication Package:	MICROSOFT_AUTHENTICATION_PACKAGE_V1_0
	Transited Services:	-
	Package Name (NTLM only):	-
	Key Length:		0

This event is generated when a logon request fails. It is generated on the computer where access was attempted.

The Subject fields indicate the account on the local system which requested the logon. This is most commonly a service such as the Server service, or a local process such as Winlogon.exe or Services.exe.

The Logon Type field indicates the kind of logon that was requested. The most common types are 2 (interactive) and 3 (network).

The Process Information fields indicate which account and process on the system requested the logon.

The Network Information fields indicate where a remote logon request originated. Workstation name is not always available and may be left blank in some cases.

The authentication information fields provide detailed information about this specific logon request.
	- Transited services indicate which intermediate services have participated in this logon request.
	- Package name indicates which sub-protocol was used among the NTLM protocols.
	- Key length indicates the length of the generated session key. This will be 0 if no session key was requested.

Event[3637]:
  Log Name: Security
  Source: Microsoft-Windows-Security-Auditing
  Date: 2024-08-09T01:51:50.662
  Event ID: 4625
  Task: Logon
  Level: Information
  Opcode: Info
  Keyword: Audit Failure
  User: N/A
  User Name: N/A
  Computer: CLIBAAD03.cliba.com.ar
  Description: 
An account failed to log on.

Subject:
	Security ID:		S-1-5-18
	Account Name:		CLIBAAD03$
	Account Domain:		CLIBA
	Logon ID:		0x3E7

Logon Type:			3

Account For Which Logon Failed:
	Security ID:		S-1-0-0
	Account Name:		wcaballero
	Account Domain:		CLIBA

Failure Information:
	Failure Reason:		Unknown user name or bad password.
	Status:			0xC000006D
	Sub Status:		0xC000006A

Process Information:
	Caller Process ID:	0x418
	Caller Process Name:	C:\Windows\System32\svchost.exe

Network Information:
	Workstation Name:	-
	Source Network Address:	-
	Source Port:		-

Detailed Authentication Information:
	Logon Process:		CHAP
	Authentication Package:	MICROSOFT_AUTHENTICATION_PACKAGE_V1_0
	Transited Services:	-
	Package Name (NTLM only):	-
	Key Length:		0

This event is generated when a logon request fails. It is generated on the computer where access was attempted.

The Subject fields indicate the account on the local system which requested the logon. This is most commonly a service such as the Server service, or a local process such as Winlogon.exe or Services.exe.

The Logon Type field indicates the kind of logon that was requested. The most common types are 2 (interactive) and 3 (network).

The Process Information fields indicate which account and process on the system requested the logon.

The Network Information fields indicate where a remote logon request originated. Workstation name is not always available and may be left blank in some cases.

The authentication information fields provide detailed information about this specific logon request.
	- Transited services indicate which intermediate services have participated in this logon request.
	- Package name indicates which sub-protocol was used among the NTLM protocols.
	- Key length indicates the length of the generated session key. This will be 0 if no session key was requested.

Event[3685]:
  Log Name: Security
  Source: Microsoft-Windows-Security-Auditing
  Date: 2024-08-09T01:27:05.366
  Event ID: 4625
  Task: Logon
  Level: Information
  Opcode: Info
  Keyword: Audit Failure
  User: N/A
  User Name: N/A
  Computer: CLIBAAD03.cliba.com.ar
  Description: 
An account failed to log on.

Subject:
	Security ID:		S-1-5-18
	Account Name:		CLIBAAD03$
	Account Domain:		CLIBA
	Logon ID:		0x3E7

Logon Type:			3

Account For Which Logon Failed:
	Security ID:		S-1-0-0
	Account Name:		wcaballero
	Account Domain:		CLIBA

Failure Information:
	Failure Reason:		Unknown user name or bad password.
	Status:			0xC000006D
	Sub Status:		0xC000006A

Process Information:
	Caller Process ID:	0x418
	Caller Process Name:	C:\Windows\System32\svchost.exe

Network Information:
	Workstation Name:	-
	Source Network Address:	-
	Source Port:		-

Detailed Authentication Information:
	Logon Process:		CHAP
	Authentication Package:	MICROSOFT_AUTHENTICATION_PACKAGE_V1_0
	Transited Services:	-
	Package Name (NTLM only):	-
	Key Length:		0

This event is generated when a logon request fails. It is generated on the computer where access was attempted.

The Subject fields indicate the account on the local system which requested the logon. This is most commonly a service such as the Server service, or a local process such as Winlogon.exe or Services.exe.

The Logon Type field indicates the kind of logon that was requested. The most common types are 2 (interactive) and 3 (network).

The Process Information fields indicate which account and process on the system requested the logon.

The Network Information fields indicate where a remote logon request originated. Workstation name is not always available and may be left blank in some cases.

The authentication information fields provide detailed information about this specific logon request.
	- Transited services indicate which intermediate services have participated in this logon request.
	- Package name indicates which sub-protocol was used among the NTLM protocols.
	- Key length indicates the length of the generated session key. This will be 0 if no session key was requested.

Event[3747]:
  Log Name: Security
  Source: Microsoft-Windows-Security-Auditing
  Date: 2024-08-09T00:46:30.372
  Event ID: 4625
  Task: Logon
  Level: Information
  Opcode: Info
  Keyword: Audit Failure
  User: N/A
  User Name: N/A
  Computer: CLIBAAD03.cliba.com.ar
  Description: 
An account failed to log on.

Subject:
	Security ID:		S-1-5-18
	Account Name:		CLIBAAD03$
	Account Domain:		CLIBA
	Logon ID:		0x3E7

Logon Type:			3

Account For Which Logon Failed:
	Security ID:		S-1-0-0
	Account Name:		wcaballero
	Account Domain:		CLIBA

Failure Information:
	Failure Reason:		Unknown user name or bad password.
	Status:			0xC000006D
	Sub Status:		0xC000006A

Process Information:
	Caller Process ID:	0x418
	Caller Process Name:	C:\Windows\System32\svchost.exe

Network Information:
	Workstation Name:	-
	Source Network Address:	-
	Source Port:		-

Detailed Authentication Information:
	Logon Process:		CHAP
	Authentication Package:	MICROSOFT_AUTHENTICATION_PACKAGE_V1_0
	Transited Services:	-
	Package Name (NTLM only):	-
	Key Length:		0

This event is generated when a logon request fails. It is generated on the computer where access was attempted.

The Subject fields indicate the account on the local system which requested the logon. This is most commonly a service such as the Server service, or a local process such as Winlogon.exe or Services.exe.

The Logon Type field indicates the kind of logon that was requested. The most common types are 2 (interactive) and 3 (network).

The Process Information fields indicate which account and process on the system requested the logon.

The Network Information fields indicate where a remote logon request originated. Workstation name is not always available and may be left blank in some cases.

The authentication information fields provide detailed information about this specific logon request.
	- Transited services indicate which intermediate services have participated in this logon request.
	- Package name indicates which sub-protocol was used among the NTLM protocols.
	- Key length indicates the length of the generated session key. This will be 0 if no session key was requested.

Event[4371]:
  Log Name: Security
  Source: Microsoft-Windows-Security-Auditing
  Date: 2024-08-08T23:25:06.311
  Event ID: 4625
  Task: Logon
  Level: Information
  Opcode: Info
  Keyword: Audit Failure
  User: N/A
  User Name: N/A
  Computer: CLIBAAD03.cliba.com.ar
  Description: 
An account failed to log on.

Subject:
	Security ID:		S-1-5-18
	Account Name:		CLIBAAD03$
	Account Domain:		CLIBA
	Logon ID:		0x3E7

Logon Type:			3

Account For Which Logon Failed:
	Security ID:		S-1-0-0
	Account Name:		wcaballero
	Account Domain:		CLIBA

Failure Information:
	Failure Reason:		Unknown user name or bad password.
	Status:			0xC000006D
	Sub Status:		0xC000006A

Process Information:
	Caller Process ID:	0x418
	Caller Process Name:	C:\Windows\System32\svchost.exe

Network Information:
	Workstation Name:	-
	Source Network Address:	-
	Source Port:		-

Detailed Authentication Information:
	Logon Process:		CHAP
	Authentication Package:	MICROSOFT_AUTHENTICATION_PACKAGE_V1_0
	Transited Services:	-
	Package Name (NTLM only):	-
	Key Length:		0

This event is generated when a logon request fails. It is generated on the computer where access was attempted.

The Subject fields indicate the account on the local system which requested the logon. This is most commonly a service such as the Server service, or a local process such as Winlogon.exe or Services.exe.

The Logon Type field indicates the kind of logon that was requested. The most common types are 2 (interactive) and 3 (network).

The Process Information fields indicate which account and process on the system requested the logon.

The Network Information fields indicate where a remote logon request originated. Workstation name is not always available and may be left blank in some cases.

The authentication information fields provide detailed information about this specific logon request.
	- Transited services indicate which intermediate services have participated in this logon request.
	- Package name indicates which sub-protocol was used among the NTLM protocols.
	- Key length indicates the length of the generated session key. This will be 0 if no session key was requested.

Event[4415]:
  Log Name: Security
  Source: Microsoft-Windows-Security-Auditing
  Date: 2024-08-08T22:59:37.772
  Event ID: 4625
  Task: Logon
  Level: Information
  Opcode: Info
  Keyword: Audit Failure
  User: N/A
  User Name: N/A
  Computer: CLIBAAD03.cliba.com.ar
  Description: 
An account failed to log on.

Subject:
	Security ID:		S-1-5-18
	Account Name:		CLIBAAD03$
	Account Domain:		CLIBA
	Logon ID:		0x3E7

Logon Type:			3

Account For Which Logon Failed:
	Security ID:		S-1-0-0
	Account Name:		wcaballero
	Account Domain:		CLIBA

Failure Information:
	Failure Reason:		Unknown user name or bad password.
	Status:			0xC000006D
	Sub Status:		0xC000006A

Process Information:
	Caller Process ID:	0x418
	Caller Process Name:	C:\Windows\System32\svchost.exe

Network Information:
	Workstation Name:	-
	Source Network Address:	-
	Source Port:		-

Detailed Authentication Information:
	Logon Process:		CHAP
	Authentication Package:	MICROSOFT_AUTHENTICATION_PACKAGE_V1_0
	Transited Services:	-
	Package Name (NTLM only):	-
	Key Length:		0

This event is generated when a logon request fails. It is generated on the computer where access was attempted.

The Subject fields indicate the account on the local system which requested the logon. This is most commonly a service such as the Server service, or a local process such as Winlogon.exe or Services.exe.

The Logon Type field indicates the kind of logon that was requested. The most common types are 2 (interactive) and 3 (network).

The Process Information fields indicate which account and process on the system requested the logon.

The Network Information fields indicate where a remote logon request originated. Workstation name is not always available and may be left blank in some cases.

The authentication information fields provide detailed information about this specific logon request.
	- Transited services indicate which intermediate services have participated in this logon request.
	- Package name indicates which sub-protocol was used among the NTLM protocols.
	- Key length indicates the length of the generated session key. This will be 0 if no session key was requested.

Event[4622]:
  Log Name: Security
  Source: Microsoft-Windows-Security-Auditing
  Date: 2024-08-08T21:43:11.129
  Event ID: 4771
  Task: Kerberos Authentication Service
  Level: Information
  Opcode: Info
  Keyword: Audit Failure
  User: N/A
  User Name: N/A
  Computer: CLIBAAD03.cliba.com.ar
  Description: 
Kerberos pre-authentication failed.

Account Information:
	Security ID:		S-1-5-21-1171290785-409082668-1575050150-27494
	Account Name:		wcaballero

Service Information:
	Service Name:		krbtgt/Cliba

Network Information:
	Client Address:		::ffff:172.19.27.91
	Client Port:		65154

Additional Information:
	Ticket Options:		0x40810010
	Failure Code:		0x12
	Pre-Authentication Type:	0

Certificate Information:
	Certificate Issuer Name:		
	Certificate Serial Number: 	
	Certificate Thumbprint:		

Certificate information is only provided if a certificate was used for pre-authentication.

Pre-authentication types, ticket options and failure codes are defined in RFC 4120.

If the ticket was malformed or damaged during transit and could not be decrypted, then many fields in this event might not be present.

Event[4623]:
  Log Name: Security
  Source: Microsoft-Windows-Security-Auditing
  Date: 2024-08-08T21:42:53.286
  Event ID: 4771
  Task: Kerberos Authentication Service
  Level: Information
  Opcode: Info
  Keyword: Audit Failure
  User: N/A
  User Name: N/A
  Computer: CLIBAAD03.cliba.com.ar
  Description: 
Kerberos pre-authentication failed.

Account Information:
	Security ID:		S-1-5-21-1171290785-409082668-1575050150-27494
	Account Name:		wcaballero

Service Information:
	Service Name:		krbtgt/Cliba

Network Information:
	Client Address:		::ffff:172.19.27.91
	Client Port:		65153

Additional Information:
	Ticket Options:		0x40810010
	Failure Code:		0x12
	Pre-Authentication Type:	0

Certificate Information:
	Certificate Issuer Name:		
	Certificate Serial Number: 	
	Certificate Thumbprint:		

Certificate information is only provided if a certificate was used for pre-authentication.

Pre-authentication types, ticket options and failure codes are defined in RFC 4120.

If the ticket was malformed or damaged during transit and could not be decrypted, then many fields in this event might not be present.

Event[4626]:
  Log Name: Security
  Source: Microsoft-Windows-Security-Auditing
  Date: 2024-08-08T21:40:03.367
  Event ID: 4771
  Task: Kerberos Authentication Service
  Level: Information
  Opcode: Info
  Keyword: Audit Failure
  User: N/A
  User Name: N/A
  Computer: CLIBAAD03.cliba.com.ar
  Description: 
Kerberos pre-authentication failed.

Account Information:
	Security ID:		S-1-5-21-1171290785-409082668-1575050150-27494
	Account Name:		wcaballero

Service Information:
	Service Name:		krbtgt/Cliba

Network Information:
	Client Address:		::ffff:172.19.27.91
	Client Port:		65138

Additional Information:
	Ticket Options:		0x40810010
	Failure Code:		0x12
	Pre-Authentication Type:	0

Certificate Information:
	Certificate Issuer Name:		
	Certificate Serial Number: 	
	Certificate Thumbprint:		

Certificate information is only provided if a certificate was used for pre-authentication.

Pre-authentication types, ticket options and failure codes are defined in RFC 4120.

If the ticket was malformed or damaged during transit and could not be decrypted, then many fields in this event might not be present.

Event[4631]:
  Log Name: Security
  Source: Microsoft-Windows-Security-Auditing
  Date: 2024-08-08T21:39:02.709
  Event ID: 4771
  Task: Kerberos Authentication Service
  Level: Information
  Opcode: Info
  Keyword: Audit Failure
  User: N/A
  User Name: N/A
  Computer: CLIBAAD03.cliba.com.ar
  Description: 
Kerberos pre-authentication failed.

Account Information:
	Security ID:		S-1-5-21-1171290785-409082668-1575050150-27494
	Account Name:		wcaballero

Service Information:
	Service Name:		krbtgt/Cliba

Network Information:
	Client Address:		::ffff:172.19.27.91
	Client Port:		65136

Additional Information:
	Ticket Options:		0x40810010
	Failure Code:		0x12
	Pre-Authentication Type:	0

Certificate Information:
	Certificate Issuer Name:		
	Certificate Serial Number: 	
	Certificate Thumbprint:		

Certificate information is only provided if a certificate was used for pre-authentication.

Pre-authentication types, ticket options and failure codes are defined in RFC 4120.

If the ticket was malformed or damaged during transit and could not be decrypted, then many fields in this event might not be present.

Event[4634]:
  Log Name: Security
  Source: Microsoft-Windows-Security-Auditing
  Date: 2024-08-08T21:38:00.249
  Event ID: 4771
  Task: Kerberos Authentication Service
  Level: Information
  Opcode: Info
  Keyword: Audit Failure
  User: N/A
  User Name: N/A
  Computer: CLIBAAD03.cliba.com.ar
  Description: 
Kerberos pre-authentication failed.

Account Information:
	Security ID:		S-1-5-21-1171290785-409082668-1575050150-27494
	Account Name:		wcaballero

Service Information:
	Service Name:		krbtgt/Cliba

Network Information:
	Client Address:		::ffff:172.19.27.91
	Client Port:		65129

Additional Information:
	Ticket Options:		0x40810010
	Failure Code:		0x12
	Pre-Authentication Type:	0

Certificate Information:
	Certificate Issuer Name:		
	Certificate Serial Number: 	
	Certificate Thumbprint:		

Certificate information is only provided if a certificate was used for pre-authentication.

Pre-authentication types, ticket options and failure codes are defined in RFC 4120.

If the ticket was malformed or damaged during transit and could not be decrypted, then many fields in this event might not be present.

Event[4638]:
  Log Name: Security
  Source: Microsoft-Windows-Security-Auditing
  Date: 2024-08-08T21:35:50.858
  Event ID: 4771
  Task: Kerberos Authentication Service
  Level: Information
  Opcode: Info
  Keyword: Audit Failure
  User: N/A
  User Name: N/A
  Computer: CLIBAAD03.cliba.com.ar
  Description: 
Kerberos pre-authentication failed.

Account Information:
	Security ID:		S-1-5-21-1171290785-409082668-1575050150-27494
	Account Name:		wcaballero

Service Information:
	Service Name:		krbtgt/Cliba

Network Information:
	Client Address:		::ffff:172.19.27.91
	Client Port:		65115

Additional Information:
	Ticket Options:		0x40810010
	Failure Code:		0x12
	Pre-Authentication Type:	0

Certificate Information:
	Certificate Issuer Name:		
	Certificate Serial Number: 	
	Certificate Thumbprint:		

Certificate information is only provided if a certificate was used for pre-authentication.

Pre-authentication types, ticket options and failure codes are defined in RFC 4120.

If the ticket was malformed or damaged during transit and could not be decrypted, then many fields in this event might not be present.

Event[4639]:
  Log Name: Security
  Source: Microsoft-Windows-Security-Auditing
  Date: 2024-08-08T21:34:59.120
  Event ID: 4771
  Task: Kerberos Authentication Service
  Level: Information
  Opcode: Info
  Keyword: Audit Failure
  User: N/A
  User Name: N/A
  Computer: CLIBAAD03.cliba.com.ar
  Description: 
Kerberos pre-authentication failed.

Account Information:
	Security ID:		S-1-5-21-1171290785-409082668-1575050150-27494
	Account Name:		wcaballero

Service Information:
	Service Name:		krbtgt/Cliba

Network Information:
	Client Address:		::ffff:172.19.27.91
	Client Port:		65112

Additional Information:
	Ticket Options:		0x40810010
	Failure Code:		0x12
	Pre-Authentication Type:	0

Certificate Information:
	Certificate Issuer Name:		
	Certificate Serial Number: 	
	Certificate Thumbprint:		

Certificate information is only provided if a certificate was used for pre-authentication.

Pre-authentication types, ticket options and failure codes are defined in RFC 4120.

If the ticket was malformed or damaged during transit and could not be decrypted, then many fields in this event might not be present.

Event[4640]:
  Log Name: Security
  Source: Microsoft-Windows-Security-Auditing
  Date: 2024-08-08T21:34:00.261
  Event ID: 4771
  Task: Kerberos Authentication Service
  Level: Information
  Opcode: Info
  Keyword: Audit Failure
  User: N/A
  User Name: N/A
  Computer: CLIBAAD03.cliba.com.ar
  Description: 
Kerberos pre-authentication failed.

Account Information:
	Security ID:		S-1-5-21-1171290785-409082668-1575050150-27494
	Account Name:		wcaballero

Service Information:
	Service Name:		krbtgt/Cliba

Network Information:
	Client Address:		::ffff:172.19.27.91
	Client Port:		65107

Additional Information:
	Ticket Options:		0x40810010
	Failure Code:		0x12
	Pre-Authentication Type:	0

Certificate Information:
	Certificate Issuer Name:		
	Certificate Serial Number: 	
	Certificate Thumbprint:		

Certificate information is only provided if a certificate was used for pre-authentication.

Pre-authentication types, ticket options and failure codes are defined in RFC 4120.

If the ticket was malformed or damaged during transit and could not be decrypted, then many fields in this event might not be present.

Event[4643]:
  Log Name: Security
  Source: Microsoft-Windows-Security-Auditing
  Date: 2024-08-08T21:33:07.281
  Event ID: 4771
  Task: Kerberos Authentication Service
  Level: Information
  Opcode: Info
  Keyword: Audit Failure
  User: N/A
  User Name: N/A
  Computer: CLIBAAD03.cliba.com.ar
  Description: 
Kerberos pre-authentication failed.

Account Information:
	Security ID:		S-1-5-21-1171290785-409082668-1575050150-27494
	Account Name:		wcaballero

Service Information:
	Service Name:		krbtgt/Cliba

Network Information:
	Client Address:		::ffff:172.19.27.91
	Client Port:		65100

Additional Information:
	Ticket Options:		0x40810010
	Failure Code:		0x12
	Pre-Authentication Type:	0

Certificate Information:
	Certificate Issuer Name:		
	Certificate Serial Number: 	
	Certificate Thumbprint:		

Certificate information is only provided if a certificate was used for pre-authentication.

Pre-authentication types, ticket options and failure codes are defined in RFC 4120.

If the ticket was malformed or damaged during transit and could not be decrypted, then many fields in this event might not be present.

Event[4644]:
  Log Name: Security
  Source: Microsoft-Windows-Security-Auditing
  Date: 2024-08-08T21:31:49.541
  Event ID: 4771
  Task: Kerberos Authentication Service
  Level: Information
  Opcode: Info
  Keyword: Audit Failure
  User: N/A
  User Name: N/A
  Computer: CLIBAAD03.cliba.com.ar
  Description: 
Kerberos pre-authentication failed.

Account Information:
	Security ID:		S-1-5-21-1171290785-409082668-1575050150-27494
	Account Name:		wcaballero

Service Information:
	Service Name:		krbtgt/Cliba

Network Information:
	Client Address:		::ffff:172.19.27.91
	Client Port:		65097

Additional Information:
	Ticket Options:		0x40810010
	Failure Code:		0x12
	Pre-Authentication Type:	0

Certificate Information:
	Certificate Issuer Name:		
	Certificate Serial Number: 	
	Certificate Thumbprint:		

Certificate information is only provided if a certificate was used for pre-authentication.

Pre-authentication types, ticket options and failure codes are defined in RFC 4120.

If the ticket was malformed or damaged during transit and could not be decrypted, then many fields in this event might not be present.

Event[4665]:
  Log Name: Security
  Source: Microsoft-Windows-Security-Auditing
  Date: 2024-08-08T21:18:18.262
  Event ID: 4771
  Task: Kerberos Authentication Service
  Level: Information
  Opcode: Info
  Keyword: Audit Failure
  User: N/A
  User Name: N/A
  Computer: CLIBAAD03.cliba.com.ar
  Description: 
Kerberos pre-authentication failed.

Account Information:
	Security ID:		S-1-5-21-1171290785-409082668-1575050150-27494
	Account Name:		wcaballero

Service Information:
	Service Name:		krbtgt/Cliba

Network Information:
	Client Address:		::ffff:172.19.27.91
	Client Port:		64983

Additional Information:
	Ticket Options:		0x40810010
	Failure Code:		0x12
	Pre-Authentication Type:	0

Certificate Information:
	Certificate Issuer Name:		
	Certificate Serial Number: 	
	Certificate Thumbprint:		

Certificate information is only provided if a certificate was used for pre-authentication.

Pre-authentication types, ticket options and failure codes are defined in RFC 4120.

If the ticket was malformed or damaged during transit and could not be decrypted, then many fields in this event might not be present.

Event[4670]:
  Log Name: Security
  Source: Microsoft-Windows-Security-Auditing
  Date: 2024-08-08T21:15:10.888
  Event ID: 4771
  Task: Kerberos Authentication Service
  Level: Information
  Opcode: Info
  Keyword: Audit Failure
  User: N/A
  User Name: N/A
  Computer: CLIBAAD03.cliba.com.ar
  Description: 
Kerberos pre-authentication failed.

Account Information:
	Security ID:		S-1-5-21-1171290785-409082668-1575050150-27494
	Account Name:		wcaballero

Service Information:
	Service Name:		krbtgt/Cliba

Network Information:
	Client Address:		::ffff:172.19.27.91
	Client Port:		64949

Additional Information:
	Ticket Options:		0x40810010
	Failure Code:		0x12
	Pre-Authentication Type:	0

Certificate Information:
	Certificate Issuer Name:		
	Certificate Serial Number: 	
	Certificate Thumbprint:		

Certificate information is only provided if a certificate was used for pre-authentication.

Pre-authentication types, ticket options and failure codes are defined in RFC 4120.

If the ticket was malformed or damaged during transit and could not be decrypted, then many fields in this event might not be present.

Event[4858]:
  Log Name: Security
  Source: Microsoft-Windows-Security-Auditing
  Date: 2024-08-08T19:45:54.639
  Event ID: 4625
  Task: Account Lockout
  Level: Information
  Opcode: Info
  Keyword: Audit Failure
  User: N/A
  User Name: N/A
  Computer: CLIBAAD03.cliba.com.ar
  Description: 
An account failed to log on.

Subject:
	Security ID:		S-1-5-18
	Account Name:		CLIBAAD03$
	Account Domain:		CLIBA
	Logon ID:		0x3E7

Logon Type:			3

Account For Which Logon Failed:
	Security ID:		S-1-0-0
	Account Name:		wcaballero
	Account Domain:		CLIBA

Failure Information:
	Failure Reason:		Account locked out.
	Status:			0xC0000234
	Sub Status:		0x0

Process Information:
	Caller Process ID:	0x418
	Caller Process Name:	C:\Windows\System32\svchost.exe

Network Information:
	Workstation Name:	-
	Source Network Address:	-
	Source Port:		-

Detailed Authentication Information:
	Logon Process:		CHAP
	Authentication Package:	MICROSOFT_AUTHENTICATION_PACKAGE_V1_0
	Transited Services:	-
	Package Name (NTLM only):	-
	Key Length:		0

This event is generated when a logon request fails. It is generated on the computer where access was attempted.

The Subject fields indicate the account on the local system which requested the logon. This is most commonly a service such as the Server service, or a local process such as Winlogon.exe or Services.exe.

The Logon Type field indicates the kind of logon that was requested. The most common types are 2 (interactive) and 3 (network).

The Process Information fields indicate which account and process on the system requested the logon.

The Network Information fields indicate where a remote logon request originated. Workstation name is not always available and may be left blank in some cases.

The authentication information fields provide detailed information about this specific logon request.
	- Transited services indicate which intermediate services have participated in this logon request.
	- Package name indicates which sub-protocol was used among the NTLM protocols.
	- Key length indicates the length of the generated session key. This will be 0 if no session key was requested.

Event[4867]:
  Log Name: Security
  Source: Microsoft-Windows-Security-Auditing
  Date: 2024-08-08T19:40:36.045
  Event ID: 4625
  Task: Account Lockout
  Level: Information
  Opcode: Info
  Keyword: Audit Failure
  User: N/A
  User Name: N/A
  Computer: CLIBAAD03.cliba.com.ar
  Description: 
An account failed to log on.

Subject:
	Security ID:		S-1-5-18
	Account Name:		CLIBAAD03$
	Account Domain:		CLIBA
	Logon ID:		0x3E7

Logon Type:			3

Account For Which Logon Failed:
	Security ID:		S-1-0-0
	Account Name:		wcaballero
	Account Domain:		CLIBA

Failure Information:
	Failure Reason:		Account locked out.
	Status:			0xC0000234
	Sub Status:		0x0

Process Information:
	Caller Process ID:	0x418
	Caller Process Name:	C:\Windows\System32\svchost.exe

Network Information:
	Workstation Name:	-
	Source Network Address:	-
	Source Port:		-

Detailed Authentication Information:
	Logon Process:		CHAP
	Authentication Package:	MICROSOFT_AUTHENTICATION_PACKAGE_V1_0
	Transited Services:	-
	Package Name (NTLM only):	-
	Key Length:		0

This event is generated when a logon request fails. It is generated on the computer where access was attempted.

The Subject fields indicate the account on the local system which requested the logon. This is most commonly a service such as the Server service, or a local process such as Winlogon.exe or Services.exe.

The Logon Type field indicates the kind of logon that was requested. The most common types are 2 (interactive) and 3 (network).

The Process Information fields indicate which account and process on the system requested the logon.

The Network Information fields indicate where a remote logon request originated. Workstation name is not always available and may be left blank in some cases.

The authentication information fields provide detailed information about this specific logon request.
	- Transited services indicate which intermediate services have participated in this logon request.
	- Package name indicates which sub-protocol was used among the NTLM protocols.
	- Key length indicates the length of the generated session key. This will be 0 if no session key was requested.

