  Log Name: Security
  Source: Microsoft-Windows-Security-Auditing
  Date: 2024-08-08T04:47:03.257
  Event ID: 4771
  Task: Kerberos Authentication Service
  Level: Información
  Opcode: Información
  Keyword: Error de auditoría
  User: N/A
  User Name: N/A
  Computer: CLIBAAD01.cliba.com.ar
  Description: 
Error de autenticación previa de Kerberos.

Información de cuenta:
	Id. de seguridad:		S-1-5-21-1171290785-409082668-1575050150-42987
	Nombre de cuenta:		cegomez

Información de servicio:
	Nombre de servicio:		krbtgt/CLIBA.COM.AR

Información de red:
	Dirección de cliente:		::ffff:172.19.65.30
	Puerto de cliente:		62434

Información adicional:
	Opciones de vale:		0x40810010
	Código de error:		0x18
	Tipo de autenticación previa:	2

Información de certificado:
	Nombre de emisor de certificado:		
	Número de serie de certificado: 	
	Huella digital de certificado:		

La información de certificado solo se proporciona si se usó un certificado para la autenticación previa.

Los tipos de autenticación previa, las opciones de vale y los códigos de error se definen en RFC 4120.

Si el vale estaba mal formado o resultó dañado durante el tránsito y no se pudo descifrar, es posible que muchos campos de este evento no estén presentes.

Event[879]:
  Log Name: Security
  Source: Microsoft-Windows-Security-Auditing
  Date: 2024-08-08T04:45:06.935
  Event ID: 4625
  Task: Logon
  Level: Información
  Opcode: Información
  Keyword: Error de auditoría
  User: N/A
  User Name: N/A
  Computer: CLIBAAD01.cliba.com.ar
  Description: 
Error de una cuenta al iniciar sesión.

Sujeto:
	Id. de seguridad:		S-1-0-0
	Nombre de cuenta:		-
	Dominio de cuenta:		-
	Id. de inicio de sesión:		0x0

Tipo de inicio de sesión:			3

Cuenta con error de inicio de sesión: 
	Id. de seguridad:		S-1-0-0
	Nombre de cuenta:		NGISSARA_ADMIN
	Dominio de cuenta:		CLIBA

Información de error:
	Motivo del error:		Nombre de usuario desconocido o contraseña incorrecta
	Estado:			0xC000006D
	Subestado:		0xC0000064

Información de proceso:
	Id. de proceso del autor de la llamada:	0x0
	Nombre de proceso del autor de la llamada:	-

Información de red:
	Nombre de estación de trabajo:	PROMISCCM2019
	Dirección de red de origen:	172.16.1.198
	Puerto de origen:		58383

Información de autenticación detallada:
	Proceso de inicio de sesión:		NtLmSsp 
	Paquete de autenticación:	NTLM
	Servicios transitados:	-
	Nombre de paquete (solo NTLM):	-
	Longitud de clave:	0

Este evento se genera cuando se produce un error en una solicitud de inicio de sesión. Lo genera el equipo al que se intentó tener acceso.

Los campos de sujeto indican la cuenta del sistema local que solicitó el inicio de sesión. Suele ser un servicio como el servicio de servidor o un proceso local como Winlogon.exe o Services.exe.

El campo Tipo de inicio de sesión indica la clase de inicio de sesión que se solicitó. Los tipos más comunes son 2 (interactivo) y 3 (red).

Los campos Información de proceso indican la cuenta y el proceso en el sistema que solicitó el inicio de sesión.

Los campos Información de red indican dónde se originó una solicitud de inicio de sesión remota. Nombre de estación de trabajo no está siempre disponible y se puede dejar en blanco en algunos casos.

Los campos de información de autenticación proporcionan información detallada sobre esta solicitud de inicio de sesión específica.
	- Servicios transitados indica los servicios intermedios que participaron en esta solicitud de inicio de sesión.
	- Nombre de paquete indica el subprotocolo que se usó entre los protocolos NTLM.
	- Longitud de clave indica la longitud de la clave de sesión generada. Será 0 si no se solicitó una clave de sesión.

Event[880]:
  Log Name: Security
  Source: Microsoft-Windows-Security-Auditing
  Date: 2024-08-08T04:45:02.966
  Event ID: 4771
  Task: Kerberos Authentication Service
  Level: Información
  Opcode: Información
  Keyword: Error de auditoría
  User: N/A
  User Name: N/A
  Computer: CLIBAAD01.cliba.com.ar
  Description: 
Error de autenticación previa de Kerberos.

Información de cuenta:
	Id. de seguridad:		S-1-5-21-1171290785-409082668-1575050150-42987
	Nombre de cuenta:		cegomez

Información de servicio:
	Nombre de servicio:		krbtgt/CLIBA.COM.AR

Información de red:
	Dirección de cliente:		::ffff:172.19.65.30
	Puerto de cliente:		62425

Información adicional:
	Opciones de vale:		0x40810010
	Código de error:		0x18
	Tipo de autenticación previa:	2

Información de certificado:
	Nombre de emisor de certificado:		
	Número de serie de certificado: 	
	Huella digital de certificado:		

La información de certificado solo se proporciona si se usó un certificado para la autenticación previa.

Los tipos de autenticación previa, las opciones de vale y los códigos de error se definen en RFC 4120.

Si el vale estaba mal formado o resultó dañado durante el tránsito y no se pudo descifrar, es posible que muchos campos de este evento no estén presentes.

Event[881]:
  Log Name: Security
  Source: Microsoft-Windows-Security-Auditing
  Date: 2024-08-08T04:45:02.848
  Event ID: 4771
  Task: Kerberos Authentication Service
  Level: Información
  Opcode: Información
  Keyword: Error de auditoría
  User: N/A
  User Name: N/A
  Computer: CLIBAAD01.cliba.com.ar
  Description: 
Error de autenticación previa de Kerberos.

Información de cuenta:
	Id. de seguridad:		S-1-5-21-1171290785-409082668-1575050150-42987
	Nombre de cuenta:		cegomez

Información de servicio:
	Nombre de servicio:		krbtgt/CLIBA.COM.AR

Información de red:
	Dirección de cliente:		::ffff:172.19.65.30
	Puerto de cliente:		62423

Información adicional:
	Opciones de vale:		0x40810010
	Código de error:		0x18
	Tipo de autenticación previa:	2

Información de certificado:
	Nombre de emisor de certificado:		
	Número de serie de certificado: 	
	Huella digital de certificado:		

La información de certificado solo se proporciona si se usó un certificado para la autenticación previa.

Los tipos de autenticación previa, las opciones de vale y los códigos de error se definen en RFC 4120.

Si el vale estaba mal formado o resultó dañado durante el tránsito y no se pudo descifrar, es posible que muchos campos de este evento no estén presentes.

Event[882]:
  Log Name: Security
  Source: Microsoft-Windows-Security-Auditing
  Date: 2024-08-08T04:43:59.212
  Event ID: 4771
  Task: Kerberos Authentication Service
  Level: Información
  Opcode: Información
  Keyword: Error de auditoría
  User: N/A
  User Name: N/A
  Computer: CLIBAAD01.cliba.com.ar
  Description: 
Error de autenticación previa de Kerberos.

Información de cuenta:
	Id. de seguridad:		S-1-5-21-1171290785-409082668-1575050150-42987
	Nombre de cuenta:		cegomez

Información de servicio:
	Nombre de servicio:		krbtgt/CLIBA.COM.AR

Información de red:
	Dirección de cliente:		::ffff:172.19.65.30
	Puerto de cliente:		62419

Información adicional:
	Opciones de vale:		0x40810010
	Código de error:		0x18
	Tipo de autenticación previa:	2

Información de certificado:
	Nombre de emisor de certificado:		
	Número de serie de certificado: 	
	Huella digital de certificado:		

La información de certificado solo se proporciona si se usó un certificado para la autenticación previa.

Los tipos de autenticación previa, las opciones de vale y los códigos de error se definen en RFC 4120.

Si el vale estaba mal formado o resultó dañado durante el tránsito y no se pudo descifrar, es posible que muchos campos de este evento no estén presentes.

Event[883]:
  Log Name: Security
  Source: Microsoft-Windows-Security-Auditing
  Date: 2024-08-08T04:43:59.080
  Event ID: 4771
  Task: Kerberos Authentication Service
  Level: Información
  Opcode: Información
  Keyword: Error de auditoría
  User: N/A
  User Name: N/A
  Computer: CLIBAAD01.cliba.com.ar
  Description: 
Error de autenticación previa de Kerberos.

Información de cuenta:
	Id. de seguridad:		S-1-5-21-1171290785-409082668-1575050150-42987
	Nombre de cuenta:		cegomez

Información de servicio:
	Nombre de servicio:		krbtgt/CLIBA.COM.AR

Información de red:
	Dirección de cliente:		::ffff:172.19.65.30
	Puerto de cliente:		62417

Información adicional:
	Opciones de vale:		0x40810010
	Código de error:		0x18
	Tipo de autenticación previa:	2

Información de certificado:
	Nombre de emisor de certificado:		
	Número de serie de certificado: 	
	Huella digital de certificado:		

La información de certificado solo se proporciona si se usó un certificado para la autenticación previa.

Los tipos de autenticación previa, las opciones de vale y los códigos de error se definen en RFC 4120.

Si el vale estaba mal formado o resultó dañado durante el tránsito y no se pudo descifrar, es posible que muchos campos de este evento no estén presentes.

Event[884]:
  Log Name: Security
  Source: Microsoft-Windows-Security-Auditing
  Date: 2024-08-08T04:41:51.580
  Event ID: 4771
  Task: Kerberos Authentication Service
  Level: Información
  Opcode: Información
  Keyword: Error de auditoría
  User: N/A
  User Name: N/A
  Computer: CLIBAAD01.cliba.com.ar
  Description: 
Error de autenticación previa de Kerberos.

Información de cuenta:
	Id. de seguridad:		S-1-5-21-1171290785-409082668-1575050150-25870
	Nombre de cuenta:		DMeza

Información de servicio:
	Nombre de servicio:		krbtgt/CLIBA

Información de red:
	Dirección de cliente:		::ffff:172.19.8.48
	Puerto de cliente:		55055

Información adicional:
	Opciones de vale:		0x40810010
	Código de error:		0x18
	Tipo de autenticación previa:	2

Información de certificado:
	Nombre de emisor de certificado:		
	Número de serie de certificado: 	
	Huella digital de certificado:		

La información de certificado solo se proporciona si se usó un certificado para la autenticación previa.

Los tipos de autenticación previa, las opciones de vale y los códigos de error se definen en RFC 4120.

Si el vale estaba mal formado o resultó dañado durante el tránsito y no se pudo descifrar, es posible que muchos campos de este evento no estén presentes.

Event[885]:
  Log Name: Security
  Source: Microsoft-Windows-Security-Auditing
  Date: 2024-08-08T04:40:06.995
  Event ID: 4625
  Task: Logon
  Level: Información
  Opcode: Información
  Keyword: Error de auditoría
  User: N/A
  User Name: N/A
  Computer: CLIBAAD01.cliba.com.ar
  Description: 
Error de una cuenta al iniciar sesión.

Sujeto:
	Id. de seguridad:		S-1-0-0
	Nombre de cuenta:		-
	Dominio de cuenta:		-
	Id. de inicio de sesión:		0x0

Tipo de inicio de sesión:			3

Cuenta con error de inicio de sesión: 
	Id. de seguridad:		S-1-0-0
	Nombre de cuenta:		NGISSARA_ADMIN
	Dominio de cuenta:		CLIBA

Información de error:
	Motivo del error:		Nombre de usuario desconocido o contraseña incorrecta
	Estado:			0xC000006D
	Subestado:		0xC0000064

Información de proceso:
	Id. de proceso del autor de la llamada:	0x0
	Nombre de proceso del autor de la llamada:	-

Información de red:
	Nombre de estación de trabajo:	PROMISCCM2019
	Dirección de red de origen:	172.16.1.198
	Puerto de origen:		58111

Información de autenticación detallada:
	Proceso de inicio de sesión:		NtLmSsp 
	Paquete de autenticación:	NTLM
	Servicios transitados:	-
	Nombre de paquete (solo NTLM):	-
	Longitud de clave:	0

Este evento se genera cuando se produce un error en una solicitud de inicio de sesión. Lo genera el equipo al que se intentó tener acceso.

Los campos de sujeto indican la cuenta del sistema local que solicitó el inicio de sesión. Suele ser un servicio como el servicio de servidor o un proceso local como Winlogon.exe o Services.exe.

El campo Tipo de inicio de sesión indica la clase de inicio de sesión que se solicitó. Los tipos más comunes son 2 (interactivo) y 3 (red).

Los campos Información de proceso indican la cuenta y el proceso en el sistema que solicitó el inicio de sesión.

Los campos Información de red indican dónde se originó una solicitud de inicio de sesión remota. Nombre de estación de trabajo no está siempre disponible y se puede dejar en blanco en algunos casos.

Los campos de información de autenticación proporcionan información detallada sobre esta solicitud de inicio de sesión específica.
	- Servicios transitados indica los servicios intermedios que participaron en esta solicitud de inicio de sesión.
	- Nombre de paquete indica el subprotocolo que se usó entre los protocolos NTLM.
	- Longitud de clave indica la longitud de la clave de sesión generada. Será 0 si no se solicitó una clave de sesión.

Event[886]:
  Log Name: Security
  Source: Microsoft-Windows-Security-Auditing
  Date: 2024-08-08T04:38:00.143
  Event ID: 4771
  Task: Kerberos Authentication Service
  Level: Información
  Opcode: Información
  Keyword: Error de auditoría
  User: N/A
  User Name: N/A
  Computer: CLIBAAD01.cliba.com.ar
  Description: 
Error de autenticación previa de Kerberos.

Información de cuenta:
	Id. de seguridad:		S-1-5-21-1171290785-409082668-1575050150-42987
	Nombre de cuenta:		cegomez

Información de servicio:
	Nombre de servicio:		krbtgt/CLIBA.COM.AR

Información de red:
	Dirección de cliente:		::ffff:172.19.65.30
	Puerto de cliente:		62396

Información adicional:
	Opciones de vale:		0x40810010
	Código de error:		0x18
	Tipo de autenticación previa:	2

Información de certificado:
	Nombre de emisor de certificado:		
	Número de serie de certificado: 	
	Huella digital de certificado:		

La información de certificado solo se proporciona si se usó un certificado para la autenticación previa.

Los tipos de autenticación previa, las opciones de vale y los códigos de error se definen en RFC 4120.

Si el vale estaba mal formado o resultó dañado durante el tránsito y no se pudo descifrar, es posible que muchos campos de este evento no estén presentes.

Event[887]:
  Log Name: Security
  Source: Microsoft-Windows-Security-Auditing
  Date: 2024-08-08T04:37:57.030
  Event ID: 4771
  Task: Kerberos Authentication Service
  Level: Información
  Opcode: Información
  Keyword: Error de auditoría
  User: N/A
  User Name: N/A
  Computer: CLIBAAD01.cliba.com.ar
  Description: 
Error de autenticación previa de Kerberos.

Información de cuenta:
	Id. de seguridad:		S-1-5-21-1171290785-409082668-1575050150-42987
	Nombre de cuenta:		cegomez

Información de servicio:
	Nombre de servicio:		krbtgt/CLIBA.COM.AR

Información de red:
	Dirección de cliente:		::ffff:172.19.65.30
	Puerto de cliente:		62394

Información adicional:
	Opciones de vale:		0x40810010
	Código de error:		0x18
	Tipo de autenticación previa:	2

Información de certificado:
	Nombre de emisor de certificado:		
	Número de serie de certificado: 	
	Huella digital de certificado:		

La información de certificado solo se proporciona si se usó un certificado para la autenticación previa.

Los tipos de autenticación previa, las opciones de vale y los códigos de error se definen en RFC 4120.

Si el vale estaba mal formado o resultó dañado durante el tránsito y no se pudo descifrar, es posible que muchos campos de este evento no estén presentes.

Event[888]:
  Log Name: Security
  Source: Microsoft-Windows-Security-Auditing
  Date: 2024-08-08T04:37:08.048
  Event ID: 4771
  Task: Kerberos Authentication Service
  Level: Información
  Opcode: Información
  Keyword: Error de auditoría
  User: N/A
  User Name: N/A
  Computer: CLIBAAD01.cliba.com.ar
  Description: 
Error de autenticación previa de Kerberos.

Información de cuenta:
	Id. de seguridad:		S-1-5-21-1171290785-409082668-1575050150-42987
	Nombre de cuenta:		cegomez

Información de servicio:
	Nombre de servicio:		krbtgt/CLIBA.COM.AR

Información de red:
	Dirección de cliente:		::ffff:172.19.65.30
	Puerto de cliente:		62387

Información adicional:
	Opciones de vale:		0x40810010
	Código de error:		0x18
	Tipo de autenticación previa:	2

Información de certificado:
	Nombre de emisor de certificado:		
	Número de serie de certificado: 	
	Huella digital de certificado:		

La información de certificado solo se proporciona si se usó un certificado para la autenticación previa.

Los tipos de autenticación previa, las opciones de vale y los códigos de error se definen en RFC 4120.

Si el vale estaba mal formado o resultó dañado durante el tránsito y no se pudo descifrar, es posible que muchos campos de este evento no estén presentes.

Event[889]:
  Log Name: Security
  Source: Microsoft-Windows-Security-Auditing
  Date: 2024-08-08T04:37:04.930
  Event ID: 4771
  Task: Kerberos Authentication Service
  Level: Información
  Opcode: Información
  Keyword: Error de auditoría
  User: N/A
  User Name: N/A
  Computer: CLIBAAD01.cliba.com.ar
  Description: 
Error de autenticación previa de Kerberos.

Información de cuenta:
	Id. de seguridad:		S-1-5-21-1171290785-409082668-1575050150-42987
	Nombre de cuenta:		cegomez

Información de servicio:
	Nombre de servicio:		krbtgt/CLIBA.COM.AR

Información de red:
	Dirección de cliente:		::ffff:172.19.65.30
	Puerto de cliente:		62385

Información adicional:
	Opciones de vale:		0x40810010
	Código de error:		0x18
	Tipo de autenticación previa:	2

Información de certificado:
	Nombre de emisor de certificado:		
	Número de serie de certificado: 	
	Huella digital de certificado:		

La información de certificado solo se proporciona si se usó un certificado para la autenticación previa.

Los tipos de autenticación previa, las opciones de vale y los códigos de error se definen en RFC 4120.

Si el vale estaba mal formado o resultó dañado durante el tránsito y no se pudo descifrar, es posible que muchos campos de este evento no estén presentes.

Event[890]:
  Log Name: Security
  Source: Microsoft-Windows-Security-Auditing
  Date: 2024-08-08T04:35:56.729
  Event ID: 4771
  Task: Kerberos Authentication Service
  Level: Información
  Opcode: Información
  Keyword: Error de auditoría
  User: N/A
  User Name: N/A
  Computer: CLIBAAD01.cliba.com.ar
  Description: 
Error de autenticación previa de Kerberos.

Información de cuenta:
	Id. de seguridad:		S-1-5-21-1171290785-409082668-1575050150-42987
	Nombre de cuenta:		cegomez

Información de servicio:
	Nombre de servicio:		krbtgt/CLIBA.COM.AR

Información de red:
	Dirección de cliente:		::ffff:172.19.65.30
	Puerto de cliente:		62378

Información adicional:
	Opciones de vale:		0x40810010
	Código de error:		0x18
	Tipo de autenticación previa:	2

Información de certificado:
	Nombre de emisor de certificado:		
	Número de serie de certificado: 	
	Huella digital de certificado:		

La información de certificado solo se proporciona si se usó un certificado para la autenticación previa.

Los tipos de autenticación previa, las opciones de vale y los códigos de error se definen en RFC 4120.

Si el vale estaba mal formado o resultó dañado durante el tránsito y no se pudo descifrar, es posible que muchos campos de este evento no estén presentes.

Event[891]:
  Log Name: Security
  Source: Microsoft-Windows-Security-Auditing
  Date: 2024-08-08T04:35:56.363
  Event ID: 4771
  Task: Kerberos Authentication Service
  Level: Información
  Opcode: Información
  Keyword: Error de auditoría
  User: N/A
  User Name: N/A
  Computer: CLIBAAD01.cliba.com.ar
  Description: 
Error de autenticación previa de Kerberos.

Información de cuenta:
	Id. de seguridad:		S-1-5-21-1171290785-409082668-1575050150-42987
	Nombre de cuenta:		cegomez

Información de servicio:
	Nombre de servicio:		krbtgt/CLIBA.COM.AR

Información de red:
	Dirección de cliente:		::ffff:172.19.65.30
	Puerto de cliente:		62376

Información adicional:
	Opciones de vale:		0x40810010
	Código de error:		0x18
	Tipo de autenticación previa:	2

Información de certificado:
	Nombre de emisor de certificado:		
	Número de serie de certificado: 	
	Huella digital de certificado:		

La información de certificado solo se proporciona si se usó un certificado para la autenticación previa.

Los tipos de autenticación previa, las opciones de vale y los códigos de error se definen en RFC 4120.

Si el vale estaba mal formado o resultó dañado durante el tránsito y no se pudo descifrar, es posible que muchos campos de este evento no estén presentes.

Event[892]:
  Log Name: Security
  Source: Microsoft-Windows-Security-Auditing
  Date: 2024-08-08T04:35:06.803
  Event ID: 4625
  Task: Logon
  Level: Información
  Opcode: Información
  Keyword: Error de auditoría
  User: N/A
  User Name: N/A
  Computer: CLIBAAD01.cliba.com.ar
  Description: 
Error de una cuenta al iniciar sesión.

Sujeto:
	Id. de seguridad:		S-1-0-0
	Nombre de cuenta:		-
	Dominio de cuenta:		-
	Id. de inicio de sesión:		0x0

Tipo de inicio de sesión:			3

Cuenta con error de inicio de sesión: 
	Id. de seguridad:		S-1-0-0
	Nombre de cuenta:		NGISSARA_ADMIN
	Dominio de cuenta:		CLIBA

Información de error:
	Motivo del error:		Nombre de usuario desconocido o contraseña incorrecta
	Estado:			0xC000006D
	Subestado:		0xC0000064

Información de proceso:
	Id. de proceso del autor de la llamada:	0x0
	Nombre de proceso del autor de la llamada:	-

Información de red:
	Nombre de estación de trabajo:	PROMISCCM2019
	Dirección de red de origen:	172.16.1.198
	Puerto de origen:		57849

Información de autenticación detallada:
	Proceso de inicio de sesión:		NtLmSsp 
	Paquete de autenticación:	NTLM
	Servicios transitados:	-
	Nombre de paquete (solo NTLM):	-
	Longitud de clave:	0

Este evento se genera cuando se produce un error en una solicitud de inicio de sesión. Lo genera el equipo al que se intentó tener acceso.

Los campos de sujeto indican la cuenta del sistema local que solicitó el inicio de sesión. Suele ser un servicio como el servicio de servidor o un proceso local como Winlogon.exe o Services.exe.

El campo Tipo de inicio de sesión indica la clase de inicio de sesión que se solicitó. Los tipos más comunes son 2 (interactivo) y 3 (red).

Los campos Información de proceso indican la cuenta y el proceso en el sistema que solicitó el inicio de sesión.

Los campos Información de red indican dónde se originó una solicitud de inicio de sesión remota. Nombre de estación de trabajo no está siempre disponible y se puede dejar en blanco en algunos casos.

Los campos de información de autenticación proporcionan información detallada sobre esta solicitud de inicio de sesión específica.
	- Servicios transitados indica los servicios intermedios que participaron en esta solicitud de inicio de sesión.
	- Nombre de paquete indica el subprotocolo que se usó entre los protocolos NTLM.
	- Longitud de clave indica la longitud de la clave de sesión generada. Será 0 si no se solicitó una clave de sesión.

Event[893]:
  Log Name: Security
  Source: Microsoft-Windows-Security-Auditing
  Date: 2024-08-08T04:34:56.057
  Event ID: 4771
  Task: Kerberos Authentication Service
  Level: Información
  Opcode: Información
  Keyword: Error de auditoría
  User: N/A
  User Name: N/A
  Computer: CLIBAAD01.cliba.com.ar
  Description: 
Error de autenticación previa de Kerberos.

Información de cuenta:
	Id. de seguridad:		S-1-5-21-1171290785-409082668-1575050150-42987
	Nombre de cuenta:		cegomez

Información de servicio:
	Nombre de servicio:		krbtgt/CLIBA.COM.AR

Información de red:
	Dirección de cliente:		::ffff:172.19.65.30
	Puerto de cliente:		62370

Información adicional:
	Opciones de vale:		0x40810010
	Código de error:		0x18
	Tipo de autenticación previa:	2

Información de certificado:
	Nombre de emisor de certificado:		
	Número de serie de certificado: 	
	Huella digital de certificado:		

La información de certificado solo se proporciona si se usó un certificado para la autenticación previa.

Los tipos de autenticación previa, las opciones de vale y los códigos de error se definen en RFC 4120.

Si el vale estaba mal formado o resultó dañado durante el tránsito y no se pudo descifrar, es posible que muchos campos de este evento no estén presentes.

Event[894]:
  Log Name: Security
  Source: Microsoft-Windows-Security-Auditing
  Date: 2024-08-08T04:34:55.944
  Event ID: 4771
  Task: Kerberos Authentication Service
  Level: Información
  Opcode: Información
  Keyword: Error de auditoría
  User: N/A
  User Name: N/A
  Computer: CLIBAAD01.cliba.com.ar
  Description: 
Error de autenticación previa de Kerberos.

Información de cuenta:
	Id. de seguridad:		S-1-5-21-1171290785-409082668-1575050150-42987
	Nombre de cuenta:		cegomez

Información de servicio:
	Nombre de servicio:		krbtgt/CLIBA.COM.AR

Información de red:
	Dirección de cliente:		::ffff:172.19.65.30
	Puerto de cliente:		62368

Información adicional:
	Opciones de vale:		0x40810010
	Código de error:		0x18
	Tipo de autenticación previa:	2

Información de certificado:
	Nombre de emisor de certificado:		
	Número de serie de certificado: 	
	Huella digital de certificado:		

La información de certificado solo se proporciona si se usó un certificado para la autenticación previa.

Los tipos de autenticación previa, las opciones de vale y los códigos de error se definen en RFC 4120.

Si el vale estaba mal formado o resultó dañado durante el tránsito y no se pudo descifrar, es posible que muchos campos de este evento no estén presentes.

Event[895]:
  Log Name: Security
  Source: Microsoft-Windows-Security-Auditing
  Date: 2024-08-08T04:31:54.920
  Event ID: 4771
  Task: Kerberos Authentication Service
  Level: Información
  Opcode: Información
  Keyword: Error de auditoría
  User: N/A
  User Name: N/A
  Computer: CLIBAAD01.cliba.com.ar
  Description: 
Error de autenticación previa de Kerberos.

Información de cuenta:
	Id. de seguridad:		S-1-5-21-1171290785-409082668-1575050150-43006
	Nombre de cuenta:		ffernandez_admin

Información de servicio:
	Nombre de servicio:		krbtgt/CLIBA.COM.AR

Información de red:
	Dirección de cliente:		::ffff:172.19.26.112
	Puerto de cliente:		58492

Información adicional:
	Opciones de vale:		0x40810010
	Código de error:		0x12
	Tipo de autenticación previa:	0

Información de certificado:
	Nombre de emisor de certificado:		
	Número de serie de certificado: 	
	Huella digital de certificado:		

La información de certificado solo se proporciona si se usó un certificado para la autenticación previa.

Los tipos de autenticación previa, las opciones de vale y los códigos de error se definen en RFC 4120.

Si el vale estaba mal formado o resultó dañado durante el tránsito y no se pudo descifrar, es posible que muchos campos de este evento no estén presentes.

Event[896]:
  Log Name: Security
  Source: Microsoft-Windows-Security-Auditing
  Date: 2024-08-08T04:31:54.553
  Event ID: 4771
  Task: Kerberos Authentication Service
  Level: Información
  Opcode: Información
  Keyword: Error de auditoría
  User: N/A
  User Name: N/A
  Computer: CLIBAAD01.cliba.com.ar
  Description: 
Error de autenticación previa de Kerberos.

Información de cuenta:
	Id. de seguridad:		S-1-5-21-1171290785-409082668-1575050150-43006
	Nombre de cuenta:		ffernandez_admin

Información de servicio:
	Nombre de servicio:		krbtgt/CLIBA.COM.AR

Información de red:
	Dirección de cliente:		::ffff:172.19.26.112
	Puerto de cliente:		58487

Información adicional:
	Opciones de vale:		0x40810010
	Código de error:		0x12
	Tipo de autenticación previa:	0

Información de certificado:
	Nombre de emisor de certificado:		
	Número de serie de certificado: 	
	Huella digital de certificado:		

La información de certificado solo se proporciona si se usó un certificado para la autenticación previa.

Los tipos de autenticación previa, las opciones de vale y los códigos de error se definen en RFC 4120.

Si el vale estaba mal formado o resultó dañado durante el tránsito y no se pudo descifrar, es posible que muchos campos de este evento no estén presentes.

Event[897]:
  Log Name: Security
  Source: Microsoft-Windows-Security-Auditing
  Date: 2024-08-08T04:31:02.023
  Event ID: 4771
  Task: Kerberos Authentication Service
  Level: Información
  Opcode: Información
  Keyword: Error de auditoría
  User: N/A
  User Name: N/A
  Computer: CLIBAAD01.cliba.com.ar
  Description: 
Error de autenticación previa de Kerberos.

Información de cuenta:
	Id. de seguridad:		S-1-5-21-1171290785-409082668-1575050150-42987
	Nombre de cuenta:		cegomez

Información de servicio:
	Nombre de servicio:		krbtgt/CLIBA.COM.AR

Información de red:
	Dirección de cliente:		::ffff:172.19.65.30
	Puerto de cliente:		62352

Información adicional:
	Opciones de vale:		0x40810010
	Código de error:		0x18
	Tipo de autenticación previa:	2

Información de certificado:
	Nombre de emisor de certificado:		
	Número de serie de certificado: 	
	Huella digital de certificado:		

La información de certificado solo se proporciona si se usó un certificado para la autenticación previa.

Los tipos de autenticación previa, las opciones de vale y los códigos de error se definen en RFC 4120.

Si el vale estaba mal formado o resultó dañado durante el tránsito y no se pudo descifrar, es posible que muchos campos de este evento no estén presentes.

Event[898]:
  Log Name: Security
  Source: Microsoft-Windows-Security-Auditing
  Date: 2024-08-08T04:31:01.913
  Event ID: 4771
  Task: Kerberos Authentication Service
  Level: Información
  Opcode: Información
  Keyword: Error de auditoría
  User: N/A
  User Name: N/A
  Computer: CLIBAAD01.cliba.com.ar
  Description: 
Error de autenticación previa de Kerberos.

Información de cuenta:
	Id. de seguridad:		S-1-5-21-1171290785-409082668-1575050150-42987
	Nombre de cuenta:		cegomez

Información de servicio:
	Nombre de servicio:		krbtgt/CLIBA.COM.AR

Información de red:
	Dirección de cliente:		::ffff:172.19.65.30
	Puerto de cliente:		62350

Información adicional:
	Opciones de vale:		0x40810010
	Código de error:		0x18
	Tipo de autenticación previa:	2

Información de certificado:
	Nombre de emisor de certificado:		
	Número de serie de certificado: 	
	Huella digital de certificado:		

La información de certificado solo se proporciona si se usó un certificado para la autenticación previa.

Los tipos de autenticación previa, las opciones de vale y los códigos de error se definen en RFC 4120.

Si el vale estaba mal formado o resultó dañado durante el tránsito y no se pudo descifrar, es posible que muchos campos de este evento no estén presentes.

Event[899]:
  Log Name: Security
  Source: Microsoft-Windows-Security-Auditing
  Date: 2024-08-08T04:30:07.031
  Event ID: 4625
  Task: Logon
  Level: Información
  Opcode: Información
  Keyword: Error de auditoría
  User: N/A
  User Name: N/A
  Computer: CLIBAAD01.cliba.com.ar
  Description: 
Error de una cuenta al iniciar sesión.

Sujeto:
	Id. de seguridad:		S-1-0-0
	Nombre de cuenta:		-
	Dominio de cuenta:		-
	Id. de inicio de sesión:		0x0

Tipo de inicio de sesión:			3

Cuenta con error de inicio de sesión: 
	Id. de seguridad:		S-1-0-0
	Nombre de cuenta:		NGISSARA_ADMIN
	Dominio de cuenta:		CLIBA

Información de error:
	Motivo del error:		Nombre de usuario desconocido o contraseña incorrecta
	Estado:			0xC000006D
	Subestado:		0xC0000064

Información de proceso:
	Id. de proceso del autor de la llamada:	0x0
	Nombre de proceso del autor de la llamada:	-

Información de red:
	Nombre de estación de trabajo:	PROMISCCM2019
	Dirección de red de origen:	172.16.1.198
	Puerto de origen:		57575

Información de autenticación detallada:
	Proceso de inicio de sesión:		NtLmSsp 
	Paquete de autenticación:	NTLM
	Servicios transitados:	-
	Nombre de paquete (solo NTLM):	-
	Longitud de clave:	0

Este evento se genera cuando se produce un error en una solicitud de inicio de sesión. Lo genera el equipo al que se intentó tener acceso.

Los campos de sujeto indican la cuenta del sistema local que solicitó el inicio de sesión. Suele ser un servicio como el servicio de servidor o un proceso local como Winlogon.exe o Services.exe.

El campo Tipo de inicio de sesión indica la clase de inicio de sesión que se solicitó. Los tipos más comunes son 2 (interactivo) y 3 (red).

Los campos Información de proceso indican la cuenta y el proceso en el sistema que solicitó el inicio de sesión.

Los campos Información de red indican dónde se originó una solicitud de inicio de sesión remota. Nombre de estación de trabajo no está siempre disponible y se puede dejar en blanco en algunos casos.

Los campos de información de autenticación proporcionan información detallada sobre esta solicitud de inicio de sesión específica.
	- Servicios transitados indica los servicios intermedios que participaron en esta solicitud de inicio de sesión.
	- Nombre de paquete indica el subprotocolo que se usó entre los protocolos NTLM.
	- Longitud de clave indica la longitud de la clave de sesión generada. Será 0 si no se solicitó una clave de sesión.

Event[900]:
  Log Name: Security
  Source: Microsoft-Windows-Security-Auditing
  Date: 2024-08-08T04:29:01.608
  Event ID: 4771
  Task: Kerberos Authentication Service
  Level: Información
  Opcode: Información
  Keyword: Error de auditoría
  User: N/A
  User Name: N/A
  Computer: CLIBAAD01.cliba.com.ar
  Description: 
Error de autenticación previa de Kerberos.

Información de cuenta:
	Id. de seguridad:		S-1-5-21-1171290785-409082668-1575050150-42987
	Nombre de cuenta:		cegomez

Información de servicio:
	Nombre de servicio:		krbtgt/CLIBA.COM.AR

Información de red:
	Dirección de cliente:		::ffff:172.19.65.30
	Puerto de cliente:		62342

Información adicional:
	Opciones de vale:		0x40810010
	Código de error:		0x18
	Tipo de autenticación previa:	2

Información de certificado:
	Nombre de emisor de certificado:		
	Número de serie de certificado: 	
	Huella digital de certificado:		

La información de certificado solo se proporciona si se usó un certificado para la autenticación previa.

Los tipos de autenticación previa, las opciones de vale y los códigos de error se definen en RFC 4120.

Si el vale estaba mal formado o resultó dañado durante el tránsito y no se pudo descifrar, es posible que muchos campos de este evento no estén presentes.

Event[901]:
  Log Name: Security
  Source: Microsoft-Windows-Security-Auditing
  Date: 2024-08-08T04:29:01.495
  Event ID: 4771
  Task: Kerberos Authentication Service
  Level: Información
  Opcode: Información
  Keyword: Error de auditoría
  User: N/A
  User Name: N/A
  Computer: CLIBAAD01.cliba.com.ar
  Description: 
Error de autenticación previa de Kerberos.

Información de cuenta:
	Id. de seguridad:		S-1-5-21-1171290785-409082668-1575050150-42987
	Nombre de cuenta:		cegomez

Información de servicio:
	Nombre de servicio:		krbtgt/CLIBA.COM.AR

Información de red:
	Dirección de cliente:		::ffff:172.19.65.30
	Puerto de cliente:		62340

Información adicional:
	Opciones de vale:		0x40810010
	Código de error:		0x18
	Tipo de autenticación previa:	2

Información de certificado:
	Nombre de emisor de certificado:		
	Número de serie de certificado: 	
	Huella digital de certificado:		

La información de certificado solo se proporciona si se usó un certificado para la autenticación previa.

Los tipos de autenticación previa, las opciones de vale y los códigos de error se definen en RFC 4120.

Si el vale estaba mal formado o resultó dañado durante el tránsito y no se pudo descifrar, es posible que muchos campos de este evento no estén presentes.

Event[902]:
  Log Name: Security
  Source: Microsoft-Windows-Security-Auditing
  Date: 2024-08-08T04:27:56.997
  Event ID: 4771
  Task: Kerberos Authentication Service
  Level: Información
  Opcode: Información
  Keyword: Error de auditoría
  User: N/A
  User Name: N/A
  Computer: CLIBAAD01.cliba.com.ar
  Description: 
Error de autenticación previa de Kerberos.

Información de cuenta:
	Id. de seguridad:		S-1-5-21-1171290785-409082668-1575050150-42987
	Nombre de cuenta:		cegomez

Información de servicio:
	Nombre de servicio:		krbtgt/CLIBA.COM.AR

Información de red:
	Dirección de cliente:		::ffff:172.19.65.30
	Puerto de cliente:		62330

Información adicional:
	Opciones de vale:		0x40810010
	Código de error:		0x18
	Tipo de autenticación previa:	2

Información de certificado:
	Nombre de emisor de certificado:		
	Número de serie de certificado: 	
	Huella digital de certificado:		

La información de certificado solo se proporciona si se usó un certificado para la autenticación previa.

Los tipos de autenticación previa, las opciones de vale y los códigos de error se definen en RFC 4120.

Si el vale estaba mal formado o resultó dañado durante el tránsito y no se pudo descifrar, es posible que muchos campos de este evento no estén presentes.

Event[903]:
  Log Name: Security
  Source: Microsoft-Windows-Security-Auditing
  Date: 2024-08-08T04:27:56.878
  Event ID: 4771
  Task: Kerberos Authentication Service
  Level: Información
  Opcode: Información
  Keyword: Error de auditoría
  User: N/A
  User Name: N/A
  Computer: CLIBAAD01.cliba.com.ar
  Description: 
Error de autenticación previa de Kerberos.

Información de cuenta:
	Id. de seguridad:		S-1-5-21-1171290785-409082668-1575050150-42987
	Nombre de cuenta:		cegomez

Información de servicio:
	Nombre de servicio:		krbtgt/CLIBA.COM.AR

Información de red:
	Dirección de cliente:		::ffff:172.19.65.30
	Puerto de cliente:		62328

Información adicional:
	Opciones de vale:		0x40810010
	Código de error:		0x18
	Tipo de autenticación previa:	2

Información de certificado:
	Nombre de emisor de certificado:		
	Número de serie de certificado: 	
	Huella digital de certificado:		

La información de certificado solo se proporciona si se usó un certificado para la autenticación previa.

Los tipos de autenticación previa, las opciones de vale y los códigos de error se definen en RFC 4120.

Si el vale estaba mal formado o resultó dañado durante el tránsito y no se pudo descifrar, es posible que muchos campos de este evento no estén presentes.

Event[904]:
  Log Name: Security
  Source: Microsoft-Windows-Security-Auditing
  Date: 2024-08-08T04:25:06.231
  Event ID: 4625
  Task: Logon
  Level: Información
  Opcode: Información
  Keyword: Error de auditoría
  User: N/A
  User Name: N/A
  Computer: CLIBAAD01.cliba.com.ar
  Description: 
Error de una cuenta al iniciar sesión.

Sujeto:
	Id. de seguridad:		S-1-0-0
	Nombre de cuenta:		-
	Dominio de cuenta:		-
	Id. de inicio de sesión:		0x0

Tipo de inicio de sesión:			3

Cuenta con error de inicio de sesión: 
	Id. de seguridad:		S-1-0-0
	Nombre de cuenta:		NGISSARA_ADMIN
	Dominio de cuenta:		CLIBA

Información de error:
	Motivo del error:		Nombre de usuario desconocido o contraseña incorrecta
	Estado:			0xC000006D
	Subestado:		0xC0000064

Información de proceso:
	Id. de proceso del autor de la llamada:	0x0
	Nombre de proceso del autor de la llamada:	-

Información de red:
	Nombre de estación de trabajo:	PROMISCCM2019
	Dirección de red de origen:	172.16.1.198
	Puerto de origen:		57314

Información de autenticación detallada:
	Proceso de inicio de sesión:		NtLmSsp 
	Paquete de autenticación:	NTLM
	Servicios transitados:	-
	Nombre de paquete (solo NTLM):	-
	Longitud de clave:	0

Este evento se genera cuando se produce un error en una solicitud de inicio de sesión. Lo genera el equipo al que se intentó tener acceso.

Los campos de sujeto indican la cuenta del sistema local que solicitó el inicio de sesión. Suele ser un servicio como el servicio de servidor o un proceso local como Winlogon.exe o Services.exe.

El campo Tipo de inicio de sesión indica la clase de inicio de sesión que se solicitó. Los tipos más comunes son 2 (interactivo) y 3 (red).

Los campos Información de proceso indican la cuenta y el proceso en el sistema que solicitó el inicio de sesión.

Los campos Información de red indican dónde se originó una solicitud de inicio de sesión remota. Nombre de estación de trabajo no está siempre disponible y se puede dejar en blanco en algunos casos.

Los campos de información de autenticación proporcionan información detallada sobre esta solicitud de inicio de sesión específica.
	- Servicios transitados indica los servicios intermedios que participaron en esta solicitud de inicio de sesión.
	- Nombre de paquete indica el subprotocolo que se usó entre los protocolos NTLM.
	- Longitud de clave indica la longitud de la clave de sesión generada. Será 0 si no se solicitó una clave de sesión.

Event[905]:
  Log Name: Security
  Source: Microsoft-Windows-Security-Auditing
  Date: 2024-08-08T04:21:56.791
  Event ID: 4771
  Task: Kerberos Authentication Service
  Level: Información
  Opcode: Información
  Keyword: Error de auditoría
  User: N/A
  User Name: N/A
  Computer: CLIBAAD01.cliba.com.ar
  Description: 
Error de autenticación previa de Kerberos.

Información de cuenta:
	Id. de seguridad:		S-1-5-21-1171290785-409082668-1575050150-42987
	Nombre de cuenta:		cegomez

Información de servicio:
	Nombre de servicio:		krbtgt/CLIBA.COM.AR

Información de red:
	Dirección de cliente:		::ffff:172.19.65.30
	Puerto de cliente:		62308

Información adicional:
	Opciones de vale:		0x40810010
	Código de error:		0x18
	Tipo de autenticación previa:	2

Información de certificado:
	Nombre de emisor de certificado:		
	Número de serie de certificado: 	
	Huella digital de certificado:		

La información de certificado solo se proporciona si se usó un certificado para la autenticación previa.

Los tipos de autenticación previa, las opciones de vale y los códigos de error se definen en RFC 4120.

Si el vale estaba mal formado o resultó dañado durante el tránsito y no se pudo descifrar, es posible que muchos campos de este evento no estén presentes.

Event[906]:
  Log Name: Security
  Source: Microsoft-Windows-Security-Auditing
  Date: 2024-08-08T04:21:56.673
  Event ID: 4771
  Task: Kerberos Authentication Service
  Level: Información
  Opcode: Información
  Keyword: Error de auditoría
  User: N/A
  User Name: N/A
  Computer: CLIBAAD01.cliba.com.ar
  Description: 
Error de autenticación previa de Kerberos.

Información de cuenta:
	Id. de seguridad:		S-1-5-21-1171290785-409082668-1575050150-42987
	Nombre de cuenta:		cegomez

Información de servicio:
	Nombre de servicio:		krbtgt/CLIBA.COM.AR

Información de red:
	Dirección de cliente:		::ffff:172.19.65.30
	Puerto de cliente:		62306

Información adicional:
	Opciones de vale:		0x40810010
	Código de error:		0x18
	Tipo de autenticación previa:	2

Información de certificado:
	Nombre de emisor de certificado:		
	Número de serie de certificado: 	
	Huella digital de certificado:		

La información de certificado solo se proporciona si se usó un certificado para la autenticación previa.

Los tipos de autenticación previa, las opciones de vale y los códigos de error se definen en RFC 4120.

Si el vale estaba mal formado o resultó dañado durante el tránsito y no se pudo descifrar, es posible que muchos campos de este evento no estén presentes.

Event[907]:
  Log Name: Security
  Source: Microsoft-Windows-Security-Auditing
  Date: 2024-08-08T04:20:06.586
  Event ID: 4625
  Task: Logon
  Level: Información
  Opcode: Información
  Keyword: Error de auditoría
  User: N/A
  User Name: N/A
  Computer: CLIBAAD01.cliba.com.ar
  Description: 
Error de una cuenta al iniciar sesión.

Sujeto:
	Id. de seguridad:		S-1-0-0
	Nombre de cuenta:		-
	Dominio de cuenta:		-
	Id. de inicio de sesión:		0x0

Tipo de inicio de sesión:			3

Cuenta con error de inicio de sesión: 
	Id. de seguridad:		S-1-0-0
	Nombre de cuenta:		NGISSARA_ADMIN
	Dominio de cuenta:		CLIBA

Información de error:
	Motivo del error:		Nombre de usuario desconocido o contraseña incorrecta
	Estado:			0xC000006D
	Subestado:		0xC0000064

Información de proceso:
	Id. de proceso del autor de la llamada:	0x0
	Nombre de proceso del autor de la llamada:	-

Información de red:
	Nombre de estación de trabajo:	PROMISCCM2019
	Dirección de red de origen:	172.16.1.198
	Puerto de origen:		57057

Información de autenticación detallada:
	Proceso de inicio de sesión:		NtLmSsp 
	Paquete de autenticación:	NTLM
	Servicios transitados:	-
	Nombre de paquete (solo NTLM):	-
	Longitud de clave:	0

Este evento se genera cuando se produce un error en una solicitud de inicio de sesión. Lo genera el equipo al que se intentó tener acceso.

Los campos de sujeto indican la cuenta del sistema local que solicitó el inicio de sesión. Suele ser un servicio como el servicio de servidor o un proceso local como Winlogon.exe o Services.exe.

El campo Tipo de inicio de sesión indica la clase de inicio de sesión que se solicitó. Los tipos más comunes son 2 (interactivo) y 3 (red).

Los campos Información de proceso indican la cuenta y el proceso en el sistema que solicitó el inicio de sesión.

Los campos Información de red indican dónde se originó una solicitud de inicio de sesión remota. Nombre de estación de trabajo no está siempre disponible y se puede dejar en blanco en algunos casos.

Los campos de información de autenticación proporcionan información detallada sobre esta solicitud de inicio de sesión específica.
	- Servicios transitados indica los servicios intermedios que participaron en esta solicitud de inicio de sesión.
	- Nombre de paquete indica el subprotocolo que se usó entre los protocolos NTLM.
	- Longitud de clave indica la longitud de la clave de sesión generada. Será 0 si no se solicitó una clave de sesión.

Event[908]:
  Log Name: Security
  Source: Microsoft-Windows-Security-Auditing
  Date: 2024-08-08T04:19:56.392
  Event ID: 4771
  Task: Kerberos Authentication Service
  Level: Información
  Opcode: Información
  Keyword: Error de auditoría
  User: N/A
  User Name: N/A
  Computer: CLIBAAD01.cliba.com.ar
  Description: 
Error de autenticación previa de Kerberos.

Información de cuenta:
	Id. de seguridad:		S-1-5-21-1171290785-409082668-1575050150-42987
	Nombre de cuenta:		cegomez

Información de servicio:
	Nombre de servicio:		krbtgt/CLIBA.COM.AR

Información de red:
	Dirección de cliente:		::ffff:172.19.65.30
	Puerto de cliente:		62296

Información adicional:
	Opciones de vale:		0x40810010
	Código de error:		0x18
	Tipo de autenticación previa:	2

Información de certificado:
	Nombre de emisor de certificado:		
	Número de serie de certificado: 	
	Huella digital de certificado:		

La información de certificado solo se proporciona si se usó un certificado para la autenticación previa.

Los tipos de autenticación previa, las opciones de vale y los códigos de error se definen en RFC 4120.

Si el vale estaba mal formado o resultó dañado durante el tránsito y no se pudo descifrar, es posible que muchos campos de este evento no estén presentes.

Event[909]:
  Log Name: Security
  Source: Microsoft-Windows-Security-Auditing
  Date: 2024-08-08T04:19:56.282
  Event ID: 4771
  Task: Kerberos Authentication Service
  Level: Información
  Opcode: Información
  Keyword: Error de auditoría
  User: N/A
  User Name: N/A
  Computer: CLIBAAD01.cliba.com.ar
  Description: 
Error de autenticación previa de Kerberos.

Información de cuenta:
	Id. de seguridad:		S-1-5-21-1171290785-409082668-1575050150-42987
	Nombre de cuenta:		cegomez

Información de servicio:
	Nombre de servicio:		krbtgt/CLIBA.COM.AR

Información de red:
	Dirección de cliente:		::ffff:172.19.65.30
	Puerto de cliente:		62294

Información adicional:
	Opciones de vale:		0x40810010
	Código de error:		0x18
	Tipo de autenticación previa:	2

Información de certificado:
	Nombre de emisor de certificado:		
	Número de serie de certificado: 	
	Huella digital de certificado:		

La información de certificado solo se proporciona si se usó un certificado para la autenticación previa.

Los tipos de autenticación previa, las opciones de vale y los códigos de error se definen en RFC 4120.

Si el vale estaba mal formado o resultó dañado durante el tránsito y no se pudo descifrar, es posible que muchos campos de este evento no estén presentes.

Event[910]:
  Log Name: Security
  Source: Microsoft-Windows-Security-Auditing
  Date: 2024-08-08T04:18:55.977
  Event ID: 4771
  Task: Kerberos Authentication Service
  Level: Información
  Opcode: Información
  Keyword: Error de auditoría
  User: N/A
  User Name: N/A
  Computer: CLIBAAD01.cliba.com.ar
  Description: 
Error de autenticación previa de Kerberos.

Información de cuenta:
	Id. de seguridad:		S-1-5-21-1171290785-409082668-1575050150-42987
	Nombre de cuenta:		cegomez

Información de servicio:
	Nombre de servicio:		krbtgt/CLIBA.COM.AR

Información de red:
	Dirección de cliente:		::ffff:172.19.65.30
	Puerto de cliente:		62289

Información adicional:
	Opciones de vale:		0x40810010
	Código de error:		0x18
	Tipo de autenticación previa:	2

Información de certificado:
	Nombre de emisor de certificado:		
	Número de serie de certificado: 	
	Huella digital de certificado:		

La información de certificado solo se proporciona si se usó un certificado para la autenticación previa.

Los tipos de autenticación previa, las opciones de vale y los códigos de error se definen en RFC 4120.

Si el vale estaba mal formado o resultó dañado durante el tránsito y no se pudo descifrar, es posible que muchos campos de este evento no estén presentes.

Event[911]:
  Log Name: Security
  Source: Microsoft-Windows-Security-Auditing
  Date: 2024-08-08T04:18:55.858
  Event ID: 4771
  Task: Kerberos Authentication Service
  Level: Información
  Opcode: Información
  Keyword: Error de auditoría
  User: N/A
  User Name: N/A
  Computer: CLIBAAD01.cliba.com.ar
  Description: 
Error de autenticación previa de Kerberos.

Información de cuenta:
	Id. de seguridad:		S-1-5-21-1171290785-409082668-1575050150-42987
	Nombre de cuenta:		cegomez

Información de servicio:
	Nombre de servicio:		krbtgt/CLIBA.COM.AR

Información de red:
	Dirección de cliente:		::ffff:172.19.65.30
	Puerto de cliente:		62287

Información adicional:
	Opciones de vale:		0x40810010
	Código de error:		0x18
	Tipo de autenticación previa:	2

Información de certificado:
	Nombre de emisor de certificado:		
	Número de serie de certificado: 	
	Huella digital de certificado:		

La información de certificado solo se proporciona si se usó un certificado para la autenticación previa.

Los tipos de autenticación previa, las opciones de vale y los códigos de error se definen en RFC 4120.

Si el vale estaba mal formado o resultó dañado durante el tránsito y no se pudo descifrar, es posible que muchos campos de este evento no estén presentes.

Event[912]:
