  Log Name: Security
  Source: Microsoft-Windows-Security-Auditing
  Date: 2024-08-08T10:08:17.072
  Event ID: 4771
  Task: Kerberos Authentication Service
  Level: Information
  Opcode: Info
  Keyword: Audit Failure
  User: N/A
  User Name: N/A
  Computer: CLIBAAD03.cliba.com.ar
  Description: 
Kerberos pre-authentication failed.

Account Information:
	Security ID:		S-1-5-21-1171290785-409082668-1575050150-43012
	Account Name:		grey_admin

Service Information:
	Service Name:		krbtgt/CLIBA.COM.AR

Network Information:
	Client Address:		::ffff:172.19.26.109
	Client Port:		61596

Additional Information:
	Ticket Options:		0x40810010
	Failure Code:		0x18
	Pre-Authentication Type:	2

Certificate Information:
	Certificate Issuer Name:		
	Certificate Serial Number: 	
	Certificate Thumbprint:		

Certificate information is only provided if a certificate was used for pre-authentication.

Pre-authentication types, ticket options and failure codes are defined in RFC 4120.

If the ticket was malformed or damaged during transit and could not be decrypted, then many fields in this event might not be present.

Event[417]:
  Log Name: Security
  Source: Microsoft-Windows-Security-Auditing
  Date: 2024-08-08T10:08:12.054
  Event ID: 4771
  Task: Kerberos Authentication Service
  Level: Information
  Opcode: Info
  Keyword: Audit Failure
  User: N/A
  User Name: N/A
  Computer: CLIBAAD03.cliba.com.ar
  Description: 
Kerberos pre-authentication failed.

Account Information:
	Security ID:		S-1-5-21-1171290785-409082668-1575050150-43012
	Account Name:		grey_admin

Service Information:
	Service Name:		krbtgt/CLIBA.COM.AR

Network Information:
	Client Address:		::ffff:172.19.26.109
	Client Port:		61594

Additional Information:
	Ticket Options:		0x40810010
	Failure Code:		0x18
	Pre-Authentication Type:	2

Certificate Information:
	Certificate Issuer Name:		
	Certificate Serial Number: 	
	Certificate Thumbprint:		

Certificate information is only provided if a certificate was used for pre-authentication.

Pre-authentication types, ticket options and failure codes are defined in RFC 4120.

If the ticket was malformed or damaged during transit and could not be decrypted, then many fields in this event might not be present.

Event[418]:
  Log Name: Security
  Source: Microsoft-Windows-Security-Auditing
  Date: 2024-08-08T10:08:07.692
  Event ID: 4771
  Task: Kerberos Authentication Service
  Level: Information
  Opcode: Info
  Keyword: Audit Failure
  User: N/A
  User Name: N/A
  Computer: CLIBAAD03.cliba.com.ar
  Description: 
Kerberos pre-authentication failed.

Account Information:
	Security ID:		S-1-5-21-1171290785-409082668-1575050150-43590
	Account Name:		RColombino

Service Information:
	Service Name:		krbtgt/cliba.com.ar

Network Information:
	Client Address:		::ffff:172.16.249.19
	Client Port:		56724

Additional Information:
	Ticket Options:		0x40810010
	Failure Code:		0x18
	Pre-Authentication Type:	2

Certificate Information:
	Certificate Issuer Name:		
	Certificate Serial Number: 	
	Certificate Thumbprint:		

Certificate information is only provided if a certificate was used for pre-authentication.

Pre-authentication types, ticket options and failure codes are defined in RFC 4120.

If the ticket was malformed or damaged during transit and could not be decrypted, then many fields in this event might not be present.

Event[419]:
  Log Name: Security
  Source: Microsoft-Windows-Security-Auditing
  Date: 2024-08-08T10:08:07.047
  Event ID: 4771
  Task: Kerberos Authentication Service
  Level: Information
  Opcode: Info
  Keyword: Audit Failure
  User: N/A
  User Name: N/A
  Computer: CLIBAAD03.cliba.com.ar
  Description: 
Kerberos pre-authentication failed.

Account Information:
	Security ID:		S-1-5-21-1171290785-409082668-1575050150-43012
	Account Name:		grey_admin

Service Information:
	Service Name:		krbtgt/CLIBA.COM.AR

Network Information:
	Client Address:		::ffff:172.19.26.109
	Client Port:		61592

Additional Information:
	Ticket Options:		0x40810010
	Failure Code:		0x18
	Pre-Authentication Type:	2

Certificate Information:
	Certificate Issuer Name:		
	Certificate Serial Number: 	
	Certificate Thumbprint:		

Certificate information is only provided if a certificate was used for pre-authentication.

Pre-authentication types, ticket options and failure codes are defined in RFC 4120.

If the ticket was malformed or damaged during transit and could not be decrypted, then many fields in this event might not be present.

Event[420]:
  Log Name: Security
  Source: Microsoft-Windows-Security-Auditing
  Date: 2024-08-08T10:08:06.903
  Event ID: 4771
  Task: Kerberos Authentication Service
  Level: Information
  Opcode: Info
  Keyword: Audit Failure
  User: N/A
  User Name: N/A
  Computer: CLIBAAD03.cliba.com.ar
  Description: 
Kerberos pre-authentication failed.

Account Information:
	Security ID:		S-1-5-21-1171290785-409082668-1575050150-43590
	Account Name:		RColombino

Service Information:
	Service Name:		krbtgt/cliba.com.ar

Network Information:
	Client Address:		::ffff:172.16.249.19
	Client Port:		56714

Additional Information:
	Ticket Options:		0x40810010
	Failure Code:		0x18
	Pre-Authentication Type:	2

Certificate Information:
	Certificate Issuer Name:		
	Certificate Serial Number: 	
	Certificate Thumbprint:		

Certificate information is only provided if a certificate was used for pre-authentication.

Pre-authentication types, ticket options and failure codes are defined in RFC 4120.

If the ticket was malformed or damaged during transit and could not be decrypted, then many fields in this event might not be present.

Event[421]:
  Log Name: Security
  Source: Microsoft-Windows-Security-Auditing
  Date: 2024-08-08T10:08:06.113
  Event ID: 4771
  Task: Kerberos Authentication Service
  Level: Information
  Opcode: Info
  Keyword: Audit Failure
  User: N/A
  User Name: N/A
  Computer: CLIBAAD03.cliba.com.ar
  Description: 
Kerberos pre-authentication failed.

Account Information:
	Security ID:		S-1-5-21-1171290785-409082668-1575050150-43590
	Account Name:		RColombino

Service Information:
	Service Name:		krbtgt/cliba.com.ar

Network Information:
	Client Address:		::ffff:172.16.249.19
	Client Port:		56700

Additional Information:
	Ticket Options:		0x40810010
	Failure Code:		0x18
	Pre-Authentication Type:	2

Certificate Information:
	Certificate Issuer Name:		
	Certificate Serial Number: 	
	Certificate Thumbprint:		

Certificate information is only provided if a certificate was used for pre-authentication.

Pre-authentication types, ticket options and failure codes are defined in RFC 4120.

If the ticket was malformed or damaged during transit and could not be decrypted, then many fields in this event might not be present.

Event[422]:
  Log Name: Security
  Source: Microsoft-Windows-Security-Auditing
  Date: 2024-08-08T10:08:02.031
  Event ID: 4771
  Task: Kerberos Authentication Service
  Level: Information
  Opcode: Info
  Keyword: Audit Failure
  User: N/A
  User Name: N/A
  Computer: CLIBAAD03.cliba.com.ar
  Description: 
Kerberos pre-authentication failed.

Account Information:
	Security ID:		S-1-5-21-1171290785-409082668-1575050150-43012
	Account Name:		grey_admin

Service Information:
	Service Name:		krbtgt/CLIBA.COM.AR

Network Information:
	Client Address:		::ffff:172.19.26.109
	Client Port:		61590

Additional Information:
	Ticket Options:		0x40810010
	Failure Code:		0x18
	Pre-Authentication Type:	2

Certificate Information:
	Certificate Issuer Name:		
	Certificate Serial Number: 	
	Certificate Thumbprint:		

Certificate information is only provided if a certificate was used for pre-authentication.

Pre-authentication types, ticket options and failure codes are defined in RFC 4120.

If the ticket was malformed or damaged during transit and could not be decrypted, then many fields in this event might not be present.

Event[423]:
  Log Name: Security
  Source: Microsoft-Windows-Security-Auditing
  Date: 2024-08-08T10:07:59.507
  Event ID: 4771
  Task: Kerberos Authentication Service
  Level: Information
  Opcode: Info
  Keyword: Audit Failure
  User: N/A
  User Name: N/A
  Computer: CLIBAAD03.cliba.com.ar
  Description: 
Kerberos pre-authentication failed.

Account Information:
	Security ID:		S-1-5-21-1171290785-409082668-1575050150-44818
	Account Name:		fcaballero

Service Information:
	Service Name:		krbtgt/CLIBA.COM.AR

Network Information:
	Client Address:		::ffff:172.16.249.19
	Client Port:		56570

Additional Information:
	Ticket Options:		0x40810010
	Failure Code:		0x12
	Pre-Authentication Type:	0

Certificate Information:
	Certificate Issuer Name:		
	Certificate Serial Number: 	
	Certificate Thumbprint:		

Certificate information is only provided if a certificate was used for pre-authentication.

Pre-authentication types, ticket options and failure codes are defined in RFC 4120.

If the ticket was malformed or damaged during transit and could not be decrypted, then many fields in this event might not be present.

Event[424]:
  Log Name: Security
  Source: Microsoft-Windows-Security-Auditing
  Date: 2024-08-08T10:07:57.013
  Event ID: 4771
  Task: Kerberos Authentication Service
  Level: Information
  Opcode: Info
  Keyword: Audit Failure
  User: N/A
  User Name: N/A
  Computer: CLIBAAD03.cliba.com.ar
  Description: 
Kerberos pre-authentication failed.

Account Information:
	Security ID:		S-1-5-21-1171290785-409082668-1575050150-43012
	Account Name:		grey_admin

Service Information:
	Service Name:		krbtgt/CLIBA.COM.AR

Network Information:
	Client Address:		::ffff:172.19.26.109
	Client Port:		61588

Additional Information:
	Ticket Options:		0x40810010
	Failure Code:		0x18
	Pre-Authentication Type:	2

Certificate Information:
	Certificate Issuer Name:		
	Certificate Serial Number: 	
	Certificate Thumbprint:		

Certificate information is only provided if a certificate was used for pre-authentication.

Pre-authentication types, ticket options and failure codes are defined in RFC 4120.

If the ticket was malformed or damaged during transit and could not be decrypted, then many fields in this event might not be present.

Event[425]:
  Log Name: Security
  Source: Microsoft-Windows-Security-Auditing
  Date: 2024-08-08T10:07:51.993
  Event ID: 4771
  Task: Kerberos Authentication Service
  Level: Information
  Opcode: Info
  Keyword: Audit Failure
  User: N/A
  User Name: N/A
  Computer: CLIBAAD03.cliba.com.ar
  Description: 
Kerberos pre-authentication failed.

Account Information:
	Security ID:		S-1-5-21-1171290785-409082668-1575050150-43012
	Account Name:		grey_admin

Service Information:
	Service Name:		krbtgt/CLIBA.COM.AR

Network Information:
	Client Address:		::ffff:172.19.26.109
	Client Port:		61586

Additional Information:
	Ticket Options:		0x40810010
	Failure Code:		0x18
	Pre-Authentication Type:	2

Certificate Information:
	Certificate Issuer Name:		
	Certificate Serial Number: 	
	Certificate Thumbprint:		

Certificate information is only provided if a certificate was used for pre-authentication.

Pre-authentication types, ticket options and failure codes are defined in RFC 4120.

If the ticket was malformed or damaged during transit and could not be decrypted, then many fields in this event might not be present.

Event[426]:
  Log Name: Security
  Source: Microsoft-Windows-Security-Auditing
  Date: 2024-08-08T10:07:51.580
  Event ID: 4771
  Task: Kerberos Authentication Service
  Level: Information
  Opcode: Info
  Keyword: Audit Failure
  User: N/A
  User Name: N/A
  Computer: CLIBAAD03.cliba.com.ar
  Description: 
Kerberos pre-authentication failed.

Account Information:
	Security ID:		S-1-5-21-1171290785-409082668-1575050150-24817
	Account Name:		PLepez

Service Information:
	Service Name:		krbtgt/CLIBA.COM.AR

Network Information:
	Client Address:		::ffff:172.19.21.31
	Client Port:		50825

Additional Information:
	Ticket Options:		0x40810010
	Failure Code:		0x18
	Pre-Authentication Type:	2

Certificate Information:
	Certificate Issuer Name:		
	Certificate Serial Number: 	
	Certificate Thumbprint:		

Certificate information is only provided if a certificate was used for pre-authentication.

Pre-authentication types, ticket options and failure codes are defined in RFC 4120.

If the ticket was malformed or damaged during transit and could not be decrypted, then many fields in this event might not be present.

Event[427]:
  Log Name: Security
  Source: Microsoft-Windows-Security-Auditing
  Date: 2024-08-08T10:07:51.452
  Event ID: 4771
  Task: Kerberos Authentication Service
  Level: Information
  Opcode: Info
  Keyword: Audit Failure
  User: N/A
  User Name: N/A
  Computer: CLIBAAD03.cliba.com.ar
  Description: 
Kerberos pre-authentication failed.

Account Information:
	Security ID:		S-1-5-21-1171290785-409082668-1575050150-24817
	Account Name:		PLepez

Service Information:
	Service Name:		krbtgt/CLIBA.COM.AR

Network Information:
	Client Address:		::ffff:172.19.21.31
	Client Port:		50823

Additional Information:
	Ticket Options:		0x40810010
	Failure Code:		0x18
	Pre-Authentication Type:	2

Certificate Information:
	Certificate Issuer Name:		
	Certificate Serial Number: 	
	Certificate Thumbprint:		

Certificate information is only provided if a certificate was used for pre-authentication.

Pre-authentication types, ticket options and failure codes are defined in RFC 4120.

If the ticket was malformed or damaged during transit and could not be decrypted, then many fields in this event might not be present.

Event[428]:
  Log Name: Security
  Source: Microsoft-Windows-Security-Auditing
  Date: 2024-08-08T10:07:46.978
  Event ID: 4771
  Task: Kerberos Authentication Service
  Level: Information
  Opcode: Info
  Keyword: Audit Failure
  User: N/A
  User Name: N/A
  Computer: CLIBAAD03.cliba.com.ar
  Description: 
Kerberos pre-authentication failed.

Account Information:
	Security ID:		S-1-5-21-1171290785-409082668-1575050150-43012
	Account Name:		grey_admin

Service Information:
	Service Name:		krbtgt/CLIBA.COM.AR

Network Information:
	Client Address:		::ffff:172.19.26.109
	Client Port:		61584

Additional Information:
	Ticket Options:		0x40810010
	Failure Code:		0x18
	Pre-Authentication Type:	2

Certificate Information:
	Certificate Issuer Name:		
	Certificate Serial Number: 	
	Certificate Thumbprint:		

Certificate information is only provided if a certificate was used for pre-authentication.

Pre-authentication types, ticket options and failure codes are defined in RFC 4120.

If the ticket was malformed or damaged during transit and could not be decrypted, then many fields in this event might not be present.

Event[429]:
  Log Name: Security
  Source: Microsoft-Windows-Security-Auditing
  Date: 2024-08-08T10:07:41.959
  Event ID: 4771
  Task: Kerberos Authentication Service
  Level: Information
  Opcode: Info
  Keyword: Audit Failure
  User: N/A
  User Name: N/A
  Computer: CLIBAAD03.cliba.com.ar
  Description: 
Kerberos pre-authentication failed.

Account Information:
	Security ID:		S-1-5-21-1171290785-409082668-1575050150-43012
	Account Name:		grey_admin

Service Information:
	Service Name:		krbtgt/CLIBA.COM.AR

Network Information:
	Client Address:		::ffff:172.19.26.109
	Client Port:		61582

Additional Information:
	Ticket Options:		0x40810010
	Failure Code:		0x18
	Pre-Authentication Type:	2

Certificate Information:
	Certificate Issuer Name:		
	Certificate Serial Number: 	
	Certificate Thumbprint:		

Certificate information is only provided if a certificate was used for pre-authentication.

Pre-authentication types, ticket options and failure codes are defined in RFC 4120.

If the ticket was malformed or damaged during transit and could not be decrypted, then many fields in this event might not be present.

Event[430]:
  Log Name: Security
  Source: Microsoft-Windows-Security-Auditing
  Date: 2024-08-08T10:07:36.944
  Event ID: 4771
  Task: Kerberos Authentication Service
  Level: Information
  Opcode: Info
  Keyword: Audit Failure
  User: N/A
  User Name: N/A
  Computer: CLIBAAD03.cliba.com.ar
  Description: 
Kerberos pre-authentication failed.

Account Information:
	Security ID:		S-1-5-21-1171290785-409082668-1575050150-43012
	Account Name:		grey_admin

Service Information:
	Service Name:		krbtgt/CLIBA.COM.AR

Network Information:
	Client Address:		::ffff:172.19.26.109
	Client Port:		61579

Additional Information:
	Ticket Options:		0x40810010
	Failure Code:		0x18
	Pre-Authentication Type:	2

Certificate Information:
	Certificate Issuer Name:		
	Certificate Serial Number: 	
	Certificate Thumbprint:		

Certificate information is only provided if a certificate was used for pre-authentication.

Pre-authentication types, ticket options and failure codes are defined in RFC 4120.

If the ticket was malformed or damaged during transit and could not be decrypted, then many fields in this event might not be present.

Event[431]:
  Log Name: Security
  Source: Microsoft-Windows-Security-Auditing
  Date: 2024-08-08T10:07:31.931
  Event ID: 4771
  Task: Kerberos Authentication Service
  Level: Information
  Opcode: Info
  Keyword: Audit Failure
  User: N/A
  User Name: N/A
  Computer: CLIBAAD03.cliba.com.ar
  Description: 
Kerberos pre-authentication failed.

Account Information:
	Security ID:		S-1-5-21-1171290785-409082668-1575050150-43012
	Account Name:		grey_admin

Service Information:
	Service Name:		krbtgt/CLIBA.COM.AR

Network Information:
	Client Address:		::ffff:172.19.26.109
	Client Port:		61577

Additional Information:
	Ticket Options:		0x40810010
	Failure Code:		0x18
	Pre-Authentication Type:	2

Certificate Information:
	Certificate Issuer Name:		
	Certificate Serial Number: 	
	Certificate Thumbprint:		

Certificate information is only provided if a certificate was used for pre-authentication.

Pre-authentication types, ticket options and failure codes are defined in RFC 4120.

If the ticket was malformed or damaged during transit and could not be decrypted, then many fields in this event might not be present.

Event[432]:
  Log Name: Security
  Source: Microsoft-Windows-Security-Auditing
  Date: 2024-08-08T10:07:29.034
  Event ID: 4771
  Task: Kerberos Authentication Service
  Level: Information
  Opcode: Info
  Keyword: Audit Failure
  User: N/A
  User Name: N/A
  Computer: CLIBAAD03.cliba.com.ar
  Description: 
Kerberos pre-authentication failed.

Account Information:
	Security ID:		S-1-5-21-1171290785-409082668-1575050150-24817
	Account Name:		PLepez

Service Information:
	Service Name:		krbtgt/CLIBA.COM.AR

Network Information:
	Client Address:		::ffff:172.19.21.31
	Client Port:		50819

Additional Information:
	Ticket Options:		0x40810010
	Failure Code:		0x18
	Pre-Authentication Type:	2

Certificate Information:
	Certificate Issuer Name:		
	Certificate Serial Number: 	
	Certificate Thumbprint:		

Certificate information is only provided if a certificate was used for pre-authentication.

Pre-authentication types, ticket options and failure codes are defined in RFC 4120.

If the ticket was malformed or damaged during transit and could not be decrypted, then many fields in this event might not be present.

Event[433]:
  Log Name: Security
  Source: Microsoft-Windows-Security-Auditing
  Date: 2024-08-08T10:07:28.924
  Event ID: 4771
  Task: Kerberos Authentication Service
  Level: Information
  Opcode: Info
  Keyword: Audit Failure
  User: N/A
  User Name: N/A
  Computer: CLIBAAD03.cliba.com.ar
  Description: 
Kerberos pre-authentication failed.

Account Information:
	Security ID:		S-1-5-21-1171290785-409082668-1575050150-24817
	Account Name:		PLepez

Service Information:
	Service Name:		krbtgt/CLIBA.COM.AR

Network Information:
	Client Address:		::ffff:172.19.21.31
	Client Port:		50817

Additional Information:
	Ticket Options:		0x40810010
	Failure Code:		0x18
	Pre-Authentication Type:	2

Certificate Information:
	Certificate Issuer Name:		
	Certificate Serial Number: 	
	Certificate Thumbprint:		

Certificate information is only provided if a certificate was used for pre-authentication.

Pre-authentication types, ticket options and failure codes are defined in RFC 4120.

If the ticket was malformed or damaged during transit and could not be decrypted, then many fields in this event might not be present.

Event[434]:
  Log Name: Security
  Source: Microsoft-Windows-Security-Auditing
  Date: 2024-08-08T10:07:26.913
  Event ID: 4771
  Task: Kerberos Authentication Service
  Level: Information
  Opcode: Info
  Keyword: Audit Failure
  User: N/A
  User Name: N/A
  Computer: CLIBAAD03.cliba.com.ar
  Description: 
Kerberos pre-authentication failed.

Account Information:
	Security ID:		S-1-5-21-1171290785-409082668-1575050150-43012
	Account Name:		grey_admin

Service Information:
	Service Name:		krbtgt/CLIBA.COM.AR

Network Information:
	Client Address:		::ffff:172.19.26.109
	Client Port:		61575

Additional Information:
	Ticket Options:		0x40810010
	Failure Code:		0x18
	Pre-Authentication Type:	2

Certificate Information:
	Certificate Issuer Name:		
	Certificate Serial Number: 	
	Certificate Thumbprint:		

Certificate information is only provided if a certificate was used for pre-authentication.

Pre-authentication types, ticket options and failure codes are defined in RFC 4120.

If the ticket was malformed or damaged during transit and could not be decrypted, then many fields in this event might not be present.

Event[435]:
  Log Name: Security
  Source: Microsoft-Windows-Security-Auditing
  Date: 2024-08-08T10:07:21.897
  Event ID: 4771
  Task: Kerberos Authentication Service
  Level: Information
  Opcode: Info
  Keyword: Audit Failure
  User: N/A
  User Name: N/A
  Computer: CLIBAAD03.cliba.com.ar
  Description: 
Kerberos pre-authentication failed.

Account Information:
	Security ID:		S-1-5-21-1171290785-409082668-1575050150-43012
	Account Name:		grey_admin

Service Information:
	Service Name:		krbtgt/CLIBA.COM.AR

Network Information:
	Client Address:		::ffff:172.19.26.109
	Client Port:		61573

Additional Information:
	Ticket Options:		0x40810010
	Failure Code:		0x18
	Pre-Authentication Type:	2

Certificate Information:
	Certificate Issuer Name:		
	Certificate Serial Number: 	
	Certificate Thumbprint:		

Certificate information is only provided if a certificate was used for pre-authentication.

Pre-authentication types, ticket options and failure codes are defined in RFC 4120.

If the ticket was malformed or damaged during transit and could not be decrypted, then many fields in this event might not be present.

Event[436]:
  Log Name: Security
  Source: Microsoft-Windows-Security-Auditing
  Date: 2024-08-08T10:07:19.577
  Event ID: 4625
  Task: Logon
  Level: Information
  Opcode: Info
  Keyword: Audit Failure
  User: N/A
  User Name: N/A
  Computer: CLIBAAD03.cliba.com.ar
  Description: 
An account failed to log on.

Subject:
	Security ID:		S-1-5-18
	Account Name:		CLIBAAD03$
	Account Domain:		CLIBA
	Logon ID:		0x3E7

Logon Type:			3

Account For Which Logon Failed:
	Security ID:		S-1-0-0
	Account Name:		arrodriguez
	Account Domain:		CLIBA

Failure Information:
	Failure Reason:		Unknown user name or bad password.
	Status:			0xC000006D
	Sub Status:		0xC000006A

Process Information:
	Caller Process ID:	0x424
	Caller Process Name:	C:\Windows\System32\svchost.exe

Network Information:
	Workstation Name:	-
	Source Network Address:	-
	Source Port:		-

Detailed Authentication Information:
	Logon Process:		CHAP
	Authentication Package:	MICROSOFT_AUTHENTICATION_PACKAGE_V1_0
	Transited Services:	-
	Package Name (NTLM only):	-
	Key Length:		0

This event is generated when a logon request fails. It is generated on the computer where access was attempted.

The Subject fields indicate the account on the local system which requested the logon. This is most commonly a service such as the Server service, or a local process such as Winlogon.exe or Services.exe.

The Logon Type field indicates the kind of logon that was requested. The most common types are 2 (interactive) and 3 (network).

The Process Information fields indicate which account and process on the system requested the logon.

The Network Information fields indicate where a remote logon request originated. Workstation name is not always available and may be left blank in some cases.

The authentication information fields provide detailed information about this specific logon request.
	- Transited services indicate which intermediate services have participated in this logon request.
	- Package name indicates which sub-protocol was used among the NTLM protocols.
	- Key length indicates the length of the generated session key. This will be 0 if no session key was requested.

Event[437]:
  Log Name: Security
  Source: Microsoft-Windows-Security-Auditing
  Date: 2024-08-08T10:07:19.531
  Event ID: 4625
  Task: Logon
  Level: Information
  Opcode: Info
  Keyword: Audit Failure
  User: N/A
  User Name: N/A
  Computer: CLIBAAD03.cliba.com.ar
  Description: 
An account failed to log on.

Subject:
	Security ID:		S-1-5-18
	Account Name:		CLIBAAD03$
	Account Domain:		CLIBA
	Logon ID:		0x3E7

Logon Type:			3

Account For Which Logon Failed:
	Security ID:		S-1-0-0
	Account Name:		arrodriguez
	Account Domain:		CLIBA

Failure Information:
	Failure Reason:		Unknown user name or bad password.
	Status:			0xC000006D
	Sub Status:		0xC000006A

Process Information:
	Caller Process ID:	0x424
	Caller Process Name:	C:\Windows\System32\svchost.exe

Network Information:
	Workstation Name:	-
	Source Network Address:	-
	Source Port:		-

Detailed Authentication Information:
	Logon Process:		CHAP
	Authentication Package:	MICROSOFT_AUTHENTICATION_PACKAGE_V1_0
	Transited Services:	-
	Package Name (NTLM only):	-
	Key Length:		0

This event is generated when a logon request fails. It is generated on the computer where access was attempted.

The Subject fields indicate the account on the local system which requested the logon. This is most commonly a service such as the Server service, or a local process such as Winlogon.exe or Services.exe.

The Logon Type field indicates the kind of logon that was requested. The most common types are 2 (interactive) and 3 (network).

The Process Information fields indicate which account and process on the system requested the logon.

The Network Information fields indicate where a remote logon request originated. Workstation name is not always available and may be left blank in some cases.

The authentication information fields provide detailed information about this specific logon request.
	- Transited services indicate which intermediate services have participated in this logon request.
	- Package name indicates which sub-protocol was used among the NTLM protocols.
	- Key length indicates the length of the generated session key. This will be 0 if no session key was requested.

Event[438]:
  Log Name: Security
  Source: Microsoft-Windows-Security-Auditing
  Date: 2024-08-08T10:07:18.433
  Event ID: 4771
  Task: Kerberos Authentication Service
  Level: Information
  Opcode: Info
  Keyword: Audit Failure
  User: N/A
  User Name: N/A
  Computer: CLIBAAD03.cliba.com.ar
  Description: 
Kerberos pre-authentication failed.

Account Information:
	Security ID:		S-1-5-21-1171290785-409082668-1575050150-18903
	Account Name:		jdalinger

Service Information:
	Service Name:		krbtgt/CLIBA

Network Information:
	Client Address:		::ffff:172.19.69.71
	Client Port:		59215

Additional Information:
	Ticket Options:		0x40810010
	Failure Code:		0x18
	Pre-Authentication Type:	2

Certificate Information:
	Certificate Issuer Name:		
	Certificate Serial Number: 	
	Certificate Thumbprint:		

Certificate information is only provided if a certificate was used for pre-authentication.

Pre-authentication types, ticket options and failure codes are defined in RFC 4120.

If the ticket was malformed or damaged during transit and could not be decrypted, then many fields in this event might not be present.

Event[439]:
  Log Name: Security
  Source: Microsoft-Windows-Security-Auditing
  Date: 2024-08-08T10:07:18.195
  Event ID: 4771
  Task: Kerberos Authentication Service
  Level: Information
  Opcode: Info
  Keyword: Audit Failure
  User: N/A
  User Name: N/A
  Computer: CLIBAAD03.cliba.com.ar
  Description: 
Kerberos pre-authentication failed.

Account Information:
	Security ID:		S-1-5-21-1171290785-409082668-1575050150-18903
	Account Name:		jdalinger

Service Information:
	Service Name:		krbtgt/CLIBA

Network Information:
	Client Address:		::ffff:172.19.69.71
	Client Port:		59213

Additional Information:
	Ticket Options:		0x40810010
	Failure Code:		0x18
	Pre-Authentication Type:	2

Certificate Information:
	Certificate Issuer Name:		
	Certificate Serial Number: 	
	Certificate Thumbprint:		

Certificate information is only provided if a certificate was used for pre-authentication.

Pre-authentication types, ticket options and failure codes are defined in RFC 4120.

If the ticket was malformed or damaged during transit and could not be decrypted, then many fields in this event might not be present.

Event[440]:
  Log Name: Security
  Source: Microsoft-Windows-Security-Auditing
  Date: 2024-08-08T10:07:16.882
  Event ID: 4771
  Task: Kerberos Authentication Service
  Level: Information
  Opcode: Info
  Keyword: Audit Failure
  User: N/A
  User Name: N/A
  Computer: CLIBAAD03.cliba.com.ar
  Description: 
Kerberos pre-authentication failed.

Account Information:
	Security ID:		S-1-5-21-1171290785-409082668-1575050150-43012
	Account Name:		grey_admin

Service Information:
	Service Name:		krbtgt/CLIBA.COM.AR

Network Information:
	Client Address:		::ffff:172.19.26.109
	Client Port:		61571

Additional Information:
	Ticket Options:		0x40810010
	Failure Code:		0x18
	Pre-Authentication Type:	2

Certificate Information:
	Certificate Issuer Name:		
	Certificate Serial Number: 	
	Certificate Thumbprint:		

Certificate information is only provided if a certificate was used for pre-authentication.

Pre-authentication types, ticket options and failure codes are defined in RFC 4120.

If the ticket was malformed or damaged during transit and could not be decrypted, then many fields in this event might not be present.

Event[441]:
  Log Name: Security
  Source: Microsoft-Windows-Security-Auditing
  Date: 2024-08-08T10:07:12.784
  Event ID: 4625
  Task: Logon
  Level: Information
  Opcode: Info
  Keyword: Audit Failure
  User: N/A
  User Name: N/A
  Computer: CLIBAAD03.cliba.com.ar
  Description: 
An account failed to log on.

Subject:
	Security ID:		S-1-5-18
	Account Name:		CLIBAAD03$
	Account Domain:		CLIBA
	Logon ID:		0x3E7

Logon Type:			3

Account For Which Logon Failed:
	Security ID:		S-1-0-0
	Account Name:		arrodriguez
	Account Domain:		CLIBA

Failure Information:
	Failure Reason:		Unknown user name or bad password.
	Status:			0xC000006D
	Sub Status:		0xC000006A

Process Information:
	Caller Process ID:	0x424
	Caller Process Name:	C:\Windows\System32\svchost.exe

Network Information:
	Workstation Name:	-
	Source Network Address:	-
	Source Port:		-

Detailed Authentication Information:
	Logon Process:		CHAP
	Authentication Package:	MICROSOFT_AUTHENTICATION_PACKAGE_V1_0
	Transited Services:	-
	Package Name (NTLM only):	-
	Key Length:		0

This event is generated when a logon request fails. It is generated on the computer where access was attempted.

The Subject fields indicate the account on the local system which requested the logon. This is most commonly a service such as the Server service, or a local process such as Winlogon.exe or Services.exe.

The Logon Type field indicates the kind of logon that was requested. The most common types are 2 (interactive) and 3 (network).

The Process Information fields indicate which account and process on the system requested the logon.

The Network Information fields indicate where a remote logon request originated. Workstation name is not always available and may be left blank in some cases.

The authentication information fields provide detailed information about this specific logon request.
	- Transited services indicate which intermediate services have participated in this logon request.
	- Package name indicates which sub-protocol was used among the NTLM protocols.
	- Key length indicates the length of the generated session key. This will be 0 if no session key was requested.

Event[442]:
  Log Name: Security
  Source: Microsoft-Windows-Security-Auditing
  Date: 2024-08-08T10:07:12.747
  Event ID: 4625
  Task: Logon
  Level: Information
  Opcode: Info
  Keyword: Audit Failure
  User: N/A
  User Name: N/A
  Computer: CLIBAAD03.cliba.com.ar
  Description: 
An account failed to log on.

Subject:
	Security ID:		S-1-5-18
	Account Name:		CLIBAAD03$
	Account Domain:		CLIBA
	Logon ID:		0x3E7

Logon Type:			3

Account For Which Logon Failed:
	Security ID:		S-1-0-0
	Account Name:		arrodriguez
	Account Domain:		CLIBA

Failure Information:
	Failure Reason:		Unknown user name or bad password.
	Status:			0xC000006D
	Sub Status:		0xC000006A

Process Information:
	Caller Process ID:	0x424
	Caller Process Name:	C:\Windows\System32\svchost.exe

Network Information:
	Workstation Name:	-
	Source Network Address:	-
	Source Port:		-

Detailed Authentication Information:
	Logon Process:		CHAP
	Authentication Package:	MICROSOFT_AUTHENTICATION_PACKAGE_V1_0
	Transited Services:	-
	Package Name (NTLM only):	-
	Key Length:		0

This event is generated when a logon request fails. It is generated on the computer where access was attempted.

The Subject fields indicate the account on the local system which requested the logon. This is most commonly a service such as the Server service, or a local process such as Winlogon.exe or Services.exe.

The Logon Type field indicates the kind of logon that was requested. The most common types are 2 (interactive) and 3 (network).

The Process Information fields indicate which account and process on the system requested the logon.

The Network Information fields indicate where a remote logon request originated. Workstation name is not always available and may be left blank in some cases.

The authentication information fields provide detailed information about this specific logon request.
	- Transited services indicate which intermediate services have participated in this logon request.
	- Package name indicates which sub-protocol was used among the NTLM protocols.
	- Key length indicates the length of the generated session key. This will be 0 if no session key was requested.

Event[443]:
  Log Name: Security
  Source: Microsoft-Windows-Security-Auditing
  Date: 2024-08-08T10:07:11.862
  Event ID: 4771
  Task: Kerberos Authentication Service
  Level: Information
  Opcode: Info
  Keyword: Audit Failure
  User: N/A
  User Name: N/A
  Computer: CLIBAAD03.cliba.com.ar
  Description: 
Kerberos pre-authentication failed.

Account Information:
	Security ID:		S-1-5-21-1171290785-409082668-1575050150-43012
	Account Name:		grey_admin

Service Information:
	Service Name:		krbtgt/CLIBA.COM.AR

Network Information:
	Client Address:		::ffff:172.19.26.109
	Client Port:		61569

Additional Information:
	Ticket Options:		0x40810010
	Failure Code:		0x18
	Pre-Authentication Type:	2

Certificate Information:
	Certificate Issuer Name:		
	Certificate Serial Number: 	
	Certificate Thumbprint:		

Certificate information is only provided if a certificate was used for pre-authentication.

Pre-authentication types, ticket options and failure codes are defined in RFC 4120.

If the ticket was malformed or damaged during transit and could not be decrypted, then many fields in this event might not be present.

Event[444]:
  Log Name: Security
  Source: Microsoft-Windows-Security-Auditing
  Date: 2024-08-08T10:07:11.407
  Event ID: 4771
  Task: Kerberos Authentication Service
  Level: Information
  Opcode: Info
  Keyword: Audit Failure
  User: N/A
  User Name: N/A
  Computer: CLIBAAD03.cliba.com.ar
  Description: 
Kerberos pre-authentication failed.

Account Information:
	Security ID:		S-1-5-21-1171290785-409082668-1575050150-18200
	Account Name:		mmedina

Service Information:
	Service Name:		krbtgt/cliba

Network Information:
	Client Address:		::ffff:172.16.249.19
	Client Port:		55678

Additional Information:
	Ticket Options:		0x40810010
	Failure Code:		0x18
	Pre-Authentication Type:	2

Certificate Information:
	Certificate Issuer Name:		
	Certificate Serial Number: 	
	Certificate Thumbprint:		

Certificate information is only provided if a certificate was used for pre-authentication.

Pre-authentication types, ticket options and failure codes are defined in RFC 4120.

If the ticket was malformed or damaged during transit and could not be decrypted, then many fields in this event might not be present.

Event[445]:
  Log Name: Security
  Source: Microsoft-Windows-Security-Auditing
  Date: 2024-08-08T10:07:06.841
  Event ID: 4771
  Task: Kerberos Authentication Service
  Level: Information
  Opcode: Info
  Keyword: Audit Failure
  User: N/A
  User Name: N/A
  Computer: CLIBAAD03.cliba.com.ar
  Description: 
Kerberos pre-authentication failed.

Account Information:
	Security ID:		S-1-5-21-1171290785-409082668-1575050150-43012
	Account Name:		grey_admin

Service Information:
	Service Name:		krbtgt/CLIBA.COM.AR

Network Information:
	Client Address:		::ffff:172.19.26.109
	Client Port:		61567

Additional Information:
	Ticket Options:		0x40810010
	Failure Code:		0x18
	Pre-Authentication Type:	2

Certificate Information:
	Certificate Issuer Name:		
	Certificate Serial Number: 	
	Certificate Thumbprint:		

Certificate information is only provided if a certificate was used for pre-authentication.

Pre-authentication types, ticket options and failure codes are defined in RFC 4120.

If the ticket was malformed or damaged during transit and could not be decrypted, then many fields in this event might not be present.

Event[446]:
  Log Name: Security
  Source: Microsoft-Windows-Security-Auditing
  Date: 2024-08-08T10:07:01.835
  Event ID: 4771
  Task: Kerberos Authentication Service
  Level: Information
  Opcode: Info
  Keyword: Audit Failure
  User: N/A
  User Name: N/A
  Computer: CLIBAAD03.cliba.com.ar
  Description: 
Kerberos pre-authentication failed.

Account Information:
	Security ID:		S-1-5-21-1171290785-409082668-1575050150-43012
	Account Name:		grey_admin

Service Information:
	Service Name:		krbtgt/CLIBA.COM.AR

Network Information:
	Client Address:		::ffff:172.19.26.109
	Client Port:		61565

Additional Information:
	Ticket Options:		0x40810010
	Failure Code:		0x18
	Pre-Authentication Type:	2

Certificate Information:
	Certificate Issuer Name:		
	Certificate Serial Number: 	
	Certificate Thumbprint:		

Certificate information is only provided if a certificate was used for pre-authentication.

Pre-authentication types, ticket options and failure codes are defined in RFC 4120.

If the ticket was malformed or damaged during transit and could not be decrypted, then many fields in this event might not be present.

Event[447]:
  Log Name: Security
  Source: Microsoft-Windows-Security-Auditing
  Date: 2024-08-08T10:06:56.819
  Event ID: 4771
  Task: Kerberos Authentication Service
  Level: Information
  Opcode: Info
  Keyword: Audit Failure
  User: N/A
  User Name: N/A
  Computer: CLIBAAD03.cliba.com.ar
  Description: 
Kerberos pre-authentication failed.

Account Information:
	Security ID:		S-1-5-21-1171290785-409082668-1575050150-43012
	Account Name:		grey_admin

Service Information:
	Service Name:		krbtgt/CLIBA.COM.AR

Network Information:
	Client Address:		::ffff:172.19.26.109
	Client Port:		61563

Additional Information:
	Ticket Options:		0x40810010
	Failure Code:		0x18
	Pre-Authentication Type:	2

Certificate Information:
	Certificate Issuer Name:		
	Certificate Serial Number: 	
	Certificate Thumbprint:		

Certificate information is only provided if a certificate was used for pre-authentication.

Pre-authentication types, ticket options and failure codes are defined in RFC 4120.

If the ticket was malformed or damaged during transit and could not be decrypted, then many fields in this event might not be present.

Event[448]:
  Log Name: Security
  Source: Microsoft-Windows-Security-Auditing
  Date: 2024-08-08T10:06:51.804
  Event ID: 4771
  Task: Kerberos Authentication Service
  Level: Information
  Opcode: Info
  Keyword: Audit Failure
  User: N/A
  User Name: N/A
  Computer: CLIBAAD03.cliba.com.ar
  Description: 
Kerberos pre-authentication failed.

Account Information:
	Security ID:		S-1-5-21-1171290785-409082668-1575050150-43012
	Account Name:		grey_admin

Service Information:
	Service Name:		krbtgt/CLIBA.COM.AR

Network Information:
	Client Address:		::ffff:172.19.26.109
	Client Port:		61561

Additional Information:
	Ticket Options:		0x40810010
	Failure Code:		0x18
	Pre-Authentication Type:	2

Certificate Information:
	Certificate Issuer Name:		
	Certificate Serial Number: 	
	Certificate Thumbprint:		

Certificate information is only provided if a certificate was used for pre-authentication.

Pre-authentication types, ticket options and failure codes are defined in RFC 4120.

If the ticket was malformed or damaged during transit and could not be decrypted, then many fields in this event might not be present.

Event[449]:
  Log Name: Security
  Source: Microsoft-Windows-Security-Auditing
  Date: 2024-08-08T10:06:46.788
  Event ID: 4771
  Task: Kerberos Authentication Service
  Level: Information
  Opcode: Info
  Keyword: Audit Failure
  User: N/A
  User Name: N/A
  Computer: CLIBAAD03.cliba.com.ar
  Description: 
Kerberos pre-authentication failed.

Account Information:
	Security ID:		S-1-5-21-1171290785-409082668-1575050150-43012
	Account Name:		grey_admin

Service Information:
	Service Name:		krbtgt/CLIBA.COM.AR

Network Information:
	Client Address:		::ffff:172.19.26.109
	Client Port:		61559

Additional Information:
	Ticket Options:		0x40810010
	Failure Code:		0x18
	Pre-Authentication Type:	2

Certificate Information:
	Certificate Issuer Name:		
	Certificate Serial Number: 	
	Certificate Thumbprint:		

Certificate information is only provided if a certificate was used for pre-authentication.

Pre-authentication types, ticket options and failure codes are defined in RFC 4120.

If the ticket was malformed or damaged during transit and could not be decrypted, then many fields in this event might not be present.

Event[450]:
  Log Name: Security
  Source: Microsoft-Windows-Security-Auditing
  Date: 2024-08-08T10:06:41.774
  Event ID: 4771
  Task: Kerberos Authentication Service
  Level: Information
  Opcode: Info
  Keyword: Audit Failure
  User: N/A
  User Name: N/A
  Computer: CLIBAAD03.cliba.com.ar
  Description: 
Kerberos pre-authentication failed.

Account Information:
	Security ID:		S-1-5-21-1171290785-409082668-1575050150-43012
	Account Name:		grey_admin

Service Information:
	Service Name:		krbtgt/CLIBA.COM.AR

Network Information:
	Client Address:		::ffff:172.19.26.109
	Client Port:		61557

Additional Information:
	Ticket Options:		0x40810010
	Failure Code:		0x18
	Pre-Authentication Type:	2

Certificate Information:
	Certificate Issuer Name:		
	Certificate Serial Number: 	
	Certificate Thumbprint:		

Certificate information is only provided if a certificate was used for pre-authentication.

Pre-authentication types, ticket options and failure codes are defined in RFC 4120.

If the ticket was malformed or damaged during transit and could not be decrypted, then many fields in this event might not be present.

Event[451]:
  Log Name: Security
  Source: Microsoft-Windows-Security-Auditing
  Date: 2024-08-08T10:06:36.757
  Event ID: 4771
  Task: Kerberos Authentication Service
  Level: Information
  Opcode: Info
  Keyword: Audit Failure
  User: N/A
  User Name: N/A
  Computer: CLIBAAD03.cliba.com.ar
  Description: 
Kerberos pre-authentication failed.

Account Information:
	Security ID:		S-1-5-21-1171290785-409082668-1575050150-43012
	Account Name:		grey_admin

Service Information:
	Service Name:		krbtgt/CLIBA.COM.AR

Network Information:
	Client Address:		::ffff:172.19.26.109
	Client Port:		61554

Additional Information:
	Ticket Options:		0x40810010
	Failure Code:		0x18
	Pre-Authentication Type:	2

Certificate Information:
	Certificate Issuer Name:		
	Certificate Serial Number: 	
	Certificate Thumbprint:		

Certificate information is only provided if a certificate was used for pre-authentication.

Pre-authentication types, ticket options and failure codes are defined in RFC 4120.

If the ticket was malformed or damaged during transit and could not be decrypted, then many fields in this event might not be present.

Event[452]:
  Log Name: Security
  Source: Microsoft-Windows-Security-Auditing
  Date: 2024-08-08T10:06:31.741
  Event ID: 4771
  Task: Kerberos Authentication Service
  Level: Information
  Opcode: Info
  Keyword: Audit Failure
  User: N/A
  User Name: N/A
  Computer: CLIBAAD03.cliba.com.ar
  Description: 
Kerberos pre-authentication failed.

Account Information:
	Security ID:		S-1-5-21-1171290785-409082668-1575050150-43012
	Account Name:		grey_admin

Service Information:
	Service Name:		krbtgt/CLIBA.COM.AR

Network Information:
	Client Address:		::ffff:172.19.26.109
	Client Port:		61551

Additional Information:
	Ticket Options:		0x40810010
	Failure Code:		0x18
	Pre-Authentication Type:	2

Certificate Information:
	Certificate Issuer Name:		
	Certificate Serial Number: 	
	Certificate Thumbprint:		

Certificate information is only provided if a certificate was used for pre-authentication.

Pre-authentication types, ticket options and failure codes are defined in RFC 4120.

If the ticket was malformed or damaged during transit and could not be decrypted, then many fields in this event might not be present.

Event[453]:
  Log Name: Security
  Source: Microsoft-Windows-Security-Auditing
  Date: 2024-08-08T10:06:26.724
  Event ID: 4771
  Task: Kerberos Authentication Service
  Level: Information
  Opcode: Info
  Keyword: Audit Failure
  User: N/A
  User Name: N/A
  Computer: CLIBAAD03.cliba.com.ar
  Description: 
Kerberos pre-authentication failed.

Account Information:
	Security ID:		S-1-5-21-1171290785-409082668-1575050150-43012
	Account Name:		grey_admin

Service Information:
	Service Name:		krbtgt/CLIBA.COM.AR

Network Information:
	Client Address:		::ffff:172.19.26.109
	Client Port:		61549

Additional Information:
	Ticket Options:		0x40810010
	Failure Code:		0x18
	Pre-Authentication Type:	2

Certificate Information:
	Certificate Issuer Name:		
	Certificate Serial Number: 	
	Certificate Thumbprint:		

Certificate information is only provided if a certificate was used for pre-authentication.

Pre-authentication types, ticket options and failure codes are defined in RFC 4120.

If the ticket was malformed or damaged during transit and could not be decrypted, then many fields in this event might not be present.

Event[454]:
  Log Name: Security
  Source: Microsoft-Windows-Security-Auditing
  Date: 2024-08-08T10:06:21.711
  Event ID: 4771
  Task: Kerberos Authentication Service
  Level: Information
  Opcode: Info
  Keyword: Audit Failure
  User: N/A
  User Name: N/A
  Computer: CLIBAAD03.cliba.com.ar
  Description: 
Kerberos pre-authentication failed.

Account Information:
	Security ID:		S-1-5-21-1171290785-409082668-1575050150-43012
	Account Name:		grey_admin

Service Information:
	Service Name:		krbtgt/CLIBA.COM.AR

Network Information:
	Client Address:		::ffff:172.19.26.109
	Client Port:		61547

Additional Information:
	Ticket Options:		0x40810010
	Failure Code:		0x18
	Pre-Authentication Type:	2

Certificate Information:
	Certificate Issuer Name:		
	Certificate Serial Number: 	
	Certificate Thumbprint:		

Certificate information is only provided if a certificate was used for pre-authentication.

Pre-authentication types, ticket options and failure codes are defined in RFC 4120.

If the ticket was malformed or damaged during transit and could not be decrypted, then many fields in this event might not be present.

Event[455]:
  Log Name: Security
  Source: Microsoft-Windows-Security-Auditing
  Date: 2024-08-08T10:06:16.697
  Event ID: 4771
  Task: Kerberos Authentication Service
  Level: Information
  Opcode: Info
  Keyword: Audit Failure
  User: N/A
  User Name: N/A
  Computer: CLIBAAD03.cliba.com.ar
  Description: 
Kerberos pre-authentication failed.

Account Information:
	Security ID:		S-1-5-21-1171290785-409082668-1575050150-43012
	Account Name:		grey_admin

Service Information:
	Service Name:		krbtgt/CLIBA.COM.AR

Network Information:
	Client Address:		::ffff:172.19.26.109
	Client Port:		61545

Additional Information:
	Ticket Options:		0x40810010
	Failure Code:		0x18
	Pre-Authentication Type:	2

Certificate Information:
	Certificate Issuer Name:		
	Certificate Serial Number: 	
	Certificate Thumbprint:		

Certificate information is only provided if a certificate was used for pre-authentication.

Pre-authentication types, ticket options and failure codes are defined in RFC 4120.

If the ticket was malformed or damaged during transit and could not be decrypted, then many fields in this event might not be present.

Event[456]:
