  Log Name: Security
  Source: Microsoft-Windows-Security-Auditing
  Date: 2024-08-08T10:24:50.164
  Event ID: 4771
  Task: Kerberos Authentication Service
  Level: Information
  Opcode: Info
  Keyword: Audit Failure
  User: N/A
  User Name: N/A
  Computer: CLIBAAD03.cliba.com.ar
  Description: 
Kerberos pre-authentication failed.

Account Information:
	Security ID:		S-1-5-21-1171290785-409082668-1575050150-43012
	Account Name:		grey_admin

Service Information:
	Service Name:		krbtgt/CLIBA.COM.AR

Network Information:
	Client Address:		::ffff:172.19.26.109
	Client Port:		62113

Additional Information:
	Ticket Options:		0x40810010
	Failure Code:		0x18
	Pre-Authentication Type:	2

Certificate Information:
	Certificate Issuer Name:		
	Certificate Serial Number: 	
	Certificate Thumbprint:		

Certificate information is only provided if a certificate was used for pre-authentication.

Pre-authentication types, ticket options and failure codes are defined in RFC 4120.

If the ticket was malformed or damaged during transit and could not be decrypted, then many fields in this event might not be present.

Event[101]:
  Log Name: Security
  Source: Microsoft-Windows-Security-Auditing
  Date: 2024-08-08T10:24:46.858
  Event ID: 4771
  Task: Kerberos Authentication Service
  Level: Information
  Opcode: Info
  Keyword: Audit Failure
  User: N/A
  User Name: N/A
  Computer: CLIBAAD03.cliba.com.ar
  Description: 
Kerberos pre-authentication failed.

Account Information:
	Security ID:		S-1-5-21-1171290785-409082668-1575050150-43220
	Account Name:		mmaudet

Service Information:
	Service Name:		krbtgt/CLIBA

Network Information:
	Client Address:		::ffff:172.19.105.86
	Client Port:		52580

Additional Information:
	Ticket Options:		0x40810010
	Failure Code:		0x18
	Pre-Authentication Type:	2

Certificate Information:
	Certificate Issuer Name:		
	Certificate Serial Number: 	
	Certificate Thumbprint:		

Certificate information is only provided if a certificate was used for pre-authentication.

Pre-authentication types, ticket options and failure codes are defined in RFC 4120.

If the ticket was malformed or damaged during transit and could not be decrypted, then many fields in this event might not be present.

Event[102]:
  Log Name: Security
  Source: Microsoft-Windows-Security-Auditing
  Date: 2024-08-08T10:24:45.147
  Event ID: 4771
  Task: Kerberos Authentication Service
  Level: Information
  Opcode: Info
  Keyword: Audit Failure
  User: N/A
  User Name: N/A
  Computer: CLIBAAD03.cliba.com.ar
  Description: 
Kerberos pre-authentication failed.

Account Information:
	Security ID:		S-1-5-21-1171290785-409082668-1575050150-43012
	Account Name:		grey_admin

Service Information:
	Service Name:		krbtgt/CLIBA.COM.AR

Network Information:
	Client Address:		::ffff:172.19.26.109
	Client Port:		62111

Additional Information:
	Ticket Options:		0x40810010
	Failure Code:		0x18
	Pre-Authentication Type:	2

Certificate Information:
	Certificate Issuer Name:		
	Certificate Serial Number: 	
	Certificate Thumbprint:		

Certificate information is only provided if a certificate was used for pre-authentication.

Pre-authentication types, ticket options and failure codes are defined in RFC 4120.

If the ticket was malformed or damaged during transit and could not be decrypted, then many fields in this event might not be present.

Event[103]:
  Log Name: Security
  Source: Microsoft-Windows-Security-Auditing
  Date: 2024-08-08T10:24:40.133
  Event ID: 4771
  Task: Kerberos Authentication Service
  Level: Information
  Opcode: Info
  Keyword: Audit Failure
  User: N/A
  User Name: N/A
  Computer: CLIBAAD03.cliba.com.ar
  Description: 
Kerberos pre-authentication failed.

Account Information:
	Security ID:		S-1-5-21-1171290785-409082668-1575050150-43012
	Account Name:		grey_admin

Service Information:
	Service Name:		krbtgt/CLIBA.COM.AR

Network Information:
	Client Address:		::ffff:172.19.26.109
	Client Port:		62109

Additional Information:
	Ticket Options:		0x40810010
	Failure Code:		0x18
	Pre-Authentication Type:	2

Certificate Information:
	Certificate Issuer Name:		
	Certificate Serial Number: 	
	Certificate Thumbprint:		

Certificate information is only provided if a certificate was used for pre-authentication.

Pre-authentication types, ticket options and failure codes are defined in RFC 4120.

If the ticket was malformed or damaged during transit and could not be decrypted, then many fields in this event might not be present.

Event[104]:
  Log Name: Security
  Source: Microsoft-Windows-Security-Auditing
  Date: 2024-08-08T10:24:35.127
  Event ID: 4771
  Task: Kerberos Authentication Service
  Level: Information
  Opcode: Info
  Keyword: Audit Failure
  User: N/A
  User Name: N/A
  Computer: CLIBAAD03.cliba.com.ar
  Description: 
Kerberos pre-authentication failed.

Account Information:
	Security ID:		S-1-5-21-1171290785-409082668-1575050150-43012
	Account Name:		grey_admin

Service Information:
	Service Name:		krbtgt/CLIBA.COM.AR

Network Information:
	Client Address:		::ffff:172.19.26.109
	Client Port:		62107

Additional Information:
	Ticket Options:		0x40810010
	Failure Code:		0x18
	Pre-Authentication Type:	2

Certificate Information:
	Certificate Issuer Name:		
	Certificate Serial Number: 	
	Certificate Thumbprint:		

Certificate information is only provided if a certificate was used for pre-authentication.

Pre-authentication types, ticket options and failure codes are defined in RFC 4120.

If the ticket was malformed or damaged during transit and could not be decrypted, then many fields in this event might not be present.

Event[105]:
  Log Name: Security
  Source: Microsoft-Windows-Security-Auditing
  Date: 2024-08-08T10:24:30.121
  Event ID: 4771
  Task: Kerberos Authentication Service
  Level: Information
  Opcode: Info
  Keyword: Audit Failure
  User: N/A
  User Name: N/A
  Computer: CLIBAAD03.cliba.com.ar
  Description: 
Kerberos pre-authentication failed.

Account Information:
	Security ID:		S-1-5-21-1171290785-409082668-1575050150-43012
	Account Name:		grey_admin

Service Information:
	Service Name:		krbtgt/CLIBA.COM.AR

Network Information:
	Client Address:		::ffff:172.19.26.109
	Client Port:		62105

Additional Information:
	Ticket Options:		0x40810010
	Failure Code:		0x18
	Pre-Authentication Type:	2

Certificate Information:
	Certificate Issuer Name:		
	Certificate Serial Number: 	
	Certificate Thumbprint:		

Certificate information is only provided if a certificate was used for pre-authentication.

Pre-authentication types, ticket options and failure codes are defined in RFC 4120.

If the ticket was malformed or damaged during transit and could not be decrypted, then many fields in this event might not be present.

Event[106]:
  Log Name: Security
  Source: Microsoft-Windows-Security-Auditing
  Date: 2024-08-08T10:24:25.103
  Event ID: 4771
  Task: Kerberos Authentication Service
  Level: Information
  Opcode: Info
  Keyword: Audit Failure
  User: N/A
  User Name: N/A
  Computer: CLIBAAD03.cliba.com.ar
  Description: 
Kerberos pre-authentication failed.

Account Information:
	Security ID:		S-1-5-21-1171290785-409082668-1575050150-43012
	Account Name:		grey_admin

Service Information:
	Service Name:		krbtgt/CLIBA.COM.AR

Network Information:
	Client Address:		::ffff:172.19.26.109
	Client Port:		62103

Additional Information:
	Ticket Options:		0x40810010
	Failure Code:		0x18
	Pre-Authentication Type:	2

Certificate Information:
	Certificate Issuer Name:		
	Certificate Serial Number: 	
	Certificate Thumbprint:		

Certificate information is only provided if a certificate was used for pre-authentication.

Pre-authentication types, ticket options and failure codes are defined in RFC 4120.

If the ticket was malformed or damaged during transit and could not be decrypted, then many fields in this event might not be present.

Event[107]:
  Log Name: Security
  Source: Microsoft-Windows-Security-Auditing
  Date: 2024-08-08T10:24:20.090
  Event ID: 4771
  Task: Kerberos Authentication Service
  Level: Information
  Opcode: Info
  Keyword: Audit Failure
  User: N/A
  User Name: N/A
  Computer: CLIBAAD03.cliba.com.ar
  Description: 
Kerberos pre-authentication failed.

Account Information:
	Security ID:		S-1-5-21-1171290785-409082668-1575050150-43012
	Account Name:		grey_admin

Service Information:
	Service Name:		krbtgt/CLIBA.COM.AR

Network Information:
	Client Address:		::ffff:172.19.26.109
	Client Port:		62101

Additional Information:
	Ticket Options:		0x40810010
	Failure Code:		0x18
	Pre-Authentication Type:	2

Certificate Information:
	Certificate Issuer Name:		
	Certificate Serial Number: 	
	Certificate Thumbprint:		

Certificate information is only provided if a certificate was used for pre-authentication.

Pre-authentication types, ticket options and failure codes are defined in RFC 4120.

If the ticket was malformed or damaged during transit and could not be decrypted, then many fields in this event might not be present.

Event[108]:
  Log Name: Security
  Source: Microsoft-Windows-Security-Auditing
  Date: 2024-08-08T10:24:15.070
  Event ID: 4771
  Task: Kerberos Authentication Service
  Level: Information
  Opcode: Info
  Keyword: Audit Failure
  User: N/A
  User Name: N/A
  Computer: CLIBAAD03.cliba.com.ar
  Description: 
Kerberos pre-authentication failed.

Account Information:
	Security ID:		S-1-5-21-1171290785-409082668-1575050150-43012
	Account Name:		grey_admin

Service Information:
	Service Name:		krbtgt/CLIBA.COM.AR

Network Information:
	Client Address:		::ffff:172.19.26.109
	Client Port:		62099

Additional Information:
	Ticket Options:		0x40810010
	Failure Code:		0x18
	Pre-Authentication Type:	2

Certificate Information:
	Certificate Issuer Name:		
	Certificate Serial Number: 	
	Certificate Thumbprint:		

Certificate information is only provided if a certificate was used for pre-authentication.

Pre-authentication types, ticket options and failure codes are defined in RFC 4120.

If the ticket was malformed or damaged during transit and could not be decrypted, then many fields in this event might not be present.

Event[109]:
  Log Name: Security
  Source: Microsoft-Windows-Security-Auditing
  Date: 2024-08-08T10:24:13.583
  Event ID: 4625
  Task: Logon
  Level: Information
  Opcode: Info
  Keyword: Audit Failure
  User: N/A
  User Name: N/A
  Computer: CLIBAAD03.cliba.com.ar
  Description: 
An account failed to log on.

Subject:
	Security ID:		S-1-5-18
	Account Name:		CLIBAAD03$
	Account Domain:		CLIBA
	Logon ID:		0x3E7

Logon Type:			3

Account For Which Logon Failed:
	Security ID:		S-1-0-0
	Account Name:		arrodriguez
	Account Domain:		CLIBA

Failure Information:
	Failure Reason:		Unknown user name or bad password.
	Status:			0xC000006D
	Sub Status:		0xC000006A

Process Information:
	Caller Process ID:	0x424
	Caller Process Name:	C:\Windows\System32\svchost.exe

Network Information:
	Workstation Name:	-
	Source Network Address:	-
	Source Port:		-

Detailed Authentication Information:
	Logon Process:		CHAP
	Authentication Package:	MICROSOFT_AUTHENTICATION_PACKAGE_V1_0
	Transited Services:	-
	Package Name (NTLM only):	-
	Key Length:		0

This event is generated when a logon request fails. It is generated on the computer where access was attempted.

The Subject fields indicate the account on the local system which requested the logon. This is most commonly a service such as the Server service, or a local process such as Winlogon.exe or Services.exe.

The Logon Type field indicates the kind of logon that was requested. The most common types are 2 (interactive) and 3 (network).

The Process Information fields indicate which account and process on the system requested the logon.

The Network Information fields indicate where a remote logon request originated. Workstation name is not always available and may be left blank in some cases.

The authentication information fields provide detailed information about this specific logon request.
	- Transited services indicate which intermediate services have participated in this logon request.
	- Package name indicates which sub-protocol was used among the NTLM protocols.
	- Key length indicates the length of the generated session key. This will be 0 if no session key was requested.

Event[110]:
  Log Name: Security
  Source: Microsoft-Windows-Security-Auditing
  Date: 2024-08-08T10:24:13.537
  Event ID: 4625
  Task: Logon
  Level: Information
  Opcode: Info
  Keyword: Audit Failure
  User: N/A
  User Name: N/A
  Computer: CLIBAAD03.cliba.com.ar
  Description: 
An account failed to log on.

Subject:
	Security ID:		S-1-5-18
	Account Name:		CLIBAAD03$
	Account Domain:		CLIBA
	Logon ID:		0x3E7

Logon Type:			3

Account For Which Logon Failed:
	Security ID:		S-1-0-0
	Account Name:		arrodriguez
	Account Domain:		CLIBA

Failure Information:
	Failure Reason:		Unknown user name or bad password.
	Status:			0xC000006D
	Sub Status:		0xC000006A

Process Information:
	Caller Process ID:	0x424
	Caller Process Name:	C:\Windows\System32\svchost.exe

Network Information:
	Workstation Name:	-
	Source Network Address:	-
	Source Port:		-

Detailed Authentication Information:
	Logon Process:		CHAP
	Authentication Package:	MICROSOFT_AUTHENTICATION_PACKAGE_V1_0
	Transited Services:	-
	Package Name (NTLM only):	-
	Key Length:		0

This event is generated when a logon request fails. It is generated on the computer where access was attempted.

The Subject fields indicate the account on the local system which requested the logon. This is most commonly a service such as the Server service, or a local process such as Winlogon.exe or Services.exe.

The Logon Type field indicates the kind of logon that was requested. The most common types are 2 (interactive) and 3 (network).

The Process Information fields indicate which account and process on the system requested the logon.

The Network Information fields indicate where a remote logon request originated. Workstation name is not always available and may be left blank in some cases.

The authentication information fields provide detailed information about this specific logon request.
	- Transited services indicate which intermediate services have participated in this logon request.
	- Package name indicates which sub-protocol was used among the NTLM protocols.
	- Key length indicates the length of the generated session key. This will be 0 if no session key was requested.

Event[111]:
  Log Name: Security
  Source: Microsoft-Windows-Security-Auditing
  Date: 2024-08-08T10:24:10.057
  Event ID: 4771
  Task: Kerberos Authentication Service
  Level: Information
  Opcode: Info
  Keyword: Audit Failure
  User: N/A
  User Name: N/A
  Computer: CLIBAAD03.cliba.com.ar
  Description: 
Kerberos pre-authentication failed.

Account Information:
	Security ID:		S-1-5-21-1171290785-409082668-1575050150-43012
	Account Name:		grey_admin

Service Information:
	Service Name:		krbtgt/CLIBA.COM.AR

Network Information:
	Client Address:		::ffff:172.19.26.109
	Client Port:		62097

Additional Information:
	Ticket Options:		0x40810010
	Failure Code:		0x18
	Pre-Authentication Type:	2

Certificate Information:
	Certificate Issuer Name:		
	Certificate Serial Number: 	
	Certificate Thumbprint:		

Certificate information is only provided if a certificate was used for pre-authentication.

Pre-authentication types, ticket options and failure codes are defined in RFC 4120.

If the ticket was malformed or damaged during transit and could not be decrypted, then many fields in this event might not be present.

Event[112]:
  Log Name: Security
  Source: Microsoft-Windows-Security-Auditing
  Date: 2024-08-08T10:24:06.600
  Event ID: 4625
  Task: Logon
  Level: Information
  Opcode: Info
  Keyword: Audit Failure
  User: N/A
  User Name: N/A
  Computer: CLIBAAD03.cliba.com.ar
  Description: 
An account failed to log on.

Subject:
	Security ID:		S-1-5-18
	Account Name:		CLIBAAD03$
	Account Domain:		CLIBA
	Logon ID:		0x3E7

Logon Type:			3

Account For Which Logon Failed:
	Security ID:		S-1-0-0
	Account Name:		arrodriguez
	Account Domain:		CLIBA

Failure Information:
	Failure Reason:		Unknown user name or bad password.
	Status:			0xC000006D
	Sub Status:		0xC000006A

Process Information:
	Caller Process ID:	0x424
	Caller Process Name:	C:\Windows\System32\svchost.exe

Network Information:
	Workstation Name:	-
	Source Network Address:	-
	Source Port:		-

Detailed Authentication Information:
	Logon Process:		CHAP
	Authentication Package:	MICROSOFT_AUTHENTICATION_PACKAGE_V1_0
	Transited Services:	-
	Package Name (NTLM only):	-
	Key Length:		0

This event is generated when a logon request fails. It is generated on the computer where access was attempted.

The Subject fields indicate the account on the local system which requested the logon. This is most commonly a service such as the Server service, or a local process such as Winlogon.exe or Services.exe.

The Logon Type field indicates the kind of logon that was requested. The most common types are 2 (interactive) and 3 (network).

The Process Information fields indicate which account and process on the system requested the logon.

The Network Information fields indicate where a remote logon request originated. Workstation name is not always available and may be left blank in some cases.

The authentication information fields provide detailed information about this specific logon request.
	- Transited services indicate which intermediate services have participated in this logon request.
	- Package name indicates which sub-protocol was used among the NTLM protocols.
	- Key length indicates the length of the generated session key. This will be 0 if no session key was requested.

Event[113]:
  Log Name: Security
  Source: Microsoft-Windows-Security-Auditing
  Date: 2024-08-08T10:24:06.563
  Event ID: 4625
  Task: Logon
  Level: Information
  Opcode: Info
  Keyword: Audit Failure
  User: N/A
  User Name: N/A
  Computer: CLIBAAD03.cliba.com.ar
  Description: 
An account failed to log on.

Subject:
	Security ID:		S-1-5-18
	Account Name:		CLIBAAD03$
	Account Domain:		CLIBA
	Logon ID:		0x3E7

Logon Type:			3

Account For Which Logon Failed:
	Security ID:		S-1-0-0
	Account Name:		arrodriguez
	Account Domain:		CLIBA

Failure Information:
	Failure Reason:		Unknown user name or bad password.
	Status:			0xC000006D
	Sub Status:		0xC000006A

Process Information:
	Caller Process ID:	0x424
	Caller Process Name:	C:\Windows\System32\svchost.exe

Network Information:
	Workstation Name:	-
	Source Network Address:	-
	Source Port:		-

Detailed Authentication Information:
	Logon Process:		CHAP
	Authentication Package:	MICROSOFT_AUTHENTICATION_PACKAGE_V1_0
	Transited Services:	-
	Package Name (NTLM only):	-
	Key Length:		0

This event is generated when a logon request fails. It is generated on the computer where access was attempted.

The Subject fields indicate the account on the local system which requested the logon. This is most commonly a service such as the Server service, or a local process such as Winlogon.exe or Services.exe.

The Logon Type field indicates the kind of logon that was requested. The most common types are 2 (interactive) and 3 (network).

The Process Information fields indicate which account and process on the system requested the logon.

The Network Information fields indicate where a remote logon request originated. Workstation name is not always available and may be left blank in some cases.

The authentication information fields provide detailed information about this specific logon request.
	- Transited services indicate which intermediate services have participated in this logon request.
	- Package name indicates which sub-protocol was used among the NTLM protocols.
	- Key length indicates the length of the generated session key. This will be 0 if no session key was requested.

Event[114]:
  Log Name: Security
  Source: Microsoft-Windows-Security-Auditing
  Date: 2024-08-08T10:24:05.037
  Event ID: 4771
  Task: Kerberos Authentication Service
  Level: Information
  Opcode: Info
  Keyword: Audit Failure
  User: N/A
  User Name: N/A
  Computer: CLIBAAD03.cliba.com.ar
  Description: 
Kerberos pre-authentication failed.

Account Information:
	Security ID:		S-1-5-21-1171290785-409082668-1575050150-43012
	Account Name:		grey_admin

Service Information:
	Service Name:		krbtgt/CLIBA.COM.AR

Network Information:
	Client Address:		::ffff:172.19.26.109
	Client Port:		62095

Additional Information:
	Ticket Options:		0x40810010
	Failure Code:		0x18
	Pre-Authentication Type:	2

Certificate Information:
	Certificate Issuer Name:		
	Certificate Serial Number: 	
	Certificate Thumbprint:		

Certificate information is only provided if a certificate was used for pre-authentication.

Pre-authentication types, ticket options and failure codes are defined in RFC 4120.

If the ticket was malformed or damaged during transit and could not be decrypted, then many fields in this event might not be present.

Event[115]:
  Log Name: Security
  Source: Microsoft-Windows-Security-Auditing
  Date: 2024-08-08T10:24:00.026
  Event ID: 4771
  Task: Kerberos Authentication Service
  Level: Information
  Opcode: Info
  Keyword: Audit Failure
  User: N/A
  User Name: N/A
  Computer: CLIBAAD03.cliba.com.ar
  Description: 
Kerberos pre-authentication failed.

Account Information:
	Security ID:		S-1-5-21-1171290785-409082668-1575050150-43012
	Account Name:		grey_admin

Service Information:
	Service Name:		krbtgt/CLIBA.COM.AR

Network Information:
	Client Address:		::ffff:172.19.26.109
	Client Port:		62092

Additional Information:
	Ticket Options:		0x40810010
	Failure Code:		0x18
	Pre-Authentication Type:	2

Certificate Information:
	Certificate Issuer Name:		
	Certificate Serial Number: 	
	Certificate Thumbprint:		

Certificate information is only provided if a certificate was used for pre-authentication.

Pre-authentication types, ticket options and failure codes are defined in RFC 4120.

If the ticket was malformed or damaged during transit and could not be decrypted, then many fields in this event might not be present.

Event[116]:
  Log Name: Security
  Source: Microsoft-Windows-Security-Auditing
  Date: 2024-08-08T10:23:58.028
  Event ID: 4625
  Task: Account Lockout
  Level: Information
  Opcode: Info
  Keyword: Audit Failure
  User: N/A
  User Name: N/A
  Computer: CLIBAAD03.cliba.com.ar
  Description: 
An account failed to log on.

Subject:
	Security ID:		S-1-5-18
	Account Name:		CLIBAAD03$
	Account Domain:		CLIBA
	Logon ID:		0x3E7

Logon Type:			3

Account For Which Logon Failed:
	Security ID:		S-1-0-0
	Account Name:		ceciliamossello
	Account Domain:		CLIBA

Failure Information:
	Failure Reason:		Account locked out.
	Status:			0xC0000234
	Sub Status:		0x0

Process Information:
	Caller Process ID:	0x424
	Caller Process Name:	C:\Windows\System32\svchost.exe

Network Information:
	Workstation Name:	-
	Source Network Address:	-
	Source Port:		-

Detailed Authentication Information:
	Logon Process:		CHAP
	Authentication Package:	MICROSOFT_AUTHENTICATION_PACKAGE_V1_0
	Transited Services:	-
	Package Name (NTLM only):	-
	Key Length:		0

This event is generated when a logon request fails. It is generated on the computer where access was attempted.

The Subject fields indicate the account on the local system which requested the logon. This is most commonly a service such as the Server service, or a local process such as Winlogon.exe or Services.exe.

The Logon Type field indicates the kind of logon that was requested. The most common types are 2 (interactive) and 3 (network).

The Process Information fields indicate which account and process on the system requested the logon.

The Network Information fields indicate where a remote logon request originated. Workstation name is not always available and may be left blank in some cases.

The authentication information fields provide detailed information about this specific logon request.
	- Transited services indicate which intermediate services have participated in this logon request.
	- Package name indicates which sub-protocol was used among the NTLM protocols.
	- Key length indicates the length of the generated session key. This will be 0 if no session key was requested.

Event[117]:
  Log Name: Security
  Source: Microsoft-Windows-Security-Auditing
  Date: 2024-08-08T10:23:55.021
  Event ID: 4771
  Task: Kerberos Authentication Service
  Level: Information
  Opcode: Info
  Keyword: Audit Failure
  User: N/A
  User Name: N/A
  Computer: CLIBAAD03.cliba.com.ar
  Description: 
Kerberos pre-authentication failed.

Account Information:
	Security ID:		S-1-5-21-1171290785-409082668-1575050150-43012
	Account Name:		grey_admin

Service Information:
	Service Name:		krbtgt/CLIBA.COM.AR

Network Information:
	Client Address:		::ffff:172.19.26.109
	Client Port:		62089

Additional Information:
	Ticket Options:		0x40810010
	Failure Code:		0x18
	Pre-Authentication Type:	2

Certificate Information:
	Certificate Issuer Name:		
	Certificate Serial Number: 	
	Certificate Thumbprint:		

Certificate information is only provided if a certificate was used for pre-authentication.

Pre-authentication types, ticket options and failure codes are defined in RFC 4120.

If the ticket was malformed or damaged during transit and could not be decrypted, then many fields in this event might not be present.

Event[118]:
  Log Name: Security
  Source: Microsoft-Windows-Security-Auditing
  Date: 2024-08-08T10:23:50.012
  Event ID: 4771
  Task: Kerberos Authentication Service
  Level: Information
  Opcode: Info
  Keyword: Audit Failure
  User: N/A
  User Name: N/A
  Computer: CLIBAAD03.cliba.com.ar
  Description: 
Kerberos pre-authentication failed.

Account Information:
	Security ID:		S-1-5-21-1171290785-409082668-1575050150-43012
	Account Name:		grey_admin

Service Information:
	Service Name:		krbtgt/CLIBA.COM.AR

Network Information:
	Client Address:		::ffff:172.19.26.109
	Client Port:		62087

Additional Information:
	Ticket Options:		0x40810010
	Failure Code:		0x18
	Pre-Authentication Type:	2

Certificate Information:
	Certificate Issuer Name:		
	Certificate Serial Number: 	
	Certificate Thumbprint:		

Certificate information is only provided if a certificate was used for pre-authentication.

Pre-authentication types, ticket options and failure codes are defined in RFC 4120.

If the ticket was malformed or damaged during transit and could not be decrypted, then many fields in this event might not be present.

Event[119]:
  Log Name: Security
  Source: Microsoft-Windows-Security-Auditing
  Date: 2024-08-08T10:23:44.991
  Event ID: 4771
  Task: Kerberos Authentication Service
  Level: Information
  Opcode: Info
  Keyword: Audit Failure
  User: N/A
  User Name: N/A
  Computer: CLIBAAD03.cliba.com.ar
  Description: 
Kerberos pre-authentication failed.

Account Information:
	Security ID:		S-1-5-21-1171290785-409082668-1575050150-43012
	Account Name:		grey_admin

Service Information:
	Service Name:		krbtgt/CLIBA.COM.AR

Network Information:
	Client Address:		::ffff:172.19.26.109
	Client Port:		62085

Additional Information:
	Ticket Options:		0x40810010
	Failure Code:		0x18
	Pre-Authentication Type:	2

Certificate Information:
	Certificate Issuer Name:		
	Certificate Serial Number: 	
	Certificate Thumbprint:		

Certificate information is only provided if a certificate was used for pre-authentication.

Pre-authentication types, ticket options and failure codes are defined in RFC 4120.

If the ticket was malformed or damaged during transit and could not be decrypted, then many fields in this event might not be present.

Event[120]:
  Log Name: Security
  Source: Microsoft-Windows-Security-Auditing
  Date: 2024-08-08T10:23:44.132
  Event ID: 4771
  Task: Kerberos Authentication Service
  Level: Information
  Opcode: Info
  Keyword: Audit Failure
  User: N/A
  User Name: N/A
  Computer: CLIBAAD03.cliba.com.ar
  Description: 
Kerberos pre-authentication failed.

Account Information:
	Security ID:		S-1-5-21-1171290785-409082668-1575050150-27395
	Account Name:		nruz

Service Information:
	Service Name:		krbtgt/CLIBA.COM.AR

Network Information:
	Client Address:		::ffff:172.16.249.19
	Client Port:		17394

Additional Information:
	Ticket Options:		0x40810010
	Failure Code:		0x18
	Pre-Authentication Type:	2

Certificate Information:
	Certificate Issuer Name:		
	Certificate Serial Number: 	
	Certificate Thumbprint:		

Certificate information is only provided if a certificate was used for pre-authentication.

Pre-authentication types, ticket options and failure codes are defined in RFC 4120.

If the ticket was malformed or damaged during transit and could not be decrypted, then many fields in this event might not be present.

Event[121]:
  Log Name: Security
  Source: Microsoft-Windows-Security-Auditing
  Date: 2024-08-08T10:23:39.974
  Event ID: 4771
  Task: Kerberos Authentication Service
  Level: Information
  Opcode: Info
  Keyword: Audit Failure
  User: N/A
  User Name: N/A
  Computer: CLIBAAD03.cliba.com.ar
  Description: 
Kerberos pre-authentication failed.

Account Information:
	Security ID:		S-1-5-21-1171290785-409082668-1575050150-43012
	Account Name:		grey_admin

Service Information:
	Service Name:		krbtgt/CLIBA.COM.AR

Network Information:
	Client Address:		::ffff:172.19.26.109
	Client Port:		62078

Additional Information:
	Ticket Options:		0x40810010
	Failure Code:		0x18
	Pre-Authentication Type:	2

Certificate Information:
	Certificate Issuer Name:		
	Certificate Serial Number: 	
	Certificate Thumbprint:		

Certificate information is only provided if a certificate was used for pre-authentication.

Pre-authentication types, ticket options and failure codes are defined in RFC 4120.

If the ticket was malformed or damaged during transit and could not be decrypted, then many fields in this event might not be present.

Event[122]:
  Log Name: Security
  Source: Microsoft-Windows-Security-Auditing
  Date: 2024-08-08T10:23:38.790
  Event ID: 4771
  Task: Kerberos Authentication Service
  Level: Information
  Opcode: Info
  Keyword: Audit Failure
  User: N/A
  User Name: N/A
  Computer: CLIBAAD03.cliba.com.ar
  Description: 
Kerberos pre-authentication failed.

Account Information:
	Security ID:		S-1-5-21-1171290785-409082668-1575050150-9920
	Account Name:		fvivanco

Service Information:
	Service Name:		krbtgt/CLIBA.COM.AR

Network Information:
	Client Address:		::ffff:172.19.105.75
	Client Port:		63920

Additional Information:
	Ticket Options:		0x40810010
	Failure Code:		0x18
	Pre-Authentication Type:	2

Certificate Information:
	Certificate Issuer Name:		
	Certificate Serial Number: 	
	Certificate Thumbprint:		

Certificate information is only provided if a certificate was used for pre-authentication.

Pre-authentication types, ticket options and failure codes are defined in RFC 4120.

If the ticket was malformed or damaged during transit and could not be decrypted, then many fields in this event might not be present.

Event[123]:
  Log Name: Security
  Source: Microsoft-Windows-Security-Auditing
  Date: 2024-08-08T10:23:38.705
  Event ID: 4771
  Task: Kerberos Authentication Service
  Level: Information
  Opcode: Info
  Keyword: Audit Failure
  User: N/A
  User Name: N/A
  Computer: CLIBAAD03.cliba.com.ar
  Description: 
Kerberos pre-authentication failed.

Account Information:
	Security ID:		S-1-5-21-1171290785-409082668-1575050150-9920
	Account Name:		fvivanco

Service Information:
	Service Name:		krbtgt/CLIBA.COM.AR

Network Information:
	Client Address:		::ffff:172.19.105.75
	Client Port:		63918

Additional Information:
	Ticket Options:		0x40810010
	Failure Code:		0x18
	Pre-Authentication Type:	2

Certificate Information:
	Certificate Issuer Name:		
	Certificate Serial Number: 	
	Certificate Thumbprint:		

Certificate information is only provided if a certificate was used for pre-authentication.

Pre-authentication types, ticket options and failure codes are defined in RFC 4120.

If the ticket was malformed or damaged during transit and could not be decrypted, then many fields in this event might not be present.

Event[124]:
  Log Name: Security
  Source: Microsoft-Windows-Security-Auditing
  Date: 2024-08-08T10:23:34.963
  Event ID: 4771
  Task: Kerberos Authentication Service
  Level: Information
  Opcode: Info
  Keyword: Audit Failure
  User: N/A
  User Name: N/A
  Computer: CLIBAAD03.cliba.com.ar
  Description: 
Kerberos pre-authentication failed.

Account Information:
	Security ID:		S-1-5-21-1171290785-409082668-1575050150-43012
	Account Name:		grey_admin

Service Information:
	Service Name:		krbtgt/CLIBA.COM.AR

Network Information:
	Client Address:		::ffff:172.19.26.109
	Client Port:		62074

Additional Information:
	Ticket Options:		0x40810010
	Failure Code:		0x18
	Pre-Authentication Type:	2

Certificate Information:
	Certificate Issuer Name:		
	Certificate Serial Number: 	
	Certificate Thumbprint:		

Certificate information is only provided if a certificate was used for pre-authentication.

Pre-authentication types, ticket options and failure codes are defined in RFC 4120.

If the ticket was malformed or damaged during transit and could not be decrypted, then many fields in this event might not be present.

Event[125]:
  Log Name: Security
  Source: Microsoft-Windows-Security-Auditing
  Date: 2024-08-08T10:23:30.406
  Event ID: 4771
  Task: Kerberos Authentication Service
  Level: Information
  Opcode: Info
  Keyword: Audit Failure
  User: N/A
  User Name: N/A
  Computer: CLIBAAD03.cliba.com.ar
  Description: 
Kerberos pre-authentication failed.

Account Information:
	Security ID:		S-1-5-21-1171290785-409082668-1575050150-15010
	Account Name:		azunino

Service Information:
	Service Name:		krbtgt/cliba

Network Information:
	Client Address:		::ffff:172.16.249.19
	Client Port:		17260

Additional Information:
	Ticket Options:		0x40810010
	Failure Code:		0x18
	Pre-Authentication Type:	2

Certificate Information:
	Certificate Issuer Name:		
	Certificate Serial Number: 	
	Certificate Thumbprint:		

Certificate information is only provided if a certificate was used for pre-authentication.

Pre-authentication types, ticket options and failure codes are defined in RFC 4120.

If the ticket was malformed or damaged during transit and could not be decrypted, then many fields in this event might not be present.

Event[126]:
  Log Name: Security
  Source: Microsoft-Windows-Security-Auditing
  Date: 2024-08-08T10:23:29.943
  Event ID: 4771
  Task: Kerberos Authentication Service
  Level: Information
  Opcode: Info
  Keyword: Audit Failure
  User: N/A
  User Name: N/A
  Computer: CLIBAAD03.cliba.com.ar
  Description: 
Kerberos pre-authentication failed.

Account Information:
	Security ID:		S-1-5-21-1171290785-409082668-1575050150-43012
	Account Name:		grey_admin

Service Information:
	Service Name:		krbtgt/CLIBA.COM.AR

Network Information:
	Client Address:		::ffff:172.19.26.109
	Client Port:		62069

Additional Information:
	Ticket Options:		0x40810010
	Failure Code:		0x18
	Pre-Authentication Type:	2

Certificate Information:
	Certificate Issuer Name:		
	Certificate Serial Number: 	
	Certificate Thumbprint:		

Certificate information is only provided if a certificate was used for pre-authentication.

Pre-authentication types, ticket options and failure codes are defined in RFC 4120.

If the ticket was malformed or damaged during transit and could not be decrypted, then many fields in this event might not be present.

Event[127]:
  Log Name: Security
  Source: Microsoft-Windows-Security-Auditing
  Date: 2024-08-08T10:23:28.607
  Event ID: 4771
  Task: Kerberos Authentication Service
  Level: Information
  Opcode: Info
  Keyword: Audit Failure
  User: N/A
  User Name: N/A
  Computer: CLIBAAD03.cliba.com.ar
  Description: 
Kerberos pre-authentication failed.

Account Information:
	Security ID:		S-1-5-21-1171290785-409082668-1575050150-15010
	Account Name:		azunino

Service Information:
	Service Name:		krbtgt/cliba

Network Information:
	Client Address:		::ffff:172.16.249.19
	Client Port:		17247

Additional Information:
	Ticket Options:		0x40810010
	Failure Code:		0x18
	Pre-Authentication Type:	2

Certificate Information:
	Certificate Issuer Name:		
	Certificate Serial Number: 	
	Certificate Thumbprint:		

Certificate information is only provided if a certificate was used for pre-authentication.

Pre-authentication types, ticket options and failure codes are defined in RFC 4120.

If the ticket was malformed or damaged during transit and could not be decrypted, then many fields in this event might not be present.

Event[128]:
  Log Name: Security
  Source: Microsoft-Windows-Security-Auditing
  Date: 2024-08-08T10:23:26.768
  Event ID: 4771
  Task: Kerberos Authentication Service
  Level: Information
  Opcode: Info
  Keyword: Audit Failure
  User: N/A
  User Name: N/A
  Computer: CLIBAAD03.cliba.com.ar
  Description: 
Kerberos pre-authentication failed.

Account Information:
	Security ID:		S-1-5-21-1171290785-409082668-1575050150-15010
	Account Name:		azunino

Service Information:
	Service Name:		krbtgt/cliba

Network Information:
	Client Address:		::ffff:172.16.249.19
	Client Port:		17220

Additional Information:
	Ticket Options:		0x40810010
	Failure Code:		0x18
	Pre-Authentication Type:	2

Certificate Information:
	Certificate Issuer Name:		
	Certificate Serial Number: 	
	Certificate Thumbprint:		

Certificate information is only provided if a certificate was used for pre-authentication.

Pre-authentication types, ticket options and failure codes are defined in RFC 4120.

If the ticket was malformed or damaged during transit and could not be decrypted, then many fields in this event might not be present.

Event[129]:
  Log Name: Security
  Source: Microsoft-Windows-Security-Auditing
  Date: 2024-08-08T10:23:24.931
  Event ID: 4771
  Task: Kerberos Authentication Service
  Level: Information
  Opcode: Info
  Keyword: Audit Failure
  User: N/A
  User Name: N/A
  Computer: CLIBAAD03.cliba.com.ar
  Description: 
Kerberos pre-authentication failed.

Account Information:
	Security ID:		S-1-5-21-1171290785-409082668-1575050150-43012
	Account Name:		grey_admin

Service Information:
	Service Name:		krbtgt/CLIBA.COM.AR

Network Information:
	Client Address:		::ffff:172.19.26.109
	Client Port:		62067

Additional Information:
	Ticket Options:		0x40810010
	Failure Code:		0x18
	Pre-Authentication Type:	2

Certificate Information:
	Certificate Issuer Name:		
	Certificate Serial Number: 	
	Certificate Thumbprint:		

Certificate information is only provided if a certificate was used for pre-authentication.

Pre-authentication types, ticket options and failure codes are defined in RFC 4120.

If the ticket was malformed or damaged during transit and could not be decrypted, then many fields in this event might not be present.

Event[130]:
  Log Name: Security
  Source: Microsoft-Windows-Security-Auditing
  Date: 2024-08-08T10:23:19.915
  Event ID: 4771
  Task: Kerberos Authentication Service
  Level: Information
  Opcode: Info
  Keyword: Audit Failure
  User: N/A
  User Name: N/A
  Computer: CLIBAAD03.cliba.com.ar
  Description: 
Kerberos pre-authentication failed.

Account Information:
	Security ID:		S-1-5-21-1171290785-409082668-1575050150-43012
	Account Name:		grey_admin

Service Information:
	Service Name:		krbtgt/CLIBA.COM.AR

Network Information:
	Client Address:		::ffff:172.19.26.109
	Client Port:		62065

Additional Information:
	Ticket Options:		0x40810010
	Failure Code:		0x18
	Pre-Authentication Type:	2

Certificate Information:
	Certificate Issuer Name:		
	Certificate Serial Number: 	
	Certificate Thumbprint:		

Certificate information is only provided if a certificate was used for pre-authentication.

Pre-authentication types, ticket options and failure codes are defined in RFC 4120.

If the ticket was malformed or damaged during transit and could not be decrypted, then many fields in this event might not be present.

Event[131]:
  Log Name: Security
  Source: Microsoft-Windows-Security-Auditing
  Date: 2024-08-08T10:23:14.910
  Event ID: 4771
  Task: Kerberos Authentication Service
  Level: Information
  Opcode: Info
  Keyword: Audit Failure
  User: N/A
  User Name: N/A
  Computer: CLIBAAD03.cliba.com.ar
  Description: 
Kerberos pre-authentication failed.

Account Information:
	Security ID:		S-1-5-21-1171290785-409082668-1575050150-43012
	Account Name:		grey_admin

Service Information:
	Service Name:		krbtgt/CLIBA.COM.AR

Network Information:
	Client Address:		::ffff:172.19.26.109
	Client Port:		62063

Additional Information:
	Ticket Options:		0x40810010
	Failure Code:		0x18
	Pre-Authentication Type:	2

Certificate Information:
	Certificate Issuer Name:		
	Certificate Serial Number: 	
	Certificate Thumbprint:		

Certificate information is only provided if a certificate was used for pre-authentication.

Pre-authentication types, ticket options and failure codes are defined in RFC 4120.

If the ticket was malformed or damaged during transit and could not be decrypted, then many fields in this event might not be present.

Event[132]:
  Log Name: Security
  Source: Microsoft-Windows-Security-Auditing
  Date: 2024-08-08T10:23:10.085
  Event ID: 4771
  Task: Kerberos Authentication Service
  Level: Information
  Opcode: Info
  Keyword: Audit Failure
  User: N/A
  User Name: N/A
  Computer: CLIBAAD03.cliba.com.ar
  Description: 
Kerberos pre-authentication failed.

Account Information:
	Security ID:		S-1-5-21-1171290785-409082668-1575050150-18903
	Account Name:		jdalinger

Service Information:
	Service Name:		krbtgt/CLIBA

Network Information:
	Client Address:		::ffff:172.19.69.71
	Client Port:		59497

Additional Information:
	Ticket Options:		0x40810010
	Failure Code:		0x18
	Pre-Authentication Type:	2

Certificate Information:
	Certificate Issuer Name:		
	Certificate Serial Number: 	
	Certificate Thumbprint:		

Certificate information is only provided if a certificate was used for pre-authentication.

Pre-authentication types, ticket options and failure codes are defined in RFC 4120.

If the ticket was malformed or damaged during transit and could not be decrypted, then many fields in this event might not be present.

Event[133]:
  Log Name: Security
  Source: Microsoft-Windows-Security-Auditing
  Date: 2024-08-08T10:23:09.896
  Event ID: 4771
  Task: Kerberos Authentication Service
  Level: Information
  Opcode: Info
  Keyword: Audit Failure
  User: N/A
  User Name: N/A
  Computer: CLIBAAD03.cliba.com.ar
  Description: 
Kerberos pre-authentication failed.

Account Information:
	Security ID:		S-1-5-21-1171290785-409082668-1575050150-43012
	Account Name:		grey_admin

Service Information:
	Service Name:		krbtgt/CLIBA.COM.AR

Network Information:
	Client Address:		::ffff:172.19.26.109
	Client Port:		62061

Additional Information:
	Ticket Options:		0x40810010
	Failure Code:		0x18
	Pre-Authentication Type:	2

Certificate Information:
	Certificate Issuer Name:		
	Certificate Serial Number: 	
	Certificate Thumbprint:		

Certificate information is only provided if a certificate was used for pre-authentication.

Pre-authentication types, ticket options and failure codes are defined in RFC 4120.

If the ticket was malformed or damaged during transit and could not be decrypted, then many fields in this event might not be present.

Event[134]:
  Log Name: Security
  Source: Microsoft-Windows-Security-Auditing
  Date: 2024-08-08T10:23:09.872
  Event ID: 4771
  Task: Kerberos Authentication Service
  Level: Information
  Opcode: Info
  Keyword: Audit Failure
  User: N/A
  User Name: N/A
  Computer: CLIBAAD03.cliba.com.ar
  Description: 
Kerberos pre-authentication failed.

Account Information:
	Security ID:		S-1-5-21-1171290785-409082668-1575050150-18903
	Account Name:		jdalinger

Service Information:
	Service Name:		krbtgt/CLIBA

Network Information:
	Client Address:		::ffff:172.19.69.71
	Client Port:		59495

Additional Information:
	Ticket Options:		0x40810010
	Failure Code:		0x18
	Pre-Authentication Type:	2

Certificate Information:
	Certificate Issuer Name:		
	Certificate Serial Number: 	
	Certificate Thumbprint:		

Certificate information is only provided if a certificate was used for pre-authentication.

Pre-authentication types, ticket options and failure codes are defined in RFC 4120.

If the ticket was malformed or damaged during transit and could not be decrypted, then many fields in this event might not be present.

Event[135]:
  Log Name: Security
  Source: Microsoft-Windows-Security-Auditing
  Date: 2024-08-08T10:23:04.882
  Event ID: 4771
  Task: Kerberos Authentication Service
  Level: Information
  Opcode: Info
  Keyword: Audit Failure
  User: N/A
  User Name: N/A
  Computer: CLIBAAD03.cliba.com.ar
  Description: 
Kerberos pre-authentication failed.

Account Information:
	Security ID:		S-1-5-21-1171290785-409082668-1575050150-43012
	Account Name:		grey_admin

Service Information:
	Service Name:		krbtgt/CLIBA.COM.AR

Network Information:
	Client Address:		::ffff:172.19.26.109
	Client Port:		62059

Additional Information:
	Ticket Options:		0x40810010
	Failure Code:		0x18
	Pre-Authentication Type:	2

Certificate Information:
	Certificate Issuer Name:		
	Certificate Serial Number: 	
	Certificate Thumbprint:		

Certificate information is only provided if a certificate was used for pre-authentication.

Pre-authentication types, ticket options and failure codes are defined in RFC 4120.

If the ticket was malformed or damaged during transit and could not be decrypted, then many fields in this event might not be present.

Event[136]:
  Log Name: Security
  Source: Microsoft-Windows-Security-Auditing
  Date: 2024-08-08T10:22:59.864
  Event ID: 4771
  Task: Kerberos Authentication Service
  Level: Information
  Opcode: Info
  Keyword: Audit Failure
  User: N/A
  User Name: N/A
  Computer: CLIBAAD03.cliba.com.ar
  Description: 
Kerberos pre-authentication failed.

Account Information:
	Security ID:		S-1-5-21-1171290785-409082668-1575050150-43012
	Account Name:		grey_admin

Service Information:
	Service Name:		krbtgt/CLIBA.COM.AR

Network Information:
	Client Address:		::ffff:172.19.26.109
	Client Port:		62057

Additional Information:
	Ticket Options:		0x40810010
	Failure Code:		0x18
	Pre-Authentication Type:	2

Certificate Information:
	Certificate Issuer Name:		
	Certificate Serial Number: 	
	Certificate Thumbprint:		

Certificate information is only provided if a certificate was used for pre-authentication.

Pre-authentication types, ticket options and failure codes are defined in RFC 4120.

If the ticket was malformed or damaged during transit and could not be decrypted, then many fields in this event might not be present.

Event[137]:
  Log Name: Security
  Source: Microsoft-Windows-Security-Auditing
  Date: 2024-08-08T10:22:54.855
  Event ID: 4771
  Task: Kerberos Authentication Service
  Level: Information
  Opcode: Info
  Keyword: Audit Failure
  User: N/A
  User Name: N/A
  Computer: CLIBAAD03.cliba.com.ar
  Description: 
Kerberos pre-authentication failed.

Account Information:
	Security ID:		S-1-5-21-1171290785-409082668-1575050150-43012
	Account Name:		grey_admin

Service Information:
	Service Name:		krbtgt/CLIBA.COM.AR

Network Information:
	Client Address:		::ffff:172.19.26.109
	Client Port:		62054

Additional Information:
	Ticket Options:		0x40810010
	Failure Code:		0x18
	Pre-Authentication Type:	2

Certificate Information:
	Certificate Issuer Name:		
	Certificate Serial Number: 	
	Certificate Thumbprint:		

Certificate information is only provided if a certificate was used for pre-authentication.

Pre-authentication types, ticket options and failure codes are defined in RFC 4120.

If the ticket was malformed or damaged during transit and could not be decrypted, then many fields in this event might not be present.

Event[138]:
  Log Name: Security
  Source: Microsoft-Windows-Security-Auditing
  Date: 2024-08-08T10:22:51.340
  Event ID: 4771
  Task: Kerberos Authentication Service
  Level: Information
  Opcode: Info
  Keyword: Audit Failure
  User: N/A
  User Name: N/A
  Computer: CLIBAAD03.cliba.com.ar
  Description: 
Kerberos pre-authentication failed.

Account Information:
	Security ID:		S-1-5-21-1171290785-409082668-1575050150-24817
	Account Name:		PLepez

Service Information:
	Service Name:		krbtgt/CLIBA.COM.AR

Network Information:
	Client Address:		::ffff:172.19.21.31
	Client Port:		51076

Additional Information:
	Ticket Options:		0x40810010
	Failure Code:		0x18
	Pre-Authentication Type:	2

Certificate Information:
	Certificate Issuer Name:		
	Certificate Serial Number: 	
	Certificate Thumbprint:		

Certificate information is only provided if a certificate was used for pre-authentication.

Pre-authentication types, ticket options and failure codes are defined in RFC 4120.

If the ticket was malformed or damaged during transit and could not be decrypted, then many fields in this event might not be present.

Event[139]:
  Log Name: Security
  Source: Microsoft-Windows-Security-Auditing
  Date: 2024-08-08T10:22:51.216
  Event ID: 4771
  Task: Kerberos Authentication Service
  Level: Information
  Opcode: Info
  Keyword: Audit Failure
  User: N/A
  User Name: N/A
  Computer: CLIBAAD03.cliba.com.ar
  Description: 
Kerberos pre-authentication failed.

Account Information:
	Security ID:		S-1-5-21-1171290785-409082668-1575050150-24817
	Account Name:		PLepez

Service Information:
	Service Name:		krbtgt/CLIBA.COM.AR

Network Information:
	Client Address:		::ffff:172.19.21.31
	Client Port:		51074

Additional Information:
	Ticket Options:		0x40810010
	Failure Code:		0x18
	Pre-Authentication Type:	2

Certificate Information:
	Certificate Issuer Name:		
	Certificate Serial Number: 	
	Certificate Thumbprint:		

Certificate information is only provided if a certificate was used for pre-authentication.

Pre-authentication types, ticket options and failure codes are defined in RFC 4120.

If the ticket was malformed or damaged during transit and could not be decrypted, then many fields in this event might not be present.

Event[140]:
