  Log Name: Security
  Source: Microsoft-Windows-Security-Auditing
  Date: 2024-08-08T10:27:10.249
  Event ID: 4625
  Task: Logon
  Level: Information
  Opcode: Info
  Keyword: Audit Failure
  User: N/A
  User Name: N/A
  Computer: CLIBAAD03.cliba.com.ar
  Description: 
An account failed to log on.

Subject:
	Security ID:		S-1-5-18
	Account Name:		CLIBAAD03$
	Account Domain:		CLIBA
	Logon ID:		0x3E7

Logon Type:			3

Account For Which Logon Failed:
	Security ID:		S-1-0-0
	Account Name:		pbalestieri
	Account Domain:		CLIBA

Failure Information:
	Failure Reason:		Unknown user name or bad password.
	Status:			0xC000006D
	Sub Status:		0xC000006A

Process Information:
	Caller Process ID:	0x424
	Caller Process Name:	C:\Windows\System32\svchost.exe

Network Information:
	Workstation Name:	-
	Source Network Address:	-
	Source Port:		-

Detailed Authentication Information:
	Logon Process:		CHAP
	Authentication Package:	MICROSOFT_AUTHENTICATION_PACKAGE_V1_0
	Transited Services:	-
	Package Name (NTLM only):	-
	Key Length:		0

This event is generated when a logon request fails. It is generated on the computer where access was attempted.

The Subject fields indicate the account on the local system which requested the logon. This is most commonly a service such as the Server service, or a local process such as Winlogon.exe or Services.exe.

The Logon Type field indicates the kind of logon that was requested. The most common types are 2 (interactive) and 3 (network).

The Process Information fields indicate which account and process on the system requested the logon.

The Network Information fields indicate where a remote logon request originated. Workstation name is not always available and may be left blank in some cases.

The authentication information fields provide detailed information about this specific logon request.
	- Transited services indicate which intermediate services have participated in this logon request.
	- Package name indicates which sub-protocol was used among the NTLM protocols.
	- Key length indicates the length of the generated session key. This will be 0 if no session key was requested.

Event[61]:
  Log Name: Security
  Source: Microsoft-Windows-Security-Auditing
  Date: 2024-08-08T10:27:10.246
  Event ID: 4771
  Task: Kerberos Authentication Service
  Level: Information
  Opcode: Info
  Keyword: Audit Failure
  User: N/A
  User Name: N/A
  Computer: CLIBAAD03.cliba.com.ar
  Description: 
Kerberos pre-authentication failed.

Account Information:
	Security ID:		S-1-5-21-1171290785-409082668-1575050150-24817
	Account Name:		PLepez

Service Information:
	Service Name:		krbtgt/CLIBA

Network Information:
	Client Address:		::ffff:172.19.21.31
	Client Port:		51109

Additional Information:
	Ticket Options:		0x40810010
	Failure Code:		0x18
	Pre-Authentication Type:	2

Certificate Information:
	Certificate Issuer Name:		
	Certificate Serial Number: 	
	Certificate Thumbprint:		

Certificate information is only provided if a certificate was used for pre-authentication.

Pre-authentication types, ticket options and failure codes are defined in RFC 4120.

If the ticket was malformed or damaged during transit and could not be decrypted, then many fields in this event might not be present.

Event[62]:
  Log Name: Security
  Source: Microsoft-Windows-Security-Auditing
  Date: 2024-08-08T10:27:10.218
  Event ID: 4625
  Task: Logon
  Level: Information
  Opcode: Info
  Keyword: Audit Failure
  User: N/A
  User Name: N/A
  Computer: CLIBAAD03.cliba.com.ar
  Description: 
An account failed to log on.

Subject:
	Security ID:		S-1-5-18
	Account Name:		CLIBAAD03$
	Account Domain:		CLIBA
	Logon ID:		0x3E7

Logon Type:			3

Account For Which Logon Failed:
	Security ID:		S-1-0-0
	Account Name:		pbalestieri
	Account Domain:		CLIBA

Failure Information:
	Failure Reason:		Unknown user name or bad password.
	Status:			0xC000006D
	Sub Status:		0xC000006A

Process Information:
	Caller Process ID:	0x424
	Caller Process Name:	C:\Windows\System32\svchost.exe

Network Information:
	Workstation Name:	-
	Source Network Address:	-
	Source Port:		-

Detailed Authentication Information:
	Logon Process:		CHAP
	Authentication Package:	MICROSOFT_AUTHENTICATION_PACKAGE_V1_0
	Transited Services:	-
	Package Name (NTLM only):	-
	Key Length:		0

This event is generated when a logon request fails. It is generated on the computer where access was attempted.

The Subject fields indicate the account on the local system which requested the logon. This is most commonly a service such as the Server service, or a local process such as Winlogon.exe or Services.exe.

The Logon Type field indicates the kind of logon that was requested. The most common types are 2 (interactive) and 3 (network).

The Process Information fields indicate which account and process on the system requested the logon.

The Network Information fields indicate where a remote logon request originated. Workstation name is not always available and may be left blank in some cases.

The authentication information fields provide detailed information about this specific logon request.
	- Transited services indicate which intermediate services have participated in this logon request.
	- Package name indicates which sub-protocol was used among the NTLM protocols.
	- Key length indicates the length of the generated session key. This will be 0 if no session key was requested.

Event[63]:
  Log Name: Security
  Source: Microsoft-Windows-Security-Auditing
  Date: 2024-08-08T10:27:05.553
  Event ID: 4771
  Task: Kerberos Authentication Service
  Level: Information
  Opcode: Info
  Keyword: Audit Failure
  User: N/A
  User Name: N/A
  Computer: CLIBAAD03.cliba.com.ar
  Description: 
Kerberos pre-authentication failed.

Account Information:
	Security ID:		S-1-5-21-1171290785-409082668-1575050150-43012
	Account Name:		grey_admin

Service Information:
	Service Name:		krbtgt/CLIBA.COM.AR

Network Information:
	Client Address:		::ffff:172.19.26.109
	Client Port:		62182

Additional Information:
	Ticket Options:		0x40810010
	Failure Code:		0x18
	Pre-Authentication Type:	2

Certificate Information:
	Certificate Issuer Name:		
	Certificate Serial Number: 	
	Certificate Thumbprint:		

Certificate information is only provided if a certificate was used for pre-authentication.

Pre-authentication types, ticket options and failure codes are defined in RFC 4120.

If the ticket was malformed or damaged during transit and could not be decrypted, then many fields in this event might not be present.

Event[64]:
  Log Name: Security
  Source: Microsoft-Windows-Security-Auditing
  Date: 2024-08-08T10:27:00.540
  Event ID: 4771
  Task: Kerberos Authentication Service
  Level: Information
  Opcode: Info
  Keyword: Audit Failure
  User: N/A
  User Name: N/A
  Computer: CLIBAAD03.cliba.com.ar
  Description: 
Kerberos pre-authentication failed.

Account Information:
	Security ID:		S-1-5-21-1171290785-409082668-1575050150-43012
	Account Name:		grey_admin

Service Information:
	Service Name:		krbtgt/CLIBA.COM.AR

Network Information:
	Client Address:		::ffff:172.19.26.109
	Client Port:		62178

Additional Information:
	Ticket Options:		0x40810010
	Failure Code:		0x18
	Pre-Authentication Type:	2

Certificate Information:
	Certificate Issuer Name:		
	Certificate Serial Number: 	
	Certificate Thumbprint:		

Certificate information is only provided if a certificate was used for pre-authentication.

Pre-authentication types, ticket options and failure codes are defined in RFC 4120.

If the ticket was malformed or damaged during transit and could not be decrypted, then many fields in this event might not be present.

Event[65]:
  Log Name: Security
  Source: Microsoft-Windows-Security-Auditing
  Date: 2024-08-08T10:26:56.954
  Event ID: 4625
  Task: Logon
  Level: Information
  Opcode: Info
  Keyword: Audit Failure
  User: N/A
  User Name: N/A
  Computer: CLIBAAD03.cliba.com.ar
  Description: 
An account failed to log on.

Subject:
	Security ID:		S-1-5-18
	Account Name:		CLIBAAD03$
	Account Domain:		CLIBA
	Logon ID:		0x3E7

Logon Type:			3

Account For Which Logon Failed:
	Security ID:		S-1-0-0
	Account Name:		lmasis
	Account Domain:		CLIBA

Failure Information:
	Failure Reason:		Unknown user name or bad password.
	Status:			0xC000006D
	Sub Status:		0xC000006A

Process Information:
	Caller Process ID:	0x424
	Caller Process Name:	C:\Windows\System32\svchost.exe

Network Information:
	Workstation Name:	-
	Source Network Address:	-
	Source Port:		-

Detailed Authentication Information:
	Logon Process:		CHAP
	Authentication Package:	MICROSOFT_AUTHENTICATION_PACKAGE_V1_0
	Transited Services:	-
	Package Name (NTLM only):	-
	Key Length:		0

This event is generated when a logon request fails. It is generated on the computer where access was attempted.

The Subject fields indicate the account on the local system which requested the logon. This is most commonly a service such as the Server service, or a local process such as Winlogon.exe or Services.exe.

The Logon Type field indicates the kind of logon that was requested. The most common types are 2 (interactive) and 3 (network).

The Process Information fields indicate which account and process on the system requested the logon.

The Network Information fields indicate where a remote logon request originated. Workstation name is not always available and may be left blank in some cases.

The authentication information fields provide detailed information about this specific logon request.
	- Transited services indicate which intermediate services have participated in this logon request.
	- Package name indicates which sub-protocol was used among the NTLM protocols.
	- Key length indicates the length of the generated session key. This will be 0 if no session key was requested.

Event[66]:
  Log Name: Security
  Source: Microsoft-Windows-Security-Auditing
  Date: 2024-08-08T10:26:55.528
  Event ID: 4771
  Task: Kerberos Authentication Service
  Level: Information
  Opcode: Info
  Keyword: Audit Failure
  User: N/A
  User Name: N/A
  Computer: CLIBAAD03.cliba.com.ar
  Description: 
Kerberos pre-authentication failed.

Account Information:
	Security ID:		S-1-5-21-1171290785-409082668-1575050150-43012
	Account Name:		grey_admin

Service Information:
	Service Name:		krbtgt/CLIBA.COM.AR

Network Information:
	Client Address:		::ffff:172.19.26.109
	Client Port:		62176

Additional Information:
	Ticket Options:		0x40810010
	Failure Code:		0x18
	Pre-Authentication Type:	2

Certificate Information:
	Certificate Issuer Name:		
	Certificate Serial Number: 	
	Certificate Thumbprint:		

Certificate information is only provided if a certificate was used for pre-authentication.

Pre-authentication types, ticket options and failure codes are defined in RFC 4120.

If the ticket was malformed or damaged during transit and could not be decrypted, then many fields in this event might not be present.

Event[67]:
  Log Name: Security
  Source: Microsoft-Windows-Security-Auditing
  Date: 2024-08-08T10:26:50.686
  Event ID: 4771
  Task: Kerberos Authentication Service
  Level: Information
  Opcode: Info
  Keyword: Audit Failure
  User: N/A
  User Name: N/A
  Computer: CLIBAAD03.cliba.com.ar
  Description: 
Kerberos pre-authentication failed.

Account Information:
	Security ID:		S-1-5-21-1171290785-409082668-1575050150-24817
	Account Name:		PLepez

Service Information:
	Service Name:		krbtgt/CLIBA.COM.AR

Network Information:
	Client Address:		::ffff:172.19.21.31
	Client Port:		51106

Additional Information:
	Ticket Options:		0x40810010
	Failure Code:		0x18
	Pre-Authentication Type:	2

Certificate Information:
	Certificate Issuer Name:		
	Certificate Serial Number: 	
	Certificate Thumbprint:		

Certificate information is only provided if a certificate was used for pre-authentication.

Pre-authentication types, ticket options and failure codes are defined in RFC 4120.

If the ticket was malformed or damaged during transit and could not be decrypted, then many fields in this event might not be present.

Event[68]:
  Log Name: Security
  Source: Microsoft-Windows-Security-Auditing
  Date: 2024-08-08T10:26:50.589
  Event ID: 4771
  Task: Kerberos Authentication Service
  Level: Information
  Opcode: Info
  Keyword: Audit Failure
  User: N/A
  User Name: N/A
  Computer: CLIBAAD03.cliba.com.ar
  Description: 
Kerberos pre-authentication failed.

Account Information:
	Security ID:		S-1-5-21-1171290785-409082668-1575050150-24817
	Account Name:		PLepez

Service Information:
	Service Name:		krbtgt/CLIBA.COM.AR

Network Information:
	Client Address:		::ffff:172.19.21.31
	Client Port:		51104

Additional Information:
	Ticket Options:		0x40810010
	Failure Code:		0x18
	Pre-Authentication Type:	2

Certificate Information:
	Certificate Issuer Name:		
	Certificate Serial Number: 	
	Certificate Thumbprint:		

Certificate information is only provided if a certificate was used for pre-authentication.

Pre-authentication types, ticket options and failure codes are defined in RFC 4120.

If the ticket was malformed or damaged during transit and could not be decrypted, then many fields in this event might not be present.

Event[69]:
  Log Name: Security
  Source: Microsoft-Windows-Security-Auditing
  Date: 2024-08-08T10:26:50.511
  Event ID: 4771
  Task: Kerberos Authentication Service
  Level: Information
  Opcode: Info
  Keyword: Audit Failure
  User: N/A
  User Name: N/A
  Computer: CLIBAAD03.cliba.com.ar
  Description: 
Kerberos pre-authentication failed.

Account Information:
	Security ID:		S-1-5-21-1171290785-409082668-1575050150-43012
	Account Name:		grey_admin

Service Information:
	Service Name:		krbtgt/CLIBA.COM.AR

Network Information:
	Client Address:		::ffff:172.19.26.109
	Client Port:		62174

Additional Information:
	Ticket Options:		0x40810010
	Failure Code:		0x18
	Pre-Authentication Type:	2

Certificate Information:
	Certificate Issuer Name:		
	Certificate Serial Number: 	
	Certificate Thumbprint:		

Certificate information is only provided if a certificate was used for pre-authentication.

Pre-authentication types, ticket options and failure codes are defined in RFC 4120.

If the ticket was malformed or damaged during transit and could not be decrypted, then many fields in this event might not be present.

Event[70]:
  Log Name: Security
  Source: Microsoft-Windows-Security-Auditing
  Date: 2024-08-08T10:26:45.496
  Event ID: 4771
  Task: Kerberos Authentication Service
  Level: Information
  Opcode: Info
  Keyword: Audit Failure
  User: N/A
  User Name: N/A
  Computer: CLIBAAD03.cliba.com.ar
  Description: 
Kerberos pre-authentication failed.

Account Information:
	Security ID:		S-1-5-21-1171290785-409082668-1575050150-43012
	Account Name:		grey_admin

Service Information:
	Service Name:		krbtgt/CLIBA.COM.AR

Network Information:
	Client Address:		::ffff:172.19.26.109
	Client Port:		62172

Additional Information:
	Ticket Options:		0x40810010
	Failure Code:		0x18
	Pre-Authentication Type:	2

Certificate Information:
	Certificate Issuer Name:		
	Certificate Serial Number: 	
	Certificate Thumbprint:		

Certificate information is only provided if a certificate was used for pre-authentication.

Pre-authentication types, ticket options and failure codes are defined in RFC 4120.

If the ticket was malformed or damaged during transit and could not be decrypted, then many fields in this event might not be present.

Event[71]:
  Log Name: Security
  Source: Microsoft-Windows-Security-Auditing
  Date: 2024-08-08T10:26:44.919
  Event ID: 4771
  Task: Kerberos Authentication Service
  Level: Information
  Opcode: Info
  Keyword: Audit Failure
  User: N/A
  User Name: N/A
  Computer: CLIBAAD03.cliba.com.ar
  Description: 
Kerberos pre-authentication failed.

Account Information:
	Security ID:		S-1-5-21-1171290785-409082668-1575050150-16566
	Account Name:		pcovello

Service Information:
	Service Name:		krbtgt/CLIBA.COM.AR

Network Information:
	Client Address:		::ffff:172.19.105.48
	Client Port:		51345

Additional Information:
	Ticket Options:		0x40810010
	Failure Code:		0x18
	Pre-Authentication Type:	2

Certificate Information:
	Certificate Issuer Name:		
	Certificate Serial Number: 	
	Certificate Thumbprint:		

Certificate information is only provided if a certificate was used for pre-authentication.

Pre-authentication types, ticket options and failure codes are defined in RFC 4120.

If the ticket was malformed or damaged during transit and could not be decrypted, then many fields in this event might not be present.

Event[72]:
  Log Name: Security
  Source: Microsoft-Windows-Security-Auditing
  Date: 2024-08-08T10:26:44.716
  Event ID: 4771
  Task: Kerberos Authentication Service
  Level: Information
  Opcode: Info
  Keyword: Audit Failure
  User: N/A
  User Name: N/A
  Computer: CLIBAAD03.cliba.com.ar
  Description: 
Kerberos pre-authentication failed.

Account Information:
	Security ID:		S-1-5-21-1171290785-409082668-1575050150-16566
	Account Name:		pcovello

Service Information:
	Service Name:		krbtgt/CLIBA.COM.AR

Network Information:
	Client Address:		::ffff:172.19.105.48
	Client Port:		51342

Additional Information:
	Ticket Options:		0x40810010
	Failure Code:		0x18
	Pre-Authentication Type:	2

Certificate Information:
	Certificate Issuer Name:		
	Certificate Serial Number: 	
	Certificate Thumbprint:		

Certificate information is only provided if a certificate was used for pre-authentication.

Pre-authentication types, ticket options and failure codes are defined in RFC 4120.

If the ticket was malformed or damaged during transit and could not be decrypted, then many fields in this event might not be present.

Event[73]:
  Log Name: Security
  Source: Microsoft-Windows-Security-Auditing
  Date: 2024-08-08T10:26:44.469
  Event ID: 4771
  Task: Kerberos Authentication Service
  Level: Information
  Opcode: Info
  Keyword: Audit Failure
  User: N/A
  User Name: N/A
  Computer: CLIBAAD03.cliba.com.ar
  Description: 
Kerberos pre-authentication failed.

Account Information:
	Security ID:		S-1-5-21-1171290785-409082668-1575050150-16566
	Account Name:		pcovello

Service Information:
	Service Name:		krbtgt/CLIBA.COM.AR

Network Information:
	Client Address:		::ffff:172.19.105.48
	Client Port:		51339

Additional Information:
	Ticket Options:		0x40810010
	Failure Code:		0x18
	Pre-Authentication Type:	2

Certificate Information:
	Certificate Issuer Name:		
	Certificate Serial Number: 	
	Certificate Thumbprint:		

Certificate information is only provided if a certificate was used for pre-authentication.

Pre-authentication types, ticket options and failure codes are defined in RFC 4120.

If the ticket was malformed or damaged during transit and could not be decrypted, then many fields in this event might not be present.

Event[74]:
  Log Name: Security
  Source: Microsoft-Windows-Security-Auditing
  Date: 2024-08-08T10:26:40.481
  Event ID: 4771
  Task: Kerberos Authentication Service
  Level: Information
  Opcode: Info
  Keyword: Audit Failure
  User: N/A
  User Name: N/A
  Computer: CLIBAAD03.cliba.com.ar
  Description: 
Kerberos pre-authentication failed.

Account Information:
	Security ID:		S-1-5-21-1171290785-409082668-1575050150-43012
	Account Name:		grey_admin

Service Information:
	Service Name:		krbtgt/CLIBA.COM.AR

Network Information:
	Client Address:		::ffff:172.19.26.109
	Client Port:		62165

Additional Information:
	Ticket Options:		0x40810010
	Failure Code:		0x18
	Pre-Authentication Type:	2

Certificate Information:
	Certificate Issuer Name:		
	Certificate Serial Number: 	
	Certificate Thumbprint:		

Certificate information is only provided if a certificate was used for pre-authentication.

Pre-authentication types, ticket options and failure codes are defined in RFC 4120.

If the ticket was malformed or damaged during transit and could not be decrypted, then many fields in this event might not be present.

Event[75]:
  Log Name: Security
  Source: Microsoft-Windows-Security-Auditing
  Date: 2024-08-08T10:26:35.466
  Event ID: 4771
  Task: Kerberos Authentication Service
  Level: Information
  Opcode: Info
  Keyword: Audit Failure
  User: N/A
  User Name: N/A
  Computer: CLIBAAD03.cliba.com.ar
  Description: 
Kerberos pre-authentication failed.

Account Information:
	Security ID:		S-1-5-21-1171290785-409082668-1575050150-43012
	Account Name:		grey_admin

Service Information:
	Service Name:		krbtgt/CLIBA.COM.AR

Network Information:
	Client Address:		::ffff:172.19.26.109
	Client Port:		62160

Additional Information:
	Ticket Options:		0x40810010
	Failure Code:		0x18
	Pre-Authentication Type:	2

Certificate Information:
	Certificate Issuer Name:		
	Certificate Serial Number: 	
	Certificate Thumbprint:		

Certificate information is only provided if a certificate was used for pre-authentication.

Pre-authentication types, ticket options and failure codes are defined in RFC 4120.

If the ticket was malformed or damaged during transit and could not be decrypted, then many fields in this event might not be present.

Event[76]:
  Log Name: Security
  Source: Microsoft-Windows-Security-Auditing
  Date: 2024-08-08T10:26:30.449
  Event ID: 4771
  Task: Kerberos Authentication Service
  Level: Information
  Opcode: Info
  Keyword: Audit Failure
  User: N/A
  User Name: N/A
  Computer: CLIBAAD03.cliba.com.ar
  Description: 
Kerberos pre-authentication failed.

Account Information:
	Security ID:		S-1-5-21-1171290785-409082668-1575050150-43012
	Account Name:		grey_admin

Service Information:
	Service Name:		krbtgt/CLIBA.COM.AR

Network Information:
	Client Address:		::ffff:172.19.26.109
	Client Port:		62155

Additional Information:
	Ticket Options:		0x40810010
	Failure Code:		0x18
	Pre-Authentication Type:	2

Certificate Information:
	Certificate Issuer Name:		
	Certificate Serial Number: 	
	Certificate Thumbprint:		

Certificate information is only provided if a certificate was used for pre-authentication.

Pre-authentication types, ticket options and failure codes are defined in RFC 4120.

If the ticket was malformed or damaged during transit and could not be decrypted, then many fields in this event might not be present.

Event[77]:
  Log Name: Security
  Source: Microsoft-Windows-Security-Auditing
  Date: 2024-08-08T10:26:25.433
  Event ID: 4771
  Task: Kerberos Authentication Service
  Level: Information
  Opcode: Info
  Keyword: Audit Failure
  User: N/A
  User Name: N/A
  Computer: CLIBAAD03.cliba.com.ar
  Description: 
Kerberos pre-authentication failed.

Account Information:
	Security ID:		S-1-5-21-1171290785-409082668-1575050150-43012
	Account Name:		grey_admin

Service Information:
	Service Name:		krbtgt/CLIBA.COM.AR

Network Information:
	Client Address:		::ffff:172.19.26.109
	Client Port:		62153

Additional Information:
	Ticket Options:		0x40810010
	Failure Code:		0x18
	Pre-Authentication Type:	2

Certificate Information:
	Certificate Issuer Name:		
	Certificate Serial Number: 	
	Certificate Thumbprint:		

Certificate information is only provided if a certificate was used for pre-authentication.

Pre-authentication types, ticket options and failure codes are defined in RFC 4120.

If the ticket was malformed or damaged during transit and could not be decrypted, then many fields in this event might not be present.

Event[78]:
  Log Name: Security
  Source: Microsoft-Windows-Security-Auditing
  Date: 2024-08-08T10:26:20.827
  Event ID: 4625
  Task: Logon
  Level: Information
  Opcode: Info
  Keyword: Audit Failure
  User: N/A
  User Name: N/A
  Computer: CLIBAAD03.cliba.com.ar
  Description: 
An account failed to log on.

Subject:
	Security ID:		S-1-0-0
	Account Name:		-
	Account Domain:		-
	Logon ID:		0x0

Logon Type:			3

Account For Which Logon Failed:
	Security ID:		S-1-0-0
	Account Name:		ochirinos
	Account Domain:		CLIBA

Failure Information:
	Failure Reason:		The specified account's password has expired.
	Status:			0xC000006E
	Sub Status:		0xC0000071

Process Information:
	Caller Process ID:	0x0
	Caller Process Name:	-

Network Information:
	Workstation Name:	BRA001100
	Source Network Address:	172.19.9.33
	Source Port:		63928

Detailed Authentication Information:
	Logon Process:		NtLmSsp 
	Authentication Package:	NTLM
	Transited Services:	-
	Package Name (NTLM only):	-
	Key Length:		0

This event is generated when a logon request fails. It is generated on the computer where access was attempted.

The Subject fields indicate the account on the local system which requested the logon. This is most commonly a service such as the Server service, or a local process such as Winlogon.exe or Services.exe.

The Logon Type field indicates the kind of logon that was requested. The most common types are 2 (interactive) and 3 (network).

The Process Information fields indicate which account and process on the system requested the logon.

The Network Information fields indicate where a remote logon request originated. Workstation name is not always available and may be left blank in some cases.

The authentication information fields provide detailed information about this specific logon request.
	- Transited services indicate which intermediate services have participated in this logon request.
	- Package name indicates which sub-protocol was used among the NTLM protocols.
	- Key length indicates the length of the generated session key. This will be 0 if no session key was requested.

Event[79]:
  Log Name: Security
  Source: Microsoft-Windows-Security-Auditing
  Date: 2024-08-08T10:26:20.401
  Event ID: 4771
  Task: Kerberos Authentication Service
  Level: Information
  Opcode: Info
  Keyword: Audit Failure
  User: N/A
  User Name: N/A
  Computer: CLIBAAD03.cliba.com.ar
  Description: 
Kerberos pre-authentication failed.

Account Information:
	Security ID:		S-1-5-21-1171290785-409082668-1575050150-43012
	Account Name:		grey_admin

Service Information:
	Service Name:		krbtgt/CLIBA.COM.AR

Network Information:
	Client Address:		::ffff:172.19.26.109
	Client Port:		62151

Additional Information:
	Ticket Options:		0x40810010
	Failure Code:		0x18
	Pre-Authentication Type:	2

Certificate Information:
	Certificate Issuer Name:		
	Certificate Serial Number: 	
	Certificate Thumbprint:		

Certificate information is only provided if a certificate was used for pre-authentication.

Pre-authentication types, ticket options and failure codes are defined in RFC 4120.

If the ticket was malformed or damaged during transit and could not be decrypted, then many fields in this event might not be present.

Event[80]:
  Log Name: Security
  Source: Microsoft-Windows-Security-Auditing
  Date: 2024-08-08T10:26:15.383
  Event ID: 4771
  Task: Kerberos Authentication Service
  Level: Information
  Opcode: Info
  Keyword: Audit Failure
  User: N/A
  User Name: N/A
  Computer: CLIBAAD03.cliba.com.ar
  Description: 
Kerberos pre-authentication failed.

Account Information:
	Security ID:		S-1-5-21-1171290785-409082668-1575050150-43012
	Account Name:		grey_admin

Service Information:
	Service Name:		krbtgt/CLIBA.COM.AR

Network Information:
	Client Address:		::ffff:172.19.26.109
	Client Port:		62149

Additional Information:
	Ticket Options:		0x40810010
	Failure Code:		0x18
	Pre-Authentication Type:	2

Certificate Information:
	Certificate Issuer Name:		
	Certificate Serial Number: 	
	Certificate Thumbprint:		

Certificate information is only provided if a certificate was used for pre-authentication.

Pre-authentication types, ticket options and failure codes are defined in RFC 4120.

If the ticket was malformed or damaged during transit and could not be decrypted, then many fields in this event might not be present.

Event[81]:
  Log Name: Security
  Source: Microsoft-Windows-Security-Auditing
  Date: 2024-08-08T10:26:10.367
  Event ID: 4771
  Task: Kerberos Authentication Service
  Level: Information
  Opcode: Info
  Keyword: Audit Failure
  User: N/A
  User Name: N/A
  Computer: CLIBAAD03.cliba.com.ar
  Description: 
Kerberos pre-authentication failed.

Account Information:
	Security ID:		S-1-5-21-1171290785-409082668-1575050150-43012
	Account Name:		grey_admin

Service Information:
	Service Name:		krbtgt/CLIBA.COM.AR

Network Information:
	Client Address:		::ffff:172.19.26.109
	Client Port:		62147

Additional Information:
	Ticket Options:		0x40810010
	Failure Code:		0x18
	Pre-Authentication Type:	2

Certificate Information:
	Certificate Issuer Name:		
	Certificate Serial Number: 	
	Certificate Thumbprint:		

Certificate information is only provided if a certificate was used for pre-authentication.

Pre-authentication types, ticket options and failure codes are defined in RFC 4120.

If the ticket was malformed or damaged during transit and could not be decrypted, then many fields in this event might not be present.

Event[82]:
  Log Name: Security
  Source: Microsoft-Windows-Security-Auditing
  Date: 2024-08-08T10:26:05.352
  Event ID: 4771
  Task: Kerberos Authentication Service
  Level: Information
  Opcode: Info
  Keyword: Audit Failure
  User: N/A
  User Name: N/A
  Computer: CLIBAAD03.cliba.com.ar
  Description: 
Kerberos pre-authentication failed.

Account Information:
	Security ID:		S-1-5-21-1171290785-409082668-1575050150-43012
	Account Name:		grey_admin

Service Information:
	Service Name:		krbtgt/CLIBA.COM.AR

Network Information:
	Client Address:		::ffff:172.19.26.109
	Client Port:		62145

Additional Information:
	Ticket Options:		0x40810010
	Failure Code:		0x18
	Pre-Authentication Type:	2

Certificate Information:
	Certificate Issuer Name:		
	Certificate Serial Number: 	
	Certificate Thumbprint:		

Certificate information is only provided if a certificate was used for pre-authentication.

Pre-authentication types, ticket options and failure codes are defined in RFC 4120.

If the ticket was malformed or damaged during transit and could not be decrypted, then many fields in this event might not be present.

Event[83]:
  Log Name: Security
  Source: Microsoft-Windows-Security-Auditing
  Date: 2024-08-08T10:26:00.334
  Event ID: 4771
  Task: Kerberos Authentication Service
  Level: Information
  Opcode: Info
  Keyword: Audit Failure
  User: N/A
  User Name: N/A
  Computer: CLIBAAD03.cliba.com.ar
  Description: 
Kerberos pre-authentication failed.

Account Information:
	Security ID:		S-1-5-21-1171290785-409082668-1575050150-43012
	Account Name:		grey_admin

Service Information:
	Service Name:		krbtgt/CLIBA.COM.AR

Network Information:
	Client Address:		::ffff:172.19.26.109
	Client Port:		62143

Additional Information:
	Ticket Options:		0x40810010
	Failure Code:		0x18
	Pre-Authentication Type:	2

Certificate Information:
	Certificate Issuer Name:		
	Certificate Serial Number: 	
	Certificate Thumbprint:		

Certificate information is only provided if a certificate was used for pre-authentication.

Pre-authentication types, ticket options and failure codes are defined in RFC 4120.

If the ticket was malformed or damaged during transit and could not be decrypted, then many fields in this event might not be present.

Event[84]:
  Log Name: Security
  Source: Microsoft-Windows-Security-Auditing
  Date: 2024-08-08T10:25:55.321
  Event ID: 4771
  Task: Kerberos Authentication Service
  Level: Information
  Opcode: Info
  Keyword: Audit Failure
  User: N/A
  User Name: N/A
  Computer: CLIBAAD03.cliba.com.ar
  Description: 
Kerberos pre-authentication failed.

Account Information:
	Security ID:		S-1-5-21-1171290785-409082668-1575050150-43012
	Account Name:		grey_admin

Service Information:
	Service Name:		krbtgt/CLIBA.COM.AR

Network Information:
	Client Address:		::ffff:172.19.26.109
	Client Port:		62140

Additional Information:
	Ticket Options:		0x40810010
	Failure Code:		0x18
	Pre-Authentication Type:	2

Certificate Information:
	Certificate Issuer Name:		
	Certificate Serial Number: 	
	Certificate Thumbprint:		

Certificate information is only provided if a certificate was used for pre-authentication.

Pre-authentication types, ticket options and failure codes are defined in RFC 4120.

If the ticket was malformed or damaged during transit and could not be decrypted, then many fields in this event might not be present.

Event[85]:
  Log Name: Security
  Source: Microsoft-Windows-Security-Auditing
  Date: 2024-08-08T10:25:50.310
  Event ID: 4771
  Task: Kerberos Authentication Service
  Level: Information
  Opcode: Info
  Keyword: Audit Failure
  User: N/A
  User Name: N/A
  Computer: CLIBAAD03.cliba.com.ar
  Description: 
Kerberos pre-authentication failed.

Account Information:
	Security ID:		S-1-5-21-1171290785-409082668-1575050150-43012
	Account Name:		grey_admin

Service Information:
	Service Name:		krbtgt/CLIBA.COM.AR

Network Information:
	Client Address:		::ffff:172.19.26.109
	Client Port:		62138

Additional Information:
	Ticket Options:		0x40810010
	Failure Code:		0x18
	Pre-Authentication Type:	2

Certificate Information:
	Certificate Issuer Name:		
	Certificate Serial Number: 	
	Certificate Thumbprint:		

Certificate information is only provided if a certificate was used for pre-authentication.

Pre-authentication types, ticket options and failure codes are defined in RFC 4120.

If the ticket was malformed or damaged during transit and could not be decrypted, then many fields in this event might not be present.

Event[86]:
  Log Name: Security
  Source: Microsoft-Windows-Security-Auditing
  Date: 2024-08-08T10:25:50.197
  Event ID: 4771
  Task: Kerberos Authentication Service
  Level: Information
  Opcode: Info
  Keyword: Audit Failure
  User: N/A
  User Name: N/A
  Computer: CLIBAAD03.cliba.com.ar
  Description: 
Kerberos pre-authentication failed.

Account Information:
	Security ID:		S-1-5-21-1171290785-409082668-1575050150-24817
	Account Name:		PLepez

Service Information:
	Service Name:		krbtgt/CLIBA.COM.AR

Network Information:
	Client Address:		::ffff:172.19.21.31
	Client Port:		51087

Additional Information:
	Ticket Options:		0x40810010
	Failure Code:		0x18
	Pre-Authentication Type:	2

Certificate Information:
	Certificate Issuer Name:		
	Certificate Serial Number: 	
	Certificate Thumbprint:		

Certificate information is only provided if a certificate was used for pre-authentication.

Pre-authentication types, ticket options and failure codes are defined in RFC 4120.

If the ticket was malformed or damaged during transit and could not be decrypted, then many fields in this event might not be present.

Event[87]:
  Log Name: Security
  Source: Microsoft-Windows-Security-Auditing
  Date: 2024-08-08T10:25:50.085
  Event ID: 4771
  Task: Kerberos Authentication Service
  Level: Information
  Opcode: Info
  Keyword: Audit Failure
  User: N/A
  User Name: N/A
  Computer: CLIBAAD03.cliba.com.ar
  Description: 
Kerberos pre-authentication failed.

Account Information:
	Security ID:		S-1-5-21-1171290785-409082668-1575050150-24817
	Account Name:		PLepez

Service Information:
	Service Name:		krbtgt/CLIBA.COM.AR

Network Information:
	Client Address:		::ffff:172.19.21.31
	Client Port:		51085

Additional Information:
	Ticket Options:		0x40810010
	Failure Code:		0x18
	Pre-Authentication Type:	2

Certificate Information:
	Certificate Issuer Name:		
	Certificate Serial Number: 	
	Certificate Thumbprint:		

Certificate information is only provided if a certificate was used for pre-authentication.

Pre-authentication types, ticket options and failure codes are defined in RFC 4120.

If the ticket was malformed or damaged during transit and could not be decrypted, then many fields in this event might not be present.

Event[88]:
  Log Name: Security
  Source: Microsoft-Windows-Security-Auditing
  Date: 2024-08-08T10:25:45.293
  Event ID: 4771
  Task: Kerberos Authentication Service
  Level: Information
  Opcode: Info
  Keyword: Audit Failure
  User: N/A
  User Name: N/A
  Computer: CLIBAAD03.cliba.com.ar
  Description: 
Kerberos pre-authentication failed.

Account Information:
	Security ID:		S-1-5-21-1171290785-409082668-1575050150-43012
	Account Name:		grey_admin

Service Information:
	Service Name:		krbtgt/CLIBA.COM.AR

Network Information:
	Client Address:		::ffff:172.19.26.109
	Client Port:		62136

Additional Information:
	Ticket Options:		0x40810010
	Failure Code:		0x18
	Pre-Authentication Type:	2

Certificate Information:
	Certificate Issuer Name:		
	Certificate Serial Number: 	
	Certificate Thumbprint:		

Certificate information is only provided if a certificate was used for pre-authentication.

Pre-authentication types, ticket options and failure codes are defined in RFC 4120.

If the ticket was malformed or damaged during transit and could not be decrypted, then many fields in this event might not be present.

Event[89]:
  Log Name: Security
  Source: Microsoft-Windows-Security-Auditing
  Date: 2024-08-08T10:25:40.277
  Event ID: 4771
  Task: Kerberos Authentication Service
  Level: Information
  Opcode: Info
  Keyword: Audit Failure
  User: N/A
  User Name: N/A
  Computer: CLIBAAD03.cliba.com.ar
  Description: 
Kerberos pre-authentication failed.

Account Information:
	Security ID:		S-1-5-21-1171290785-409082668-1575050150-43012
	Account Name:		grey_admin

Service Information:
	Service Name:		krbtgt/CLIBA.COM.AR

Network Information:
	Client Address:		::ffff:172.19.26.109
	Client Port:		62134

Additional Information:
	Ticket Options:		0x40810010
	Failure Code:		0x18
	Pre-Authentication Type:	2

Certificate Information:
	Certificate Issuer Name:		
	Certificate Serial Number: 	
	Certificate Thumbprint:		

Certificate information is only provided if a certificate was used for pre-authentication.

Pre-authentication types, ticket options and failure codes are defined in RFC 4120.

If the ticket was malformed or damaged during transit and could not be decrypted, then many fields in this event might not be present.

Event[90]:
  Log Name: Security
  Source: Microsoft-Windows-Security-Auditing
  Date: 2024-08-08T10:25:35.262
  Event ID: 4771
  Task: Kerberos Authentication Service
  Level: Information
  Opcode: Info
  Keyword: Audit Failure
  User: N/A
  User Name: N/A
  Computer: CLIBAAD03.cliba.com.ar
  Description: 
Kerberos pre-authentication failed.

Account Information:
	Security ID:		S-1-5-21-1171290785-409082668-1575050150-43012
	Account Name:		grey_admin

Service Information:
	Service Name:		krbtgt/CLIBA.COM.AR

Network Information:
	Client Address:		::ffff:172.19.26.109
	Client Port:		62132

Additional Information:
	Ticket Options:		0x40810010
	Failure Code:		0x18
	Pre-Authentication Type:	2

Certificate Information:
	Certificate Issuer Name:		
	Certificate Serial Number: 	
	Certificate Thumbprint:		

Certificate information is only provided if a certificate was used for pre-authentication.

Pre-authentication types, ticket options and failure codes are defined in RFC 4120.

If the ticket was malformed or damaged during transit and could not be decrypted, then many fields in this event might not be present.

Event[91]:
  Log Name: Security
  Source: Microsoft-Windows-Security-Auditing
  Date: 2024-08-08T10:25:31.489
  Event ID: 4771
  Task: Kerberos Authentication Service
  Level: Information
  Opcode: Info
  Keyword: Audit Failure
  User: N/A
  User Name: N/A
  Computer: CLIBAAD03.cliba.com.ar
  Description: 
Kerberos pre-authentication failed.

Account Information:
	Security ID:		S-1-5-21-1171290785-409082668-1575050150-42844
	Account Name:		cdona

Service Information:
	Service Name:		krbtgt/cliba

Network Information:
	Client Address:		::ffff:172.16.249.19
	Client Port:		19136

Additional Information:
	Ticket Options:		0x40810010
	Failure Code:		0x18
	Pre-Authentication Type:	2

Certificate Information:
	Certificate Issuer Name:		
	Certificate Serial Number: 	
	Certificate Thumbprint:		

Certificate information is only provided if a certificate was used for pre-authentication.

Pre-authentication types, ticket options and failure codes are defined in RFC 4120.

If the ticket was malformed or damaged during transit and could not be decrypted, then many fields in this event might not be present.

Event[92]:
  Log Name: Security
  Source: Microsoft-Windows-Security-Auditing
  Date: 2024-08-08T10:25:30.256
  Event ID: 4771
  Task: Kerberos Authentication Service
  Level: Information
  Opcode: Info
  Keyword: Audit Failure
  User: N/A
  User Name: N/A
  Computer: CLIBAAD03.cliba.com.ar
  Description: 
Kerberos pre-authentication failed.

Account Information:
	Security ID:		S-1-5-21-1171290785-409082668-1575050150-43012
	Account Name:		grey_admin

Service Information:
	Service Name:		krbtgt/CLIBA.COM.AR

Network Information:
	Client Address:		::ffff:172.19.26.109
	Client Port:		62130

Additional Information:
	Ticket Options:		0x40810010
	Failure Code:		0x18
	Pre-Authentication Type:	2

Certificate Information:
	Certificate Issuer Name:		
	Certificate Serial Number: 	
	Certificate Thumbprint:		

Certificate information is only provided if a certificate was used for pre-authentication.

Pre-authentication types, ticket options and failure codes are defined in RFC 4120.

If the ticket was malformed or damaged during transit and could not be decrypted, then many fields in this event might not be present.

Event[93]:
  Log Name: Security
  Source: Microsoft-Windows-Security-Auditing
  Date: 2024-08-08T10:25:25.251
  Event ID: 4771
  Task: Kerberos Authentication Service
  Level: Information
  Opcode: Info
  Keyword: Audit Failure
  User: N/A
  User Name: N/A
  Computer: CLIBAAD03.cliba.com.ar
  Description: 
Kerberos pre-authentication failed.

Account Information:
	Security ID:		S-1-5-21-1171290785-409082668-1575050150-43012
	Account Name:		grey_admin

Service Information:
	Service Name:		krbtgt/CLIBA.COM.AR

Network Information:
	Client Address:		::ffff:172.19.26.109
	Client Port:		62128

Additional Information:
	Ticket Options:		0x40810010
	Failure Code:		0x18
	Pre-Authentication Type:	2

Certificate Information:
	Certificate Issuer Name:		
	Certificate Serial Number: 	
	Certificate Thumbprint:		

Certificate information is only provided if a certificate was used for pre-authentication.

Pre-authentication types, ticket options and failure codes are defined in RFC 4120.

If the ticket was malformed or damaged during transit and could not be decrypted, then many fields in this event might not be present.

Event[94]:
  Log Name: Security
  Source: Microsoft-Windows-Security-Auditing
  Date: 2024-08-08T10:25:20.245
  Event ID: 4771
  Task: Kerberos Authentication Service
  Level: Information
  Opcode: Info
  Keyword: Audit Failure
  User: N/A
  User Name: N/A
  Computer: CLIBAAD03.cliba.com.ar
  Description: 
Kerberos pre-authentication failed.

Account Information:
	Security ID:		S-1-5-21-1171290785-409082668-1575050150-43012
	Account Name:		grey_admin

Service Information:
	Service Name:		krbtgt/CLIBA.COM.AR

Network Information:
	Client Address:		::ffff:172.19.26.109
	Client Port:		62126

Additional Information:
	Ticket Options:		0x40810010
	Failure Code:		0x18
	Pre-Authentication Type:	2

Certificate Information:
	Certificate Issuer Name:		
	Certificate Serial Number: 	
	Certificate Thumbprint:		

Certificate information is only provided if a certificate was used for pre-authentication.

Pre-authentication types, ticket options and failure codes are defined in RFC 4120.

If the ticket was malformed or damaged during transit and could not be decrypted, then many fields in this event might not be present.

Event[95]:
  Log Name: Security
  Source: Microsoft-Windows-Security-Auditing
  Date: 2024-08-08T10:25:15.226
  Event ID: 4771
  Task: Kerberos Authentication Service
  Level: Information
  Opcode: Info
  Keyword: Audit Failure
  User: N/A
  User Name: N/A
  Computer: CLIBAAD03.cliba.com.ar
  Description: 
Kerberos pre-authentication failed.

Account Information:
	Security ID:		S-1-5-21-1171290785-409082668-1575050150-43012
	Account Name:		grey_admin

Service Information:
	Service Name:		krbtgt/CLIBA.COM.AR

Network Information:
	Client Address:		::ffff:172.19.26.109
	Client Port:		62124

Additional Information:
	Ticket Options:		0x40810010
	Failure Code:		0x18
	Pre-Authentication Type:	2

Certificate Information:
	Certificate Issuer Name:		
	Certificate Serial Number: 	
	Certificate Thumbprint:		

Certificate information is only provided if a certificate was used for pre-authentication.

Pre-authentication types, ticket options and failure codes are defined in RFC 4120.

If the ticket was malformed or damaged during transit and could not be decrypted, then many fields in this event might not be present.

Event[96]:
  Log Name: Security
  Source: Microsoft-Windows-Security-Auditing
  Date: 2024-08-08T10:25:10.212
  Event ID: 4771
  Task: Kerberos Authentication Service
  Level: Information
  Opcode: Info
  Keyword: Audit Failure
  User: N/A
  User Name: N/A
  Computer: CLIBAAD03.cliba.com.ar
  Description: 
Kerberos pre-authentication failed.

Account Information:
	Security ID:		S-1-5-21-1171290785-409082668-1575050150-43012
	Account Name:		grey_admin

Service Information:
	Service Name:		krbtgt/CLIBA.COM.AR

Network Information:
	Client Address:		::ffff:172.19.26.109
	Client Port:		62122

Additional Information:
	Ticket Options:		0x40810010
	Failure Code:		0x18
	Pre-Authentication Type:	2

Certificate Information:
	Certificate Issuer Name:		
	Certificate Serial Number: 	
	Certificate Thumbprint:		

Certificate information is only provided if a certificate was used for pre-authentication.

Pre-authentication types, ticket options and failure codes are defined in RFC 4120.

If the ticket was malformed or damaged during transit and could not be decrypted, then many fields in this event might not be present.

Event[97]:
  Log Name: Security
  Source: Microsoft-Windows-Security-Auditing
  Date: 2024-08-08T10:25:05.199
  Event ID: 4771
  Task: Kerberos Authentication Service
  Level: Information
  Opcode: Info
  Keyword: Audit Failure
  User: N/A
  User Name: N/A
  Computer: CLIBAAD03.cliba.com.ar
  Description: 
Kerberos pre-authentication failed.

Account Information:
	Security ID:		S-1-5-21-1171290785-409082668-1575050150-43012
	Account Name:		grey_admin

Service Information:
	Service Name:		krbtgt/CLIBA.COM.AR

Network Information:
	Client Address:		::ffff:172.19.26.109
	Client Port:		62120

Additional Information:
	Ticket Options:		0x40810010
	Failure Code:		0x18
	Pre-Authentication Type:	2

Certificate Information:
	Certificate Issuer Name:		
	Certificate Serial Number: 	
	Certificate Thumbprint:		

Certificate information is only provided if a certificate was used for pre-authentication.

Pre-authentication types, ticket options and failure codes are defined in RFC 4120.

If the ticket was malformed or damaged during transit and could not be decrypted, then many fields in this event might not be present.

Event[98]:
  Log Name: Security
  Source: Microsoft-Windows-Security-Auditing
  Date: 2024-08-08T10:25:00.194
  Event ID: 4771
  Task: Kerberos Authentication Service
  Level: Information
  Opcode: Info
  Keyword: Audit Failure
  User: N/A
  User Name: N/A
  Computer: CLIBAAD03.cliba.com.ar
  Description: 
Kerberos pre-authentication failed.

Account Information:
	Security ID:		S-1-5-21-1171290785-409082668-1575050150-43012
	Account Name:		grey_admin

Service Information:
	Service Name:		krbtgt/CLIBA.COM.AR

Network Information:
	Client Address:		::ffff:172.19.26.109
	Client Port:		62118

Additional Information:
	Ticket Options:		0x40810010
	Failure Code:		0x18
	Pre-Authentication Type:	2

Certificate Information:
	Certificate Issuer Name:		
	Certificate Serial Number: 	
	Certificate Thumbprint:		

Certificate information is only provided if a certificate was used for pre-authentication.

Pre-authentication types, ticket options and failure codes are defined in RFC 4120.

If the ticket was malformed or damaged during transit and could not be decrypted, then many fields in this event might not be present.

Event[99]:
  Log Name: Security
  Source: Microsoft-Windows-Security-Auditing
  Date: 2024-08-08T10:24:55.177
  Event ID: 4771
  Task: Kerberos Authentication Service
  Level: Information
  Opcode: Info
  Keyword: Audit Failure
  User: N/A
  User Name: N/A
  Computer: CLIBAAD03.cliba.com.ar
  Description: 
Kerberos pre-authentication failed.

Account Information:
	Security ID:		S-1-5-21-1171290785-409082668-1575050150-43012
	Account Name:		grey_admin

Service Information:
	Service Name:		krbtgt/CLIBA.COM.AR

Network Information:
	Client Address:		::ffff:172.19.26.109
	Client Port:		62115

Additional Information:
	Ticket Options:		0x40810010
	Failure Code:		0x18
	Pre-Authentication Type:	2

Certificate Information:
	Certificate Issuer Name:		
	Certificate Serial Number: 	
	Certificate Thumbprint:		

Certificate information is only provided if a certificate was used for pre-authentication.

Pre-authentication types, ticket options and failure codes are defined in RFC 4120.

If the ticket was malformed or damaged during transit and could not be decrypted, then many fields in this event might not be present.

Event[100]:
