  Log Name: Security
  Source: Microsoft-Windows-Security-Auditing
  Date: 2024-08-08T05:35:02.991
  Event ID: 4771
  Task: Kerberos Authentication Service
  Level: Información
  Opcode: Información
  Keyword: Error de auditoría
  User: N/A
  User Name: N/A
  Computer: CLIBAAD01.cliba.com.ar
  Description: 
Error de autenticación previa de Kerberos.

Información de cuenta:
	Id. de seguridad:		S-1-5-21-1171290785-409082668-1575050150-42987
	Nombre de cuenta:		cegomez

Información de servicio:
	Nombre de servicio:		krbtgt/CLIBA.COM.AR

Información de red:
	Dirección de cliente:		::ffff:172.19.65.30
	Puerto de cliente:		62728

Información adicional:
	Opciones de vale:		0x40810010
	Código de error:		0x18
	Tipo de autenticación previa:	2

Información de certificado:
	Nombre de emisor de certificado:		
	Número de serie de certificado: 	
	Huella digital de certificado:		

La información de certificado solo se proporciona si se usó un certificado para la autenticación previa.

Los tipos de autenticación previa, las opciones de vale y los códigos de error se definen en RFC 4120.

Si el vale estaba mal formado o resultó dañado durante el tránsito y no se pudo descifrar, es posible que muchos campos de este evento no estén presentes.

Event[808]:
  Log Name: Security
  Source: Microsoft-Windows-Security-Auditing
  Date: 2024-08-08T05:35:02.870
  Event ID: 4771
  Task: Kerberos Authentication Service
  Level: Información
  Opcode: Información
  Keyword: Error de auditoría
  User: N/A
  User Name: N/A
  Computer: CLIBAAD01.cliba.com.ar
  Description: 
Error de autenticación previa de Kerberos.

Información de cuenta:
	Id. de seguridad:		S-1-5-21-1171290785-409082668-1575050150-42987
	Nombre de cuenta:		cegomez

Información de servicio:
	Nombre de servicio:		krbtgt/CLIBA.COM.AR

Información de red:
	Dirección de cliente:		::ffff:172.19.65.30
	Puerto de cliente:		62726

Información adicional:
	Opciones de vale:		0x40810010
	Código de error:		0x18
	Tipo de autenticación previa:	2

Información de certificado:
	Nombre de emisor de certificado:		
	Número de serie de certificado: 	
	Huella digital de certificado:		

La información de certificado solo se proporciona si se usó un certificado para la autenticación previa.

Los tipos de autenticación previa, las opciones de vale y los códigos de error se definen en RFC 4120.

Si el vale estaba mal formado o resultó dañado durante el tránsito y no se pudo descifrar, es posible que muchos campos de este evento no estén presentes.

Event[809]:
  Log Name: Security
  Source: Microsoft-Windows-Security-Auditing
  Date: 2024-08-08T05:33:02.560
  Event ID: 4771
  Task: Kerberos Authentication Service
  Level: Información
  Opcode: Información
  Keyword: Error de auditoría
  User: N/A
  User Name: N/A
  Computer: CLIBAAD01.cliba.com.ar
  Description: 
Error de autenticación previa de Kerberos.

Información de cuenta:
	Id. de seguridad:		S-1-5-21-1171290785-409082668-1575050150-42987
	Nombre de cuenta:		cegomez

Información de servicio:
	Nombre de servicio:		krbtgt/CLIBA.COM.AR

Información de red:
	Dirección de cliente:		::ffff:172.19.65.30
	Puerto de cliente:		62719

Información adicional:
	Opciones de vale:		0x40810010
	Código de error:		0x18
	Tipo de autenticación previa:	2

Información de certificado:
	Nombre de emisor de certificado:		
	Número de serie de certificado: 	
	Huella digital de certificado:		

La información de certificado solo se proporciona si se usó un certificado para la autenticación previa.

Los tipos de autenticación previa, las opciones de vale y los códigos de error se definen en RFC 4120.

Si el vale estaba mal formado o resultó dañado durante el tránsito y no se pudo descifrar, es posible que muchos campos de este evento no estén presentes.

Event[810]:
  Log Name: Security
  Source: Microsoft-Windows-Security-Auditing
  Date: 2024-08-08T05:33:02.437
  Event ID: 4771
  Task: Kerberos Authentication Service
  Level: Información
  Opcode: Información
  Keyword: Error de auditoría
  User: N/A
  User Name: N/A
  Computer: CLIBAAD01.cliba.com.ar
  Description: 
Error de autenticación previa de Kerberos.

Información de cuenta:
	Id. de seguridad:		S-1-5-21-1171290785-409082668-1575050150-42987
	Nombre de cuenta:		cegomez

Información de servicio:
	Nombre de servicio:		krbtgt/CLIBA.COM.AR

Información de red:
	Dirección de cliente:		::ffff:172.19.65.30
	Puerto de cliente:		62717

Información adicional:
	Opciones de vale:		0x40810010
	Código de error:		0x18
	Tipo de autenticación previa:	2

Información de certificado:
	Nombre de emisor de certificado:		
	Número de serie de certificado: 	
	Huella digital de certificado:		

La información de certificado solo se proporciona si se usó un certificado para la autenticación previa.

Los tipos de autenticación previa, las opciones de vale y los códigos de error se definen en RFC 4120.

Si el vale estaba mal formado o resultó dañado durante el tránsito y no se pudo descifrar, es posible que muchos campos de este evento no estén presentes.

Event[811]:
  Log Name: Security
  Source: Microsoft-Windows-Security-Auditing
  Date: 2024-08-08T05:31:59.187
  Event ID: 4771
  Task: Kerberos Authentication Service
  Level: Información
  Opcode: Información
  Keyword: Error de auditoría
  User: N/A
  User Name: N/A
  Computer: CLIBAAD01.cliba.com.ar
  Description: 
Error de autenticación previa de Kerberos.

Información de cuenta:
	Id. de seguridad:		S-1-5-21-1171290785-409082668-1575050150-42987
	Nombre de cuenta:		cegomez

Información de servicio:
	Nombre de servicio:		krbtgt/CLIBA.COM.AR

Información de red:
	Dirección de cliente:		::ffff:172.19.65.30
	Puerto de cliente:		62711

Información adicional:
	Opciones de vale:		0x40810010
	Código de error:		0x18
	Tipo de autenticación previa:	2

Información de certificado:
	Nombre de emisor de certificado:		
	Número de serie de certificado: 	
	Huella digital de certificado:		

La información de certificado solo se proporciona si se usó un certificado para la autenticación previa.

Los tipos de autenticación previa, las opciones de vale y los códigos de error se definen en RFC 4120.

Si el vale estaba mal formado o resultó dañado durante el tránsito y no se pudo descifrar, es posible que muchos campos de este evento no estén presentes.

Event[812]:
  Log Name: Security
  Source: Microsoft-Windows-Security-Auditing
  Date: 2024-08-08T05:31:56.066
  Event ID: 4771
  Task: Kerberos Authentication Service
  Level: Información
  Opcode: Información
  Keyword: Error de auditoría
  User: N/A
  User Name: N/A
  Computer: CLIBAAD01.cliba.com.ar
  Description: 
Error de autenticación previa de Kerberos.

Información de cuenta:
	Id. de seguridad:		S-1-5-21-1171290785-409082668-1575050150-42987
	Nombre de cuenta:		cegomez

Información de servicio:
	Nombre de servicio:		krbtgt/CLIBA.COM.AR

Información de red:
	Dirección de cliente:		::ffff:172.19.65.30
	Puerto de cliente:		62709

Información adicional:
	Opciones de vale:		0x40810010
	Código de error:		0x18
	Tipo de autenticación previa:	2

Información de certificado:
	Nombre de emisor de certificado:		
	Número de serie de certificado: 	
	Huella digital de certificado:		

La información de certificado solo se proporciona si se usó un certificado para la autenticación previa.

Los tipos de autenticación previa, las opciones de vale y los códigos de error se definen en RFC 4120.

Si el vale estaba mal formado o resultó dañado durante el tránsito y no se pudo descifrar, es posible que muchos campos de este evento no estén presentes.

Event[813]:
  Log Name: Security
  Source: Microsoft-Windows-Security-Auditing
  Date: 2024-08-08T05:30:25.012
  Event ID: 4771
  Task: Kerberos Authentication Service
  Level: Información
  Opcode: Información
  Keyword: Error de auditoría
  User: N/A
  User Name: N/A
  Computer: CLIBAAD01.cliba.com.ar
  Description: 
Error de autenticación previa de Kerberos.

Información de cuenta:
	Id. de seguridad:		S-1-5-21-1171290785-409082668-1575050150-27345
	Nombre de cuenta:		pamartinez

Información de servicio:
	Nombre de servicio:		krbtgt/CLIBA

Información de red:
	Dirección de cliente:		::ffff:172.19.97.81
	Puerto de cliente:		60917

Información adicional:
	Opciones de vale:		0x40810010
	Código de error:		0x18
	Tipo de autenticación previa:	2

Información de certificado:
	Nombre de emisor de certificado:		
	Número de serie de certificado: 	
	Huella digital de certificado:		

La información de certificado solo se proporciona si se usó un certificado para la autenticación previa.

Los tipos de autenticación previa, las opciones de vale y los códigos de error se definen en RFC 4120.

Si el vale estaba mal formado o resultó dañado durante el tránsito y no se pudo descifrar, es posible que muchos campos de este evento no estén presentes.

Event[814]:
  Log Name: Security
  Source: Microsoft-Windows-Security-Auditing
  Date: 2024-08-08T05:30:07.314
  Event ID: 4625
  Task: Logon
  Level: Información
  Opcode: Información
  Keyword: Error de auditoría
  User: N/A
  User Name: N/A
  Computer: CLIBAAD01.cliba.com.ar
  Description: 
Error de una cuenta al iniciar sesión.

Sujeto:
	Id. de seguridad:		S-1-0-0
	Nombre de cuenta:		-
	Dominio de cuenta:		-
	Id. de inicio de sesión:		0x0

Tipo de inicio de sesión:			3

Cuenta con error de inicio de sesión: 
	Id. de seguridad:		S-1-0-0
	Nombre de cuenta:		NGISSARA_ADMIN
	Dominio de cuenta:		CLIBA

Información de error:
	Motivo del error:		Nombre de usuario desconocido o contraseña incorrecta
	Estado:			0xC000006D
	Subestado:		0xC0000064

Información de proceso:
	Id. de proceso del autor de la llamada:	0x0
	Nombre de proceso del autor de la llamada:	-

Información de red:
	Nombre de estación de trabajo:	PROMISCCM2019
	Dirección de red de origen:	172.16.1.198
	Puerto de origen:		60868

Información de autenticación detallada:
	Proceso de inicio de sesión:		NtLmSsp 
	Paquete de autenticación:	NTLM
	Servicios transitados:	-
	Nombre de paquete (solo NTLM):	-
	Longitud de clave:	0

Este evento se genera cuando se produce un error en una solicitud de inicio de sesión. Lo genera el equipo al que se intentó tener acceso.

Los campos de sujeto indican la cuenta del sistema local que solicitó el inicio de sesión. Suele ser un servicio como el servicio de servidor o un proceso local como Winlogon.exe o Services.exe.

El campo Tipo de inicio de sesión indica la clase de inicio de sesión que se solicitó. Los tipos más comunes son 2 (interactivo) y 3 (red).

Los campos Información de proceso indican la cuenta y el proceso en el sistema que solicitó el inicio de sesión.

Los campos Información de red indican dónde se originó una solicitud de inicio de sesión remota. Nombre de estación de trabajo no está siempre disponible y se puede dejar en blanco en algunos casos.

Los campos de información de autenticación proporcionan información detallada sobre esta solicitud de inicio de sesión específica.
	- Servicios transitados indica los servicios intermedios que participaron en esta solicitud de inicio de sesión.
	- Nombre de paquete indica el subprotocolo que se usó entre los protocolos NTLM.
	- Longitud de clave indica la longitud de la clave de sesión generada. Será 0 si no se solicitó una clave de sesión.

Event[815]:
  Log Name: Security
  Source: Microsoft-Windows-Security-Auditing
  Date: 2024-08-08T05:29:59.067
  Event ID: 4771
  Task: Kerberos Authentication Service
  Level: Información
  Opcode: Información
  Keyword: Error de auditoría
  User: N/A
  User Name: N/A
  Computer: CLIBAAD01.cliba.com.ar
  Description: 
Error de autenticación previa de Kerberos.

Información de cuenta:
	Id. de seguridad:		S-1-5-21-1171290785-409082668-1575050150-42993
	Nombre de cuenta:		masilva

Información de servicio:
	Nombre de servicio:		krbtgt/CLIBA.COM.AR

Información de red:
	Dirección de cliente:		::ffff:172.19.29.5
	Puerto de cliente:		56985

Información adicional:
	Opciones de vale:		0x40810010
	Código de error:		0x18
	Tipo de autenticación previa:	2

Información de certificado:
	Nombre de emisor de certificado:		
	Número de serie de certificado: 	
	Huella digital de certificado:		

La información de certificado solo se proporciona si se usó un certificado para la autenticación previa.

Los tipos de autenticación previa, las opciones de vale y los códigos de error se definen en RFC 4120.

Si el vale estaba mal formado o resultó dañado durante el tránsito y no se pudo descifrar, es posible que muchos campos de este evento no estén presentes.

Event[816]:
  Log Name: Security
  Source: Microsoft-Windows-Security-Auditing
  Date: 2024-08-08T05:29:58.561
  Event ID: 4771
  Task: Kerberos Authentication Service
  Level: Información
  Opcode: Información
  Keyword: Error de auditoría
  User: N/A
  User Name: N/A
  Computer: CLIBAAD01.cliba.com.ar
  Description: 
Error de autenticación previa de Kerberos.

Información de cuenta:
	Id. de seguridad:		S-1-5-21-1171290785-409082668-1575050150-42993
	Nombre de cuenta:		masilva

Información de servicio:
	Nombre de servicio:		krbtgt/CLIBA.COM.AR

Información de red:
	Dirección de cliente:		::ffff:172.19.29.5
	Puerto de cliente:		56977

Información adicional:
	Opciones de vale:		0x40810010
	Código de error:		0x18
	Tipo de autenticación previa:	2

Información de certificado:
	Nombre de emisor de certificado:		
	Número de serie de certificado: 	
	Huella digital de certificado:		

La información de certificado solo se proporciona si se usó un certificado para la autenticación previa.

Los tipos de autenticación previa, las opciones de vale y los códigos de error se definen en RFC 4120.

Si el vale estaba mal formado o resultó dañado durante el tránsito y no se pudo descifrar, es posible que muchos campos de este evento no estén presentes.

Event[817]:
  Log Name: Security
  Source: Microsoft-Windows-Security-Auditing
  Date: 2024-08-08T05:26:00.070
  Event ID: 4771
  Task: Kerberos Authentication Service
  Level: Información
  Opcode: Información
  Keyword: Error de auditoría
  User: N/A
  User Name: N/A
  Computer: CLIBAAD01.cliba.com.ar
  Description: 
Error de autenticación previa de Kerberos.

Información de cuenta:
	Id. de seguridad:		S-1-5-21-1171290785-409082668-1575050150-42987
	Nombre de cuenta:		cegomez

Información de servicio:
	Nombre de servicio:		krbtgt/CLIBA.COM.AR

Información de red:
	Dirección de cliente:		::ffff:172.19.65.30
	Puerto de cliente:		62687

Información adicional:
	Opciones de vale:		0x40810010
	Código de error:		0x18
	Tipo de autenticación previa:	2

Información de certificado:
	Nombre de emisor de certificado:		
	Número de serie de certificado: 	
	Huella digital de certificado:		

La información de certificado solo se proporciona si se usó un certificado para la autenticación previa.

Los tipos de autenticación previa, las opciones de vale y los códigos de error se definen en RFC 4120.

Si el vale estaba mal formado o resultó dañado durante el tránsito y no se pudo descifrar, es posible que muchos campos de este evento no estén presentes.

Event[818]:
  Log Name: Security
  Source: Microsoft-Windows-Security-Auditing
  Date: 2024-08-08T05:25:56.945
  Event ID: 4771
  Task: Kerberos Authentication Service
  Level: Información
  Opcode: Información
  Keyword: Error de auditoría
  User: N/A
  User Name: N/A
  Computer: CLIBAAD01.cliba.com.ar
  Description: 
Error de autenticación previa de Kerberos.

Información de cuenta:
	Id. de seguridad:		S-1-5-21-1171290785-409082668-1575050150-42987
	Nombre de cuenta:		cegomez

Información de servicio:
	Nombre de servicio:		krbtgt/CLIBA.COM.AR

Información de red:
	Dirección de cliente:		::ffff:172.19.65.30
	Puerto de cliente:		62685

Información adicional:
	Opciones de vale:		0x40810010
	Código de error:		0x18
	Tipo de autenticación previa:	2

Información de certificado:
	Nombre de emisor de certificado:		
	Número de serie de certificado: 	
	Huella digital de certificado:		

La información de certificado solo se proporciona si se usó un certificado para la autenticación previa.

Los tipos de autenticación previa, las opciones de vale y los códigos de error se definen en RFC 4120.

Si el vale estaba mal formado o resultó dañado durante el tránsito y no se pudo descifrar, es posible que muchos campos de este evento no estén presentes.

Event[819]:
  Log Name: Security
  Source: Microsoft-Windows-Security-Auditing
  Date: 2024-08-08T05:25:33.100
  Event ID: 4771
  Task: Kerberos Authentication Service
  Level: Información
  Opcode: Información
  Keyword: Error de auditoría
  User: N/A
  User Name: N/A
  Computer: CLIBAAD01.cliba.com.ar
  Description: 
Error de autenticación previa de Kerberos.

Información de cuenta:
	Id. de seguridad:		S-1-5-21-1171290785-409082668-1575050150-44858
	Nombre de cuenta:		BRA000253$

Información de servicio:
	Nombre de servicio:		krbtgt/cliba.com.ar

Información de red:
	Dirección de cliente:		::ffff:172.19.9.21
	Puerto de cliente:		49676

Información adicional:
	Opciones de vale:		0x40810010
	Código de error:		0x18
	Tipo de autenticación previa:	2

Información de certificado:
	Nombre de emisor de certificado:		
	Número de serie de certificado: 	
	Huella digital de certificado:		

La información de certificado solo se proporciona si se usó un certificado para la autenticación previa.

Los tipos de autenticación previa, las opciones de vale y los códigos de error se definen en RFC 4120.

Si el vale estaba mal formado o resultó dañado durante el tránsito y no se pudo descifrar, es posible que muchos campos de este evento no estén presentes.

Event[820]:
  Log Name: Security
  Source: Microsoft-Windows-Security-Auditing
  Date: 2024-08-08T05:25:07.183
  Event ID: 4625
  Task: Logon
  Level: Información
  Opcode: Información
  Keyword: Error de auditoría
  User: N/A
  User Name: N/A
  Computer: CLIBAAD01.cliba.com.ar
  Description: 
Error de una cuenta al iniciar sesión.

Sujeto:
	Id. de seguridad:		S-1-0-0
	Nombre de cuenta:		-
	Dominio de cuenta:		-
	Id. de inicio de sesión:		0x0

Tipo de inicio de sesión:			3

Cuenta con error de inicio de sesión: 
	Id. de seguridad:		S-1-0-0
	Nombre de cuenta:		NGISSARA_ADMIN
	Dominio de cuenta:		CLIBA

Información de error:
	Motivo del error:		Nombre de usuario desconocido o contraseña incorrecta
	Estado:			0xC000006D
	Subestado:		0xC0000064

Información de proceso:
	Id. de proceso del autor de la llamada:	0x0
	Nombre de proceso del autor de la llamada:	-

Información de red:
	Nombre de estación de trabajo:	PROMISCCM2019
	Dirección de red de origen:	172.16.1.198
	Puerto de origen:		60594

Información de autenticación detallada:
	Proceso de inicio de sesión:		NtLmSsp 
	Paquete de autenticación:	NTLM
	Servicios transitados:	-
	Nombre de paquete (solo NTLM):	-
	Longitud de clave:	0

Este evento se genera cuando se produce un error en una solicitud de inicio de sesión. Lo genera el equipo al que se intentó tener acceso.

Los campos de sujeto indican la cuenta del sistema local que solicitó el inicio de sesión. Suele ser un servicio como el servicio de servidor o un proceso local como Winlogon.exe o Services.exe.

El campo Tipo de inicio de sesión indica la clase de inicio de sesión que se solicitó. Los tipos más comunes son 2 (interactivo) y 3 (red).

Los campos Información de proceso indican la cuenta y el proceso en el sistema que solicitó el inicio de sesión.

Los campos Información de red indican dónde se originó una solicitud de inicio de sesión remota. Nombre de estación de trabajo no está siempre disponible y se puede dejar en blanco en algunos casos.

Los campos de información de autenticación proporcionan información detallada sobre esta solicitud de inicio de sesión específica.
	- Servicios transitados indica los servicios intermedios que participaron en esta solicitud de inicio de sesión.
	- Nombre de paquete indica el subprotocolo que se usó entre los protocolos NTLM.
	- Longitud de clave indica la longitud de la clave de sesión generada. Será 0 si no se solicitó una clave de sesión.

Event[821]:
  Log Name: Security
  Source: Microsoft-Windows-Security-Auditing
  Date: 2024-08-08T05:24:43.925
  Event ID: 4771
  Task: Kerberos Authentication Service
  Level: Información
  Opcode: Información
  Keyword: Error de auditoría
  User: N/A
  User Name: N/A
  Computer: CLIBAAD01.cliba.com.ar
  Description: 
Error de autenticación previa de Kerberos.

Información de cuenta:
	Id. de seguridad:		S-1-5-21-1171290785-409082668-1575050150-42987
	Nombre de cuenta:		cegomez

Información de servicio:
	Nombre de servicio:		krbtgt/CLIBA.COM.AR

Información de red:
	Dirección de cliente:		::ffff:172.19.65.30
	Puerto de cliente:		62677

Información adicional:
	Opciones de vale:		0x40810010
	Código de error:		0x18
	Tipo de autenticación previa:	2

Información de certificado:
	Nombre de emisor de certificado:		
	Número de serie de certificado: 	
	Huella digital de certificado:		

La información de certificado solo se proporciona si se usó un certificado para la autenticación previa.

Los tipos de autenticación previa, las opciones de vale y los códigos de error se definen en RFC 4120.

Si el vale estaba mal formado o resultó dañado durante el tránsito y no se pudo descifrar, es posible que muchos campos de este evento no estén presentes.

Event[822]:
  Log Name: Security
  Source: Microsoft-Windows-Security-Auditing
  Date: 2024-08-08T05:24:43.814
  Event ID: 4771
  Task: Kerberos Authentication Service
  Level: Información
  Opcode: Información
  Keyword: Error de auditoría
  User: N/A
  User Name: N/A
  Computer: CLIBAAD01.cliba.com.ar
  Description: 
Error de autenticación previa de Kerberos.

Información de cuenta:
	Id. de seguridad:		S-1-5-21-1171290785-409082668-1575050150-42987
	Nombre de cuenta:		cegomez

Información de servicio:
	Nombre de servicio:		krbtgt/CLIBA.COM.AR

Información de red:
	Dirección de cliente:		::ffff:172.19.65.30
	Puerto de cliente:		62675

Información adicional:
	Opciones de vale:		0x40810010
	Código de error:		0x18
	Tipo de autenticación previa:	2

Información de certificado:
	Nombre de emisor de certificado:		
	Número de serie de certificado: 	
	Huella digital de certificado:		

La información de certificado solo se proporciona si se usó un certificado para la autenticación previa.

Los tipos de autenticación previa, las opciones de vale y los códigos de error se definen en RFC 4120.

Si el vale estaba mal formado o resultó dañado durante el tránsito y no se pudo descifrar, es posible que muchos campos de este evento no estén presentes.

Event[823]:
  Log Name: Security
  Source: Microsoft-Windows-Security-Auditing
  Date: 2024-08-08T05:24:41.042
  Event ID: 4771
  Task: Kerberos Authentication Service
  Level: Información
  Opcode: Información
  Keyword: Error de auditoría
  User: N/A
  User Name: N/A
  Computer: CLIBAAD01.cliba.com.ar
  Description: 
Error de autenticación previa de Kerberos.

Información de cuenta:
	Id. de seguridad:		S-1-5-21-1171290785-409082668-1575050150-42987
	Nombre de cuenta:		cegomez

Información de servicio:
	Nombre de servicio:		krbtgt/CLIBA.COM.AR

Información de red:
	Dirección de cliente:		::ffff:172.19.65.30
	Puerto de cliente:		62669

Información adicional:
	Opciones de vale:		0x40810010
	Código de error:		0x18
	Tipo de autenticación previa:	2

Información de certificado:
	Nombre de emisor de certificado:		
	Número de serie de certificado: 	
	Huella digital de certificado:		

La información de certificado solo se proporciona si se usó un certificado para la autenticación previa.

Los tipos de autenticación previa, las opciones de vale y los códigos de error se definen en RFC 4120.

Si el vale estaba mal formado o resultó dañado durante el tránsito y no se pudo descifrar, es posible que muchos campos de este evento no estén presentes.

Event[824]:
  Log Name: Security
  Source: Microsoft-Windows-Security-Auditing
  Date: 2024-08-08T05:24:40.915
  Event ID: 4771
  Task: Kerberos Authentication Service
  Level: Información
  Opcode: Información
  Keyword: Error de auditoría
  User: N/A
  User Name: N/A
  Computer: CLIBAAD01.cliba.com.ar
  Description: 
Error de autenticación previa de Kerberos.

Información de cuenta:
	Id. de seguridad:		S-1-5-21-1171290785-409082668-1575050150-42987
	Nombre de cuenta:		cegomez

Información de servicio:
	Nombre de servicio:		krbtgt/CLIBA.COM.AR

Información de red:
	Dirección de cliente:		::ffff:172.19.65.30
	Puerto de cliente:		62665

Información adicional:
	Opciones de vale:		0x40810010
	Código de error:		0x18
	Tipo de autenticación previa:	2

Información de certificado:
	Nombre de emisor de certificado:		
	Número de serie de certificado: 	
	Huella digital de certificado:		

La información de certificado solo se proporciona si se usó un certificado para la autenticación previa.

Los tipos de autenticación previa, las opciones de vale y los códigos de error se definen en RFC 4120.

Si el vale estaba mal formado o resultó dañado durante el tránsito y no se pudo descifrar, es posible que muchos campos de este evento no estén presentes.

Event[825]:
  Log Name: Security
  Source: Microsoft-Windows-Security-Auditing
  Date: 2024-08-08T05:23:56.651
  Event ID: 4771
  Task: Kerberos Authentication Service
  Level: Información
  Opcode: Información
  Keyword: Error de auditoría
  User: N/A
  User Name: N/A
  Computer: CLIBAAD01.cliba.com.ar
  Description: 
Error de autenticación previa de Kerberos.

Información de cuenta:
	Id. de seguridad:		S-1-5-21-1171290785-409082668-1575050150-42987
	Nombre de cuenta:		cegomez

Información de servicio:
	Nombre de servicio:		krbtgt/CLIBA.COM.AR

Información de red:
	Dirección de cliente:		::ffff:172.19.65.30
	Puerto de cliente:		62656

Información adicional:
	Opciones de vale:		0x40810010
	Código de error:		0x18
	Tipo de autenticación previa:	2

Información de certificado:
	Nombre de emisor de certificado:		
	Número de serie de certificado: 	
	Huella digital de certificado:		

La información de certificado solo se proporciona si se usó un certificado para la autenticación previa.

Los tipos de autenticación previa, las opciones de vale y los códigos de error se definen en RFC 4120.

Si el vale estaba mal formado o resultó dañado durante el tránsito y no se pudo descifrar, es posible que muchos campos de este evento no estén presentes.

Event[826]:
  Log Name: Security
  Source: Microsoft-Windows-Security-Auditing
  Date: 2024-08-08T05:23:56.527
  Event ID: 4771
  Task: Kerberos Authentication Service
  Level: Información
  Opcode: Información
  Keyword: Error de auditoría
  User: N/A
  User Name: N/A
  Computer: CLIBAAD01.cliba.com.ar
  Description: 
Error de autenticación previa de Kerberos.

Información de cuenta:
	Id. de seguridad:		S-1-5-21-1171290785-409082668-1575050150-42987
	Nombre de cuenta:		cegomez

Información de servicio:
	Nombre de servicio:		krbtgt/CLIBA.COM.AR

Información de red:
	Dirección de cliente:		::ffff:172.19.65.30
	Puerto de cliente:		62654

Información adicional:
	Opciones de vale:		0x40810010
	Código de error:		0x18
	Tipo de autenticación previa:	2

Información de certificado:
	Nombre de emisor de certificado:		
	Número de serie de certificado: 	
	Huella digital de certificado:		

La información de certificado solo se proporciona si se usó un certificado para la autenticación previa.

Los tipos de autenticación previa, las opciones de vale y los códigos de error se definen en RFC 4120.

Si el vale estaba mal formado o resultó dañado durante el tránsito y no se pudo descifrar, es posible que muchos campos de este evento no estén presentes.

Event[827]:
  Log Name: Security
  Source: Microsoft-Windows-Security-Auditing
  Date: 2024-08-08T05:22:56.209
  Event ID: 4771
  Task: Kerberos Authentication Service
  Level: Información
  Opcode: Información
  Keyword: Error de auditoría
  User: N/A
  User Name: N/A
  Computer: CLIBAAD01.cliba.com.ar
  Description: 
Error de autenticación previa de Kerberos.

Información de cuenta:
	Id. de seguridad:		S-1-5-21-1171290785-409082668-1575050150-42987
	Nombre de cuenta:		cegomez

Información de servicio:
	Nombre de servicio:		krbtgt/CLIBA.COM.AR

Información de red:
	Dirección de cliente:		::ffff:172.19.65.30
	Puerto de cliente:		62648

Información adicional:
	Opciones de vale:		0x40810010
	Código de error:		0x18
	Tipo de autenticación previa:	2

Información de certificado:
	Nombre de emisor de certificado:		
	Número de serie de certificado: 	
	Huella digital de certificado:		

La información de certificado solo se proporciona si se usó un certificado para la autenticación previa.

Los tipos de autenticación previa, las opciones de vale y los códigos de error se definen en RFC 4120.

Si el vale estaba mal formado o resultó dañado durante el tránsito y no se pudo descifrar, es posible que muchos campos de este evento no estén presentes.

Event[828]:
  Log Name: Security
  Source: Microsoft-Windows-Security-Auditing
  Date: 2024-08-08T05:22:56.097
  Event ID: 4771
  Task: Kerberos Authentication Service
  Level: Información
  Opcode: Información
  Keyword: Error de auditoría
  User: N/A
  User Name: N/A
  Computer: CLIBAAD01.cliba.com.ar
  Description: 
Error de autenticación previa de Kerberos.

Información de cuenta:
	Id. de seguridad:		S-1-5-21-1171290785-409082668-1575050150-42987
	Nombre de cuenta:		cegomez

Información de servicio:
	Nombre de servicio:		krbtgt/CLIBA.COM.AR

Información de red:
	Dirección de cliente:		::ffff:172.19.65.30
	Puerto de cliente:		62646

Información adicional:
	Opciones de vale:		0x40810010
	Código de error:		0x18
	Tipo de autenticación previa:	2

Información de certificado:
	Nombre de emisor de certificado:		
	Número de serie de certificado: 	
	Huella digital de certificado:		

La información de certificado solo se proporciona si se usó un certificado para la autenticación previa.

Los tipos de autenticación previa, las opciones de vale y los códigos de error se definen en RFC 4120.

Si el vale estaba mal formado o resultó dañado durante el tránsito y no se pudo descifrar, es posible que muchos campos de este evento no estén presentes.

Event[829]:
  Log Name: Security
  Source: Microsoft-Windows-Security-Auditing
  Date: 2024-08-08T05:20:07.088
  Event ID: 4625
  Task: Logon
  Level: Información
  Opcode: Información
  Keyword: Error de auditoría
  User: N/A
  User Name: N/A
  Computer: CLIBAAD01.cliba.com.ar
  Description: 
Error de una cuenta al iniciar sesión.

Sujeto:
	Id. de seguridad:		S-1-0-0
	Nombre de cuenta:		-
	Dominio de cuenta:		-
	Id. de inicio de sesión:		0x0

Tipo de inicio de sesión:			3

Cuenta con error de inicio de sesión: 
	Id. de seguridad:		S-1-0-0
	Nombre de cuenta:		NGISSARA_ADMIN
	Dominio de cuenta:		CLIBA

Información de error:
	Motivo del error:		Nombre de usuario desconocido o contraseña incorrecta
	Estado:			0xC000006D
	Subestado:		0xC0000064

Información de proceso:
	Id. de proceso del autor de la llamada:	0x0
	Nombre de proceso del autor de la llamada:	-

Información de red:
	Nombre de estación de trabajo:	PROMISCCM2019
	Dirección de red de origen:	172.16.1.198
	Puerto de origen:		60334

Información de autenticación detallada:
	Proceso de inicio de sesión:		NtLmSsp 
	Paquete de autenticación:	NTLM
	Servicios transitados:	-
	Nombre de paquete (solo NTLM):	-
	Longitud de clave:	0

Este evento se genera cuando se produce un error en una solicitud de inicio de sesión. Lo genera el equipo al que se intentó tener acceso.

Los campos de sujeto indican la cuenta del sistema local que solicitó el inicio de sesión. Suele ser un servicio como el servicio de servidor o un proceso local como Winlogon.exe o Services.exe.

El campo Tipo de inicio de sesión indica la clase de inicio de sesión que se solicitó. Los tipos más comunes son 2 (interactivo) y 3 (red).

Los campos Información de proceso indican la cuenta y el proceso en el sistema que solicitó el inicio de sesión.

Los campos Información de red indican dónde se originó una solicitud de inicio de sesión remota. Nombre de estación de trabajo no está siempre disponible y se puede dejar en blanco en algunos casos.

Los campos de información de autenticación proporcionan información detallada sobre esta solicitud de inicio de sesión específica.
	- Servicios transitados indica los servicios intermedios que participaron en esta solicitud de inicio de sesión.
	- Nombre de paquete indica el subprotocolo que se usó entre los protocolos NTLM.
	- Longitud de clave indica la longitud de la clave de sesión generada. Será 0 si no se solicitó una clave de sesión.

Event[830]:
  Log Name: Security
  Source: Microsoft-Windows-Security-Auditing
  Date: 2024-08-08T05:18:57.258
  Event ID: 4771
  Task: Kerberos Authentication Service
  Level: Información
  Opcode: Información
  Keyword: Error de auditoría
  User: N/A
  User Name: N/A
  Computer: CLIBAAD01.cliba.com.ar
  Description: 
Error de autenticación previa de Kerberos.

Información de cuenta:
	Id. de seguridad:		S-1-5-21-1171290785-409082668-1575050150-42987
	Nombre de cuenta:		cegomez

Información de servicio:
	Nombre de servicio:		krbtgt/CLIBA.COM.AR

Información de red:
	Dirección de cliente:		::ffff:172.19.65.30
	Puerto de cliente:		62632

Información adicional:
	Opciones de vale:		0x40810010
	Código de error:		0x18
	Tipo de autenticación previa:	2

Información de certificado:
	Nombre de emisor de certificado:		
	Número de serie de certificado: 	
	Huella digital de certificado:		

La información de certificado solo se proporciona si se usó un certificado para la autenticación previa.

Los tipos de autenticación previa, las opciones de vale y los códigos de error se definen en RFC 4120.

Si el vale estaba mal formado o resultó dañado durante el tránsito y no se pudo descifrar, es posible que muchos campos de este evento no estén presentes.

Event[831]:
  Log Name: Security
  Source: Microsoft-Windows-Security-Auditing
  Date: 2024-08-08T05:18:57.143
  Event ID: 4771
  Task: Kerberos Authentication Service
  Level: Información
  Opcode: Información
  Keyword: Error de auditoría
  User: N/A
  User Name: N/A
  Computer: CLIBAAD01.cliba.com.ar
  Description: 
Error de autenticación previa de Kerberos.

Información de cuenta:
	Id. de seguridad:		S-1-5-21-1171290785-409082668-1575050150-42987
	Nombre de cuenta:		cegomez

Información de servicio:
	Nombre de servicio:		krbtgt/CLIBA.COM.AR

Información de red:
	Dirección de cliente:		::ffff:172.19.65.30
	Puerto de cliente:		62630

Información adicional:
	Opciones de vale:		0x40810010
	Código de error:		0x18
	Tipo de autenticación previa:	2

Información de certificado:
	Nombre de emisor de certificado:		
	Número de serie de certificado: 	
	Huella digital de certificado:		

La información de certificado solo se proporciona si se usó un certificado para la autenticación previa.

Los tipos de autenticación previa, las opciones de vale y los códigos de error se definen en RFC 4120.

Si el vale estaba mal formado o resultó dañado durante el tránsito y no se pudo descifrar, es posible que muchos campos de este evento no estén presentes.

Event[832]:
  Log Name: Security
  Source: Microsoft-Windows-Security-Auditing
  Date: 2024-08-08T05:16:56.856
  Event ID: 4771
  Task: Kerberos Authentication Service
  Level: Información
  Opcode: Información
  Keyword: Error de auditoría
  User: N/A
  User Name: N/A
  Computer: CLIBAAD01.cliba.com.ar
  Description: 
Error de autenticación previa de Kerberos.

Información de cuenta:
	Id. de seguridad:		S-1-5-21-1171290785-409082668-1575050150-42987
	Nombre de cuenta:		cegomez

Información de servicio:
	Nombre de servicio:		krbtgt/CLIBA.COM.AR

Información de red:
	Dirección de cliente:		::ffff:172.19.65.30
	Puerto de cliente:		62617

Información adicional:
	Opciones de vale:		0x40810010
	Código de error:		0x18
	Tipo de autenticación previa:	2

Información de certificado:
	Nombre de emisor de certificado:		
	Número de serie de certificado: 	
	Huella digital de certificado:		

La información de certificado solo se proporciona si se usó un certificado para la autenticación previa.

Los tipos de autenticación previa, las opciones de vale y los códigos de error se definen en RFC 4120.

Si el vale estaba mal formado o resultó dañado durante el tránsito y no se pudo descifrar, es posible que muchos campos de este evento no estén presentes.

Event[833]:
  Log Name: Security
  Source: Microsoft-Windows-Security-Auditing
  Date: 2024-08-08T05:16:56.745
  Event ID: 4771
  Task: Kerberos Authentication Service
  Level: Información
  Opcode: Información
  Keyword: Error de auditoría
  User: N/A
  User Name: N/A
  Computer: CLIBAAD01.cliba.com.ar
  Description: 
Error de autenticación previa de Kerberos.

Información de cuenta:
	Id. de seguridad:		S-1-5-21-1171290785-409082668-1575050150-42987
	Nombre de cuenta:		cegomez

Información de servicio:
	Nombre de servicio:		krbtgt/CLIBA.COM.AR

Información de red:
	Dirección de cliente:		::ffff:172.19.65.30
	Puerto de cliente:		62615

Información adicional:
	Opciones de vale:		0x40810010
	Código de error:		0x18
	Tipo de autenticación previa:	2

Información de certificado:
	Nombre de emisor de certificado:		
	Número de serie de certificado: 	
	Huella digital de certificado:		

La información de certificado solo se proporciona si se usó un certificado para la autenticación previa.

Los tipos de autenticación previa, las opciones de vale y los códigos de error se definen en RFC 4120.

Si el vale estaba mal formado o resultó dañado durante el tránsito y no se pudo descifrar, es posible que muchos campos de este evento no estén presentes.

Event[834]:
  Log Name: Security
  Source: Microsoft-Windows-Security-Auditing
  Date: 2024-08-08T05:15:56.252
  Event ID: 4771
  Task: Kerberos Authentication Service
  Level: Información
  Opcode: Información
  Keyword: Error de auditoría
  User: N/A
  User Name: N/A
  Computer: CLIBAAD01.cliba.com.ar
  Description: 
Error de autenticación previa de Kerberos.

Información de cuenta:
	Id. de seguridad:		S-1-5-21-1171290785-409082668-1575050150-42987
	Nombre de cuenta:		cegomez

Información de servicio:
	Nombre de servicio:		krbtgt/CLIBA.COM.AR

Información de red:
	Dirección de cliente:		::ffff:172.19.65.30
	Puerto de cliente:		62611

Información adicional:
	Opciones de vale:		0x40810010
	Código de error:		0x18
	Tipo de autenticación previa:	2

Información de certificado:
	Nombre de emisor de certificado:		
	Número de serie de certificado: 	
	Huella digital de certificado:		

La información de certificado solo se proporciona si se usó un certificado para la autenticación previa.

Los tipos de autenticación previa, las opciones de vale y los códigos de error se definen en RFC 4120.

Si el vale estaba mal formado o resultó dañado durante el tránsito y no se pudo descifrar, es posible que muchos campos de este evento no estén presentes.

Event[835]:
  Log Name: Security
  Source: Microsoft-Windows-Security-Auditing
  Date: 2024-08-08T05:15:56.141
  Event ID: 4771
  Task: Kerberos Authentication Service
  Level: Información
  Opcode: Información
  Keyword: Error de auditoría
  User: N/A
  User Name: N/A
  Computer: CLIBAAD01.cliba.com.ar
  Description: 
Error de autenticación previa de Kerberos.

Información de cuenta:
	Id. de seguridad:		S-1-5-21-1171290785-409082668-1575050150-42987
	Nombre de cuenta:		cegomez

Información de servicio:
	Nombre de servicio:		krbtgt/CLIBA.COM.AR

Información de red:
	Dirección de cliente:		::ffff:172.19.65.30
	Puerto de cliente:		62609

Información adicional:
	Opciones de vale:		0x40810010
	Código de error:		0x18
	Tipo de autenticación previa:	2

Información de certificado:
	Nombre de emisor de certificado:		
	Número de serie de certificado: 	
	Huella digital de certificado:		

La información de certificado solo se proporciona si se usó un certificado para la autenticación previa.

Los tipos de autenticación previa, las opciones de vale y los códigos de error se definen en RFC 4120.

Si el vale estaba mal formado o resultó dañado durante el tránsito y no se pudo descifrar, es posible que muchos campos de este evento no estén presentes.

Event[836]:
  Log Name: Security
  Source: Microsoft-Windows-Security-Auditing
  Date: 2024-08-08T05:15:06.943
  Event ID: 4625
  Task: Logon
  Level: Información
  Opcode: Información
  Keyword: Error de auditoría
  User: N/A
  User Name: N/A
  Computer: CLIBAAD01.cliba.com.ar
  Description: 
Error de una cuenta al iniciar sesión.

Sujeto:
	Id. de seguridad:		S-1-0-0
	Nombre de cuenta:		-
	Dominio de cuenta:		-
	Id. de inicio de sesión:		0x0

Tipo de inicio de sesión:			3

Cuenta con error de inicio de sesión: 
	Id. de seguridad:		S-1-0-0
	Nombre de cuenta:		NGISSARA_ADMIN
	Dominio de cuenta:		CLIBA

Información de error:
	Motivo del error:		Nombre de usuario desconocido o contraseña incorrecta
	Estado:			0xC000006D
	Subestado:		0xC0000064

Información de proceso:
	Id. de proceso del autor de la llamada:	0x0
	Nombre de proceso del autor de la llamada:	-

Información de red:
	Nombre de estación de trabajo:	PROMISCCM2019
	Dirección de red de origen:	172.16.1.198
	Puerto de origen:		60057

Información de autenticación detallada:
	Proceso de inicio de sesión:		NtLmSsp 
	Paquete de autenticación:	NTLM
	Servicios transitados:	-
	Nombre de paquete (solo NTLM):	-
	Longitud de clave:	0

Este evento se genera cuando se produce un error en una solicitud de inicio de sesión. Lo genera el equipo al que se intentó tener acceso.

Los campos de sujeto indican la cuenta del sistema local que solicitó el inicio de sesión. Suele ser un servicio como el servicio de servidor o un proceso local como Winlogon.exe o Services.exe.

El campo Tipo de inicio de sesión indica la clase de inicio de sesión que se solicitó. Los tipos más comunes son 2 (interactivo) y 3 (red).

Los campos Información de proceso indican la cuenta y el proceso en el sistema que solicitó el inicio de sesión.

Los campos Información de red indican dónde se originó una solicitud de inicio de sesión remota. Nombre de estación de trabajo no está siempre disponible y se puede dejar en blanco en algunos casos.

Los campos de información de autenticación proporcionan información detallada sobre esta solicitud de inicio de sesión específica.
	- Servicios transitados indica los servicios intermedios que participaron en esta solicitud de inicio de sesión.
	- Nombre de paquete indica el subprotocolo que se usó entre los protocolos NTLM.
	- Longitud de clave indica la longitud de la clave de sesión generada. Será 0 si no se solicitó una clave de sesión.

Event[837]:
  Log Name: Security
  Source: Microsoft-Windows-Security-Auditing
  Date: 2024-08-08T05:12:05.165
  Event ID: 4771
  Task: Kerberos Authentication Service
  Level: Información
  Opcode: Información
  Keyword: Error de auditoría
  User: N/A
  User Name: N/A
  Computer: CLIBAAD01.cliba.com.ar
  Description: 
Error de autenticación previa de Kerberos.

Información de cuenta:
	Id. de seguridad:		S-1-5-21-1171290785-409082668-1575050150-42987
	Nombre de cuenta:		cegomez

Información de servicio:
	Nombre de servicio:		krbtgt/CLIBA.COM.AR

Información de red:
	Dirección de cliente:		::ffff:172.19.65.30
	Puerto de cliente:		62595

Información adicional:
	Opciones de vale:		0x40810010
	Código de error:		0x18
	Tipo de autenticación previa:	2

Información de certificado:
	Nombre de emisor de certificado:		
	Número de serie de certificado: 	
	Huella digital de certificado:		

La información de certificado solo se proporciona si se usó un certificado para la autenticación previa.

Los tipos de autenticación previa, las opciones de vale y los códigos de error se definen en RFC 4120.

Si el vale estaba mal formado o resultó dañado durante el tránsito y no se pudo descifrar, es posible que muchos campos de este evento no estén presentes.

Event[838]:
  Log Name: Security
  Source: Microsoft-Windows-Security-Auditing
  Date: 2024-08-08T05:12:04.925
  Event ID: 4771
  Task: Kerberos Authentication Service
  Level: Información
  Opcode: Información
  Keyword: Error de auditoría
  User: N/A
  User Name: N/A
  Computer: CLIBAAD01.cliba.com.ar
  Description: 
Error de autenticación previa de Kerberos.

Información de cuenta:
	Id. de seguridad:		S-1-5-21-1171290785-409082668-1575050150-42987
	Nombre de cuenta:		cegomez

Información de servicio:
	Nombre de servicio:		krbtgt/CLIBA.COM.AR

Información de red:
	Dirección de cliente:		::ffff:172.19.65.30
	Puerto de cliente:		62593

Información adicional:
	Opciones de vale:		0x40810010
	Código de error:		0x18
	Tipo de autenticación previa:	2

Información de certificado:
	Nombre de emisor de certificado:		
	Número de serie de certificado: 	
	Huella digital de certificado:		

La información de certificado solo se proporciona si se usó un certificado para la autenticación previa.

Los tipos de autenticación previa, las opciones de vale y los códigos de error se definen en RFC 4120.

Si el vale estaba mal formado o resultó dañado durante el tránsito y no se pudo descifrar, es posible que muchos campos de este evento no estén presentes.

Event[839]:
  Log Name: Security
  Source: Microsoft-Windows-Security-Auditing
  Date: 2024-08-08T05:10:07.271
  Event ID: 4625
  Task: Logon
  Level: Información
  Opcode: Información
  Keyword: Error de auditoría
  User: N/A
  User Name: N/A
  Computer: CLIBAAD01.cliba.com.ar
  Description: 
Error de una cuenta al iniciar sesión.

Sujeto:
	Id. de seguridad:		S-1-0-0
	Nombre de cuenta:		-
	Dominio de cuenta:		-
	Id. de inicio de sesión:		0x0

Tipo de inicio de sesión:			3

Cuenta con error de inicio de sesión: 
	Id. de seguridad:		S-1-0-0
	Nombre de cuenta:		NGISSARA_ADMIN
	Dominio de cuenta:		CLIBA

Información de error:
	Motivo del error:		Nombre de usuario desconocido o contraseña incorrecta
	Estado:			0xC000006D
	Subestado:		0xC0000064

Información de proceso:
	Id. de proceso del autor de la llamada:	0x0
	Nombre de proceso del autor de la llamada:	-

Información de red:
	Nombre de estación de trabajo:	PROMISCCM2019
	Dirección de red de origen:	172.16.1.198
	Puerto de origen:		59810

Información de autenticación detallada:
	Proceso de inicio de sesión:		NtLmSsp 
	Paquete de autenticación:	NTLM
	Servicios transitados:	-
	Nombre de paquete (solo NTLM):	-
	Longitud de clave:	0

Este evento se genera cuando se produce un error en una solicitud de inicio de sesión. Lo genera el equipo al que se intentó tener acceso.

Los campos de sujeto indican la cuenta del sistema local que solicitó el inicio de sesión. Suele ser un servicio como el servicio de servidor o un proceso local como Winlogon.exe o Services.exe.

El campo Tipo de inicio de sesión indica la clase de inicio de sesión que se solicitó. Los tipos más comunes son 2 (interactivo) y 3 (red).

Los campos Información de proceso indican la cuenta y el proceso en el sistema que solicitó el inicio de sesión.

Los campos Información de red indican dónde se originó una solicitud de inicio de sesión remota. Nombre de estación de trabajo no está siempre disponible y se puede dejar en blanco en algunos casos.

Los campos de información de autenticación proporcionan información detallada sobre esta solicitud de inicio de sesión específica.
	- Servicios transitados indica los servicios intermedios que participaron en esta solicitud de inicio de sesión.
	- Nombre de paquete indica el subprotocolo que se usó entre los protocolos NTLM.
	- Longitud de clave indica la longitud de la clave de sesión generada. Será 0 si no se solicitó una clave de sesión.

Event[840]:
  Log Name: Security
  Source: Microsoft-Windows-Security-Auditing
  Date: 2024-08-08T05:10:00.231
  Event ID: 4771
  Task: Kerberos Authentication Service
  Level: Información
  Opcode: Información
  Keyword: Error de auditoría
  User: N/A
  User Name: N/A
  Computer: CLIBAAD01.cliba.com.ar
  Description: 
Error de autenticación previa de Kerberos.

Información de cuenta:
	Id. de seguridad:		S-1-5-21-1171290785-409082668-1575050150-42987
	Nombre de cuenta:		cegomez

Información de servicio:
	Nombre de servicio:		krbtgt/CLIBA.COM.AR

Información de red:
	Dirección de cliente:		::ffff:172.19.65.30
	Puerto de cliente:		62582

Información adicional:
	Opciones de vale:		0x40810010
	Código de error:		0x18
	Tipo de autenticación previa:	2

Información de certificado:
	Nombre de emisor de certificado:		
	Número de serie de certificado: 	
	Huella digital de certificado:		

La información de certificado solo se proporciona si se usó un certificado para la autenticación previa.

Los tipos de autenticación previa, las opciones de vale y los códigos de error se definen en RFC 4120.

Si el vale estaba mal formado o resultó dañado durante el tránsito y no se pudo descifrar, es posible que muchos campos de este evento no estén presentes.

Event[841]:
  Log Name: Security
  Source: Microsoft-Windows-Security-Auditing
  Date: 2024-08-08T05:10:00.116
  Event ID: 4771
  Task: Kerberos Authentication Service
  Level: Información
  Opcode: Información
  Keyword: Error de auditoría
  User: N/A
  User Name: N/A
  Computer: CLIBAAD01.cliba.com.ar
  Description: 
Error de autenticación previa de Kerberos.

Información de cuenta:
	Id. de seguridad:		S-1-5-21-1171290785-409082668-1575050150-42987
	Nombre de cuenta:		cegomez

Información de servicio:
	Nombre de servicio:		krbtgt/CLIBA.COM.AR

Información de red:
	Dirección de cliente:		::ffff:172.19.65.30
	Puerto de cliente:		62580

Información adicional:
	Opciones de vale:		0x40810010
	Código de error:		0x18
	Tipo de autenticación previa:	2

Información de certificado:
	Nombre de emisor de certificado:		
	Número de serie de certificado: 	
	Huella digital de certificado:		

La información de certificado solo se proporciona si se usó un certificado para la autenticación previa.

Los tipos de autenticación previa, las opciones de vale y los códigos de error se definen en RFC 4120.

Si el vale estaba mal formado o resultó dañado durante el tránsito y no se pudo descifrar, es posible que muchos campos de este evento no estén presentes.

Event[842]:
