  Log Name: Security
  Source: Microsoft-Windows-Security-Auditing
  Date: 2024-08-08T06:00:07.464
  Event ID: 4625
  Task: Logon
  Level: Información
  Opcode: Información
  Keyword: Error de auditoría
  User: N/A
  User Name: N/A
  Computer: CLIBAAD01.cliba.com.ar
  Description: 
Error de una cuenta al iniciar sesión.

Sujeto:
	Id. de seguridad:		S-1-0-0
	Nombre de cuenta:		-
	Dominio de cuenta:		-
	Id. de inicio de sesión:		0x0

Tipo de inicio de sesión:			3

Cuenta con error de inicio de sesión: 
	Id. de seguridad:		S-1-0-0
	Nombre de cuenta:		NGISSARA_ADMIN
	Dominio de cuenta:		CLIBA

Información de error:
	Motivo del error:		Nombre de usuario desconocido o contraseña incorrecta
	Estado:			0xC000006D
	Subestado:		0xC0000064

Información de proceso:
	Id. de proceso del autor de la llamada:	0x0
	Nombre de proceso del autor de la llamada:	-

Información de red:
	Nombre de estación de trabajo:	PROMISCCM2019
	Dirección de red de origen:	172.16.1.198
	Puerto de origen:		62497

Información de autenticación detallada:
	Proceso de inicio de sesión:		NtLmSsp 
	Paquete de autenticación:	NTLM
	Servicios transitados:	-
	Nombre de paquete (solo NTLM):	-
	Longitud de clave:	0

Este evento se genera cuando se produce un error en una solicitud de inicio de sesión. Lo genera el equipo al que se intentó tener acceso.

Los campos de sujeto indican la cuenta del sistema local que solicitó el inicio de sesión. Suele ser un servicio como el servicio de servidor o un proceso local como Winlogon.exe o Services.exe.

El campo Tipo de inicio de sesión indica la clase de inicio de sesión que se solicitó. Los tipos más comunes son 2 (interactivo) y 3 (red).

Los campos Información de proceso indican la cuenta y el proceso en el sistema que solicitó el inicio de sesión.

Los campos Información de red indican dónde se originó una solicitud de inicio de sesión remota. Nombre de estación de trabajo no está siempre disponible y se puede dejar en blanco en algunos casos.

Los campos de información de autenticación proporcionan información detallada sobre esta solicitud de inicio de sesión específica.
	- Servicios transitados indica los servicios intermedios que participaron en esta solicitud de inicio de sesión.
	- Nombre de paquete indica el subprotocolo que se usó entre los protocolos NTLM.
	- Longitud de clave indica la longitud de la clave de sesión generada. Será 0 si no se solicitó una clave de sesión.

Event[774]:
  Log Name: Security
  Source: Microsoft-Windows-Security-Auditing
  Date: 2024-08-08T05:58:03.970
  Event ID: 4771
  Task: Kerberos Authentication Service
  Level: Información
  Opcode: Información
  Keyword: Error de auditoría
  User: N/A
  User Name: N/A
  Computer: CLIBAAD01.cliba.com.ar
  Description: 
Error de autenticación previa de Kerberos.

Información de cuenta:
	Id. de seguridad:		S-1-5-21-1171290785-409082668-1575050150-42987
	Nombre de cuenta:		cegomez

Información de servicio:
	Nombre de servicio:		krbtgt/CLIBA.COM.AR

Información de red:
	Dirección de cliente:		::ffff:172.19.65.30
	Puerto de cliente:		62844

Información adicional:
	Opciones de vale:		0x40810010
	Código de error:		0x18
	Tipo de autenticación previa:	2

Información de certificado:
	Nombre de emisor de certificado:		
	Número de serie de certificado: 	
	Huella digital de certificado:		

La información de certificado solo se proporciona si se usó un certificado para la autenticación previa.

Los tipos de autenticación previa, las opciones de vale y los códigos de error se definen en RFC 4120.

Si el vale estaba mal formado o resultó dañado durante el tránsito y no se pudo descifrar, es posible que muchos campos de este evento no estén presentes.

Event[775]:
  Log Name: Security
  Source: Microsoft-Windows-Security-Auditing
  Date: 2024-08-08T05:58:03.849
  Event ID: 4771
  Task: Kerberos Authentication Service
  Level: Información
  Opcode: Información
  Keyword: Error de auditoría
  User: N/A
  User Name: N/A
  Computer: CLIBAAD01.cliba.com.ar
  Description: 
Error de autenticación previa de Kerberos.

Información de cuenta:
	Id. de seguridad:		S-1-5-21-1171290785-409082668-1575050150-42987
	Nombre de cuenta:		cegomez

Información de servicio:
	Nombre de servicio:		krbtgt/CLIBA.COM.AR

Información de red:
	Dirección de cliente:		::ffff:172.19.65.30
	Puerto de cliente:		62842

Información adicional:
	Opciones de vale:		0x40810010
	Código de error:		0x18
	Tipo de autenticación previa:	2

Información de certificado:
	Nombre de emisor de certificado:		
	Número de serie de certificado: 	
	Huella digital de certificado:		

La información de certificado solo se proporciona si se usó un certificado para la autenticación previa.

Los tipos de autenticación previa, las opciones de vale y los códigos de error se definen en RFC 4120.

Si el vale estaba mal formado o resultó dañado durante el tránsito y no se pudo descifrar, es posible que muchos campos de este evento no estén presentes.

Event[776]:
  Log Name: Security
  Source: Microsoft-Windows-Security-Auditing
  Date: 2024-08-08T05:57:54.642
  Event ID: 4771
  Task: Kerberos Authentication Service
  Level: Información
  Opcode: Información
  Keyword: Error de auditoría
  User: N/A
  User Name: N/A
  Computer: CLIBAAD01.cliba.com.ar
  Description: 
Error de autenticación previa de Kerberos.

Información de cuenta:
	Id. de seguridad:		S-1-5-21-1171290785-409082668-1575050150-43006
	Nombre de cuenta:		ffernandez_admin

Información de servicio:
	Nombre de servicio:		krbtgt/CLIBA.COM.AR

Información de red:
	Dirección de cliente:		::ffff:172.19.26.112
	Puerto de cliente:		60571

Información adicional:
	Opciones de vale:		0x40810010
	Código de error:		0x18
	Tipo de autenticación previa:	2

Información de certificado:
	Nombre de emisor de certificado:		
	Número de serie de certificado: 	
	Huella digital de certificado:		

La información de certificado solo se proporciona si se usó un certificado para la autenticación previa.

Los tipos de autenticación previa, las opciones de vale y los códigos de error se definen en RFC 4120.

Si el vale estaba mal formado o resultó dañado durante el tránsito y no se pudo descifrar, es posible que muchos campos de este evento no estén presentes.

Event[777]:
  Log Name: Security
  Source: Microsoft-Windows-Security-Auditing
  Date: 2024-08-08T05:57:54.642
  Event ID: 4771
  Task: Kerberos Authentication Service
  Level: Información
  Opcode: Información
  Keyword: Error de auditoría
  User: N/A
  User Name: N/A
  Computer: CLIBAAD01.cliba.com.ar
  Description: 
Error de autenticación previa de Kerberos.

Información de cuenta:
	Id. de seguridad:		S-1-5-21-1171290785-409082668-1575050150-43006
	Nombre de cuenta:		ffernandez_admin

Información de servicio:
	Nombre de servicio:		krbtgt/CLIBA.COM.AR

Información de red:
	Dirección de cliente:		::ffff:172.19.26.112
	Puerto de cliente:		60570

Información adicional:
	Opciones de vale:		0x40810010
	Código de error:		0x18
	Tipo de autenticación previa:	2

Información de certificado:
	Nombre de emisor de certificado:		
	Número de serie de certificado: 	
	Huella digital de certificado:		

La información de certificado solo se proporciona si se usó un certificado para la autenticación previa.

Los tipos de autenticación previa, las opciones de vale y los códigos de error se definen en RFC 4120.

Si el vale estaba mal formado o resultó dañado durante el tránsito y no se pudo descifrar, es posible que muchos campos de este evento no estén presentes.

Event[778]:
  Log Name: Security
  Source: Microsoft-Windows-Security-Auditing
  Date: 2024-08-08T05:57:54.483
  Event ID: 4771
  Task: Kerberos Authentication Service
  Level: Información
  Opcode: Información
  Keyword: Error de auditoría
  User: N/A
  User Name: N/A
  Computer: CLIBAAD01.cliba.com.ar
  Description: 
Error de autenticación previa de Kerberos.

Información de cuenta:
	Id. de seguridad:		S-1-5-21-1171290785-409082668-1575050150-43006
	Nombre de cuenta:		ffernandez_admin

Información de servicio:
	Nombre de servicio:		krbtgt/CLIBA.COM.AR

Información de red:
	Dirección de cliente:		::ffff:172.19.26.112
	Puerto de cliente:		60565

Información adicional:
	Opciones de vale:		0x40810010
	Código de error:		0x18
	Tipo de autenticación previa:	2

Información de certificado:
	Nombre de emisor de certificado:		
	Número de serie de certificado: 	
	Huella digital de certificado:		

La información de certificado solo se proporciona si se usó un certificado para la autenticación previa.

Los tipos de autenticación previa, las opciones de vale y los códigos de error se definen en RFC 4120.

Si el vale estaba mal formado o resultó dañado durante el tránsito y no se pudo descifrar, es posible que muchos campos de este evento no estén presentes.

Event[779]:
  Log Name: Security
  Source: Microsoft-Windows-Security-Auditing
  Date: 2024-08-08T05:57:54.330
  Event ID: 4771
  Task: Kerberos Authentication Service
  Level: Información
  Opcode: Información
  Keyword: Error de auditoría
  User: N/A
  User Name: N/A
  Computer: CLIBAAD01.cliba.com.ar
  Description: 
Error de autenticación previa de Kerberos.

Información de cuenta:
	Id. de seguridad:		S-1-5-21-1171290785-409082668-1575050150-43006
	Nombre de cuenta:		ffernandez_admin

Información de servicio:
	Nombre de servicio:		krbtgt/CLIBA.COM.AR

Información de red:
	Dirección de cliente:		::ffff:172.19.26.112
	Puerto de cliente:		60562

Información adicional:
	Opciones de vale:		0x40810010
	Código de error:		0x18
	Tipo de autenticación previa:	2

Información de certificado:
	Nombre de emisor de certificado:		
	Número de serie de certificado: 	
	Huella digital de certificado:		

La información de certificado solo se proporciona si se usó un certificado para la autenticación previa.

Los tipos de autenticación previa, las opciones de vale y los códigos de error se definen en RFC 4120.

Si el vale estaba mal formado o resultó dañado durante el tránsito y no se pudo descifrar, es posible que muchos campos de este evento no estén presentes.

Event[780]:
  Log Name: Security
  Source: Microsoft-Windows-Security-Auditing
  Date: 2024-08-08T05:57:54.318
  Event ID: 4771
  Task: Kerberos Authentication Service
  Level: Información
  Opcode: Información
  Keyword: Error de auditoría
  User: N/A
  User Name: N/A
  Computer: CLIBAAD01.cliba.com.ar
  Description: 
Error de autenticación previa de Kerberos.

Información de cuenta:
	Id. de seguridad:		S-1-5-21-1171290785-409082668-1575050150-43006
	Nombre de cuenta:		ffernandez_admin

Información de servicio:
	Nombre de servicio:		krbtgt/CLIBA.COM.AR

Información de red:
	Dirección de cliente:		::ffff:172.19.26.112
	Puerto de cliente:		60559

Información adicional:
	Opciones de vale:		0x40810010
	Código de error:		0x18
	Tipo de autenticación previa:	2

Información de certificado:
	Nombre de emisor de certificado:		
	Número de serie de certificado: 	
	Huella digital de certificado:		

La información de certificado solo se proporciona si se usó un certificado para la autenticación previa.

Los tipos de autenticación previa, las opciones de vale y los códigos de error se definen en RFC 4120.

Si el vale estaba mal formado o resultó dañado durante el tránsito y no se pudo descifrar, es posible que muchos campos de este evento no estén presentes.

Event[781]:
  Log Name: Security
  Source: Microsoft-Windows-Security-Auditing
  Date: 2024-08-08T05:57:54.317
  Event ID: 4771
  Task: Kerberos Authentication Service
  Level: Información
  Opcode: Información
  Keyword: Error de auditoría
  User: N/A
  User Name: N/A
  Computer: CLIBAAD01.cliba.com.ar
  Description: 
Error de autenticación previa de Kerberos.

Información de cuenta:
	Id. de seguridad:		S-1-5-21-1171290785-409082668-1575050150-43006
	Nombre de cuenta:		ffernandez_admin

Información de servicio:
	Nombre de servicio:		krbtgt/CLIBA.COM.AR

Información de red:
	Dirección de cliente:		::ffff:172.19.26.112
	Puerto de cliente:		60558

Información adicional:
	Opciones de vale:		0x40810010
	Código de error:		0x18
	Tipo de autenticación previa:	2

Información de certificado:
	Nombre de emisor de certificado:		
	Número de serie de certificado: 	
	Huella digital de certificado:		

La información de certificado solo se proporciona si se usó un certificado para la autenticación previa.

Los tipos de autenticación previa, las opciones de vale y los códigos de error se definen en RFC 4120.

Si el vale estaba mal formado o resultó dañado durante el tránsito y no se pudo descifrar, es posible que muchos campos de este evento no estén presentes.

Event[782]:
  Log Name: Security
  Source: Microsoft-Windows-Security-Auditing
  Date: 2024-08-08T05:57:54.317
  Event ID: 4771
  Task: Kerberos Authentication Service
  Level: Información
  Opcode: Información
  Keyword: Error de auditoría
  User: N/A
  User Name: N/A
  Computer: CLIBAAD01.cliba.com.ar
  Description: 
Error de autenticación previa de Kerberos.

Información de cuenta:
	Id. de seguridad:		S-1-5-21-1171290785-409082668-1575050150-43006
	Nombre de cuenta:		ffernandez_admin

Información de servicio:
	Nombre de servicio:		krbtgt/CLIBA.COM.AR

Información de red:
	Dirección de cliente:		::ffff:172.19.26.112
	Puerto de cliente:		60556

Información adicional:
	Opciones de vale:		0x40810010
	Código de error:		0x18
	Tipo de autenticación previa:	2

Información de certificado:
	Nombre de emisor de certificado:		
	Número de serie de certificado: 	
	Huella digital de certificado:		

La información de certificado solo se proporciona si se usó un certificado para la autenticación previa.

Los tipos de autenticación previa, las opciones de vale y los códigos de error se definen en RFC 4120.

Si el vale estaba mal formado o resultó dañado durante el tránsito y no se pudo descifrar, es posible que muchos campos de este evento no estén presentes.

Event[783]:
  Log Name: Security
  Source: Microsoft-Windows-Security-Auditing
  Date: 2024-08-08T05:57:54.317
  Event ID: 4771
  Task: Kerberos Authentication Service
  Level: Información
  Opcode: Información
  Keyword: Error de auditoría
  User: N/A
  User Name: N/A
  Computer: CLIBAAD01.cliba.com.ar
  Description: 
Error de autenticación previa de Kerberos.

Información de cuenta:
	Id. de seguridad:		S-1-5-21-1171290785-409082668-1575050150-43006
	Nombre de cuenta:		ffernandez_admin

Información de servicio:
	Nombre de servicio:		krbtgt/CLIBA.COM.AR

Información de red:
	Dirección de cliente:		::ffff:172.19.26.112
	Puerto de cliente:		60557

Información adicional:
	Opciones de vale:		0x40810010
	Código de error:		0x18
	Tipo de autenticación previa:	2

Información de certificado:
	Nombre de emisor de certificado:		
	Número de serie de certificado: 	
	Huella digital de certificado:		

La información de certificado solo se proporciona si se usó un certificado para la autenticación previa.

Los tipos de autenticación previa, las opciones de vale y los códigos de error se definen en RFC 4120.

Si el vale estaba mal formado o resultó dañado durante el tránsito y no se pudo descifrar, es posible que muchos campos de este evento no estén presentes.

Event[784]:
  Log Name: Security
  Source: Microsoft-Windows-Security-Auditing
  Date: 2024-08-08T05:56:00.889
  Event ID: 4771
  Task: Kerberos Authentication Service
  Level: Información
  Opcode: Información
  Keyword: Error de auditoría
  User: N/A
  User Name: N/A
  Computer: CLIBAAD01.cliba.com.ar
  Description: 
Error de autenticación previa de Kerberos.

Información de cuenta:
	Id. de seguridad:		S-1-5-21-1171290785-409082668-1575050150-42987
	Nombre de cuenta:		cegomez

Información de servicio:
	Nombre de servicio:		krbtgt/CLIBA.COM.AR

Información de red:
	Dirección de cliente:		::ffff:172.19.65.30
	Puerto de cliente:		62834

Información adicional:
	Opciones de vale:		0x40810010
	Código de error:		0x18
	Tipo de autenticación previa:	2

Información de certificado:
	Nombre de emisor de certificado:		
	Número de serie de certificado: 	
	Huella digital de certificado:		

La información de certificado solo se proporciona si se usó un certificado para la autenticación previa.

Los tipos de autenticación previa, las opciones de vale y los códigos de error se definen en RFC 4120.

Si el vale estaba mal formado o resultó dañado durante el tránsito y no se pudo descifrar, es posible que muchos campos de este evento no estén presentes.

Event[785]:
  Log Name: Security
  Source: Microsoft-Windows-Security-Auditing
  Date: 2024-08-08T05:56:00.778
  Event ID: 4771
  Task: Kerberos Authentication Service
  Level: Información
  Opcode: Información
  Keyword: Error de auditoría
  User: N/A
  User Name: N/A
  Computer: CLIBAAD01.cliba.com.ar
  Description: 
Error de autenticación previa de Kerberos.

Información de cuenta:
	Id. de seguridad:		S-1-5-21-1171290785-409082668-1575050150-42987
	Nombre de cuenta:		cegomez

Información de servicio:
	Nombre de servicio:		krbtgt/CLIBA.COM.AR

Información de red:
	Dirección de cliente:		::ffff:172.19.65.30
	Puerto de cliente:		62832

Información adicional:
	Opciones de vale:		0x40810010
	Código de error:		0x18
	Tipo de autenticación previa:	2

Información de certificado:
	Nombre de emisor de certificado:		
	Número de serie de certificado: 	
	Huella digital de certificado:		

La información de certificado solo se proporciona si se usó un certificado para la autenticación previa.

Los tipos de autenticación previa, las opciones de vale y los códigos de error se definen en RFC 4120.

Si el vale estaba mal formado o resultó dañado durante el tránsito y no se pudo descifrar, es posible que muchos campos de este evento no estén presentes.

Event[786]:
  Log Name: Security
  Source: Microsoft-Windows-Security-Auditing
  Date: 2024-08-08T05:55:07.158
  Event ID: 4625
  Task: Logon
  Level: Información
  Opcode: Información
  Keyword: Error de auditoría
  User: N/A
  User Name: N/A
  Computer: CLIBAAD01.cliba.com.ar
  Description: 
Error de una cuenta al iniciar sesión.

Sujeto:
	Id. de seguridad:		S-1-0-0
	Nombre de cuenta:		-
	Dominio de cuenta:		-
	Id. de inicio de sesión:		0x0

Tipo de inicio de sesión:			3

Cuenta con error de inicio de sesión: 
	Id. de seguridad:		S-1-0-0
	Nombre de cuenta:		NGISSARA_ADMIN
	Dominio de cuenta:		CLIBA

Información de error:
	Motivo del error:		Nombre de usuario desconocido o contraseña incorrecta
	Estado:			0xC000006D
	Subestado:		0xC0000064

Información de proceso:
	Id. de proceso del autor de la llamada:	0x0
	Nombre de proceso del autor de la llamada:	-

Información de red:
	Nombre de estación de trabajo:	PROMISCCM2019
	Dirección de red de origen:	172.16.1.198
	Puerto de origen:		62224

Información de autenticación detallada:
	Proceso de inicio de sesión:		NtLmSsp 
	Paquete de autenticación:	NTLM
	Servicios transitados:	-
	Nombre de paquete (solo NTLM):	-
	Longitud de clave:	0

Este evento se genera cuando se produce un error en una solicitud de inicio de sesión. Lo genera el equipo al que se intentó tener acceso.

Los campos de sujeto indican la cuenta del sistema local que solicitó el inicio de sesión. Suele ser un servicio como el servicio de servidor o un proceso local como Winlogon.exe o Services.exe.

El campo Tipo de inicio de sesión indica la clase de inicio de sesión que se solicitó. Los tipos más comunes son 2 (interactivo) y 3 (red).

Los campos Información de proceso indican la cuenta y el proceso en el sistema que solicitó el inicio de sesión.

Los campos Información de red indican dónde se originó una solicitud de inicio de sesión remota. Nombre de estación de trabajo no está siempre disponible y se puede dejar en blanco en algunos casos.

Los campos de información de autenticación proporcionan información detallada sobre esta solicitud de inicio de sesión específica.
	- Servicios transitados indica los servicios intermedios que participaron en esta solicitud de inicio de sesión.
	- Nombre de paquete indica el subprotocolo que se usó entre los protocolos NTLM.
	- Longitud de clave indica la longitud de la clave de sesión generada. Será 0 si no se solicitó una clave de sesión.

Event[787]:
  Log Name: Security
  Source: Microsoft-Windows-Security-Auditing
  Date: 2024-08-08T05:54:59.249
  Event ID: 4771
  Task: Kerberos Authentication Service
  Level: Información
  Opcode: Información
  Keyword: Error de auditoría
  User: N/A
  User Name: N/A
  Computer: CLIBAAD01.cliba.com.ar
  Description: 
Error de autenticación previa de Kerberos.

Información de cuenta:
	Id. de seguridad:		S-1-5-21-1171290785-409082668-1575050150-42987
	Nombre de cuenta:		cegomez

Información de servicio:
	Nombre de servicio:		krbtgt/CLIBA.COM.AR

Información de red:
	Dirección de cliente:		::ffff:172.19.65.30
	Puerto de cliente:		62826

Información adicional:
	Opciones de vale:		0x40810010
	Código de error:		0x18
	Tipo de autenticación previa:	2

Información de certificado:
	Nombre de emisor de certificado:		
	Número de serie de certificado: 	
	Huella digital de certificado:		

La información de certificado solo se proporciona si se usó un certificado para la autenticación previa.

Los tipos de autenticación previa, las opciones de vale y los códigos de error se definen en RFC 4120.

Si el vale estaba mal formado o resultó dañado durante el tránsito y no se pudo descifrar, es posible que muchos campos de este evento no estén presentes.

Event[788]:
  Log Name: Security
  Source: Microsoft-Windows-Security-Auditing
  Date: 2024-08-08T05:54:59.137
  Event ID: 4771
  Task: Kerberos Authentication Service
  Level: Información
  Opcode: Información
  Keyword: Error de auditoría
  User: N/A
  User Name: N/A
  Computer: CLIBAAD01.cliba.com.ar
  Description: 
Error de autenticación previa de Kerberos.

Información de cuenta:
	Id. de seguridad:		S-1-5-21-1171290785-409082668-1575050150-42987
	Nombre de cuenta:		cegomez

Información de servicio:
	Nombre de servicio:		krbtgt/CLIBA.COM.AR

Información de red:
	Dirección de cliente:		::ffff:172.19.65.30
	Puerto de cliente:		62824

Información adicional:
	Opciones de vale:		0x40810010
	Código de error:		0x18
	Tipo de autenticación previa:	2

Información de certificado:
	Nombre de emisor de certificado:		
	Número de serie de certificado: 	
	Huella digital de certificado:		

La información de certificado solo se proporciona si se usó un certificado para la autenticación previa.

Los tipos de autenticación previa, las opciones de vale y los códigos de error se definen en RFC 4120.

Si el vale estaba mal formado o resultó dañado durante el tránsito y no se pudo descifrar, es posible que muchos campos de este evento no estén presentes.

Event[789]:
  Log Name: Security
  Source: Microsoft-Windows-Security-Auditing
  Date: 2024-08-08T05:50:57.378
  Event ID: 4771
  Task: Kerberos Authentication Service
  Level: Información
  Opcode: Información
  Keyword: Error de auditoría
  User: N/A
  User Name: N/A
  Computer: CLIBAAD01.cliba.com.ar
  Description: 
Error de autenticación previa de Kerberos.

Información de cuenta:
	Id. de seguridad:		S-1-5-21-1171290785-409082668-1575050150-42987
	Nombre de cuenta:		cegomez

Información de servicio:
	Nombre de servicio:		krbtgt/CLIBA.COM.AR

Información de red:
	Dirección de cliente:		::ffff:172.19.65.30
	Puerto de cliente:		62809

Información adicional:
	Opciones de vale:		0x40810010
	Código de error:		0x18
	Tipo de autenticación previa:	2

Información de certificado:
	Nombre de emisor de certificado:		
	Número de serie de certificado: 	
	Huella digital de certificado:		

La información de certificado solo se proporciona si se usó un certificado para la autenticación previa.

Los tipos de autenticación previa, las opciones de vale y los códigos de error se definen en RFC 4120.

Si el vale estaba mal formado o resultó dañado durante el tránsito y no se pudo descifrar, es posible que muchos campos de este evento no estén presentes.

Event[790]:
  Log Name: Security
  Source: Microsoft-Windows-Security-Auditing
  Date: 2024-08-08T05:50:56.999
  Event ID: 4771
  Task: Kerberos Authentication Service
  Level: Información
  Opcode: Información
  Keyword: Error de auditoría
  User: N/A
  User Name: N/A
  Computer: CLIBAAD01.cliba.com.ar
  Description: 
Error de autenticación previa de Kerberos.

Información de cuenta:
	Id. de seguridad:		S-1-5-21-1171290785-409082668-1575050150-42987
	Nombre de cuenta:		cegomez

Información de servicio:
	Nombre de servicio:		krbtgt/CLIBA.COM.AR

Información de red:
	Dirección de cliente:		::ffff:172.19.65.30
	Puerto de cliente:		62807

Información adicional:
	Opciones de vale:		0x40810010
	Código de error:		0x18
	Tipo de autenticación previa:	2

Información de certificado:
	Nombre de emisor de certificado:		
	Número de serie de certificado: 	
	Huella digital de certificado:		

La información de certificado solo se proporciona si se usó un certificado para la autenticación previa.

Los tipos de autenticación previa, las opciones de vale y los códigos de error se definen en RFC 4120.

Si el vale estaba mal formado o resultó dañado durante el tránsito y no se pudo descifrar, es posible que muchos campos de este evento no estén presentes.

Event[791]:
  Log Name: Security
  Source: Microsoft-Windows-Security-Auditing
  Date: 2024-08-08T05:50:07.078
  Event ID: 4625
  Task: Logon
  Level: Información
  Opcode: Información
  Keyword: Error de auditoría
  User: N/A
  User Name: N/A
  Computer: CLIBAAD01.cliba.com.ar
  Description: 
Error de una cuenta al iniciar sesión.

Sujeto:
	Id. de seguridad:		S-1-0-0
	Nombre de cuenta:		-
	Dominio de cuenta:		-
	Id. de inicio de sesión:		0x0

Tipo de inicio de sesión:			3

Cuenta con error de inicio de sesión: 
	Id. de seguridad:		S-1-0-0
	Nombre de cuenta:		NGISSARA_ADMIN
	Dominio de cuenta:		CLIBA

Información de error:
	Motivo del error:		Nombre de usuario desconocido o contraseña incorrecta
	Estado:			0xC000006D
	Subestado:		0xC0000064

Información de proceso:
	Id. de proceso del autor de la llamada:	0x0
	Nombre de proceso del autor de la llamada:	-

Información de red:
	Nombre de estación de trabajo:	PROMISCCM2019
	Dirección de red de origen:	172.16.1.198
	Puerto de origen:		61946

Información de autenticación detallada:
	Proceso de inicio de sesión:		NtLmSsp 
	Paquete de autenticación:	NTLM
	Servicios transitados:	-
	Nombre de paquete (solo NTLM):	-
	Longitud de clave:	0

Este evento se genera cuando se produce un error en una solicitud de inicio de sesión. Lo genera el equipo al que se intentó tener acceso.

Los campos de sujeto indican la cuenta del sistema local que solicitó el inicio de sesión. Suele ser un servicio como el servicio de servidor o un proceso local como Winlogon.exe o Services.exe.

El campo Tipo de inicio de sesión indica la clase de inicio de sesión que se solicitó. Los tipos más comunes son 2 (interactivo) y 3 (red).

Los campos Información de proceso indican la cuenta y el proceso en el sistema que solicitó el inicio de sesión.

Los campos Información de red indican dónde se originó una solicitud de inicio de sesión remota. Nombre de estación de trabajo no está siempre disponible y se puede dejar en blanco en algunos casos.

Los campos de información de autenticación proporcionan información detallada sobre esta solicitud de inicio de sesión específica.
	- Servicios transitados indica los servicios intermedios que participaron en esta solicitud de inicio de sesión.
	- Nombre de paquete indica el subprotocolo que se usó entre los protocolos NTLM.
	- Longitud de clave indica la longitud de la clave de sesión generada. Será 0 si no se solicitó una clave de sesión.

Event[792]:
  Log Name: Security
  Source: Microsoft-Windows-Security-Auditing
  Date: 2024-08-08T05:48:56.698
  Event ID: 4771
  Task: Kerberos Authentication Service
  Level: Información
  Opcode: Información
  Keyword: Error de auditoría
  User: N/A
  User Name: N/A
  Computer: CLIBAAD01.cliba.com.ar
  Description: 
Error de autenticación previa de Kerberos.

Información de cuenta:
	Id. de seguridad:		S-1-5-21-1171290785-409082668-1575050150-42987
	Nombre de cuenta:		cegomez

Información de servicio:
	Nombre de servicio:		krbtgt/CLIBA.COM.AR

Información de red:
	Dirección de cliente:		::ffff:172.19.65.30
	Puerto de cliente:		62800

Información adicional:
	Opciones de vale:		0x40810010
	Código de error:		0x18
	Tipo de autenticación previa:	2

Información de certificado:
	Nombre de emisor de certificado:		
	Número de serie de certificado: 	
	Huella digital de certificado:		

La información de certificado solo se proporciona si se usó un certificado para la autenticación previa.

Los tipos de autenticación previa, las opciones de vale y los códigos de error se definen en RFC 4120.

Si el vale estaba mal formado o resultó dañado durante el tránsito y no se pudo descifrar, es posible que muchos campos de este evento no estén presentes.

Event[793]:
  Log Name: Security
  Source: Microsoft-Windows-Security-Auditing
  Date: 2024-08-08T05:48:56.587
  Event ID: 4771
  Task: Kerberos Authentication Service
  Level: Información
  Opcode: Información
  Keyword: Error de auditoría
  User: N/A
  User Name: N/A
  Computer: CLIBAAD01.cliba.com.ar
  Description: 
Error de autenticación previa de Kerberos.

Información de cuenta:
	Id. de seguridad:		S-1-5-21-1171290785-409082668-1575050150-42987
	Nombre de cuenta:		cegomez

Información de servicio:
	Nombre de servicio:		krbtgt/CLIBA.COM.AR

Información de red:
	Dirección de cliente:		::ffff:172.19.65.30
	Puerto de cliente:		62798

Información adicional:
	Opciones de vale:		0x40810010
	Código de error:		0x18
	Tipo de autenticación previa:	2

Información de certificado:
	Nombre de emisor de certificado:		
	Número de serie de certificado: 	
	Huella digital de certificado:		

La información de certificado solo se proporciona si se usó un certificado para la autenticación previa.

Los tipos de autenticación previa, las opciones de vale y los códigos de error se definen en RFC 4120.

Si el vale estaba mal formado o resultó dañado durante el tránsito y no se pudo descifrar, es posible que muchos campos de este evento no estén presentes.

Event[794]:
  Log Name: Security
  Source: Microsoft-Windows-Security-Auditing
  Date: 2024-08-08T05:47:56.261
  Event ID: 4771
  Task: Kerberos Authentication Service
  Level: Información
  Opcode: Información
  Keyword: Error de auditoría
  User: N/A
  User Name: N/A
  Computer: CLIBAAD01.cliba.com.ar
  Description: 
Error de autenticación previa de Kerberos.

Información de cuenta:
	Id. de seguridad:		S-1-5-21-1171290785-409082668-1575050150-42987
	Nombre de cuenta:		cegomez

Información de servicio:
	Nombre de servicio:		krbtgt/CLIBA.COM.AR

Información de red:
	Dirección de cliente:		::ffff:172.19.65.30
	Puerto de cliente:		62792

Información adicional:
	Opciones de vale:		0x40810010
	Código de error:		0x18
	Tipo de autenticación previa:	2

Información de certificado:
	Nombre de emisor de certificado:		
	Número de serie de certificado: 	
	Huella digital de certificado:		

La información de certificado solo se proporciona si se usó un certificado para la autenticación previa.

Los tipos de autenticación previa, las opciones de vale y los códigos de error se definen en RFC 4120.

Si el vale estaba mal formado o resultó dañado durante el tránsito y no se pudo descifrar, es posible que muchos campos de este evento no estén presentes.

Event[795]:
  Log Name: Security
  Source: Microsoft-Windows-Security-Auditing
  Date: 2024-08-08T05:47:56.146
  Event ID: 4771
  Task: Kerberos Authentication Service
  Level: Información
  Opcode: Información
  Keyword: Error de auditoría
  User: N/A
  User Name: N/A
  Computer: CLIBAAD01.cliba.com.ar
  Description: 
Error de autenticación previa de Kerberos.

Información de cuenta:
	Id. de seguridad:		S-1-5-21-1171290785-409082668-1575050150-42987
	Nombre de cuenta:		cegomez

Información de servicio:
	Nombre de servicio:		krbtgt/CLIBA.COM.AR

Información de red:
	Dirección de cliente:		::ffff:172.19.65.30
	Puerto de cliente:		62790

Información adicional:
	Opciones de vale:		0x40810010
	Código de error:		0x18
	Tipo de autenticación previa:	2

Información de certificado:
	Nombre de emisor de certificado:		
	Número de serie de certificado: 	
	Huella digital de certificado:		

La información de certificado solo se proporciona si se usó un certificado para la autenticación previa.

Los tipos de autenticación previa, las opciones de vale y los códigos de error se definen en RFC 4120.

Si el vale estaba mal formado o resultó dañado durante el tránsito y no se pudo descifrar, es posible que muchos campos de este evento no estén presentes.

Event[796]:
  Log Name: Security
  Source: Microsoft-Windows-Security-Auditing
  Date: 2024-08-08T05:47:05.692
  Event ID: 4771
  Task: Kerberos Authentication Service
  Level: Información
  Opcode: Información
  Keyword: Error de auditoría
  User: N/A
  User Name: N/A
  Computer: CLIBAAD01.cliba.com.ar
  Description: 
Error de autenticación previa de Kerberos.

Información de cuenta:
	Id. de seguridad:		S-1-5-21-1171290785-409082668-1575050150-42987
	Nombre de cuenta:		cegomez

Información de servicio:
	Nombre de servicio:		krbtgt/CLIBA.COM.AR

Información de red:
	Dirección de cliente:		::ffff:172.19.65.30
	Puerto de cliente:		62783

Información adicional:
	Opciones de vale:		0x40810010
	Código de error:		0x18
	Tipo de autenticación previa:	2

Información de certificado:
	Nombre de emisor de certificado:		
	Número de serie de certificado: 	
	Huella digital de certificado:		

La información de certificado solo se proporciona si se usó un certificado para la autenticación previa.

Los tipos de autenticación previa, las opciones de vale y los códigos de error se definen en RFC 4120.

Si el vale estaba mal formado o resultó dañado durante el tránsito y no se pudo descifrar, es posible que muchos campos de este evento no estén presentes.

Event[797]:
  Log Name: Security
  Source: Microsoft-Windows-Security-Auditing
  Date: 2024-08-08T05:47:05.459
  Event ID: 4771
  Task: Kerberos Authentication Service
  Level: Información
  Opcode: Información
  Keyword: Error de auditoría
  User: N/A
  User Name: N/A
  Computer: CLIBAAD01.cliba.com.ar
  Description: 
Error de autenticación previa de Kerberos.

Información de cuenta:
	Id. de seguridad:		S-1-5-21-1171290785-409082668-1575050150-42987
	Nombre de cuenta:		cegomez

Información de servicio:
	Nombre de servicio:		krbtgt/CLIBA.COM.AR

Información de red:
	Dirección de cliente:		::ffff:172.19.65.30
	Puerto de cliente:		62781

Información adicional:
	Opciones de vale:		0x40810010
	Código de error:		0x18
	Tipo de autenticación previa:	2

Información de certificado:
	Nombre de emisor de certificado:		
	Número de serie de certificado: 	
	Huella digital de certificado:		

La información de certificado solo se proporciona si se usó un certificado para la autenticación previa.

Los tipos de autenticación previa, las opciones de vale y los códigos de error se definen en RFC 4120.

Si el vale estaba mal formado o resultó dañado durante el tránsito y no se pudo descifrar, es posible que muchos campos de este evento no estén presentes.

Event[798]:
  Log Name: Security
  Source: Microsoft-Windows-Security-Auditing
  Date: 2024-08-08T05:45:07.356
  Event ID: 4625
  Task: Logon
  Level: Información
  Opcode: Información
  Keyword: Error de auditoría
  User: N/A
  User Name: N/A
  Computer: CLIBAAD01.cliba.com.ar
  Description: 
Error de una cuenta al iniciar sesión.

Sujeto:
	Id. de seguridad:		S-1-0-0
	Nombre de cuenta:		-
	Dominio de cuenta:		-
	Id. de inicio de sesión:		0x0

Tipo de inicio de sesión:			3

Cuenta con error de inicio de sesión: 
	Id. de seguridad:		S-1-0-0
	Nombre de cuenta:		NGISSARA_ADMIN
	Dominio de cuenta:		CLIBA

Información de error:
	Motivo del error:		Nombre de usuario desconocido o contraseña incorrecta
	Estado:			0xC000006D
	Subestado:		0xC0000064

Información de proceso:
	Id. de proceso del autor de la llamada:	0x0
	Nombre de proceso del autor de la llamada:	-

Información de red:
	Nombre de estación de trabajo:	PROMISCCM2019
	Dirección de red de origen:	172.16.1.198
	Puerto de origen:		61676

Información de autenticación detallada:
	Proceso de inicio de sesión:		NtLmSsp 
	Paquete de autenticación:	NTLM
	Servicios transitados:	-
	Nombre de paquete (solo NTLM):	-
	Longitud de clave:	0

Este evento se genera cuando se produce un error en una solicitud de inicio de sesión. Lo genera el equipo al que se intentó tener acceso.

Los campos de sujeto indican la cuenta del sistema local que solicitó el inicio de sesión. Suele ser un servicio como el servicio de servidor o un proceso local como Winlogon.exe o Services.exe.

El campo Tipo de inicio de sesión indica la clase de inicio de sesión que se solicitó. Los tipos más comunes son 2 (interactivo) y 3 (red).

Los campos Información de proceso indican la cuenta y el proceso en el sistema que solicitó el inicio de sesión.

Los campos Información de red indican dónde se originó una solicitud de inicio de sesión remota. Nombre de estación de trabajo no está siempre disponible y se puede dejar en blanco en algunos casos.

Los campos de información de autenticación proporcionan información detallada sobre esta solicitud de inicio de sesión específica.
	- Servicios transitados indica los servicios intermedios que participaron en esta solicitud de inicio de sesión.
	- Nombre de paquete indica el subprotocolo que se usó entre los protocolos NTLM.
	- Longitud de clave indica la longitud de la clave de sesión generada. Será 0 si no se solicitó una clave de sesión.

Event[799]:
  Log Name: Security
  Source: Microsoft-Windows-Security-Auditing
  Date: 2024-08-08T05:42:09.708
  Event ID: 4771
  Task: Kerberos Authentication Service
  Level: Información
  Opcode: Información
  Keyword: Error de auditoría
  User: N/A
  User Name: N/A
  Computer: CLIBAAD01.cliba.com.ar
  Description: 
Error de autenticación previa de Kerberos.

Información de cuenta:
	Id. de seguridad:		S-1-5-21-1171290785-409082668-1575050150-42987
	Nombre de cuenta:		cegomez

Información de servicio:
	Nombre de servicio:		krbtgt/CLIBA.COM.AR

Información de red:
	Dirección de cliente:		::ffff:172.19.65.30
	Puerto de cliente:		62763

Información adicional:
	Opciones de vale:		0x40810010
	Código de error:		0x18
	Tipo de autenticación previa:	2

Información de certificado:
	Nombre de emisor de certificado:		
	Número de serie de certificado: 	
	Huella digital de certificado:		

La información de certificado solo se proporciona si se usó un certificado para la autenticación previa.

Los tipos de autenticación previa, las opciones de vale y los códigos de error se definen en RFC 4120.

Si el vale estaba mal formado o resultó dañado durante el tránsito y no se pudo descifrar, es posible que muchos campos de este evento no estén presentes.

Event[800]:
  Log Name: Security
  Source: Microsoft-Windows-Security-Auditing
  Date: 2024-08-08T05:42:09.594
  Event ID: 4771
  Task: Kerberos Authentication Service
  Level: Información
  Opcode: Información
  Keyword: Error de auditoría
  User: N/A
  User Name: N/A
  Computer: CLIBAAD01.cliba.com.ar
  Description: 
Error de autenticación previa de Kerberos.

Información de cuenta:
	Id. de seguridad:		S-1-5-21-1171290785-409082668-1575050150-42987
	Nombre de cuenta:		cegomez

Información de servicio:
	Nombre de servicio:		krbtgt/CLIBA.COM.AR

Información de red:
	Dirección de cliente:		::ffff:172.19.65.30
	Puerto de cliente:		62761

Información adicional:
	Opciones de vale:		0x40810010
	Código de error:		0x18
	Tipo de autenticación previa:	2

Información de certificado:
	Nombre de emisor de certificado:		
	Número de serie de certificado: 	
	Huella digital de certificado:		

La información de certificado solo se proporciona si se usó un certificado para la autenticación previa.

Los tipos de autenticación previa, las opciones de vale y los códigos de error se definen en RFC 4120.

Si el vale estaba mal formado o resultó dañado durante el tránsito y no se pudo descifrar, es posible que muchos campos de este evento no estén presentes.

Event[801]:
  Log Name: Security
  Source: Microsoft-Windows-Security-Auditing
  Date: 2024-08-08T05:40:06.713
  Event ID: 4625
  Task: Logon
  Level: Información
  Opcode: Información
  Keyword: Error de auditoría
  User: N/A
  User Name: N/A
  Computer: CLIBAAD01.cliba.com.ar
  Description: 
Error de una cuenta al iniciar sesión.

Sujeto:
	Id. de seguridad:		S-1-0-0
	Nombre de cuenta:		-
	Dominio de cuenta:		-
	Id. de inicio de sesión:		0x0

Tipo de inicio de sesión:			3

Cuenta con error de inicio de sesión: 
	Id. de seguridad:		S-1-0-0
	Nombre de cuenta:		NGISSARA_ADMIN
	Dominio de cuenta:		CLIBA

Información de error:
	Motivo del error:		Nombre de usuario desconocido o contraseña incorrecta
	Estado:			0xC000006D
	Subestado:		0xC0000064

Información de proceso:
	Id. de proceso del autor de la llamada:	0x0
	Nombre de proceso del autor de la llamada:	-

Información de red:
	Nombre de estación de trabajo:	PROMISCCM2019
	Dirección de red de origen:	172.16.1.198
	Puerto de origen:		61417

Información de autenticación detallada:
	Proceso de inicio de sesión:		NtLmSsp 
	Paquete de autenticación:	NTLM
	Servicios transitados:	-
	Nombre de paquete (solo NTLM):	-
	Longitud de clave:	0

Este evento se genera cuando se produce un error en una solicitud de inicio de sesión. Lo genera el equipo al que se intentó tener acceso.

Los campos de sujeto indican la cuenta del sistema local que solicitó el inicio de sesión. Suele ser un servicio como el servicio de servidor o un proceso local como Winlogon.exe o Services.exe.

El campo Tipo de inicio de sesión indica la clase de inicio de sesión que se solicitó. Los tipos más comunes son 2 (interactivo) y 3 (red).

Los campos Información de proceso indican la cuenta y el proceso en el sistema que solicitó el inicio de sesión.

Los campos Información de red indican dónde se originó una solicitud de inicio de sesión remota. Nombre de estación de trabajo no está siempre disponible y se puede dejar en blanco en algunos casos.

Los campos de información de autenticación proporcionan información detallada sobre esta solicitud de inicio de sesión específica.
	- Servicios transitados indica los servicios intermedios que participaron en esta solicitud de inicio de sesión.
	- Nombre de paquete indica el subprotocolo que se usó entre los protocolos NTLM.
	- Longitud de clave indica la longitud de la clave de sesión generada. Será 0 si no se solicitó una clave de sesión.

Event[802]:
  Log Name: Security
  Source: Microsoft-Windows-Security-Auditing
  Date: 2024-08-08T05:39:59.923
  Event ID: 4771
  Task: Kerberos Authentication Service
  Level: Información
  Opcode: Información
  Keyword: Error de auditoría
  User: N/A
  User Name: N/A
  Computer: CLIBAAD01.cliba.com.ar
  Description: 
Error de autenticación previa de Kerberos.

Información de cuenta:
	Id. de seguridad:		S-1-5-21-1171290785-409082668-1575050150-42987
	Nombre de cuenta:		cegomez

Información de servicio:
	Nombre de servicio:		krbtgt/CLIBA.COM.AR

Información de red:
	Dirección de cliente:		::ffff:172.19.65.30
	Puerto de cliente:		62755

Información adicional:
	Opciones de vale:		0x40810010
	Código de error:		0x18
	Tipo de autenticación previa:	2

Información de certificado:
	Nombre de emisor de certificado:		
	Número de serie de certificado: 	
	Huella digital de certificado:		

La información de certificado solo se proporciona si se usó un certificado para la autenticación previa.

Los tipos de autenticación previa, las opciones de vale y los códigos de error se definen en RFC 4120.

Si el vale estaba mal formado o resultó dañado durante el tránsito y no se pudo descifrar, es posible que muchos campos de este evento no estén presentes.

Event[803]:
  Log Name: Security
  Source: Microsoft-Windows-Security-Auditing
  Date: 2024-08-08T05:39:59.806
  Event ID: 4771
  Task: Kerberos Authentication Service
  Level: Información
  Opcode: Información
  Keyword: Error de auditoría
  User: N/A
  User Name: N/A
  Computer: CLIBAAD01.cliba.com.ar
  Description: 
Error de autenticación previa de Kerberos.

Información de cuenta:
	Id. de seguridad:		S-1-5-21-1171290785-409082668-1575050150-42987
	Nombre de cuenta:		cegomez

Información de servicio:
	Nombre de servicio:		krbtgt/CLIBA.COM.AR

Información de red:
	Dirección de cliente:		::ffff:172.19.65.30
	Puerto de cliente:		62753

Información adicional:
	Opciones de vale:		0x40810010
	Código de error:		0x18
	Tipo de autenticación previa:	2

Información de certificado:
	Nombre de emisor de certificado:		
	Número de serie de certificado: 	
	Huella digital de certificado:		

La información de certificado solo se proporciona si se usó un certificado para la autenticación previa.

Los tipos de autenticación previa, las opciones de vale y los códigos de error se definen en RFC 4120.

Si el vale estaba mal formado o resultó dañado durante el tránsito y no se pudo descifrar, es posible que muchos campos de este evento no estén presentes.

Event[804]:
  Log Name: Security
  Source: Microsoft-Windows-Security-Auditing
  Date: 2024-08-08T05:38:59.224
  Event ID: 4771
  Task: Kerberos Authentication Service
  Level: Información
  Opcode: Información
  Keyword: Error de auditoría
  User: N/A
  User Name: N/A
  Computer: CLIBAAD01.cliba.com.ar
  Description: 
Error de autenticación previa de Kerberos.

Información de cuenta:
	Id. de seguridad:		S-1-5-21-1171290785-409082668-1575050150-42987
	Nombre de cuenta:		cegomez

Información de servicio:
	Nombre de servicio:		krbtgt/CLIBA.COM.AR

Información de red:
	Dirección de cliente:		::ffff:172.19.65.30
	Puerto de cliente:		62748

Información adicional:
	Opciones de vale:		0x40810010
	Código de error:		0x18
	Tipo de autenticación previa:	2

Información de certificado:
	Nombre de emisor de certificado:		
	Número de serie de certificado: 	
	Huella digital de certificado:		

La información de certificado solo se proporciona si se usó un certificado para la autenticación previa.

Los tipos de autenticación previa, las opciones de vale y los códigos de error se definen en RFC 4120.

Si el vale estaba mal formado o resultó dañado durante el tránsito y no se pudo descifrar, es posible que muchos campos de este evento no estén presentes.

Event[805]:
  Log Name: Security
  Source: Microsoft-Windows-Security-Auditing
  Date: 2024-08-08T05:38:56.084
  Event ID: 4771
  Task: Kerberos Authentication Service
  Level: Información
  Opcode: Información
  Keyword: Error de auditoría
  User: N/A
  User Name: N/A
  Computer: CLIBAAD01.cliba.com.ar
  Description: 
Error de autenticación previa de Kerberos.

Información de cuenta:
	Id. de seguridad:		S-1-5-21-1171290785-409082668-1575050150-42987
	Nombre de cuenta:		cegomez

Información de servicio:
	Nombre de servicio:		krbtgt/CLIBA.COM.AR

Información de red:
	Dirección de cliente:		::ffff:172.19.65.30
	Puerto de cliente:		62745

Información adicional:
	Opciones de vale:		0x40810010
	Código de error:		0x18
	Tipo de autenticación previa:	2

Información de certificado:
	Nombre de emisor de certificado:		
	Número de serie de certificado: 	
	Huella digital de certificado:		

La información de certificado solo se proporciona si se usó un certificado para la autenticación previa.

Los tipos de autenticación previa, las opciones de vale y los códigos de error se definen en RFC 4120.

Si el vale estaba mal formado o resultó dañado durante el tránsito y no se pudo descifrar, es posible que muchos campos de este evento no estén presentes.

Event[806]:
  Log Name: Security
  Source: Microsoft-Windows-Security-Auditing
  Date: 2024-08-08T05:35:06.658
  Event ID: 4625
  Task: Logon
  Level: Información
  Opcode: Información
  Keyword: Error de auditoría
  User: N/A
  User Name: N/A
  Computer: CLIBAAD01.cliba.com.ar
  Description: 
Error de una cuenta al iniciar sesión.

Sujeto:
	Id. de seguridad:		S-1-0-0
	Nombre de cuenta:		-
	Dominio de cuenta:		-
	Id. de inicio de sesión:		0x0

Tipo de inicio de sesión:			3

Cuenta con error de inicio de sesión: 
	Id. de seguridad:		S-1-0-0
	Nombre de cuenta:		NGISSARA_ADMIN
	Dominio de cuenta:		CLIBA

Información de error:
	Motivo del error:		Nombre de usuario desconocido o contraseña incorrecta
	Estado:			0xC000006D
	Subestado:		0xC0000064

Información de proceso:
	Id. de proceso del autor de la llamada:	0x0
	Nombre de proceso del autor de la llamada:	-

Información de red:
	Nombre de estación de trabajo:	PROMISCCM2019
	Dirección de red de origen:	172.16.1.198
	Puerto de origen:		61135

Información de autenticación detallada:
	Proceso de inicio de sesión:		NtLmSsp 
	Paquete de autenticación:	NTLM
	Servicios transitados:	-
	Nombre de paquete (solo NTLM):	-
	Longitud de clave:	0

Este evento se genera cuando se produce un error en una solicitud de inicio de sesión. Lo genera el equipo al que se intentó tener acceso.

Los campos de sujeto indican la cuenta del sistema local que solicitó el inicio de sesión. Suele ser un servicio como el servicio de servidor o un proceso local como Winlogon.exe o Services.exe.

El campo Tipo de inicio de sesión indica la clase de inicio de sesión que se solicitó. Los tipos más comunes son 2 (interactivo) y 3 (red).

Los campos Información de proceso indican la cuenta y el proceso en el sistema que solicitó el inicio de sesión.

Los campos Información de red indican dónde se originó una solicitud de inicio de sesión remota. Nombre de estación de trabajo no está siempre disponible y se puede dejar en blanco en algunos casos.

Los campos de información de autenticación proporcionan información detallada sobre esta solicitud de inicio de sesión específica.
	- Servicios transitados indica los servicios intermedios que participaron en esta solicitud de inicio de sesión.
	- Nombre de paquete indica el subprotocolo que se usó entre los protocolos NTLM.
	- Longitud de clave indica la longitud de la clave de sesión generada. Será 0 si no se solicitó una clave de sesión.

Event[807]:
