  Log Name: Security
  Source: Microsoft-Windows-Security-Auditing
  Date: 2024-08-08T10:20:52.268
  Event ID: 4625
  Task: Logon
  Level: Information
  Opcode: Info
  Keyword: Audit Failure
  User: N/A
  User Name: N/A
  Computer: CLIBAAD03.cliba.com.ar
  Description: 
An account failed to log on.

Subject:
	Security ID:		S-1-5-18
	Account Name:		CLIBAAD03$
	Account Domain:		CLIBA
	Logon ID:		0x3E7

Logon Type:			3

Account For Which Logon Failed:
	Security ID:		S-1-0-0
	Account Name:		arrodriguez
	Account Domain:		CLIBA

Failure Information:
	Failure Reason:		Unknown user name or bad password.
	Status:			0xC000006D
	Sub Status:		0xC000006A

Process Information:
	Caller Process ID:	0x424
	Caller Process Name:	C:\Windows\System32\svchost.exe

Network Information:
	Workstation Name:	-
	Source Network Address:	-
	Source Port:		-

Detailed Authentication Information:
	Logon Process:		CHAP
	Authentication Package:	MICROSOFT_AUTHENTICATION_PACKAGE_V1_0
	Transited Services:	-
	Package Name (NTLM only):	-
	Key Length:		0

This event is generated when a logon request fails. It is generated on the computer where access was attempted.

The Subject fields indicate the account on the local system which requested the logon. This is most commonly a service such as the Server service, or a local process such as Winlogon.exe or Services.exe.

The Logon Type field indicates the kind of logon that was requested. The most common types are 2 (interactive) and 3 (network).

The Process Information fields indicate which account and process on the system requested the logon.

The Network Information fields indicate where a remote logon request originated. Workstation name is not always available and may be left blank in some cases.

The authentication information fields provide detailed information about this specific logon request.
	- Transited services indicate which intermediate services have participated in this logon request.
	- Package name indicates which sub-protocol was used among the NTLM protocols.
	- Key length indicates the length of the generated session key. This will be 0 if no session key was requested.

Event[178]:
  Log Name: Security
  Source: Microsoft-Windows-Security-Auditing
  Date: 2024-08-08T10:20:50.782
  Event ID: 4771
  Task: Kerberos Authentication Service
  Level: Information
  Opcode: Info
  Keyword: Audit Failure
  User: N/A
  User Name: N/A
  Computer: CLIBAAD03.cliba.com.ar
  Description: 
Kerberos pre-authentication failed.

Account Information:
	Security ID:		S-1-5-21-1171290785-409082668-1575050150-24817
	Account Name:		PLepez

Service Information:
	Service Name:		krbtgt/CLIBA.COM.AR

Network Information:
	Client Address:		::ffff:172.19.21.31
	Client Port:		51042

Additional Information:
	Ticket Options:		0x40810010
	Failure Code:		0x18
	Pre-Authentication Type:	2

Certificate Information:
	Certificate Issuer Name:		
	Certificate Serial Number: 	
	Certificate Thumbprint:		

Certificate information is only provided if a certificate was used for pre-authentication.

Pre-authentication types, ticket options and failure codes are defined in RFC 4120.

If the ticket was malformed or damaged during transit and could not be decrypted, then many fields in this event might not be present.

Event[179]:
  Log Name: Security
  Source: Microsoft-Windows-Security-Auditing
  Date: 2024-08-08T10:20:50.650
  Event ID: 4771
  Task: Kerberos Authentication Service
  Level: Information
  Opcode: Info
  Keyword: Audit Failure
  User: N/A
  User Name: N/A
  Computer: CLIBAAD03.cliba.com.ar
  Description: 
Kerberos pre-authentication failed.

Account Information:
	Security ID:		S-1-5-21-1171290785-409082668-1575050150-24817
	Account Name:		PLepez

Service Information:
	Service Name:		krbtgt/CLIBA.COM.AR

Network Information:
	Client Address:		::ffff:172.19.21.31
	Client Port:		51040

Additional Information:
	Ticket Options:		0x40810010
	Failure Code:		0x18
	Pre-Authentication Type:	2

Certificate Information:
	Certificate Issuer Name:		
	Certificate Serial Number: 	
	Certificate Thumbprint:		

Certificate information is only provided if a certificate was used for pre-authentication.

Pre-authentication types, ticket options and failure codes are defined in RFC 4120.

If the ticket was malformed or damaged during transit and could not be decrypted, then many fields in this event might not be present.

Event[180]:
  Log Name: Security
  Source: Microsoft-Windows-Security-Auditing
  Date: 2024-08-08T10:20:49.461
  Event ID: 4771
  Task: Kerberos Authentication Service
  Level: Information
  Opcode: Info
  Keyword: Audit Failure
  User: N/A
  User Name: N/A
  Computer: CLIBAAD03.cliba.com.ar
  Description: 
Kerberos pre-authentication failed.

Account Information:
	Security ID:		S-1-5-21-1171290785-409082668-1575050150-43012
	Account Name:		grey_admin

Service Information:
	Service Name:		krbtgt/CLIBA.COM.AR

Network Information:
	Client Address:		::ffff:172.19.26.109
	Client Port:		61998

Additional Information:
	Ticket Options:		0x40810010
	Failure Code:		0x18
	Pre-Authentication Type:	2

Certificate Information:
	Certificate Issuer Name:		
	Certificate Serial Number: 	
	Certificate Thumbprint:		

Certificate information is only provided if a certificate was used for pre-authentication.

Pre-authentication types, ticket options and failure codes are defined in RFC 4120.

If the ticket was malformed or damaged during transit and could not be decrypted, then many fields in this event might not be present.

Event[181]:
  Log Name: Security
  Source: Microsoft-Windows-Security-Auditing
  Date: 2024-08-08T10:20:44.444
  Event ID: 4771
  Task: Kerberos Authentication Service
  Level: Information
  Opcode: Info
  Keyword: Audit Failure
  User: N/A
  User Name: N/A
  Computer: CLIBAAD03.cliba.com.ar
  Description: 
Kerberos pre-authentication failed.

Account Information:
	Security ID:		S-1-5-21-1171290785-409082668-1575050150-43012
	Account Name:		grey_admin

Service Information:
	Service Name:		krbtgt/CLIBA.COM.AR

Network Information:
	Client Address:		::ffff:172.19.26.109
	Client Port:		61995

Additional Information:
	Ticket Options:		0x40810010
	Failure Code:		0x18
	Pre-Authentication Type:	2

Certificate Information:
	Certificate Issuer Name:		
	Certificate Serial Number: 	
	Certificate Thumbprint:		

Certificate information is only provided if a certificate was used for pre-authentication.

Pre-authentication types, ticket options and failure codes are defined in RFC 4120.

If the ticket was malformed or damaged during transit and could not be decrypted, then many fields in this event might not be present.

Event[182]:
  Log Name: Security
  Source: Microsoft-Windows-Security-Auditing
  Date: 2024-08-08T10:20:39.426
  Event ID: 4771
  Task: Kerberos Authentication Service
  Level: Information
  Opcode: Info
  Keyword: Audit Failure
  User: N/A
  User Name: N/A
  Computer: CLIBAAD03.cliba.com.ar
  Description: 
Kerberos pre-authentication failed.

Account Information:
	Security ID:		S-1-5-21-1171290785-409082668-1575050150-43012
	Account Name:		grey_admin

Service Information:
	Service Name:		krbtgt/CLIBA.COM.AR

Network Information:
	Client Address:		::ffff:172.19.26.109
	Client Port:		61989

Additional Information:
	Ticket Options:		0x40810010
	Failure Code:		0x18
	Pre-Authentication Type:	2

Certificate Information:
	Certificate Issuer Name:		
	Certificate Serial Number: 	
	Certificate Thumbprint:		

Certificate information is only provided if a certificate was used for pre-authentication.

Pre-authentication types, ticket options and failure codes are defined in RFC 4120.

If the ticket was malformed or damaged during transit and could not be decrypted, then many fields in this event might not be present.

Event[183]:
  Log Name: Security
  Source: Microsoft-Windows-Security-Auditing
  Date: 2024-08-08T10:20:35.954
  Event ID: 4771
  Task: Kerberos Authentication Service
  Level: Information
  Opcode: Info
  Keyword: Audit Failure
  User: N/A
  User Name: N/A
  Computer: CLIBAAD03.cliba.com.ar
  Description: 
Kerberos pre-authentication failed.

Account Information:
	Security ID:		S-1-5-21-1171290785-409082668-1575050150-9920
	Account Name:		fvivanco

Service Information:
	Service Name:		krbtgt/CLIBA.COM.AR

Network Information:
	Client Address:		::ffff:172.19.105.75
	Client Port:		63781

Additional Information:
	Ticket Options:		0x40810010
	Failure Code:		0x18
	Pre-Authentication Type:	2

Certificate Information:
	Certificate Issuer Name:		
	Certificate Serial Number: 	
	Certificate Thumbprint:		

Certificate information is only provided if a certificate was used for pre-authentication.

Pre-authentication types, ticket options and failure codes are defined in RFC 4120.

If the ticket was malformed or damaged during transit and could not be decrypted, then many fields in this event might not be present.

Event[184]:
  Log Name: Security
  Source: Microsoft-Windows-Security-Auditing
  Date: 2024-08-08T10:20:35.858
  Event ID: 4771
  Task: Kerberos Authentication Service
  Level: Information
  Opcode: Info
  Keyword: Audit Failure
  User: N/A
  User Name: N/A
  Computer: CLIBAAD03.cliba.com.ar
  Description: 
Kerberos pre-authentication failed.

Account Information:
	Security ID:		S-1-5-21-1171290785-409082668-1575050150-9920
	Account Name:		fvivanco

Service Information:
	Service Name:		krbtgt/CLIBA.COM.AR

Network Information:
	Client Address:		::ffff:172.19.105.75
	Client Port:		63779

Additional Information:
	Ticket Options:		0x40810010
	Failure Code:		0x18
	Pre-Authentication Type:	2

Certificate Information:
	Certificate Issuer Name:		
	Certificate Serial Number: 	
	Certificate Thumbprint:		

Certificate information is only provided if a certificate was used for pre-authentication.

Pre-authentication types, ticket options and failure codes are defined in RFC 4120.

If the ticket was malformed or damaged during transit and could not be decrypted, then many fields in this event might not be present.

Event[185]:
  Log Name: Security
  Source: Microsoft-Windows-Security-Auditing
  Date: 2024-08-08T10:20:34.412
  Event ID: 4771
  Task: Kerberos Authentication Service
  Level: Information
  Opcode: Info
  Keyword: Audit Failure
  User: N/A
  User Name: N/A
  Computer: CLIBAAD03.cliba.com.ar
  Description: 
Kerberos pre-authentication failed.

Account Information:
	Security ID:		S-1-5-21-1171290785-409082668-1575050150-43012
	Account Name:		grey_admin

Service Information:
	Service Name:		krbtgt/CLIBA.COM.AR

Network Information:
	Client Address:		::ffff:172.19.26.109
	Client Port:		61987

Additional Information:
	Ticket Options:		0x40810010
	Failure Code:		0x18
	Pre-Authentication Type:	2

Certificate Information:
	Certificate Issuer Name:		
	Certificate Serial Number: 	
	Certificate Thumbprint:		

Certificate information is only provided if a certificate was used for pre-authentication.

Pre-authentication types, ticket options and failure codes are defined in RFC 4120.

If the ticket was malformed or damaged during transit and could not be decrypted, then many fields in this event might not be present.

Event[186]:
  Log Name: Security
  Source: Microsoft-Windows-Security-Auditing
  Date: 2024-08-08T10:20:29.398
  Event ID: 4771
  Task: Kerberos Authentication Service
  Level: Information
  Opcode: Info
  Keyword: Audit Failure
  User: N/A
  User Name: N/A
  Computer: CLIBAAD03.cliba.com.ar
  Description: 
Kerberos pre-authentication failed.

Account Information:
	Security ID:		S-1-5-21-1171290785-409082668-1575050150-43012
	Account Name:		grey_admin

Service Information:
	Service Name:		krbtgt/CLIBA.COM.AR

Network Information:
	Client Address:		::ffff:172.19.26.109
	Client Port:		61978

Additional Information:
	Ticket Options:		0x40810010
	Failure Code:		0x18
	Pre-Authentication Type:	2

Certificate Information:
	Certificate Issuer Name:		
	Certificate Serial Number: 	
	Certificate Thumbprint:		

Certificate information is only provided if a certificate was used for pre-authentication.

Pre-authentication types, ticket options and failure codes are defined in RFC 4120.

If the ticket was malformed or damaged during transit and could not be decrypted, then many fields in this event might not be present.

Event[187]:
  Log Name: Security
  Source: Microsoft-Windows-Security-Auditing
  Date: 2024-08-08T10:20:24.382
  Event ID: 4771
  Task: Kerberos Authentication Service
  Level: Information
  Opcode: Info
  Keyword: Audit Failure
  User: N/A
  User Name: N/A
  Computer: CLIBAAD03.cliba.com.ar
  Description: 
Kerberos pre-authentication failed.

Account Information:
	Security ID:		S-1-5-21-1171290785-409082668-1575050150-43012
	Account Name:		grey_admin

Service Information:
	Service Name:		krbtgt/CLIBA.COM.AR

Network Information:
	Client Address:		::ffff:172.19.26.109
	Client Port:		61976

Additional Information:
	Ticket Options:		0x40810010
	Failure Code:		0x18
	Pre-Authentication Type:	2

Certificate Information:
	Certificate Issuer Name:		
	Certificate Serial Number: 	
	Certificate Thumbprint:		

Certificate information is only provided if a certificate was used for pre-authentication.

Pre-authentication types, ticket options and failure codes are defined in RFC 4120.

If the ticket was malformed or damaged during transit and could not be decrypted, then many fields in this event might not be present.

Event[188]:
  Log Name: Security
  Source: Microsoft-Windows-Security-Auditing
  Date: 2024-08-08T10:20:20.665
  Event ID: 4771
  Task: Kerberos Authentication Service
  Level: Information
  Opcode: Info
  Keyword: Audit Failure
  User: N/A
  User Name: N/A
  Computer: CLIBAAD03.cliba.com.ar
  Description: 
Kerberos pre-authentication failed.

Account Information:
	Security ID:		S-1-5-21-1171290785-409082668-1575050150-42844
	Account Name:		cdona

Service Information:
	Service Name:		krbtgt/cliba

Network Information:
	Client Address:		::ffff:172.16.249.19
	Client Port:		13772

Additional Information:
	Ticket Options:		0x40810010
	Failure Code:		0x18
	Pre-Authentication Type:	2

Certificate Information:
	Certificate Issuer Name:		
	Certificate Serial Number: 	
	Certificate Thumbprint:		

Certificate information is only provided if a certificate was used for pre-authentication.

Pre-authentication types, ticket options and failure codes are defined in RFC 4120.

If the ticket was malformed or damaged during transit and could not be decrypted, then many fields in this event might not be present.

Event[189]:
  Log Name: Security
  Source: Microsoft-Windows-Security-Auditing
  Date: 2024-08-08T10:20:19.366
  Event ID: 4771
  Task: Kerberos Authentication Service
  Level: Information
  Opcode: Info
  Keyword: Audit Failure
  User: N/A
  User Name: N/A
  Computer: CLIBAAD03.cliba.com.ar
  Description: 
Kerberos pre-authentication failed.

Account Information:
	Security ID:		S-1-5-21-1171290785-409082668-1575050150-43012
	Account Name:		grey_admin

Service Information:
	Service Name:		krbtgt/CLIBA.COM.AR

Network Information:
	Client Address:		::ffff:172.19.26.109
	Client Port:		61974

Additional Information:
	Ticket Options:		0x40810010
	Failure Code:		0x18
	Pre-Authentication Type:	2

Certificate Information:
	Certificate Issuer Name:		
	Certificate Serial Number: 	
	Certificate Thumbprint:		

Certificate information is only provided if a certificate was used for pre-authentication.

Pre-authentication types, ticket options and failure codes are defined in RFC 4120.

If the ticket was malformed or damaged during transit and could not be decrypted, then many fields in this event might not be present.

Event[190]:
  Log Name: Security
  Source: Microsoft-Windows-Security-Auditing
  Date: 2024-08-08T10:20:14.348
  Event ID: 4771
  Task: Kerberos Authentication Service
  Level: Information
  Opcode: Info
  Keyword: Audit Failure
  User: N/A
  User Name: N/A
  Computer: CLIBAAD03.cliba.com.ar
  Description: 
Kerberos pre-authentication failed.

Account Information:
	Security ID:		S-1-5-21-1171290785-409082668-1575050150-43012
	Account Name:		grey_admin

Service Information:
	Service Name:		krbtgt/CLIBA.COM.AR

Network Information:
	Client Address:		::ffff:172.19.26.109
	Client Port:		61971

Additional Information:
	Ticket Options:		0x40810010
	Failure Code:		0x18
	Pre-Authentication Type:	2

Certificate Information:
	Certificate Issuer Name:		
	Certificate Serial Number: 	
	Certificate Thumbprint:		

Certificate information is only provided if a certificate was used for pre-authentication.

Pre-authentication types, ticket options and failure codes are defined in RFC 4120.

If the ticket was malformed or damaged during transit and could not be decrypted, then many fields in this event might not be present.

Event[191]:
  Log Name: Security
  Source: Microsoft-Windows-Security-Auditing
  Date: 2024-08-08T10:20:09.335
  Event ID: 4771
  Task: Kerberos Authentication Service
  Level: Information
  Opcode: Info
  Keyword: Audit Failure
  User: N/A
  User Name: N/A
  Computer: CLIBAAD03.cliba.com.ar
  Description: 
Kerberos pre-authentication failed.

Account Information:
	Security ID:		S-1-5-21-1171290785-409082668-1575050150-43012
	Account Name:		grey_admin

Service Information:
	Service Name:		krbtgt/CLIBA.COM.AR

Network Information:
	Client Address:		::ffff:172.19.26.109
	Client Port:		61969

Additional Information:
	Ticket Options:		0x40810010
	Failure Code:		0x18
	Pre-Authentication Type:	2

Certificate Information:
	Certificate Issuer Name:		
	Certificate Serial Number: 	
	Certificate Thumbprint:		

Certificate information is only provided if a certificate was used for pre-authentication.

Pre-authentication types, ticket options and failure codes are defined in RFC 4120.

If the ticket was malformed or damaged during transit and could not be decrypted, then many fields in this event might not be present.

Event[192]:
  Log Name: Security
  Source: Microsoft-Windows-Security-Auditing
  Date: 2024-08-08T10:20:04.321
  Event ID: 4771
  Task: Kerberos Authentication Service
  Level: Information
  Opcode: Info
  Keyword: Audit Failure
  User: N/A
  User Name: N/A
  Computer: CLIBAAD03.cliba.com.ar
  Description: 
Kerberos pre-authentication failed.

Account Information:
	Security ID:		S-1-5-21-1171290785-409082668-1575050150-43012
	Account Name:		grey_admin

Service Information:
	Service Name:		krbtgt/CLIBA.COM.AR

Network Information:
	Client Address:		::ffff:172.19.26.109
	Client Port:		61967

Additional Information:
	Ticket Options:		0x40810010
	Failure Code:		0x18
	Pre-Authentication Type:	2

Certificate Information:
	Certificate Issuer Name:		
	Certificate Serial Number: 	
	Certificate Thumbprint:		

Certificate information is only provided if a certificate was used for pre-authentication.

Pre-authentication types, ticket options and failure codes are defined in RFC 4120.

If the ticket was malformed or damaged during transit and could not be decrypted, then many fields in this event might not be present.

Event[193]:
  Log Name: Security
  Source: Microsoft-Windows-Security-Auditing
  Date: 2024-08-08T10:19:59.303
  Event ID: 4771
  Task: Kerberos Authentication Service
  Level: Information
  Opcode: Info
  Keyword: Audit Failure
  User: N/A
  User Name: N/A
  Computer: CLIBAAD03.cliba.com.ar
  Description: 
Kerberos pre-authentication failed.

Account Information:
	Security ID:		S-1-5-21-1171290785-409082668-1575050150-43012
	Account Name:		grey_admin

Service Information:
	Service Name:		krbtgt/CLIBA.COM.AR

Network Information:
	Client Address:		::ffff:172.19.26.109
	Client Port:		61965

Additional Information:
	Ticket Options:		0x40810010
	Failure Code:		0x18
	Pre-Authentication Type:	2

Certificate Information:
	Certificate Issuer Name:		
	Certificate Serial Number: 	
	Certificate Thumbprint:		

Certificate information is only provided if a certificate was used for pre-authentication.

Pre-authentication types, ticket options and failure codes are defined in RFC 4120.

If the ticket was malformed or damaged during transit and could not be decrypted, then many fields in this event might not be present.

Event[194]:
  Log Name: Security
  Source: Microsoft-Windows-Security-Auditing
  Date: 2024-08-08T10:19:54.288
  Event ID: 4771
  Task: Kerberos Authentication Service
  Level: Information
  Opcode: Info
  Keyword: Audit Failure
  User: N/A
  User Name: N/A
  Computer: CLIBAAD03.cliba.com.ar
  Description: 
Kerberos pre-authentication failed.

Account Information:
	Security ID:		S-1-5-21-1171290785-409082668-1575050150-43012
	Account Name:		grey_admin

Service Information:
	Service Name:		krbtgt/CLIBA.COM.AR

Network Information:
	Client Address:		::ffff:172.19.26.109
	Client Port:		61963

Additional Information:
	Ticket Options:		0x40810010
	Failure Code:		0x18
	Pre-Authentication Type:	2

Certificate Information:
	Certificate Issuer Name:		
	Certificate Serial Number: 	
	Certificate Thumbprint:		

Certificate information is only provided if a certificate was used for pre-authentication.

Pre-authentication types, ticket options and failure codes are defined in RFC 4120.

If the ticket was malformed or damaged during transit and could not be decrypted, then many fields in this event might not be present.

Event[195]:
  Log Name: Security
  Source: Microsoft-Windows-Security-Auditing
  Date: 2024-08-08T10:19:50.198
  Event ID: 4771
  Task: Kerberos Authentication Service
  Level: Information
  Opcode: Info
  Keyword: Audit Failure
  User: N/A
  User Name: N/A
  Computer: CLIBAAD03.cliba.com.ar
  Description: 
Kerberos pre-authentication failed.

Account Information:
	Security ID:		S-1-5-21-1171290785-409082668-1575050150-24817
	Account Name:		PLepez

Service Information:
	Service Name:		krbtgt/CLIBA.COM.AR

Network Information:
	Client Address:		::ffff:172.19.21.31
	Client Port:		51035

Additional Information:
	Ticket Options:		0x40810010
	Failure Code:		0x18
	Pre-Authentication Type:	2

Certificate Information:
	Certificate Issuer Name:		
	Certificate Serial Number: 	
	Certificate Thumbprint:		

Certificate information is only provided if a certificate was used for pre-authentication.

Pre-authentication types, ticket options and failure codes are defined in RFC 4120.

If the ticket was malformed or damaged during transit and could not be decrypted, then many fields in this event might not be present.

Event[196]:
  Log Name: Security
  Source: Microsoft-Windows-Security-Auditing
  Date: 2024-08-08T10:19:50.079
  Event ID: 4771
  Task: Kerberos Authentication Service
  Level: Information
  Opcode: Info
  Keyword: Audit Failure
  User: N/A
  User Name: N/A
  Computer: CLIBAAD03.cliba.com.ar
  Description: 
Kerberos pre-authentication failed.

Account Information:
	Security ID:		S-1-5-21-1171290785-409082668-1575050150-24817
	Account Name:		PLepez

Service Information:
	Service Name:		krbtgt/CLIBA.COM.AR

Network Information:
	Client Address:		::ffff:172.19.21.31
	Client Port:		51033

Additional Information:
	Ticket Options:		0x40810010
	Failure Code:		0x18
	Pre-Authentication Type:	2

Certificate Information:
	Certificate Issuer Name:		
	Certificate Serial Number: 	
	Certificate Thumbprint:		

Certificate information is only provided if a certificate was used for pre-authentication.

Pre-authentication types, ticket options and failure codes are defined in RFC 4120.

If the ticket was malformed or damaged during transit and could not be decrypted, then many fields in this event might not be present.

Event[197]:
  Log Name: Security
  Source: Microsoft-Windows-Security-Auditing
  Date: 2024-08-08T10:19:49.274
  Event ID: 4771
  Task: Kerberos Authentication Service
  Level: Information
  Opcode: Info
  Keyword: Audit Failure
  User: N/A
  User Name: N/A
  Computer: CLIBAAD03.cliba.com.ar
  Description: 
Kerberos pre-authentication failed.

Account Information:
	Security ID:		S-1-5-21-1171290785-409082668-1575050150-43012
	Account Name:		grey_admin

Service Information:
	Service Name:		krbtgt/CLIBA.COM.AR

Network Information:
	Client Address:		::ffff:172.19.26.109
	Client Port:		61960

Additional Information:
	Ticket Options:		0x40810010
	Failure Code:		0x18
	Pre-Authentication Type:	2

Certificate Information:
	Certificate Issuer Name:		
	Certificate Serial Number: 	
	Certificate Thumbprint:		

Certificate information is only provided if a certificate was used for pre-authentication.

Pre-authentication types, ticket options and failure codes are defined in RFC 4120.

If the ticket was malformed or damaged during transit and could not be decrypted, then many fields in this event might not be present.

Event[198]:
  Log Name: Security
  Source: Microsoft-Windows-Security-Auditing
  Date: 2024-08-08T10:19:44.254
  Event ID: 4771
  Task: Kerberos Authentication Service
  Level: Information
  Opcode: Info
  Keyword: Audit Failure
  User: N/A
  User Name: N/A
  Computer: CLIBAAD03.cliba.com.ar
  Description: 
Kerberos pre-authentication failed.

Account Information:
	Security ID:		S-1-5-21-1171290785-409082668-1575050150-43012
	Account Name:		grey_admin

Service Information:
	Service Name:		krbtgt/CLIBA.COM.AR

Network Information:
	Client Address:		::ffff:172.19.26.109
	Client Port:		61958

Additional Information:
	Ticket Options:		0x40810010
	Failure Code:		0x18
	Pre-Authentication Type:	2

Certificate Information:
	Certificate Issuer Name:		
	Certificate Serial Number: 	
	Certificate Thumbprint:		

Certificate information is only provided if a certificate was used for pre-authentication.

Pre-authentication types, ticket options and failure codes are defined in RFC 4120.

If the ticket was malformed or damaged during transit and could not be decrypted, then many fields in this event might not be present.

Event[199]:
  Log Name: Security
  Source: Microsoft-Windows-Security-Auditing
  Date: 2024-08-08T10:19:39.238
  Event ID: 4771
  Task: Kerberos Authentication Service
  Level: Information
  Opcode: Info
  Keyword: Audit Failure
  User: N/A
  User Name: N/A
  Computer: CLIBAAD03.cliba.com.ar
  Description: 
Kerberos pre-authentication failed.

Account Information:
	Security ID:		S-1-5-21-1171290785-409082668-1575050150-43012
	Account Name:		grey_admin

Service Information:
	Service Name:		krbtgt/CLIBA.COM.AR

Network Information:
	Client Address:		::ffff:172.19.26.109
	Client Port:		61956

Additional Information:
	Ticket Options:		0x40810010
	Failure Code:		0x18
	Pre-Authentication Type:	2

Certificate Information:
	Certificate Issuer Name:		
	Certificate Serial Number: 	
	Certificate Thumbprint:		

Certificate information is only provided if a certificate was used for pre-authentication.

Pre-authentication types, ticket options and failure codes are defined in RFC 4120.

If the ticket was malformed or damaged during transit and could not be decrypted, then many fields in this event might not be present.

Event[200]:
  Log Name: Security
  Source: Microsoft-Windows-Security-Auditing
  Date: 2024-08-08T10:19:37.790
  Event ID: 4771
  Task: Kerberos Authentication Service
  Level: Information
  Opcode: Info
  Keyword: Audit Failure
  User: N/A
  User Name: N/A
  Computer: CLIBAAD03.cliba.com.ar
  Description: 
Kerberos pre-authentication failed.

Account Information:
	Security ID:		S-1-5-21-1171290785-409082668-1575050150-18118
	Account Name:		rstefano

Service Information:
	Service Name:		krbtgt/cliba

Network Information:
	Client Address:		::ffff:172.16.249.19
	Client Port:		12571

Additional Information:
	Ticket Options:		0x40810010
	Failure Code:		0x18
	Pre-Authentication Type:	2

Certificate Information:
	Certificate Issuer Name:		
	Certificate Serial Number: 	
	Certificate Thumbprint:		

Certificate information is only provided if a certificate was used for pre-authentication.

Pre-authentication types, ticket options and failure codes are defined in RFC 4120.

If the ticket was malformed or damaged during transit and could not be decrypted, then many fields in this event might not be present.

Event[201]:
  Log Name: Security
  Source: Microsoft-Windows-Security-Auditing
  Date: 2024-08-08T10:19:34.226
  Event ID: 4771
  Task: Kerberos Authentication Service
  Level: Information
  Opcode: Info
  Keyword: Audit Failure
  User: N/A
  User Name: N/A
  Computer: CLIBAAD03.cliba.com.ar
  Description: 
Kerberos pre-authentication failed.

Account Information:
	Security ID:		S-1-5-21-1171290785-409082668-1575050150-43012
	Account Name:		grey_admin

Service Information:
	Service Name:		krbtgt/CLIBA.COM.AR

Network Information:
	Client Address:		::ffff:172.19.26.109
	Client Port:		61954

Additional Information:
	Ticket Options:		0x40810010
	Failure Code:		0x18
	Pre-Authentication Type:	2

Certificate Information:
	Certificate Issuer Name:		
	Certificate Serial Number: 	
	Certificate Thumbprint:		

Certificate information is only provided if a certificate was used for pre-authentication.

Pre-authentication types, ticket options and failure codes are defined in RFC 4120.

If the ticket was malformed or damaged during transit and could not be decrypted, then many fields in this event might not be present.

Event[202]:
  Log Name: Security
  Source: Microsoft-Windows-Security-Auditing
  Date: 2024-08-08T10:19:29.211
  Event ID: 4771
  Task: Kerberos Authentication Service
  Level: Information
  Opcode: Info
  Keyword: Audit Failure
  User: N/A
  User Name: N/A
  Computer: CLIBAAD03.cliba.com.ar
  Description: 
Kerberos pre-authentication failed.

Account Information:
	Security ID:		S-1-5-21-1171290785-409082668-1575050150-43012
	Account Name:		grey_admin

Service Information:
	Service Name:		krbtgt/CLIBA.COM.AR

Network Information:
	Client Address:		::ffff:172.19.26.109
	Client Port:		61952

Additional Information:
	Ticket Options:		0x40810010
	Failure Code:		0x18
	Pre-Authentication Type:	2

Certificate Information:
	Certificate Issuer Name:		
	Certificate Serial Number: 	
	Certificate Thumbprint:		

Certificate information is only provided if a certificate was used for pre-authentication.

Pre-authentication types, ticket options and failure codes are defined in RFC 4120.

If the ticket was malformed or damaged during transit and could not be decrypted, then many fields in this event might not be present.

Event[203]:
  Log Name: Security
  Source: Microsoft-Windows-Security-Auditing
  Date: 2024-08-08T10:19:27.420
  Event ID: 4771
  Task: Kerberos Authentication Service
  Level: Information
  Opcode: Info
  Keyword: Audit Failure
  User: N/A
  User Name: N/A
  Computer: CLIBAAD03.cliba.com.ar
  Description: 
Kerberos pre-authentication failed.

Account Information:
	Security ID:		S-1-5-21-1171290785-409082668-1575050150-27395
	Account Name:		nruz

Service Information:
	Service Name:		krbtgt/CLIBA.COM.AR

Network Information:
	Client Address:		::ffff:172.16.249.19
	Client Port:		12347

Additional Information:
	Ticket Options:		0x40810010
	Failure Code:		0x18
	Pre-Authentication Type:	2

Certificate Information:
	Certificate Issuer Name:		
	Certificate Serial Number: 	
	Certificate Thumbprint:		

Certificate information is only provided if a certificate was used for pre-authentication.

Pre-authentication types, ticket options and failure codes are defined in RFC 4120.

If the ticket was malformed or damaged during transit and could not be decrypted, then many fields in this event might not be present.

Event[204]:
  Log Name: Security
  Source: Microsoft-Windows-Security-Auditing
  Date: 2024-08-08T10:19:24.541
  Event ID: 4771
  Task: Kerberos Authentication Service
  Level: Information
  Opcode: Info
  Keyword: Audit Failure
  User: N/A
  User Name: N/A
  Computer: CLIBAAD03.cliba.com.ar
  Description: 
Kerberos pre-authentication failed.

Account Information:
	Security ID:		S-1-5-21-1171290785-409082668-1575050150-27395
	Account Name:		nruz

Service Information:
	Service Name:		krbtgt/CLIBA.COM.AR

Network Information:
	Client Address:		::ffff:172.16.249.19
	Client Port:		12257

Additional Information:
	Ticket Options:		0x40810010
	Failure Code:		0x18
	Pre-Authentication Type:	2

Certificate Information:
	Certificate Issuer Name:		
	Certificate Serial Number: 	
	Certificate Thumbprint:		

Certificate information is only provided if a certificate was used for pre-authentication.

Pre-authentication types, ticket options and failure codes are defined in RFC 4120.

If the ticket was malformed or damaged during transit and could not be decrypted, then many fields in this event might not be present.

Event[205]:
  Log Name: Security
  Source: Microsoft-Windows-Security-Auditing
  Date: 2024-08-08T10:19:24.193
  Event ID: 4771
  Task: Kerberos Authentication Service
  Level: Information
  Opcode: Info
  Keyword: Audit Failure
  User: N/A
  User Name: N/A
  Computer: CLIBAAD03.cliba.com.ar
  Description: 
Kerberos pre-authentication failed.

Account Information:
	Security ID:		S-1-5-21-1171290785-409082668-1575050150-43012
	Account Name:		grey_admin

Service Information:
	Service Name:		krbtgt/CLIBA.COM.AR

Network Information:
	Client Address:		::ffff:172.19.26.109
	Client Port:		61950

Additional Information:
	Ticket Options:		0x40810010
	Failure Code:		0x18
	Pre-Authentication Type:	2

Certificate Information:
	Certificate Issuer Name:		
	Certificate Serial Number: 	
	Certificate Thumbprint:		

Certificate information is only provided if a certificate was used for pre-authentication.

Pre-authentication types, ticket options and failure codes are defined in RFC 4120.

If the ticket was malformed or damaged during transit and could not be decrypted, then many fields in this event might not be present.

Event[206]:
  Log Name: Security
  Source: Microsoft-Windows-Security-Auditing
  Date: 2024-08-08T10:19:19.175
  Event ID: 4771
  Task: Kerberos Authentication Service
  Level: Information
  Opcode: Info
  Keyword: Audit Failure
  User: N/A
  User Name: N/A
  Computer: CLIBAAD03.cliba.com.ar
  Description: 
Kerberos pre-authentication failed.

Account Information:
	Security ID:		S-1-5-21-1171290785-409082668-1575050150-43012
	Account Name:		grey_admin

Service Information:
	Service Name:		krbtgt/CLIBA.COM.AR

Network Information:
	Client Address:		::ffff:172.19.26.109
	Client Port:		61948

Additional Information:
	Ticket Options:		0x40810010
	Failure Code:		0x18
	Pre-Authentication Type:	2

Certificate Information:
	Certificate Issuer Name:		
	Certificate Serial Number: 	
	Certificate Thumbprint:		

Certificate information is only provided if a certificate was used for pre-authentication.

Pre-authentication types, ticket options and failure codes are defined in RFC 4120.

If the ticket was malformed or damaged during transit and could not be decrypted, then many fields in this event might not be present.

Event[207]:
  Log Name: Security
  Source: Microsoft-Windows-Security-Auditing
  Date: 2024-08-08T10:19:14.162
  Event ID: 4771
  Task: Kerberos Authentication Service
  Level: Information
  Opcode: Info
  Keyword: Audit Failure
  User: N/A
  User Name: N/A
  Computer: CLIBAAD03.cliba.com.ar
  Description: 
Kerberos pre-authentication failed.

Account Information:
	Security ID:		S-1-5-21-1171290785-409082668-1575050150-43012
	Account Name:		grey_admin

Service Information:
	Service Name:		krbtgt/CLIBA.COM.AR

Network Information:
	Client Address:		::ffff:172.19.26.109
	Client Port:		61945

Additional Information:
	Ticket Options:		0x40810010
	Failure Code:		0x18
	Pre-Authentication Type:	2

Certificate Information:
	Certificate Issuer Name:		
	Certificate Serial Number: 	
	Certificate Thumbprint:		

Certificate information is only provided if a certificate was used for pre-authentication.

Pre-authentication types, ticket options and failure codes are defined in RFC 4120.

If the ticket was malformed or damaged during transit and could not be decrypted, then many fields in this event might not be present.

Event[208]:
  Log Name: Security
  Source: Microsoft-Windows-Security-Auditing
  Date: 2024-08-08T10:19:09.147
  Event ID: 4771
  Task: Kerberos Authentication Service
  Level: Information
  Opcode: Info
  Keyword: Audit Failure
  User: N/A
  User Name: N/A
  Computer: CLIBAAD03.cliba.com.ar
  Description: 
Kerberos pre-authentication failed.

Account Information:
	Security ID:		S-1-5-21-1171290785-409082668-1575050150-43012
	Account Name:		grey_admin

Service Information:
	Service Name:		krbtgt/CLIBA.COM.AR

Network Information:
	Client Address:		::ffff:172.19.26.109
	Client Port:		61943

Additional Information:
	Ticket Options:		0x40810010
	Failure Code:		0x18
	Pre-Authentication Type:	2

Certificate Information:
	Certificate Issuer Name:		
	Certificate Serial Number: 	
	Certificate Thumbprint:		

Certificate information is only provided if a certificate was used for pre-authentication.

Pre-authentication types, ticket options and failure codes are defined in RFC 4120.

If the ticket was malformed or damaged during transit and could not be decrypted, then many fields in this event might not be present.

Event[209]:
  Log Name: Security
  Source: Microsoft-Windows-Security-Auditing
  Date: 2024-08-08T10:19:04.129
  Event ID: 4771
  Task: Kerberos Authentication Service
  Level: Information
  Opcode: Info
  Keyword: Audit Failure
  User: N/A
  User Name: N/A
  Computer: CLIBAAD03.cliba.com.ar
  Description: 
Kerberos pre-authentication failed.

Account Information:
	Security ID:		S-1-5-21-1171290785-409082668-1575050150-43012
	Account Name:		grey_admin

Service Information:
	Service Name:		krbtgt/CLIBA.COM.AR

Network Information:
	Client Address:		::ffff:172.19.26.109
	Client Port:		61941

Additional Information:
	Ticket Options:		0x40810010
	Failure Code:		0x18
	Pre-Authentication Type:	2

Certificate Information:
	Certificate Issuer Name:		
	Certificate Serial Number: 	
	Certificate Thumbprint:		

Certificate information is only provided if a certificate was used for pre-authentication.

Pre-authentication types, ticket options and failure codes are defined in RFC 4120.

If the ticket was malformed or damaged during transit and could not be decrypted, then many fields in this event might not be present.

Event[210]:
  Log Name: Security
  Source: Microsoft-Windows-Security-Auditing
  Date: 2024-08-08T10:18:59.114
  Event ID: 4771
  Task: Kerberos Authentication Service
  Level: Information
  Opcode: Info
  Keyword: Audit Failure
  User: N/A
  User Name: N/A
  Computer: CLIBAAD03.cliba.com.ar
  Description: 
Kerberos pre-authentication failed.

Account Information:
	Security ID:		S-1-5-21-1171290785-409082668-1575050150-43012
	Account Name:		grey_admin

Service Information:
	Service Name:		krbtgt/CLIBA.COM.AR

Network Information:
	Client Address:		::ffff:172.19.26.109
	Client Port:		61938

Additional Information:
	Ticket Options:		0x40810010
	Failure Code:		0x18
	Pre-Authentication Type:	2

Certificate Information:
	Certificate Issuer Name:		
	Certificate Serial Number: 	
	Certificate Thumbprint:		

Certificate information is only provided if a certificate was used for pre-authentication.

Pre-authentication types, ticket options and failure codes are defined in RFC 4120.

If the ticket was malformed or damaged during transit and could not be decrypted, then many fields in this event might not be present.

Event[211]:
  Log Name: Security
  Source: Microsoft-Windows-Security-Auditing
  Date: 2024-08-08T10:18:54.099
  Event ID: 4771
  Task: Kerberos Authentication Service
  Level: Information
  Opcode: Info
  Keyword: Audit Failure
  User: N/A
  User Name: N/A
  Computer: CLIBAAD03.cliba.com.ar
  Description: 
Kerberos pre-authentication failed.

Account Information:
	Security ID:		S-1-5-21-1171290785-409082668-1575050150-43012
	Account Name:		grey_admin

Service Information:
	Service Name:		krbtgt/CLIBA.COM.AR

Network Information:
	Client Address:		::ffff:172.19.26.109
	Client Port:		61936

Additional Information:
	Ticket Options:		0x40810010
	Failure Code:		0x18
	Pre-Authentication Type:	2

Certificate Information:
	Certificate Issuer Name:		
	Certificate Serial Number: 	
	Certificate Thumbprint:		

Certificate information is only provided if a certificate was used for pre-authentication.

Pre-authentication types, ticket options and failure codes are defined in RFC 4120.

If the ticket was malformed or damaged during transit and could not be decrypted, then many fields in this event might not be present.

Event[212]:
  Log Name: Security
  Source: Microsoft-Windows-Security-Auditing
  Date: 2024-08-08T10:18:49.082
  Event ID: 4771
  Task: Kerberos Authentication Service
  Level: Information
  Opcode: Info
  Keyword: Audit Failure
  User: N/A
  User Name: N/A
  Computer: CLIBAAD03.cliba.com.ar
  Description: 
Kerberos pre-authentication failed.

Account Information:
	Security ID:		S-1-5-21-1171290785-409082668-1575050150-43012
	Account Name:		grey_admin

Service Information:
	Service Name:		krbtgt/CLIBA.COM.AR

Network Information:
	Client Address:		::ffff:172.19.26.109
	Client Port:		61933

Additional Information:
	Ticket Options:		0x40810010
	Failure Code:		0x18
	Pre-Authentication Type:	2

Certificate Information:
	Certificate Issuer Name:		
	Certificate Serial Number: 	
	Certificate Thumbprint:		

Certificate information is only provided if a certificate was used for pre-authentication.

Pre-authentication types, ticket options and failure codes are defined in RFC 4120.

If the ticket was malformed or damaged during transit and could not be decrypted, then many fields in this event might not be present.

Event[213]:
  Log Name: Security
  Source: Microsoft-Windows-Security-Auditing
  Date: 2024-08-08T10:18:44.067
  Event ID: 4771
  Task: Kerberos Authentication Service
  Level: Information
  Opcode: Info
  Keyword: Audit Failure
  User: N/A
  User Name: N/A
  Computer: CLIBAAD03.cliba.com.ar
  Description: 
Kerberos pre-authentication failed.

Account Information:
	Security ID:		S-1-5-21-1171290785-409082668-1575050150-43012
	Account Name:		grey_admin

Service Information:
	Service Name:		krbtgt/CLIBA.COM.AR

Network Information:
	Client Address:		::ffff:172.19.26.109
	Client Port:		61931

Additional Information:
	Ticket Options:		0x40810010
	Failure Code:		0x18
	Pre-Authentication Type:	2

Certificate Information:
	Certificate Issuer Name:		
	Certificate Serial Number: 	
	Certificate Thumbprint:		

Certificate information is only provided if a certificate was used for pre-authentication.

Pre-authentication types, ticket options and failure codes are defined in RFC 4120.

If the ticket was malformed or damaged during transit and could not be decrypted, then many fields in this event might not be present.

Event[214]:
  Log Name: Security
  Source: Microsoft-Windows-Security-Auditing
  Date: 2024-08-08T10:18:39.054
  Event ID: 4771
  Task: Kerberos Authentication Service
  Level: Information
  Opcode: Info
  Keyword: Audit Failure
  User: N/A
  User Name: N/A
  Computer: CLIBAAD03.cliba.com.ar
  Description: 
Kerberos pre-authentication failed.

Account Information:
	Security ID:		S-1-5-21-1171290785-409082668-1575050150-43012
	Account Name:		grey_admin

Service Information:
	Service Name:		krbtgt/CLIBA.COM.AR

Network Information:
	Client Address:		::ffff:172.19.26.109
	Client Port:		61929

Additional Information:
	Ticket Options:		0x40810010
	Failure Code:		0x18
	Pre-Authentication Type:	2

Certificate Information:
	Certificate Issuer Name:		
	Certificate Serial Number: 	
	Certificate Thumbprint:		

Certificate information is only provided if a certificate was used for pre-authentication.

Pre-authentication types, ticket options and failure codes are defined in RFC 4120.

If the ticket was malformed or damaged during transit and could not be decrypted, then many fields in this event might not be present.

Event[215]:
  Log Name: Security
  Source: Microsoft-Windows-Security-Auditing
  Date: 2024-08-08T10:18:34.041
  Event ID: 4771
  Task: Kerberos Authentication Service
  Level: Information
  Opcode: Info
  Keyword: Audit Failure
  User: N/A
  User Name: N/A
  Computer: CLIBAAD03.cliba.com.ar
  Description: 
Kerberos pre-authentication failed.

Account Information:
	Security ID:		S-1-5-21-1171290785-409082668-1575050150-43012
	Account Name:		grey_admin

Service Information:
	Service Name:		krbtgt/CLIBA.COM.AR

Network Information:
	Client Address:		::ffff:172.19.26.109
	Client Port:		61927

Additional Information:
	Ticket Options:		0x40810010
	Failure Code:		0x18
	Pre-Authentication Type:	2

Certificate Information:
	Certificate Issuer Name:		
	Certificate Serial Number: 	
	Certificate Thumbprint:		

Certificate information is only provided if a certificate was used for pre-authentication.

Pre-authentication types, ticket options and failure codes are defined in RFC 4120.

If the ticket was malformed or damaged during transit and could not be decrypted, then many fields in this event might not be present.

Event[216]:
  Log Name: Security
  Source: Microsoft-Windows-Security-Auditing
  Date: 2024-08-08T10:18:29.019
  Event ID: 4771
  Task: Kerberos Authentication Service
  Level: Information
  Opcode: Info
  Keyword: Audit Failure
  User: N/A
  User Name: N/A
  Computer: CLIBAAD03.cliba.com.ar
  Description: 
Kerberos pre-authentication failed.

Account Information:
	Security ID:		S-1-5-21-1171290785-409082668-1575050150-43012
	Account Name:		grey_admin

Service Information:
	Service Name:		krbtgt/CLIBA.COM.AR

Network Information:
	Client Address:		::ffff:172.19.26.109
	Client Port:		61925

Additional Information:
	Ticket Options:		0x40810010
	Failure Code:		0x18
	Pre-Authentication Type:	2

Certificate Information:
	Certificate Issuer Name:		
	Certificate Serial Number: 	
	Certificate Thumbprint:		

Certificate information is only provided if a certificate was used for pre-authentication.

Pre-authentication types, ticket options and failure codes are defined in RFC 4120.

If the ticket was malformed or damaged during transit and could not be decrypted, then many fields in this event might not be present.

Event[217]:
  Log Name: Security
  Source: Microsoft-Windows-Security-Auditing
  Date: 2024-08-08T10:18:24.007
  Event ID: 4771
  Task: Kerberos Authentication Service
  Level: Information
  Opcode: Info
  Keyword: Audit Failure
  User: N/A
  User Name: N/A
  Computer: CLIBAAD03.cliba.com.ar
  Description: 
Kerberos pre-authentication failed.

Account Information:
	Security ID:		S-1-5-21-1171290785-409082668-1575050150-43012
	Account Name:		grey_admin

Service Information:
	Service Name:		krbtgt/CLIBA.COM.AR

Network Information:
	Client Address:		::ffff:172.19.26.109
	Client Port:		61923

Additional Information:
	Ticket Options:		0x40810010
	Failure Code:		0x18
	Pre-Authentication Type:	2

Certificate Information:
	Certificate Issuer Name:		
	Certificate Serial Number: 	
	Certificate Thumbprint:		

Certificate information is only provided if a certificate was used for pre-authentication.

Pre-authentication types, ticket options and failure codes are defined in RFC 4120.

If the ticket was malformed or damaged during transit and could not be decrypted, then many fields in this event might not be present.

Event[218]:
  Log Name: Security
  Source: Microsoft-Windows-Security-Auditing
  Date: 2024-08-08T10:18:18.991
  Event ID: 4771
  Task: Kerberos Authentication Service
  Level: Information
  Opcode: Info
  Keyword: Audit Failure
  User: N/A
  User Name: N/A
  Computer: CLIBAAD03.cliba.com.ar
  Description: 
Kerberos pre-authentication failed.

Account Information:
	Security ID:		S-1-5-21-1171290785-409082668-1575050150-43012
	Account Name:		grey_admin

Service Information:
	Service Name:		krbtgt/CLIBA.COM.AR

Network Information:
	Client Address:		::ffff:172.19.26.109
	Client Port:		61921

Additional Information:
	Ticket Options:		0x40810010
	Failure Code:		0x18
	Pre-Authentication Type:	2

Certificate Information:
	Certificate Issuer Name:		
	Certificate Serial Number: 	
	Certificate Thumbprint:		

Certificate information is only provided if a certificate was used for pre-authentication.

Pre-authentication types, ticket options and failure codes are defined in RFC 4120.

If the ticket was malformed or damaged during transit and could not be decrypted, then many fields in this event might not be present.

Event[219]:
  Log Name: Security
  Source: Microsoft-Windows-Security-Auditing
  Date: 2024-08-08T10:18:13.971
  Event ID: 4771
  Task: Kerberos Authentication Service
  Level: Information
  Opcode: Info
  Keyword: Audit Failure
  User: N/A
  User Name: N/A
  Computer: CLIBAAD03.cliba.com.ar
  Description: 
Kerberos pre-authentication failed.

Account Information:
	Security ID:		S-1-5-21-1171290785-409082668-1575050150-43012
	Account Name:		grey_admin

Service Information:
	Service Name:		krbtgt/CLIBA.COM.AR

Network Information:
	Client Address:		::ffff:172.19.26.109
	Client Port:		61919

Additional Information:
	Ticket Options:		0x40810010
	Failure Code:		0x18
	Pre-Authentication Type:	2

Certificate Information:
	Certificate Issuer Name:		
	Certificate Serial Number: 	
	Certificate Thumbprint:		

Certificate information is only provided if a certificate was used for pre-authentication.

Pre-authentication types, ticket options and failure codes are defined in RFC 4120.

If the ticket was malformed or damaged during transit and could not be decrypted, then many fields in this event might not be present.

Event[220]:
