Event[0]:
  Log Name: Security
  Source: Microsoft-Windows-Security-Auditing
  Date: 2024-08-08T10:30:07.217
  Event ID: 4625
  Task: Logon
  Level: Información
  Opcode: Información
  Keyword: Error de auditoría
  User: N/A
  User Name: N/A
  Computer: CLIBAAD01.cliba.com.ar
  Description: 
Error de una cuenta al iniciar sesión.

Sujeto:
	Id. de seguridad:		S-1-0-0
	Nombre de cuenta:		-
	Dominio de cuenta:		-
	Id. de inicio de sesión:		0x0

Tipo de inicio de sesión:			3

Cuenta con error de inicio de sesión: 
	Id. de seguridad:		S-1-0-0
	Nombre de cuenta:		NGISSARA_ADMIN
	Dominio de cuenta:		CLIBA

Información de error:
	Motivo del error:		Nombre de usuario desconocido o contraseña incorrecta
	Estado:			0xC000006D
	Subestado:		0xC0000064

Información de proceso:
	Id. de proceso del autor de la llamada:	0x0
	Nombre de proceso del autor de la llamada:	-

Información de red:
	Nombre de estación de trabajo:	PROMISCCM2019
	Dirección de red de origen:	172.16.1.198
	Puerto de origen:		61031

Información de autenticación detallada:
	Proceso de inicio de sesión:		NtLmSsp 
	Paquete de autenticación:	NTLM
	Servicios transitados:	-
	Nombre de paquete (solo NTLM):	-
	Longitud de clave:	0

Este evento se genera cuando se produce un error en una solicitud de inicio de sesión. Lo genera el equipo al que se intentó tener acceso.

Los campos de sujeto indican la cuenta del sistema local que solicitó el inicio de sesión. Suele ser un servicio como el servicio de servidor o un proceso local como Winlogon.exe o Services.exe.

El campo Tipo de inicio de sesión indica la clase de inicio de sesión que se solicitó. Los tipos más comunes son 2 (interactivo) y 3 (red).

Los campos Información de proceso indican la cuenta y el proceso en el sistema que solicitó el inicio de sesión.

Los campos Información de red indican dónde se originó una solicitud de inicio de sesión remota. Nombre de estación de trabajo no está siempre disponible y se puede dejar en blanco en algunos casos.

Los campos de información de autenticación proporcionan información detallada sobre esta solicitud de inicio de sesión específica.
	- Servicios transitados indica los servicios intermedios que participaron en esta solicitud de inicio de sesión.
	- Nombre de paquete indica el subprotocolo que se usó entre los protocolos NTLM.
	- Longitud de clave indica la longitud de la clave de sesión generada. Será 0 si no se solicitó una clave de sesión.

Event[1]:
  Log Name: Security
  Source: Microsoft-Windows-Security-Auditing
  Date: 2024-08-08T10:29:57.477
  Event ID: 4771
  Task: Kerberos Authentication Service
  Level: Información
  Opcode: Información
  Keyword: Error de auditoría
  User: N/A
  User Name: N/A
  Computer: CLIBAAD01.cliba.com.ar
  Description: 
Error de autenticación previa de Kerberos.

Información de cuenta:
	Id. de seguridad:		S-1-5-21-1171290785-409082668-1575050150-42987
	Nombre de cuenta:		cegomez

Información de servicio:
	Nombre de servicio:		krbtgt/CLIBA.COM.AR

Información de red:
	Dirección de cliente:		::ffff:172.19.65.30
	Puerto de cliente:		64379

Información adicional:
	Opciones de vale:		0x40810010
	Código de error:		0x18
	Tipo de autenticación previa:	2

Información de certificado:
	Nombre de emisor de certificado:		
	Número de serie de certificado: 	
	Huella digital de certificado:		

La información de certificado solo se proporciona si se usó un certificado para la autenticación previa.

Los tipos de autenticación previa, las opciones de vale y los códigos de error se definen en RFC 4120.

Si el vale estaba mal formado o resultó dañado durante el tránsito y no se pudo descifrar, es posible que muchos campos de este evento no estén presentes.

Event[2]:
  Log Name: Security
  Source: Microsoft-Windows-Security-Auditing
  Date: 2024-08-08T10:29:57.366
  Event ID: 4771
  Task: Kerberos Authentication Service
  Level: Información
  Opcode: Información
  Keyword: Error de auditoría
  User: N/A
  User Name: N/A
  Computer: CLIBAAD01.cliba.com.ar
  Description: 
Error de autenticación previa de Kerberos.

Información de cuenta:
	Id. de seguridad:		S-1-5-21-1171290785-409082668-1575050150-42987
	Nombre de cuenta:		cegomez

Información de servicio:
	Nombre de servicio:		krbtgt/CLIBA.COM.AR

Información de red:
	Dirección de cliente:		::ffff:172.19.65.30
	Puerto de cliente:		64377

Información adicional:
	Opciones de vale:		0x40810010
	Código de error:		0x18
	Tipo de autenticación previa:	2

Información de certificado:
	Nombre de emisor de certificado:		
	Número de serie de certificado: 	
	Huella digital de certificado:		

La información de certificado solo se proporciona si se usó un certificado para la autenticación previa.

Los tipos de autenticación previa, las opciones de vale y los códigos de error se definen en RFC 4120.

Si el vale estaba mal formado o resultó dañado durante el tránsito y no se pudo descifrar, es posible que muchos campos de este evento no estén presentes.

Event[3]:
  Log Name: Security
  Source: Microsoft-Windows-Security-Auditing
  Date: 2024-08-08T10:29:07.254
  Event ID: 4771
  Task: Kerberos Authentication Service
  Level: Información
  Opcode: Información
  Keyword: Error de auditoría
  User: N/A
  User Name: N/A
  Computer: CLIBAAD01.cliba.com.ar
  Description: 
Error de autenticación previa de Kerberos.

Información de cuenta:
	Id. de seguridad:		S-1-5-21-1171290785-409082668-1575050150-43652
	Nombre de cuenta:		mesposito_admin

Información de servicio:
	Nombre de servicio:		krbtgt/CLIBA.COM.AR

Información de red:
	Dirección de cliente:		::ffff:172.19.26.51
	Puerto de cliente:		50842

Información adicional:
	Opciones de vale:		0x40810010
	Código de error:		0x18
	Tipo de autenticación previa:	2

Información de certificado:
	Nombre de emisor de certificado:		
	Número de serie de certificado: 	
	Huella digital de certificado:		

La información de certificado solo se proporciona si se usó un certificado para la autenticación previa.

Los tipos de autenticación previa, las opciones de vale y los códigos de error se definen en RFC 4120.

Si el vale estaba mal formado o resultó dañado durante el tránsito y no se pudo descifrar, es posible que muchos campos de este evento no estén presentes.

Event[4]:
  Log Name: Security
  Source: Microsoft-Windows-Security-Auditing
  Date: 2024-08-08T10:29:07.251
  Event ID: 4771
  Task: Kerberos Authentication Service
  Level: Información
  Opcode: Información
  Keyword: Error de auditoría
  User: N/A
  User Name: N/A
  Computer: CLIBAAD01.cliba.com.ar
  Description: 
Error de autenticación previa de Kerberos.

Información de cuenta:
	Id. de seguridad:		S-1-5-21-1171290785-409082668-1575050150-43652
	Nombre de cuenta:		mesposito_admin

Información de servicio:
	Nombre de servicio:		krbtgt/CLIBA.COM.AR

Información de red:
	Dirección de cliente:		::ffff:172.19.26.51
	Puerto de cliente:		50840

Información adicional:
	Opciones de vale:		0x40810010
	Código de error:		0x18
	Tipo de autenticación previa:	2

Información de certificado:
	Nombre de emisor de certificado:		
	Número de serie de certificado: 	
	Huella digital de certificado:		

La información de certificado solo se proporciona si se usó un certificado para la autenticación previa.

Los tipos de autenticación previa, las opciones de vale y los códigos de error se definen en RFC 4120.

Si el vale estaba mal formado o resultó dañado durante el tránsito y no se pudo descifrar, es posible que muchos campos de este evento no estén presentes.

Event[5]:
  Log Name: Security
  Source: Microsoft-Windows-Security-Auditing
  Date: 2024-08-08T10:29:07.248
  Event ID: 4771
  Task: Kerberos Authentication Service
  Level: Información
  Opcode: Información
  Keyword: Error de auditoría
  User: N/A
  User Name: N/A
  Computer: CLIBAAD01.cliba.com.ar
  Description: 
Error de autenticación previa de Kerberos.

Información de cuenta:
	Id. de seguridad:		S-1-5-21-1171290785-409082668-1575050150-43652
	Nombre de cuenta:		mesposito_admin

Información de servicio:
	Nombre de servicio:		krbtgt/CLIBA.COM.AR

Información de red:
	Dirección de cliente:		::ffff:172.19.26.51
	Puerto de cliente:		50837

Información adicional:
	Opciones de vale:		0x40810010
	Código de error:		0x18
	Tipo de autenticación previa:	2

Información de certificado:
	Nombre de emisor de certificado:		
	Número de serie de certificado: 	
	Huella digital de certificado:		

La información de certificado solo se proporciona si se usó un certificado para la autenticación previa.

Los tipos de autenticación previa, las opciones de vale y los códigos de error se definen en RFC 4120.

Si el vale estaba mal formado o resultó dañado durante el tránsito y no se pudo descifrar, es posible que muchos campos de este evento no estén presentes.

Event[6]:
  Log Name: Security
  Source: Microsoft-Windows-Security-Auditing
  Date: 2024-08-08T10:29:07.090
  Event ID: 4771
  Task: Kerberos Authentication Service
  Level: Información
  Opcode: Información
  Keyword: Error de auditoría
  User: N/A
  User Name: N/A
  Computer: CLIBAAD01.cliba.com.ar
  Description: 
Error de autenticación previa de Kerberos.

Información de cuenta:
	Id. de seguridad:		S-1-5-21-1171290785-409082668-1575050150-43652
	Nombre de cuenta:		mesposito_admin

Información de servicio:
	Nombre de servicio:		krbtgt/CLIBA.COM.AR

Información de red:
	Dirección de cliente:		::ffff:172.19.26.51
	Puerto de cliente:		50835

Información adicional:
	Opciones de vale:		0x40810010
	Código de error:		0x18
	Tipo de autenticación previa:	2

Información de certificado:
	Nombre de emisor de certificado:		
	Número de serie de certificado: 	
	Huella digital de certificado:		

La información de certificado solo se proporciona si se usó un certificado para la autenticación previa.

Los tipos de autenticación previa, las opciones de vale y los códigos de error se definen en RFC 4120.

Si el vale estaba mal formado o resultó dañado durante el tránsito y no se pudo descifrar, es posible que muchos campos de este evento no estén presentes.

Event[7]:
  Log Name: Security
  Source: Microsoft-Windows-Security-Auditing
  Date: 2024-08-08T10:29:07.090
  Event ID: 4771
  Task: Kerberos Authentication Service
  Level: Información
  Opcode: Información
  Keyword: Error de auditoría
  User: N/A
  User Name: N/A
  Computer: CLIBAAD01.cliba.com.ar
  Description: 
Error de autenticación previa de Kerberos.

Información de cuenta:
	Id. de seguridad:		S-1-5-21-1171290785-409082668-1575050150-43652
	Nombre de cuenta:		mesposito_admin

Información de servicio:
	Nombre de servicio:		krbtgt/CLIBA.COM.AR

Información de red:
	Dirección de cliente:		::ffff:172.19.26.51
	Puerto de cliente:		50834

Información adicional:
	Opciones de vale:		0x40810010
	Código de error:		0x18
	Tipo de autenticación previa:	2

Información de certificado:
	Nombre de emisor de certificado:		
	Número de serie de certificado: 	
	Huella digital de certificado:		

La información de certificado solo se proporciona si se usó un certificado para la autenticación previa.

Los tipos de autenticación previa, las opciones de vale y los códigos de error se definen en RFC 4120.

Si el vale estaba mal formado o resultó dañado durante el tránsito y no se pudo descifrar, es posible que muchos campos de este evento no estén presentes.

Event[8]:
  Log Name: Security
  Source: Microsoft-Windows-Security-Auditing
  Date: 2024-08-08T10:29:07.088
  Event ID: 4771
  Task: Kerberos Authentication Service
  Level: Información
  Opcode: Información
  Keyword: Error de auditoría
  User: N/A
  User Name: N/A
  Computer: CLIBAAD01.cliba.com.ar
  Description: 
Error de autenticación previa de Kerberos.

Información de cuenta:
	Id. de seguridad:		S-1-5-21-1171290785-409082668-1575050150-43652
	Nombre de cuenta:		mesposito_admin

Información de servicio:
	Nombre de servicio:		krbtgt/CLIBA.COM.AR

Información de red:
	Dirección de cliente:		::ffff:172.19.26.51
	Puerto de cliente:		50831

Información adicional:
	Opciones de vale:		0x40810010
	Código de error:		0x18
	Tipo de autenticación previa:	2

Información de certificado:
	Nombre de emisor de certificado:		
	Número de serie de certificado: 	
	Huella digital de certificado:		

La información de certificado solo se proporciona si se usó un certificado para la autenticación previa.

Los tipos de autenticación previa, las opciones de vale y los códigos de error se definen en RFC 4120.

Si el vale estaba mal formado o resultó dañado durante el tránsito y no se pudo descifrar, es posible que muchos campos de este evento no estén presentes.

Event[9]:
  Log Name: Security
  Source: Microsoft-Windows-Security-Auditing
  Date: 2024-08-08T10:29:07.088
  Event ID: 4771
  Task: Kerberos Authentication Service
  Level: Información
  Opcode: Información
  Keyword: Error de auditoría
  User: N/A
  User Name: N/A
  Computer: CLIBAAD01.cliba.com.ar
  Description: 
Error de autenticación previa de Kerberos.

Información de cuenta:
	Id. de seguridad:		S-1-5-21-1171290785-409082668-1575050150-43652
	Nombre de cuenta:		mesposito_admin

Información de servicio:
	Nombre de servicio:		krbtgt/CLIBA.COM.AR

Información de red:
	Dirección de cliente:		::ffff:172.19.26.51
	Puerto de cliente:		50830

Información adicional:
	Opciones de vale:		0x40810010
	Código de error:		0x18
	Tipo de autenticación previa:	2

Información de certificado:
	Nombre de emisor de certificado:		
	Número de serie de certificado: 	
	Huella digital de certificado:		

La información de certificado solo se proporciona si se usó un certificado para la autenticación previa.

Los tipos de autenticación previa, las opciones de vale y los códigos de error se definen en RFC 4120.

Si el vale estaba mal formado o resultó dañado durante el tránsito y no se pudo descifrar, es posible que muchos campos de este evento no estén presentes.

Event[10]:
  Log Name: Security
  Source: Microsoft-Windows-Security-Auditing
  Date: 2024-08-08T10:29:07.084
  Event ID: 4771
  Task: Kerberos Authentication Service
  Level: Información
  Opcode: Información
  Keyword: Error de auditoría
  User: N/A
  User Name: N/A
  Computer: CLIBAAD01.cliba.com.ar
  Description: 
Error de autenticación previa de Kerberos.

Información de cuenta:
	Id. de seguridad:		S-1-5-21-1171290785-409082668-1575050150-43652
	Nombre de cuenta:		mesposito_admin

Información de servicio:
	Nombre de servicio:		krbtgt/CLIBA.COM.AR

Información de red:
	Dirección de cliente:		::ffff:172.19.26.51
	Puerto de cliente:		50824

Información adicional:
	Opciones de vale:		0x40810010
	Código de error:		0x18
	Tipo de autenticación previa:	2

Información de certificado:
	Nombre de emisor de certificado:		
	Número de serie de certificado: 	
	Huella digital de certificado:		

La información de certificado solo se proporciona si se usó un certificado para la autenticación previa.

Los tipos de autenticación previa, las opciones de vale y los códigos de error se definen en RFC 4120.

Si el vale estaba mal formado o resultó dañado durante el tránsito y no se pudo descifrar, es posible que muchos campos de este evento no estén presentes.

Event[11]:
  Log Name: Security
  Source: Microsoft-Windows-Security-Auditing
  Date: 2024-08-08T10:29:07.084
  Event ID: 4771
  Task: Kerberos Authentication Service
  Level: Información
  Opcode: Información
  Keyword: Error de auditoría
  User: N/A
  User Name: N/A
  Computer: CLIBAAD01.cliba.com.ar
  Description: 
Error de autenticación previa de Kerberos.

Información de cuenta:
	Id. de seguridad:		S-1-5-21-1171290785-409082668-1575050150-43652
	Nombre de cuenta:		mesposito_admin

Información de servicio:
	Nombre de servicio:		krbtgt/CLIBA.COM.AR

Información de red:
	Dirección de cliente:		::ffff:172.19.26.51
	Puerto de cliente:		50825

Información adicional:
	Opciones de vale:		0x40810010
	Código de error:		0x18
	Tipo de autenticación previa:	2

Información de certificado:
	Nombre de emisor de certificado:		
	Número de serie de certificado: 	
	Huella digital de certificado:		

La información de certificado solo se proporciona si se usó un certificado para la autenticación previa.

Los tipos de autenticación previa, las opciones de vale y los códigos de error se definen en RFC 4120.

Si el vale estaba mal formado o resultó dañado durante el tránsito y no se pudo descifrar, es posible que muchos campos de este evento no estén presentes.

Event[12]:
  Log Name: Security
  Source: Microsoft-Windows-Security-Auditing
  Date: 2024-08-08T10:29:07.081
  Event ID: 4771
  Task: Kerberos Authentication Service
  Level: Información
  Opcode: Información
  Keyword: Error de auditoría
  User: N/A
  User Name: N/A
  Computer: CLIBAAD01.cliba.com.ar
  Description: 
Error de autenticación previa de Kerberos.

Información de cuenta:
	Id. de seguridad:		S-1-5-21-1171290785-409082668-1575050150-43652
	Nombre de cuenta:		mesposito_admin

Información de servicio:
	Nombre de servicio:		krbtgt/CLIBA.COM.AR

Información de red:
	Dirección de cliente:		::ffff:172.19.26.51
	Puerto de cliente:		50821

Información adicional:
	Opciones de vale:		0x40810010
	Código de error:		0x18
	Tipo de autenticación previa:	2

Información de certificado:
	Nombre de emisor de certificado:		
	Número de serie de certificado: 	
	Huella digital de certificado:		

La información de certificado solo se proporciona si se usó un certificado para la autenticación previa.

Los tipos de autenticación previa, las opciones de vale y los códigos de error se definen en RFC 4120.

Si el vale estaba mal formado o resultó dañado durante el tránsito y no se pudo descifrar, es posible que muchos campos de este evento no estén presentes.

Event[13]:
  Log Name: Security
  Source: Microsoft-Windows-Security-Auditing
  Date: 2024-08-08T10:29:07.081
  Event ID: 4771
  Task: Kerberos Authentication Service
  Level: Información
  Opcode: Información
  Keyword: Error de auditoría
  User: N/A
  User Name: N/A
  Computer: CLIBAAD01.cliba.com.ar
  Description: 
Error de autenticación previa de Kerberos.

Información de cuenta:
	Id. de seguridad:		S-1-5-21-1171290785-409082668-1575050150-43652
	Nombre de cuenta:		mesposito_admin

Información de servicio:
	Nombre de servicio:		krbtgt/CLIBA.COM.AR

Información de red:
	Dirección de cliente:		::ffff:172.19.26.51
	Puerto de cliente:		50820

Información adicional:
	Opciones de vale:		0x40810010
	Código de error:		0x18
	Tipo de autenticación previa:	2

Información de certificado:
	Nombre de emisor de certificado:		
	Número de serie de certificado: 	
	Huella digital de certificado:		

La información de certificado solo se proporciona si se usó un certificado para la autenticación previa.

Los tipos de autenticación previa, las opciones de vale y los códigos de error se definen en RFC 4120.

Si el vale estaba mal formado o resultó dañado durante el tránsito y no se pudo descifrar, es posible que muchos campos de este evento no estén presentes.

Event[14]:
  Log Name: Security
  Source: Microsoft-Windows-Security-Auditing
  Date: 2024-08-08T10:29:07.081
  Event ID: 4771
  Task: Kerberos Authentication Service
  Level: Información
  Opcode: Información
  Keyword: Error de auditoría
  User: N/A
  User Name: N/A
  Computer: CLIBAAD01.cliba.com.ar
  Description: 
Error de autenticación previa de Kerberos.

Información de cuenta:
	Id. de seguridad:		S-1-5-21-1171290785-409082668-1575050150-43652
	Nombre de cuenta:		mesposito_admin

Información de servicio:
	Nombre de servicio:		krbtgt/CLIBA.COM.AR

Información de red:
	Dirección de cliente:		::ffff:172.19.26.51
	Puerto de cliente:		50819

Información adicional:
	Opciones de vale:		0x40810010
	Código de error:		0x18
	Tipo de autenticación previa:	2

Información de certificado:
	Nombre de emisor de certificado:		
	Número de serie de certificado: 	
	Huella digital de certificado:		

La información de certificado solo se proporciona si se usó un certificado para la autenticación previa.

Los tipos de autenticación previa, las opciones de vale y los códigos de error se definen en RFC 4120.

Si el vale estaba mal formado o resultó dañado durante el tránsito y no se pudo descifrar, es posible que muchos campos de este evento no estén presentes.

Event[15]:
  Log Name: Security
  Source: Microsoft-Windows-Security-Auditing
  Date: 2024-08-08T10:29:06.992
  Event ID: 4771
  Task: Kerberos Authentication Service
  Level: Información
  Opcode: Información
  Keyword: Error de auditoría
  User: N/A
  User Name: N/A
  Computer: CLIBAAD01.cliba.com.ar
  Description: 
Error de autenticación previa de Kerberos.

Información de cuenta:
	Id. de seguridad:		S-1-5-21-1171290785-409082668-1575050150-43652
	Nombre de cuenta:		mesposito_admin

Información de servicio:
	Nombre de servicio:		krbtgt/CLIBA.COM.AR

Información de red:
	Dirección de cliente:		::ffff:172.19.26.51
	Puerto de cliente:		50815

Información adicional:
	Opciones de vale:		0x40810010
	Código de error:		0x18
	Tipo de autenticación previa:	2

Información de certificado:
	Nombre de emisor de certificado:		
	Número de serie de certificado: 	
	Huella digital de certificado:		

La información de certificado solo se proporciona si se usó un certificado para la autenticación previa.

Los tipos de autenticación previa, las opciones de vale y los códigos de error se definen en RFC 4120.

Si el vale estaba mal formado o resultó dañado durante el tránsito y no se pudo descifrar, es posible que muchos campos de este evento no estén presentes.

Event[16]:
  Log Name: Security
  Source: Microsoft-Windows-Security-Auditing
  Date: 2024-08-08T10:29:06.990
  Event ID: 4771
  Task: Kerberos Authentication Service
  Level: Información
  Opcode: Información
  Keyword: Error de auditoría
  User: N/A
  User Name: N/A
  Computer: CLIBAAD01.cliba.com.ar
  Description: 
Error de autenticación previa de Kerberos.

Información de cuenta:
	Id. de seguridad:		S-1-5-21-1171290785-409082668-1575050150-43652
	Nombre de cuenta:		mesposito_admin

Información de servicio:
	Nombre de servicio:		krbtgt/CLIBA.COM.AR

Información de red:
	Dirección de cliente:		::ffff:172.19.26.51
	Puerto de cliente:		50813

Información adicional:
	Opciones de vale:		0x40810010
	Código de error:		0x18
	Tipo de autenticación previa:	2

Información de certificado:
	Nombre de emisor de certificado:		
	Número de serie de certificado: 	
	Huella digital de certificado:		

La información de certificado solo se proporciona si se usó un certificado para la autenticación previa.

Los tipos de autenticación previa, las opciones de vale y los códigos de error se definen en RFC 4120.

Si el vale estaba mal formado o resultó dañado durante el tránsito y no se pudo descifrar, es posible que muchos campos de este evento no estén presentes.

Event[17]:
  Log Name: Security
  Source: Microsoft-Windows-Security-Auditing
  Date: 2024-08-08T10:29:06.986
  Event ID: 4771
  Task: Kerberos Authentication Service
  Level: Información
  Opcode: Información
  Keyword: Error de auditoría
  User: N/A
  User Name: N/A
  Computer: CLIBAAD01.cliba.com.ar
  Description: 
Error de autenticación previa de Kerberos.

Información de cuenta:
	Id. de seguridad:		S-1-5-21-1171290785-409082668-1575050150-43652
	Nombre de cuenta:		mesposito_admin

Información de servicio:
	Nombre de servicio:		krbtgt/CLIBA.COM.AR

Información de red:
	Dirección de cliente:		::ffff:172.19.26.51
	Puerto de cliente:		50810

Información adicional:
	Opciones de vale:		0x40810010
	Código de error:		0x18
	Tipo de autenticación previa:	2

Información de certificado:
	Nombre de emisor de certificado:		
	Número de serie de certificado: 	
	Huella digital de certificado:		

La información de certificado solo se proporciona si se usó un certificado para la autenticación previa.

Los tipos de autenticación previa, las opciones de vale y los códigos de error se definen en RFC 4120.

Si el vale estaba mal formado o resultó dañado durante el tránsito y no se pudo descifrar, es posible que muchos campos de este evento no estén presentes.

Event[18]:
  Log Name: Security
  Source: Microsoft-Windows-Security-Auditing
  Date: 2024-08-08T10:29:06.981
  Event ID: 4771
  Task: Kerberos Authentication Service
  Level: Información
  Opcode: Información
  Keyword: Error de auditoría
  User: N/A
  User Name: N/A
  Computer: CLIBAAD01.cliba.com.ar
  Description: 
Error de autenticación previa de Kerberos.

Información de cuenta:
	Id. de seguridad:		S-1-5-21-1171290785-409082668-1575050150-43652
	Nombre de cuenta:		mesposito_admin

Información de servicio:
	Nombre de servicio:		krbtgt/CLIBA.COM.AR

Información de red:
	Dirección de cliente:		::ffff:172.19.26.51
	Puerto de cliente:		50808

Información adicional:
	Opciones de vale:		0x40810010
	Código de error:		0x18
	Tipo de autenticación previa:	2

Información de certificado:
	Nombre de emisor de certificado:		
	Número de serie de certificado: 	
	Huella digital de certificado:		

La información de certificado solo se proporciona si se usó un certificado para la autenticación previa.

Los tipos de autenticación previa, las opciones de vale y los códigos de error se definen en RFC 4120.

Si el vale estaba mal formado o resultó dañado durante el tránsito y no se pudo descifrar, es posible que muchos campos de este evento no estén presentes.

Event[19]:
  Log Name: Security
  Source: Microsoft-Windows-Security-Auditing
  Date: 2024-08-08T10:28:57.088
  Event ID: 4771
  Task: Kerberos Authentication Service
  Level: Información
  Opcode: Información
  Keyword: Error de auditoría
  User: N/A
  User Name: N/A
  Computer: CLIBAAD01.cliba.com.ar
  Description: 
Error de autenticación previa de Kerberos.

Información de cuenta:
	Id. de seguridad:		S-1-5-21-1171290785-409082668-1575050150-42987
	Nombre de cuenta:		cegomez

Información de servicio:
	Nombre de servicio:		krbtgt/CLIBA.COM.AR

Información de red:
	Dirección de cliente:		::ffff:172.19.65.30
	Puerto de cliente:		64371

Información adicional:
	Opciones de vale:		0x40810010
	Código de error:		0x18
	Tipo de autenticación previa:	2

Información de certificado:
	Nombre de emisor de certificado:		
	Número de serie de certificado: 	
	Huella digital de certificado:		

La información de certificado solo se proporciona si se usó un certificado para la autenticación previa.

Los tipos de autenticación previa, las opciones de vale y los códigos de error se definen en RFC 4120.

Si el vale estaba mal formado o resultó dañado durante el tránsito y no se pudo descifrar, es posible que muchos campos de este evento no estén presentes.

Event[20]:
  Log Name: Security
  Source: Microsoft-Windows-Security-Auditing
  Date: 2024-08-08T10:28:56.973
  Event ID: 4771
  Task: Kerberos Authentication Service
  Level: Información
  Opcode: Información
  Keyword: Error de auditoría
  User: N/A
  User Name: N/A
  Computer: CLIBAAD01.cliba.com.ar
  Description: 
Error de autenticación previa de Kerberos.

Información de cuenta:
	Id. de seguridad:		S-1-5-21-1171290785-409082668-1575050150-42987
	Nombre de cuenta:		cegomez

Información de servicio:
	Nombre de servicio:		krbtgt/CLIBA.COM.AR

Información de red:
	Dirección de cliente:		::ffff:172.19.65.30
	Puerto de cliente:		64369

Información adicional:
	Opciones de vale:		0x40810010
	Código de error:		0x18
	Tipo de autenticación previa:	2

Información de certificado:
	Nombre de emisor de certificado:		
	Número de serie de certificado: 	
	Huella digital de certificado:		

La información de certificado solo se proporciona si se usó un certificado para la autenticación previa.

Los tipos de autenticación previa, las opciones de vale y los códigos de error se definen en RFC 4120.

Si el vale estaba mal formado o resultó dañado durante el tránsito y no se pudo descifrar, es posible que muchos campos de este evento no estén presentes.

Event[21]:
  Log Name: Security
  Source: Microsoft-Windows-Security-Auditing
  Date: 2024-08-08T10:27:52.566
  Event ID: 4771
  Task: Kerberos Authentication Service
  Level: Información
  Opcode: Información
  Keyword: Error de auditoría
  User: N/A
  User Name: N/A
  Computer: CLIBAAD01.cliba.com.ar
  Description: 
Error de autenticación previa de Kerberos.

Información de cuenta:
	Id. de seguridad:		S-1-5-21-1171290785-409082668-1575050150-44919
	Nombre de cuenta:		joandrada

Información de servicio:
	Nombre de servicio:		krbtgt/cliba

Información de red:
	Dirección de cliente:		::ffff:172.19.120.1
	Puerto de cliente:		49216

Información adicional:
	Opciones de vale:		0x40810010
	Código de error:		0x18
	Tipo de autenticación previa:	2

Información de certificado:
	Nombre de emisor de certificado:		
	Número de serie de certificado: 	
	Huella digital de certificado:		

La información de certificado solo se proporciona si se usó un certificado para la autenticación previa.

Los tipos de autenticación previa, las opciones de vale y los códigos de error se definen en RFC 4120.

Si el vale estaba mal formado o resultó dañado durante el tránsito y no se pudo descifrar, es posible que muchos campos de este evento no estén presentes.

Event[22]:
  Log Name: Security
  Source: Microsoft-Windows-Security-Auditing
  Date: 2024-08-08T10:27:14.975
  Event ID: 4771
  Task: Kerberos Authentication Service
  Level: Información
  Opcode: Información
  Keyword: Error de auditoría
  User: N/A
  User Name: N/A
  Computer: CLIBAAD01.cliba.com.ar
  Description: 
Error de autenticación previa de Kerberos.

Información de cuenta:
	Id. de seguridad:		S-1-5-21-1171290785-409082668-1575050150-44919
	Nombre de cuenta:		joandrada

Información de servicio:
	Nombre de servicio:		krbtgt/CLIBA.COM.AR

Información de red:
	Dirección de cliente:		::ffff:172.19.120.1
	Puerto de cliente:		49204

Información adicional:
	Opciones de vale:		0x40810010
	Código de error:		0x18
	Tipo de autenticación previa:	2

Información de certificado:
	Nombre de emisor de certificado:		
	Número de serie de certificado: 	
	Huella digital de certificado:		

La información de certificado solo se proporciona si se usó un certificado para la autenticación previa.

Los tipos de autenticación previa, las opciones de vale y los códigos de error se definen en RFC 4120.

Si el vale estaba mal formado o resultó dañado durante el tránsito y no se pudo descifrar, es posible que muchos campos de este evento no estén presentes.

Event[23]:
  Log Name: Security
  Source: Microsoft-Windows-Security-Auditing
  Date: 2024-08-08T10:27:14.777
  Event ID: 4771
  Task: Kerberos Authentication Service
  Level: Información
  Opcode: Información
  Keyword: Error de auditoría
  User: N/A
  User Name: N/A
  Computer: CLIBAAD01.cliba.com.ar
  Description: 
Error de autenticación previa de Kerberos.

Información de cuenta:
	Id. de seguridad:		S-1-5-21-1171290785-409082668-1575050150-44919
	Nombre de cuenta:		joandrada

Información de servicio:
	Nombre de servicio:		krbtgt/CLIBA.COM.AR

Información de red:
	Dirección de cliente:		::ffff:172.19.120.1
	Puerto de cliente:		49202

Información adicional:
	Opciones de vale:		0x40810010
	Código de error:		0x18
	Tipo de autenticación previa:	2

Información de certificado:
	Nombre de emisor de certificado:		
	Número de serie de certificado: 	
	Huella digital de certificado:		

La información de certificado solo se proporciona si se usó un certificado para la autenticación previa.

Los tipos de autenticación previa, las opciones de vale y los códigos de error se definen en RFC 4120.

Si el vale estaba mal formado o resultó dañado durante el tránsito y no se pudo descifrar, es posible que muchos campos de este evento no estén presentes.

Event[24]:
  Log Name: Security
  Source: Microsoft-Windows-Security-Auditing
  Date: 2024-08-08T10:26:48.290
  Event ID: 4771
  Task: Kerberos Authentication Service
  Level: Información
  Opcode: Información
  Keyword: Error de auditoría
  User: N/A
  User Name: N/A
  Computer: CLIBAAD01.cliba.com.ar
  Description: 
Error de autenticación previa de Kerberos.

Información de cuenta:
	Id. de seguridad:		S-1-5-21-1171290785-409082668-1575050150-44919
	Nombre de cuenta:		joandrada

Información de servicio:
	Nombre de servicio:		krbtgt/CLIBA.COM.AR

Información de red:
	Dirección de cliente:		::ffff:172.19.120.1
	Puerto de cliente:		49197

Información adicional:
	Opciones de vale:		0x40810010
	Código de error:		0x18
	Tipo de autenticación previa:	2

Información de certificado:
	Nombre de emisor de certificado:		
	Número de serie de certificado: 	
	Huella digital de certificado:		

La información de certificado solo se proporciona si se usó un certificado para la autenticación previa.

Los tipos de autenticación previa, las opciones de vale y los códigos de error se definen en RFC 4120.

Si el vale estaba mal formado o resultó dañado durante el tránsito y no se pudo descifrar, es posible que muchos campos de este evento no estén presentes.

Event[25]:
  Log Name: Security
  Source: Microsoft-Windows-Security-Auditing
  Date: 2024-08-08T10:26:48.109
  Event ID: 4771
  Task: Kerberos Authentication Service
  Level: Información
  Opcode: Información
  Keyword: Error de auditoría
  User: N/A
  User Name: N/A
  Computer: CLIBAAD01.cliba.com.ar
  Description: 
Error de autenticación previa de Kerberos.

Información de cuenta:
	Id. de seguridad:		S-1-5-21-1171290785-409082668-1575050150-44919
	Nombre de cuenta:		joandrada

Información de servicio:
	Nombre de servicio:		krbtgt/CLIBA.COM.AR

Información de red:
	Dirección de cliente:		::ffff:172.19.120.1
	Puerto de cliente:		49195

Información adicional:
	Opciones de vale:		0x40810010
	Código de error:		0x18
	Tipo de autenticación previa:	2

Información de certificado:
	Nombre de emisor de certificado:		
	Número de serie de certificado: 	
	Huella digital de certificado:		

La información de certificado solo se proporciona si se usó un certificado para la autenticación previa.

Los tipos de autenticación previa, las opciones de vale y los códigos de error se definen en RFC 4120.

Si el vale estaba mal formado o resultó dañado durante el tránsito y no se pudo descifrar, es posible que muchos campos de este evento no estén presentes.

Event[26]:
  Log Name: Security
  Source: Microsoft-Windows-Security-Auditing
  Date: 2024-08-08T10:26:27.550
  Event ID: 4771
  Task: Kerberos Authentication Service
  Level: Información
  Opcode: Información
  Keyword: Error de auditoría
  User: N/A
  User Name: N/A
  Computer: CLIBAAD01.cliba.com.ar
  Description: 
Error de autenticación previa de Kerberos.

Información de cuenta:
	Id. de seguridad:		S-1-5-21-1171290785-409082668-1575050150-44919
	Nombre de cuenta:		joandrada

Información de servicio:
	Nombre de servicio:		krbtgt/CLIBA.COM.AR

Información de red:
	Dirección de cliente:		::ffff:172.19.120.1
	Puerto de cliente:		49189

Información adicional:
	Opciones de vale:		0x40810010
	Código de error:		0x18
	Tipo de autenticación previa:	2

Información de certificado:
	Nombre de emisor de certificado:		
	Número de serie de certificado: 	
	Huella digital de certificado:		

La información de certificado solo se proporciona si se usó un certificado para la autenticación previa.

Los tipos de autenticación previa, las opciones de vale y los códigos de error se definen en RFC 4120.

Si el vale estaba mal formado o resultó dañado durante el tránsito y no se pudo descifrar, es posible que muchos campos de este evento no estén presentes.

Event[27]:
  Log Name: Security
  Source: Microsoft-Windows-Security-Auditing
  Date: 2024-08-08T10:26:27.371
  Event ID: 4771
  Task: Kerberos Authentication Service
  Level: Información
  Opcode: Información
  Keyword: Error de auditoría
  User: N/A
  User Name: N/A
  Computer: CLIBAAD01.cliba.com.ar
  Description: 
Error de autenticación previa de Kerberos.

Información de cuenta:
	Id. de seguridad:		S-1-5-21-1171290785-409082668-1575050150-44919
	Nombre de cuenta:		joandrada

Información de servicio:
	Nombre de servicio:		krbtgt/CLIBA.COM.AR

Información de red:
	Dirección de cliente:		::ffff:172.19.120.1
	Puerto de cliente:		49187

Información adicional:
	Opciones de vale:		0x40810010
	Código de error:		0x18
	Tipo de autenticación previa:	2

Información de certificado:
	Nombre de emisor de certificado:		
	Número de serie de certificado: 	
	Huella digital de certificado:		

La información de certificado solo se proporciona si se usó un certificado para la autenticación previa.

Los tipos de autenticación previa, las opciones de vale y los códigos de error se definen en RFC 4120.

Si el vale estaba mal formado o resultó dañado durante el tránsito y no se pudo descifrar, es posible que muchos campos de este evento no estén presentes.

Event[28]:
  Log Name: Security
  Source: Microsoft-Windows-Security-Auditing
  Date: 2024-08-08T10:26:27.127
  Event ID: 4771
  Task: Kerberos Authentication Service
  Level: Información
  Opcode: Información
  Keyword: Error de auditoría
  User: N/A
  User Name: N/A
  Computer: CLIBAAD01.cliba.com.ar
  Description: 
Error de autenticación previa de Kerberos.

Información de cuenta:
	Id. de seguridad:		S-1-5-21-1171290785-409082668-1575050150-44919
	Nombre de cuenta:		joandrada

Información de servicio:
	Nombre de servicio:		krbtgt/CLIBA.COM.AR

Información de red:
	Dirección de cliente:		::ffff:172.19.120.1
	Puerto de cliente:		49184

Información adicional:
	Opciones de vale:		0x40810010
	Código de error:		0x18
	Tipo de autenticación previa:	2

Información de certificado:
	Nombre de emisor de certificado:		
	Número de serie de certificado: 	
	Huella digital de certificado:		

La información de certificado solo se proporciona si se usó un certificado para la autenticación previa.

Los tipos de autenticación previa, las opciones de vale y los códigos de error se definen en RFC 4120.

Si el vale estaba mal formado o resultó dañado durante el tránsito y no se pudo descifrar, es posible que muchos campos de este evento no estén presentes.

Event[29]:
  Log Name: Security
  Source: Microsoft-Windows-Security-Auditing
  Date: 2024-08-08T10:26:26.967
  Event ID: 4771
  Task: Kerberos Authentication Service
  Level: Información
  Opcode: Información
  Keyword: Error de auditoría
  User: N/A
  User Name: N/A
  Computer: CLIBAAD01.cliba.com.ar
  Description: 
Error de autenticación previa de Kerberos.

Información de cuenta:
	Id. de seguridad:		S-1-5-21-1171290785-409082668-1575050150-44919
	Nombre de cuenta:		joandrada

Información de servicio:
	Nombre de servicio:		krbtgt/CLIBA.COM.AR

Información de red:
	Dirección de cliente:		::ffff:172.19.120.1
	Puerto de cliente:		49182

Información adicional:
	Opciones de vale:		0x40810010
	Código de error:		0x18
	Tipo de autenticación previa:	2

Información de certificado:
	Nombre de emisor de certificado:		
	Número de serie de certificado: 	
	Huella digital de certificado:		

La información de certificado solo se proporciona si se usó un certificado para la autenticación previa.

Los tipos de autenticación previa, las opciones de vale y los códigos de error se definen en RFC 4120.

Si el vale estaba mal formado o resultó dañado durante el tránsito y no se pudo descifrar, es posible que muchos campos de este evento no estén presentes.

Event[30]:
  Log Name: Security
  Source: Microsoft-Windows-Security-Auditing
  Date: 2024-08-08T10:26:17.777
  Event ID: 4625
  Task: Logon
  Level: Información
  Opcode: Información
  Keyword: Error de auditoría
  User: N/A
  User Name: N/A
  Computer: CLIBAAD01.cliba.com.ar
  Description: 
Error de una cuenta al iniciar sesión.

Sujeto:
	Id. de seguridad:		S-1-0-0
	Nombre de cuenta:		-
	Dominio de cuenta:		-
	Id. de inicio de sesión:		0x0

Tipo de inicio de sesión:			3

Cuenta con error de inicio de sesión: 
	Id. de seguridad:		S-1-0-0
	Nombre de cuenta:		tzambrano
	Dominio de cuenta:		CLIBA

Información de error:
	Motivo del error:		La contraseña de la cuenta especificada expiró.
	Estado:			0xC000006E
	Subestado:		0xC0000071

Información de proceso:
	Id. de proceso del autor de la llamada:	0x0
	Nombre de proceso del autor de la llamada:	-

Información de red:
	Nombre de estación de trabajo:	BRA000988
	Dirección de red de origen:	172.19.116.19
	Puerto de origen:		50305

Información de autenticación detallada:
	Proceso de inicio de sesión:		NtLmSsp 
	Paquete de autenticación:	NTLM
	Servicios transitados:	-
	Nombre de paquete (solo NTLM):	-
	Longitud de clave:	0

Este evento se genera cuando se produce un error en una solicitud de inicio de sesión. Lo genera el equipo al que se intentó tener acceso.

Los campos de sujeto indican la cuenta del sistema local que solicitó el inicio de sesión. Suele ser un servicio como el servicio de servidor o un proceso local como Winlogon.exe o Services.exe.

El campo Tipo de inicio de sesión indica la clase de inicio de sesión que se solicitó. Los tipos más comunes son 2 (interactivo) y 3 (red).

Los campos Información de proceso indican la cuenta y el proceso en el sistema que solicitó el inicio de sesión.

Los campos Información de red indican dónde se originó una solicitud de inicio de sesión remota. Nombre de estación de trabajo no está siempre disponible y se puede dejar en blanco en algunos casos.

Los campos de información de autenticación proporcionan información detallada sobre esta solicitud de inicio de sesión específica.
	- Servicios transitados indica los servicios intermedios que participaron en esta solicitud de inicio de sesión.
	- Nombre de paquete indica el subprotocolo que se usó entre los protocolos NTLM.
	- Longitud de clave indica la longitud de la clave de sesión generada. Será 0 si no se solicitó una clave de sesión.

Event[31]:
  Log Name: Security
  Source: Microsoft-Windows-Security-Auditing
  Date: 2024-08-08T10:26:17.702
  Event ID: 4625
  Task: Logon
  Level: Información
  Opcode: Información
  Keyword: Error de auditoría
  User: N/A
  User Name: N/A
  Computer: CLIBAAD01.cliba.com.ar
  Description: 
Error de una cuenta al iniciar sesión.

Sujeto:
	Id. de seguridad:		S-1-0-0
	Nombre de cuenta:		-
	Dominio de cuenta:		-
	Id. de inicio de sesión:		0x0

Tipo de inicio de sesión:			3

Cuenta con error de inicio de sesión: 
	Id. de seguridad:		S-1-0-0
	Nombre de cuenta:		tzambrano
	Dominio de cuenta:		CLIBA

Información de error:
	Motivo del error:		La contraseña de la cuenta especificada expiró.
	Estado:			0xC000006E
	Subestado:		0xC0000071

Información de proceso:
	Id. de proceso del autor de la llamada:	0x0
	Nombre de proceso del autor de la llamada:	-

Información de red:
	Nombre de estación de trabajo:	BRA000988
	Dirección de red de origen:	172.19.116.19
	Puerto de origen:		50304

Información de autenticación detallada:
	Proceso de inicio de sesión:		NtLmSsp 
	Paquete de autenticación:	NTLM
	Servicios transitados:	-
	Nombre de paquete (solo NTLM):	-
	Longitud de clave:	0

Este evento se genera cuando se produce un error en una solicitud de inicio de sesión. Lo genera el equipo al que se intentó tener acceso.

Los campos de sujeto indican la cuenta del sistema local que solicitó el inicio de sesión. Suele ser un servicio como el servicio de servidor o un proceso local como Winlogon.exe o Services.exe.

El campo Tipo de inicio de sesión indica la clase de inicio de sesión que se solicitó. Los tipos más comunes son 2 (interactivo) y 3 (red).

Los campos Información de proceso indican la cuenta y el proceso en el sistema que solicitó el inicio de sesión.

Los campos Información de red indican dónde se originó una solicitud de inicio de sesión remota. Nombre de estación de trabajo no está siempre disponible y se puede dejar en blanco en algunos casos.

Los campos de información de autenticación proporcionan información detallada sobre esta solicitud de inicio de sesión específica.
	- Servicios transitados indica los servicios intermedios que participaron en esta solicitud de inicio de sesión.
	- Nombre de paquete indica el subprotocolo que se usó entre los protocolos NTLM.
	- Longitud de clave indica la longitud de la clave de sesión generada. Será 0 si no se solicitó una clave de sesión.

Event[32]:
  Log Name: Security
  Source: Microsoft-Windows-Security-Auditing
  Date: 2024-08-08T10:26:14.707
  Event ID: 4625
  Task: Logon
  Level: Información
  Opcode: Información
  Keyword: Error de auditoría
  User: N/A
  User Name: N/A
  Computer: CLIBAAD01.cliba.com.ar
  Description: 
Error de una cuenta al iniciar sesión.

Sujeto:
	Id. de seguridad:		S-1-0-0
	Nombre de cuenta:		-
	Dominio de cuenta:		-
	Id. de inicio de sesión:		0x0

Tipo de inicio de sesión:			3

Cuenta con error de inicio de sesión: 
	Id. de seguridad:		S-1-0-0
	Nombre de cuenta:		tzambrano
	Dominio de cuenta:		CLIBA

Información de error:
	Motivo del error:		La contraseña de la cuenta especificada expiró.
	Estado:			0xC000006E
	Subestado:		0xC0000071

Información de proceso:
	Id. de proceso del autor de la llamada:	0x0
	Nombre de proceso del autor de la llamada:	-

Información de red:
	Nombre de estación de trabajo:	BRA000988
	Dirección de red de origen:	172.19.116.19
	Puerto de origen:		50302

Información de autenticación detallada:
	Proceso de inicio de sesión:		NtLmSsp 
	Paquete de autenticación:	NTLM
	Servicios transitados:	-
	Nombre de paquete (solo NTLM):	-
	Longitud de clave:	0

Este evento se genera cuando se produce un error en una solicitud de inicio de sesión. Lo genera el equipo al que se intentó tener acceso.

Los campos de sujeto indican la cuenta del sistema local que solicitó el inicio de sesión. Suele ser un servicio como el servicio de servidor o un proceso local como Winlogon.exe o Services.exe.

El campo Tipo de inicio de sesión indica la clase de inicio de sesión que se solicitó. Los tipos más comunes son 2 (interactivo) y 3 (red).

Los campos Información de proceso indican la cuenta y el proceso en el sistema que solicitó el inicio de sesión.

Los campos Información de red indican dónde se originó una solicitud de inicio de sesión remota. Nombre de estación de trabajo no está siempre disponible y se puede dejar en blanco en algunos casos.

Los campos de información de autenticación proporcionan información detallada sobre esta solicitud de inicio de sesión específica.
	- Servicios transitados indica los servicios intermedios que participaron en esta solicitud de inicio de sesión.
	- Nombre de paquete indica el subprotocolo que se usó entre los protocolos NTLM.
	- Longitud de clave indica la longitud de la clave de sesión generada. Será 0 si no se solicitó una clave de sesión.

Event[33]:
  Log Name: Security
  Source: Microsoft-Windows-Security-Auditing
  Date: 2024-08-08T10:26:06.458
  Event ID: 4771
  Task: Kerberos Authentication Service
  Level: Información
  Opcode: Información
  Keyword: Error de auditoría
  User: N/A
  User Name: N/A
  Computer: CLIBAAD01.cliba.com.ar
  Description: 
Error de autenticación previa de Kerberos.

Información de cuenta:
	Id. de seguridad:		S-1-5-21-1171290785-409082668-1575050150-44919
	Nombre de cuenta:		joandrada

Información de servicio:
	Nombre de servicio:		krbtgt/cliba

Información de red:
	Dirección de cliente:		::ffff:172.19.120.1
	Puerto de cliente:		49170

Información adicional:
	Opciones de vale:		0x40810010
	Código de error:		0x18
	Tipo de autenticación previa:	2

Información de certificado:
	Nombre de emisor de certificado:		
	Número de serie de certificado: 	
	Huella digital de certificado:		

La información de certificado solo se proporciona si se usó un certificado para la autenticación previa.

Los tipos de autenticación previa, las opciones de vale y los códigos de error se definen en RFC 4120.

Si el vale estaba mal formado o resultó dañado durante el tránsito y no se pudo descifrar, es posible que muchos campos de este evento no estén presentes.

Event[34]:
  Log Name: Security
  Source: Microsoft-Windows-Security-Auditing
  Date: 2024-08-08T10:25:10.476
  Event ID: 4771
  Task: Kerberos Authentication Service
  Level: Información
  Opcode: Información
  Keyword: Error de auditoría
  User: N/A
  User Name: N/A
  Computer: CLIBAAD01.cliba.com.ar
  Description: 
Error de autenticación previa de Kerberos.

Información de cuenta:
	Id. de seguridad:		S-1-5-21-1171290785-409082668-1575050150-1677
	Nombre de cuenta:		mscotto

Información de servicio:
	Nombre de servicio:		krbtgt/CLIBA

Información de red:
	Dirección de cliente:		::ffff:172.19.104.33
	Puerto de cliente:		49723

Información adicional:
	Opciones de vale:		0x40810010
	Código de error:		0x18
	Tipo de autenticación previa:	2

Información de certificado:
	Nombre de emisor de certificado:		
	Número de serie de certificado: 	
	Huella digital de certificado:		

La información de certificado solo se proporciona si se usó un certificado para la autenticación previa.

Los tipos de autenticación previa, las opciones de vale y los códigos de error se definen en RFC 4120.

Si el vale estaba mal formado o resultó dañado durante el tránsito y no se pudo descifrar, es posible que muchos campos de este evento no estén presentes.

Event[35]:
