  Log Name: Security
  Source: Microsoft-Windows-Security-Auditing
  Date: 2024-08-08T07:12:09.427
  Event ID: 4771
  Task: Kerberos Authentication Service
  Level: Información
  Opcode: Información
  Keyword: Error de auditoría
  User: N/A
  User Name: N/A
  Computer: CLIBAAD01.cliba.com.ar
  Description: 
Error de autenticación previa de Kerberos.

Información de cuenta:
	Id. de seguridad:		S-1-5-21-1171290785-409082668-1575050150-43467
	Nombre de cuenta:		scosta

Información de servicio:
	Nombre de servicio:		krbtgt/CLIBA.COM.AR

Información de red:
	Dirección de cliente:		::ffff:172.19.9.63
	Puerto de cliente:		50158

Información adicional:
	Opciones de vale:		0x40810010
	Código de error:		0x12
	Tipo de autenticación previa:	0

Información de certificado:
	Nombre de emisor de certificado:		
	Número de serie de certificado: 	
	Huella digital de certificado:		

La información de certificado solo se proporciona si se usó un certificado para la autenticación previa.

Los tipos de autenticación previa, las opciones de vale y los códigos de error se definen en RFC 4120.

Si el vale estaba mal formado o resultó dañado durante el tránsito y no se pudo descifrar, es posible que muchos campos de este evento no estén presentes.

Event[590]:
  Log Name: Security
  Source: Microsoft-Windows-Security-Auditing
  Date: 2024-08-08T07:12:09.387
  Event ID: 4771
  Task: Kerberos Authentication Service
  Level: Información
  Opcode: Información
  Keyword: Error de auditoría
  User: N/A
  User Name: N/A
  Computer: CLIBAAD01.cliba.com.ar
  Description: 
Error de autenticación previa de Kerberos.

Información de cuenta:
	Id. de seguridad:		S-1-5-21-1171290785-409082668-1575050150-43467
	Nombre de cuenta:		scosta

Información de servicio:
	Nombre de servicio:		krbtgt/CLIBA.COM.AR

Información de red:
	Dirección de cliente:		::ffff:172.19.9.63
	Puerto de cliente:		50157

Información adicional:
	Opciones de vale:		0x40810010
	Código de error:		0x12
	Tipo de autenticación previa:	0

Información de certificado:
	Nombre de emisor de certificado:		
	Número de serie de certificado: 	
	Huella digital de certificado:		

La información de certificado solo se proporciona si se usó un certificado para la autenticación previa.

Los tipos de autenticación previa, las opciones de vale y los códigos de error se definen en RFC 4120.

Si el vale estaba mal formado o resultó dañado durante el tránsito y no se pudo descifrar, es posible que muchos campos de este evento no estén presentes.

Event[591]:
  Log Name: Security
  Source: Microsoft-Windows-Security-Auditing
  Date: 2024-08-08T07:11:40.529
  Event ID: 4771
  Task: Kerberos Authentication Service
  Level: Información
  Opcode: Información
  Keyword: Error de auditoría
  User: N/A
  User Name: N/A
  Computer: CLIBAAD01.cliba.com.ar
  Description: 
Error de autenticación previa de Kerberos.

Información de cuenta:
	Id. de seguridad:		S-1-5-21-1171290785-409082668-1575050150-43467
	Nombre de cuenta:		scosta

Información de servicio:
	Nombre de servicio:		krbtgt/CLIBA.COM.AR

Información de red:
	Dirección de cliente:		::ffff:172.19.9.63
	Puerto de cliente:		50129

Información adicional:
	Opciones de vale:		0x40810010
	Código de error:		0x12
	Tipo de autenticación previa:	0

Información de certificado:
	Nombre de emisor de certificado:		
	Número de serie de certificado: 	
	Huella digital de certificado:		

La información de certificado solo se proporciona si se usó un certificado para la autenticación previa.

Los tipos de autenticación previa, las opciones de vale y los códigos de error se definen en RFC 4120.

Si el vale estaba mal formado o resultó dañado durante el tránsito y no se pudo descifrar, es posible que muchos campos de este evento no estén presentes.

Event[592]:
  Log Name: Security
  Source: Microsoft-Windows-Security-Auditing
  Date: 2024-08-08T07:11:40.489
  Event ID: 4771
  Task: Kerberos Authentication Service
  Level: Información
  Opcode: Información
  Keyword: Error de auditoría
  User: N/A
  User Name: N/A
  Computer: CLIBAAD01.cliba.com.ar
  Description: 
Error de autenticación previa de Kerberos.

Información de cuenta:
	Id. de seguridad:		S-1-5-21-1171290785-409082668-1575050150-43467
	Nombre de cuenta:		scosta

Información de servicio:
	Nombre de servicio:		krbtgt/CLIBA.COM.AR

Información de red:
	Dirección de cliente:		::ffff:172.19.9.63
	Puerto de cliente:		50128

Información adicional:
	Opciones de vale:		0x40810010
	Código de error:		0x12
	Tipo de autenticación previa:	0

Información de certificado:
	Nombre de emisor de certificado:		
	Número de serie de certificado: 	
	Huella digital de certificado:		

La información de certificado solo se proporciona si se usó un certificado para la autenticación previa.

Los tipos de autenticación previa, las opciones de vale y los códigos de error se definen en RFC 4120.

Si el vale estaba mal formado o resultó dañado durante el tránsito y no se pudo descifrar, es posible que muchos campos de este evento no estén presentes.

Event[593]:
  Log Name: Security
  Source: Microsoft-Windows-Security-Auditing
  Date: 2024-08-08T07:11:26.400
  Event ID: 4771
  Task: Kerberos Authentication Service
  Level: Información
  Opcode: Información
  Keyword: Error de auditoría
  User: N/A
  User Name: N/A
  Computer: CLIBAAD01.cliba.com.ar
  Description: 
Error de autenticación previa de Kerberos.

Información de cuenta:
	Id. de seguridad:		S-1-5-21-1171290785-409082668-1575050150-43467
	Nombre de cuenta:		scosta

Información de servicio:
	Nombre de servicio:		krbtgt/CLIBA.COM.AR

Información de red:
	Dirección de cliente:		::ffff:172.19.9.63
	Puerto de cliente:		50126

Información adicional:
	Opciones de vale:		0x40810010
	Código de error:		0x12
	Tipo de autenticación previa:	0

Información de certificado:
	Nombre de emisor de certificado:		
	Número de serie de certificado: 	
	Huella digital de certificado:		

La información de certificado solo se proporciona si se usó un certificado para la autenticación previa.

Los tipos de autenticación previa, las opciones de vale y los códigos de error se definen en RFC 4120.

Si el vale estaba mal formado o resultó dañado durante el tránsito y no se pudo descifrar, es posible que muchos campos de este evento no estén presentes.

Event[594]:
  Log Name: Security
  Source: Microsoft-Windows-Security-Auditing
  Date: 2024-08-08T07:11:26.227
  Event ID: 4771
  Task: Kerberos Authentication Service
  Level: Información
  Opcode: Información
  Keyword: Error de auditoría
  User: N/A
  User Name: N/A
  Computer: CLIBAAD01.cliba.com.ar
  Description: 
Error de autenticación previa de Kerberos.

Información de cuenta:
	Id. de seguridad:		S-1-5-21-1171290785-409082668-1575050150-43467
	Nombre de cuenta:		scosta

Información de servicio:
	Nombre de servicio:		krbtgt/CLIBA.COM.AR

Información de red:
	Dirección de cliente:		::ffff:172.19.9.63
	Puerto de cliente:		50124

Información adicional:
	Opciones de vale:		0x40810010
	Código de error:		0x12
	Tipo de autenticación previa:	0

Información de certificado:
	Nombre de emisor de certificado:		
	Número de serie de certificado: 	
	Huella digital de certificado:		

La información de certificado solo se proporciona si se usó un certificado para la autenticación previa.

Los tipos de autenticación previa, las opciones de vale y los códigos de error se definen en RFC 4120.

Si el vale estaba mal formado o resultó dañado durante el tránsito y no se pudo descifrar, es posible que muchos campos de este evento no estén presentes.

Event[595]:
  Log Name: Security
  Source: Microsoft-Windows-Security-Auditing
  Date: 2024-08-08T07:10:46.829
  Event ID: 4771
  Task: Kerberos Authentication Service
  Level: Información
  Opcode: Información
  Keyword: Error de auditoría
  User: N/A
  User Name: N/A
  Computer: CLIBAAD01.cliba.com.ar
  Description: 
Error de autenticación previa de Kerberos.

Información de cuenta:
	Id. de seguridad:		S-1-5-21-1171290785-409082668-1575050150-43467
	Nombre de cuenta:		scosta

Información de servicio:
	Nombre de servicio:		krbtgt/CLIBA.COM.AR

Información de red:
	Dirección de cliente:		::ffff:172.19.9.63
	Puerto de cliente:		50108

Información adicional:
	Opciones de vale:		0x40810010
	Código de error:		0x12
	Tipo de autenticación previa:	0

Información de certificado:
	Nombre de emisor de certificado:		
	Número de serie de certificado: 	
	Huella digital de certificado:		

La información de certificado solo se proporciona si se usó un certificado para la autenticación previa.

Los tipos de autenticación previa, las opciones de vale y los códigos de error se definen en RFC 4120.

Si el vale estaba mal formado o resultó dañado durante el tránsito y no se pudo descifrar, es posible que muchos campos de este evento no estén presentes.

Event[596]:
  Log Name: Security
  Source: Microsoft-Windows-Security-Auditing
  Date: 2024-08-08T07:10:46.791
  Event ID: 4771
  Task: Kerberos Authentication Service
  Level: Información
  Opcode: Información
  Keyword: Error de auditoría
  User: N/A
  User Name: N/A
  Computer: CLIBAAD01.cliba.com.ar
  Description: 
Error de autenticación previa de Kerberos.

Información de cuenta:
	Id. de seguridad:		S-1-5-21-1171290785-409082668-1575050150-43467
	Nombre de cuenta:		scosta

Información de servicio:
	Nombre de servicio:		krbtgt/CLIBA.COM.AR

Información de red:
	Dirección de cliente:		::ffff:172.19.9.63
	Puerto de cliente:		50107

Información adicional:
	Opciones de vale:		0x40810010
	Código de error:		0x12
	Tipo de autenticación previa:	0

Información de certificado:
	Nombre de emisor de certificado:		
	Número de serie de certificado: 	
	Huella digital de certificado:		

La información de certificado solo se proporciona si se usó un certificado para la autenticación previa.

Los tipos de autenticación previa, las opciones de vale y los códigos de error se definen en RFC 4120.

Si el vale estaba mal formado o resultó dañado durante el tránsito y no se pudo descifrar, es posible que muchos campos de este evento no estén presentes.

Event[597]:
  Log Name: Security
  Source: Microsoft-Windows-Security-Auditing
  Date: 2024-08-08T07:10:41.357
  Event ID: 4771
  Task: Kerberos Authentication Service
  Level: Información
  Opcode: Información
  Keyword: Error de auditoría
  User: N/A
  User Name: N/A
  Computer: CLIBAAD01.cliba.com.ar
  Description: 
Error de autenticación previa de Kerberos.

Información de cuenta:
	Id. de seguridad:		S-1-5-21-1171290785-409082668-1575050150-43467
	Nombre de cuenta:		scosta

Información de servicio:
	Nombre de servicio:		krbtgt/CLIBA.COM.AR

Información de red:
	Dirección de cliente:		::ffff:172.19.9.63
	Puerto de cliente:		50098

Información adicional:
	Opciones de vale:		0x40810010
	Código de error:		0x12
	Tipo de autenticación previa:	0

Información de certificado:
	Nombre de emisor de certificado:		
	Número de serie de certificado: 	
	Huella digital de certificado:		

La información de certificado solo se proporciona si se usó un certificado para la autenticación previa.

Los tipos de autenticación previa, las opciones de vale y los códigos de error se definen en RFC 4120.

Si el vale estaba mal formado o resultó dañado durante el tránsito y no se pudo descifrar, es posible que muchos campos de este evento no estén presentes.

Event[598]:
  Log Name: Security
  Source: Microsoft-Windows-Security-Auditing
  Date: 2024-08-08T07:10:41.171
  Event ID: 4771
  Task: Kerberos Authentication Service
  Level: Información
  Opcode: Información
  Keyword: Error de auditoría
  User: N/A
  User Name: N/A
  Computer: CLIBAAD01.cliba.com.ar
  Description: 
Error de autenticación previa de Kerberos.

Información de cuenta:
	Id. de seguridad:		S-1-5-21-1171290785-409082668-1575050150-43467
	Nombre de cuenta:		scosta

Información de servicio:
	Nombre de servicio:		krbtgt/CLIBA.COM.AR

Información de red:
	Dirección de cliente:		::ffff:172.19.9.63
	Puerto de cliente:		50096

Información adicional:
	Opciones de vale:		0x40810010
	Código de error:		0x12
	Tipo de autenticación previa:	0

Información de certificado:
	Nombre de emisor de certificado:		
	Número de serie de certificado: 	
	Huella digital de certificado:		

La información de certificado solo se proporciona si se usó un certificado para la autenticación previa.

Los tipos de autenticación previa, las opciones de vale y los códigos de error se definen en RFC 4120.

Si el vale estaba mal formado o resultó dañado durante el tránsito y no se pudo descifrar, es posible que muchos campos de este evento no estén presentes.

Event[599]:
  Log Name: Security
  Source: Microsoft-Windows-Security-Auditing
  Date: 2024-08-08T07:10:24.987
  Event ID: 4771
  Task: Kerberos Authentication Service
  Level: Información
  Opcode: Información
  Keyword: Error de auditoría
  User: N/A
  User Name: N/A
  Computer: CLIBAAD01.cliba.com.ar
  Description: 
Error de autenticación previa de Kerberos.

Información de cuenta:
	Id. de seguridad:		S-1-5-21-1171290785-409082668-1575050150-43467
	Nombre de cuenta:		scosta

Información de servicio:
	Nombre de servicio:		krbtgt/CLIBA.COM.AR

Información de red:
	Dirección de cliente:		::ffff:172.19.9.63
	Puerto de cliente:		50092

Información adicional:
	Opciones de vale:		0x40810010
	Código de error:		0x12
	Tipo de autenticación previa:	0

Información de certificado:
	Nombre de emisor de certificado:		
	Número de serie de certificado: 	
	Huella digital de certificado:		

La información de certificado solo se proporciona si se usó un certificado para la autenticación previa.

Los tipos de autenticación previa, las opciones de vale y los códigos de error se definen en RFC 4120.

Si el vale estaba mal formado o resultó dañado durante el tránsito y no se pudo descifrar, es posible que muchos campos de este evento no estén presentes.

Event[600]:
  Log Name: Security
  Source: Microsoft-Windows-Security-Auditing
  Date: 2024-08-08T07:10:24.798
  Event ID: 4771
  Task: Kerberos Authentication Service
  Level: Información
  Opcode: Información
  Keyword: Error de auditoría
  User: N/A
  User Name: N/A
  Computer: CLIBAAD01.cliba.com.ar
  Description: 
Error de autenticación previa de Kerberos.

Información de cuenta:
	Id. de seguridad:		S-1-5-21-1171290785-409082668-1575050150-43467
	Nombre de cuenta:		scosta

Información de servicio:
	Nombre de servicio:		krbtgt/CLIBA.COM.AR

Información de red:
	Dirección de cliente:		::ffff:172.19.9.63
	Puerto de cliente:		50090

Información adicional:
	Opciones de vale:		0x40810010
	Código de error:		0x12
	Tipo de autenticación previa:	0

Información de certificado:
	Nombre de emisor de certificado:		
	Número de serie de certificado: 	
	Huella digital de certificado:		

La información de certificado solo se proporciona si se usó un certificado para la autenticación previa.

Los tipos de autenticación previa, las opciones de vale y los códigos de error se definen en RFC 4120.

Si el vale estaba mal formado o resultó dañado durante el tránsito y no se pudo descifrar, es posible que muchos campos de este evento no estén presentes.

Event[601]:
  Log Name: Security
  Source: Microsoft-Windows-Security-Auditing
  Date: 2024-08-08T07:10:08.921
  Event ID: 4771
  Task: Kerberos Authentication Service
  Level: Información
  Opcode: Información
  Keyword: Error de auditoría
  User: N/A
  User Name: N/A
  Computer: CLIBAAD01.cliba.com.ar
  Description: 
Error de autenticación previa de Kerberos.

Información de cuenta:
	Id. de seguridad:		S-1-5-21-1171290785-409082668-1575050150-43467
	Nombre de cuenta:		scosta

Información de servicio:
	Nombre de servicio:		krbtgt/CLIBA.COM.AR

Información de red:
	Dirección de cliente:		::ffff:172.19.9.63
	Puerto de cliente:		50070

Información adicional:
	Opciones de vale:		0x40810010
	Código de error:		0x12
	Tipo de autenticación previa:	0

Información de certificado:
	Nombre de emisor de certificado:		
	Número de serie de certificado: 	
	Huella digital de certificado:		

La información de certificado solo se proporciona si se usó un certificado para la autenticación previa.

Los tipos de autenticación previa, las opciones de vale y los códigos de error se definen en RFC 4120.

Si el vale estaba mal formado o resultó dañado durante el tránsito y no se pudo descifrar, es posible que muchos campos de este evento no estén presentes.

Event[602]:
  Log Name: Security
  Source: Microsoft-Windows-Security-Auditing
  Date: 2024-08-08T07:10:08.882
  Event ID: 4771
  Task: Kerberos Authentication Service
  Level: Información
  Opcode: Información
  Keyword: Error de auditoría
  User: N/A
  User Name: N/A
  Computer: CLIBAAD01.cliba.com.ar
  Description: 
Error de autenticación previa de Kerberos.

Información de cuenta:
	Id. de seguridad:		S-1-5-21-1171290785-409082668-1575050150-43467
	Nombre de cuenta:		scosta

Información de servicio:
	Nombre de servicio:		krbtgt/CLIBA.COM.AR

Información de red:
	Dirección de cliente:		::ffff:172.19.9.63
	Puerto de cliente:		50069

Información adicional:
	Opciones de vale:		0x40810010
	Código de error:		0x12
	Tipo de autenticación previa:	0

Información de certificado:
	Nombre de emisor de certificado:		
	Número de serie de certificado: 	
	Huella digital de certificado:		

La información de certificado solo se proporciona si se usó un certificado para la autenticación previa.

Los tipos de autenticación previa, las opciones de vale y los códigos de error se definen en RFC 4120.

Si el vale estaba mal formado o resultó dañado durante el tránsito y no se pudo descifrar, es posible que muchos campos de este evento no estén presentes.

Event[603]:
  Log Name: Security
  Source: Microsoft-Windows-Security-Auditing
  Date: 2024-08-08T07:10:06.420
  Event ID: 4625
  Task: Logon
  Level: Información
  Opcode: Información
  Keyword: Error de auditoría
  User: N/A
  User Name: N/A
  Computer: CLIBAAD01.cliba.com.ar
  Description: 
Error de una cuenta al iniciar sesión.

Sujeto:
	Id. de seguridad:		S-1-0-0
	Nombre de cuenta:		-
	Dominio de cuenta:		-
	Id. de inicio de sesión:		0x0

Tipo de inicio de sesión:			3

Cuenta con error de inicio de sesión: 
	Id. de seguridad:		S-1-0-0
	Nombre de cuenta:		NGISSARA_ADMIN
	Dominio de cuenta:		CLIBA

Información de error:
	Motivo del error:		Nombre de usuario desconocido o contraseña incorrecta
	Estado:			0xC000006D
	Subestado:		0xC0000064

Información de proceso:
	Id. de proceso del autor de la llamada:	0x0
	Nombre de proceso del autor de la llamada:	-

Información de red:
	Nombre de estación de trabajo:	PROMISCCM2019
	Dirección de red de origen:	172.16.1.198
	Puerto de origen:		49932

Información de autenticación detallada:
	Proceso de inicio de sesión:		NtLmSsp 
	Paquete de autenticación:	NTLM
	Servicios transitados:	-
	Nombre de paquete (solo NTLM):	-
	Longitud de clave:	0

Este evento se genera cuando se produce un error en una solicitud de inicio de sesión. Lo genera el equipo al que se intentó tener acceso.

Los campos de sujeto indican la cuenta del sistema local que solicitó el inicio de sesión. Suele ser un servicio como el servicio de servidor o un proceso local como Winlogon.exe o Services.exe.

El campo Tipo de inicio de sesión indica la clase de inicio de sesión que se solicitó. Los tipos más comunes son 2 (interactivo) y 3 (red).

Los campos Información de proceso indican la cuenta y el proceso en el sistema que solicitó el inicio de sesión.

Los campos Información de red indican dónde se originó una solicitud de inicio de sesión remota. Nombre de estación de trabajo no está siempre disponible y se puede dejar en blanco en algunos casos.

Los campos de información de autenticación proporcionan información detallada sobre esta solicitud de inicio de sesión específica.
	- Servicios transitados indica los servicios intermedios que participaron en esta solicitud de inicio de sesión.
	- Nombre de paquete indica el subprotocolo que se usó entre los protocolos NTLM.
	- Longitud de clave indica la longitud de la clave de sesión generada. Será 0 si no se solicitó una clave de sesión.

Event[604]:
  Log Name: Security
  Source: Microsoft-Windows-Security-Auditing
  Date: 2024-08-08T07:10:01.212
  Event ID: 4771
  Task: Kerberos Authentication Service
  Level: Información
  Opcode: Información
  Keyword: Error de auditoría
  User: N/A
  User Name: N/A
  Computer: CLIBAAD01.cliba.com.ar
  Description: 
Error de autenticación previa de Kerberos.

Información de cuenta:
	Id. de seguridad:		S-1-5-21-1171290785-409082668-1575050150-43467
	Nombre de cuenta:		scosta

Información de servicio:
	Nombre de servicio:		krbtgt/CLIBA.COM.AR

Información de red:
	Dirección de cliente:		::ffff:172.19.9.63
	Puerto de cliente:		50059

Información adicional:
	Opciones de vale:		0x40810010
	Código de error:		0x12
	Tipo de autenticación previa:	0

Información de certificado:
	Nombre de emisor de certificado:		
	Número de serie de certificado: 	
	Huella digital de certificado:		

La información de certificado solo se proporciona si se usó un certificado para la autenticación previa.

Los tipos de autenticación previa, las opciones de vale y los códigos de error se definen en RFC 4120.

Si el vale estaba mal formado o resultó dañado durante el tránsito y no se pudo descifrar, es posible que muchos campos de este evento no estén presentes.

Event[605]:
  Log Name: Security
  Source: Microsoft-Windows-Security-Auditing
  Date: 2024-08-08T07:10:01.211
  Event ID: 4771
  Task: Kerberos Authentication Service
  Level: Información
  Opcode: Información
  Keyword: Error de auditoría
  User: N/A
  User Name: N/A
  Computer: CLIBAAD01.cliba.com.ar
  Description: 
Error de autenticación previa de Kerberos.

Información de cuenta:
	Id. de seguridad:		S-1-5-21-1171290785-409082668-1575050150-43467
	Nombre de cuenta:		scosta

Información de servicio:
	Nombre de servicio:		krbtgt/CLIBA.COM.AR

Información de red:
	Dirección de cliente:		::ffff:172.19.9.63
	Puerto de cliente:		50058

Información adicional:
	Opciones de vale:		0x40810010
	Código de error:		0x12
	Tipo de autenticación previa:	0

Información de certificado:
	Nombre de emisor de certificado:		
	Número de serie de certificado: 	
	Huella digital de certificado:		

La información de certificado solo se proporciona si se usó un certificado para la autenticación previa.

Los tipos de autenticación previa, las opciones de vale y los códigos de error se definen en RFC 4120.

Si el vale estaba mal formado o resultó dañado durante el tránsito y no se pudo descifrar, es posible que muchos campos de este evento no estén presentes.

Event[606]:
  Log Name: Security
  Source: Microsoft-Windows-Security-Auditing
  Date: 2024-08-08T07:10:01.205
  Event ID: 4771
  Task: Kerberos Authentication Service
  Level: Información
  Opcode: Información
  Keyword: Error de auditoría
  User: N/A
  User Name: N/A
  Computer: CLIBAAD01.cliba.com.ar
  Description: 
Error de autenticación previa de Kerberos.

Información de cuenta:
	Id. de seguridad:		S-1-5-21-1171290785-409082668-1575050150-43467
	Nombre de cuenta:		scosta

Información de servicio:
	Nombre de servicio:		krbtgt/CLIBA.COM.AR

Información de red:
	Dirección de cliente:		::ffff:172.19.9.63
	Puerto de cliente:		50057

Información adicional:
	Opciones de vale:		0x40810010
	Código de error:		0x12
	Tipo de autenticación previa:	0

Información de certificado:
	Nombre de emisor de certificado:		
	Número de serie de certificado: 	
	Huella digital de certificado:		

La información de certificado solo se proporciona si se usó un certificado para la autenticación previa.

Los tipos de autenticación previa, las opciones de vale y los códigos de error se definen en RFC 4120.

Si el vale estaba mal formado o resultó dañado durante el tránsito y no se pudo descifrar, es posible que muchos campos de este evento no estén presentes.

Event[607]:
  Log Name: Security
  Source: Microsoft-Windows-Security-Auditing
  Date: 2024-08-08T07:10:01.198
  Event ID: 4771
  Task: Kerberos Authentication Service
  Level: Información
  Opcode: Información
  Keyword: Error de auditoría
  User: N/A
  User Name: N/A
  Computer: CLIBAAD01.cliba.com.ar
  Description: 
Error de autenticación previa de Kerberos.

Información de cuenta:
	Id. de seguridad:		S-1-5-21-1171290785-409082668-1575050150-43467
	Nombre de cuenta:		scosta

Información de servicio:
	Nombre de servicio:		krbtgt/CLIBA.COM.AR

Información de red:
	Dirección de cliente:		::ffff:172.19.9.63
	Puerto de cliente:		50053

Información adicional:
	Opciones de vale:		0x40810010
	Código de error:		0x12
	Tipo de autenticación previa:	0

Información de certificado:
	Nombre de emisor de certificado:		
	Número de serie de certificado: 	
	Huella digital de certificado:		

La información de certificado solo se proporciona si se usó un certificado para la autenticación previa.

Los tipos de autenticación previa, las opciones de vale y los códigos de error se definen en RFC 4120.

Si el vale estaba mal formado o resultó dañado durante el tránsito y no se pudo descifrar, es posible que muchos campos de este evento no estén presentes.

Event[608]:
  Log Name: Security
  Source: Microsoft-Windows-Security-Auditing
  Date: 2024-08-08T07:10:01.195
  Event ID: 4771
  Task: Kerberos Authentication Service
  Level: Información
  Opcode: Información
  Keyword: Error de auditoría
  User: N/A
  User Name: N/A
  Computer: CLIBAAD01.cliba.com.ar
  Description: 
Error de autenticación previa de Kerberos.

Información de cuenta:
	Id. de seguridad:		S-1-5-21-1171290785-409082668-1575050150-43467
	Nombre de cuenta:		scosta

Información de servicio:
	Nombre de servicio:		krbtgt/CLIBA.COM.AR

Información de red:
	Dirección de cliente:		::ffff:172.19.9.63
	Puerto de cliente:		50056

Información adicional:
	Opciones de vale:		0x40810010
	Código de error:		0x12
	Tipo de autenticación previa:	0

Información de certificado:
	Nombre de emisor de certificado:		
	Número de serie de certificado: 	
	Huella digital de certificado:		

La información de certificado solo se proporciona si se usó un certificado para la autenticación previa.

Los tipos de autenticación previa, las opciones de vale y los códigos de error se definen en RFC 4120.

Si el vale estaba mal formado o resultó dañado durante el tránsito y no se pudo descifrar, es posible que muchos campos de este evento no estén presentes.

Event[609]:
  Log Name: Security
  Source: Microsoft-Windows-Security-Auditing
  Date: 2024-08-08T07:10:01.192
  Event ID: 4771
  Task: Kerberos Authentication Service
  Level: Información
  Opcode: Información
  Keyword: Error de auditoría
  User: N/A
  User Name: N/A
  Computer: CLIBAAD01.cliba.com.ar
  Description: 
Error de autenticación previa de Kerberos.

Información de cuenta:
	Id. de seguridad:		S-1-5-21-1171290785-409082668-1575050150-43467
	Nombre de cuenta:		scosta

Información de servicio:
	Nombre de servicio:		krbtgt/CLIBA.COM.AR

Información de red:
	Dirección de cliente:		::ffff:172.19.9.63
	Puerto de cliente:		50055

Información adicional:
	Opciones de vale:		0x40810010
	Código de error:		0x12
	Tipo de autenticación previa:	0

Información de certificado:
	Nombre de emisor de certificado:		
	Número de serie de certificado: 	
	Huella digital de certificado:		

La información de certificado solo se proporciona si se usó un certificado para la autenticación previa.

Los tipos de autenticación previa, las opciones de vale y los códigos de error se definen en RFC 4120.

Si el vale estaba mal formado o resultó dañado durante el tránsito y no se pudo descifrar, es posible que muchos campos de este evento no estén presentes.

Event[610]:
  Log Name: Security
  Source: Microsoft-Windows-Security-Auditing
  Date: 2024-08-08T07:10:01.190
  Event ID: 4771
  Task: Kerberos Authentication Service
  Level: Información
  Opcode: Información
  Keyword: Error de auditoría
  User: N/A
  User Name: N/A
  Computer: CLIBAAD01.cliba.com.ar
  Description: 
Error de autenticación previa de Kerberos.

Información de cuenta:
	Id. de seguridad:		S-1-5-21-1171290785-409082668-1575050150-43467
	Nombre de cuenta:		scosta

Información de servicio:
	Nombre de servicio:		krbtgt/CLIBA.COM.AR

Información de red:
	Dirección de cliente:		::ffff:172.19.9.63
	Puerto de cliente:		50054

Información adicional:
	Opciones de vale:		0x40810010
	Código de error:		0x12
	Tipo de autenticación previa:	0

Información de certificado:
	Nombre de emisor de certificado:		
	Número de serie de certificado: 	
	Huella digital de certificado:		

La información de certificado solo se proporciona si se usó un certificado para la autenticación previa.

Los tipos de autenticación previa, las opciones de vale y los códigos de error se definen en RFC 4120.

Si el vale estaba mal formado o resultó dañado durante el tránsito y no se pudo descifrar, es posible que muchos campos de este evento no estén presentes.

Event[611]:
  Log Name: Security
  Source: Microsoft-Windows-Security-Auditing
  Date: 2024-08-08T07:10:01.174
  Event ID: 4771
  Task: Kerberos Authentication Service
  Level: Información
  Opcode: Información
  Keyword: Error de auditoría
  User: N/A
  User Name: N/A
  Computer: CLIBAAD01.cliba.com.ar
  Description: 
Error de autenticación previa de Kerberos.

Información de cuenta:
	Id. de seguridad:		S-1-5-21-1171290785-409082668-1575050150-43467
	Nombre de cuenta:		scosta

Información de servicio:
	Nombre de servicio:		krbtgt/CLIBA.COM.AR

Información de red:
	Dirección de cliente:		::ffff:172.19.9.63
	Puerto de cliente:		50051

Información adicional:
	Opciones de vale:		0x40810010
	Código de error:		0x12
	Tipo de autenticación previa:	0

Información de certificado:
	Nombre de emisor de certificado:		
	Número de serie de certificado: 	
	Huella digital de certificado:		

La información de certificado solo se proporciona si se usó un certificado para la autenticación previa.

Los tipos de autenticación previa, las opciones de vale y los códigos de error se definen en RFC 4120.

Si el vale estaba mal formado o resultó dañado durante el tránsito y no se pudo descifrar, es posible que muchos campos de este evento no estén presentes.

Event[612]:
  Log Name: Security
  Source: Microsoft-Windows-Security-Auditing
  Date: 2024-08-08T07:10:01.174
  Event ID: 4771
  Task: Kerberos Authentication Service
  Level: Información
  Opcode: Información
  Keyword: Error de auditoría
  User: N/A
  User Name: N/A
  Computer: CLIBAAD01.cliba.com.ar
  Description: 
Error de autenticación previa de Kerberos.

Información de cuenta:
	Id. de seguridad:		S-1-5-21-1171290785-409082668-1575050150-43467
	Nombre de cuenta:		scosta

Información de servicio:
	Nombre de servicio:		krbtgt/CLIBA.COM.AR

Información de red:
	Dirección de cliente:		::ffff:172.19.9.63
	Puerto de cliente:		50052

Información adicional:
	Opciones de vale:		0x40810010
	Código de error:		0x12
	Tipo de autenticación previa:	0

Información de certificado:
	Nombre de emisor de certificado:		
	Número de serie de certificado: 	
	Huella digital de certificado:		

La información de certificado solo se proporciona si se usó un certificado para la autenticación previa.

Los tipos de autenticación previa, las opciones de vale y los códigos de error se definen en RFC 4120.

Si el vale estaba mal formado o resultó dañado durante el tránsito y no se pudo descifrar, es posible que muchos campos de este evento no estén presentes.

Event[613]:
  Log Name: Security
  Source: Microsoft-Windows-Security-Auditing
  Date: 2024-08-08T07:10:01.169
  Event ID: 4771
  Task: Kerberos Authentication Service
  Level: Información
  Opcode: Información
  Keyword: Error de auditoría
  User: N/A
  User Name: N/A
  Computer: CLIBAAD01.cliba.com.ar
  Description: 
Error de autenticación previa de Kerberos.

Información de cuenta:
	Id. de seguridad:		S-1-5-21-1171290785-409082668-1575050150-43467
	Nombre de cuenta:		scosta

Información de servicio:
	Nombre de servicio:		krbtgt/CLIBA.COM.AR

Información de red:
	Dirección de cliente:		::ffff:172.19.9.63
	Puerto de cliente:		50050

Información adicional:
	Opciones de vale:		0x40810010
	Código de error:		0x12
	Tipo de autenticación previa:	0

Información de certificado:
	Nombre de emisor de certificado:		
	Número de serie de certificado: 	
	Huella digital de certificado:		

La información de certificado solo se proporciona si se usó un certificado para la autenticación previa.

Los tipos de autenticación previa, las opciones de vale y los códigos de error se definen en RFC 4120.

Si el vale estaba mal formado o resultó dañado durante el tránsito y no se pudo descifrar, es posible que muchos campos de este evento no estén presentes.

Event[614]:
  Log Name: Security
  Source: Microsoft-Windows-Security-Auditing
  Date: 2024-08-08T07:10:01.158
  Event ID: 4771
  Task: Kerberos Authentication Service
  Level: Información
  Opcode: Información
  Keyword: Error de auditoría
  User: N/A
  User Name: N/A
  Computer: CLIBAAD01.cliba.com.ar
  Description: 
Error de autenticación previa de Kerberos.

Información de cuenta:
	Id. de seguridad:		S-1-5-21-1171290785-409082668-1575050150-43467
	Nombre de cuenta:		scosta

Información de servicio:
	Nombre de servicio:		krbtgt/CLIBA.COM.AR

Información de red:
	Dirección de cliente:		::ffff:172.19.9.63
	Puerto de cliente:		50049

Información adicional:
	Opciones de vale:		0x40810010
	Código de error:		0x12
	Tipo de autenticación previa:	0

Información de certificado:
	Nombre de emisor de certificado:		
	Número de serie de certificado: 	
	Huella digital de certificado:		

La información de certificado solo se proporciona si se usó un certificado para la autenticación previa.

Los tipos de autenticación previa, las opciones de vale y los códigos de error se definen en RFC 4120.

Si el vale estaba mal formado o resultó dañado durante el tránsito y no se pudo descifrar, es posible que muchos campos de este evento no estén presentes.

Event[615]:
  Log Name: Security
  Source: Microsoft-Windows-Security-Auditing
  Date: 2024-08-08T07:10:01.155
  Event ID: 4771
  Task: Kerberos Authentication Service
  Level: Información
  Opcode: Información
  Keyword: Error de auditoría
  User: N/A
  User Name: N/A
  Computer: CLIBAAD01.cliba.com.ar
  Description: 
Error de autenticación previa de Kerberos.

Información de cuenta:
	Id. de seguridad:		S-1-5-21-1171290785-409082668-1575050150-43467
	Nombre de cuenta:		scosta

Información de servicio:
	Nombre de servicio:		krbtgt/CLIBA.COM.AR

Información de red:
	Dirección de cliente:		::ffff:172.19.9.63
	Puerto de cliente:		50048

Información adicional:
	Opciones de vale:		0x40810010
	Código de error:		0x12
	Tipo de autenticación previa:	0

Información de certificado:
	Nombre de emisor de certificado:		
	Número de serie de certificado: 	
	Huella digital de certificado:		

La información de certificado solo se proporciona si se usó un certificado para la autenticación previa.

Los tipos de autenticación previa, las opciones de vale y los códigos de error se definen en RFC 4120.

Si el vale estaba mal formado o resultó dañado durante el tránsito y no se pudo descifrar, es posible que muchos campos de este evento no estén presentes.

Event[616]:
  Log Name: Security
  Source: Microsoft-Windows-Security-Auditing
  Date: 2024-08-08T07:10:01.153
  Event ID: 4771
  Task: Kerberos Authentication Service
  Level: Información
  Opcode: Información
  Keyword: Error de auditoría
  User: N/A
  User Name: N/A
  Computer: CLIBAAD01.cliba.com.ar
  Description: 
Error de autenticación previa de Kerberos.

Información de cuenta:
	Id. de seguridad:		S-1-5-21-1171290785-409082668-1575050150-43467
	Nombre de cuenta:		scosta

Información de servicio:
	Nombre de servicio:		krbtgt/CLIBA.COM.AR

Información de red:
	Dirección de cliente:		::ffff:172.19.9.63
	Puerto de cliente:		50047

Información adicional:
	Opciones de vale:		0x40810010
	Código de error:		0x12
	Tipo de autenticación previa:	0

Información de certificado:
	Nombre de emisor de certificado:		
	Número de serie de certificado: 	
	Huella digital de certificado:		

La información de certificado solo se proporciona si se usó un certificado para la autenticación previa.

Los tipos de autenticación previa, las opciones de vale y los códigos de error se definen en RFC 4120.

Si el vale estaba mal formado o resultó dañado durante el tránsito y no se pudo descifrar, es posible que muchos campos de este evento no estén presentes.

Event[617]:
  Log Name: Security
  Source: Microsoft-Windows-Security-Auditing
  Date: 2024-08-08T07:09:56.987
  Event ID: 4771
  Task: Kerberos Authentication Service
  Level: Información
  Opcode: Información
  Keyword: Error de auditoría
  User: N/A
  User Name: N/A
  Computer: CLIBAAD01.cliba.com.ar
  Description: 
Error de autenticación previa de Kerberos.

Información de cuenta:
	Id. de seguridad:		S-1-5-21-1171290785-409082668-1575050150-43467
	Nombre de cuenta:		scosta

Información de servicio:
	Nombre de servicio:		krbtgt/CLIBA.COM.AR

Información de red:
	Dirección de cliente:		::ffff:172.19.9.63
	Puerto de cliente:		50038

Información adicional:
	Opciones de vale:		0x40810010
	Código de error:		0x12
	Tipo de autenticación previa:	0

Información de certificado:
	Nombre de emisor de certificado:		
	Número de serie de certificado: 	
	Huella digital de certificado:		

La información de certificado solo se proporciona si se usó un certificado para la autenticación previa.

Los tipos de autenticación previa, las opciones de vale y los códigos de error se definen en RFC 4120.

Si el vale estaba mal formado o resultó dañado durante el tránsito y no se pudo descifrar, es posible que muchos campos de este evento no estén presentes.

Event[618]:
  Log Name: Security
  Source: Microsoft-Windows-Security-Auditing
  Date: 2024-08-08T07:09:46.886
  Event ID: 4771
  Task: Kerberos Authentication Service
  Level: Información
  Opcode: Información
  Keyword: Error de auditoría
  User: N/A
  User Name: N/A
  Computer: CLIBAAD01.cliba.com.ar
  Description: 
Error de autenticación previa de Kerberos.

Información de cuenta:
	Id. de seguridad:		S-1-5-21-1171290785-409082668-1575050150-43467
	Nombre de cuenta:		scosta

Información de servicio:
	Nombre de servicio:		krbtgt/CLIBA.COM.AR

Información de red:
	Dirección de cliente:		::ffff:172.19.9.63
	Puerto de cliente:		50034

Información adicional:
	Opciones de vale:		0x40810010
	Código de error:		0x12
	Tipo de autenticación previa:	0

Información de certificado:
	Nombre de emisor de certificado:		
	Número de serie de certificado: 	
	Huella digital de certificado:		

La información de certificado solo se proporciona si se usó un certificado para la autenticación previa.

Los tipos de autenticación previa, las opciones de vale y los códigos de error se definen en RFC 4120.

Si el vale estaba mal formado o resultó dañado durante el tránsito y no se pudo descifrar, es posible que muchos campos de este evento no estén presentes.

Event[619]:
  Log Name: Security
  Source: Microsoft-Windows-Security-Auditing
  Date: 2024-08-08T07:09:27.077
  Event ID: 4771
  Task: Kerberos Authentication Service
  Level: Información
  Opcode: Información
  Keyword: Error de auditoría
  User: N/A
  User Name: N/A
  Computer: CLIBAAD01.cliba.com.ar
  Description: 
Error de autenticación previa de Kerberos.

Información de cuenta:
	Id. de seguridad:		S-1-5-21-1171290785-409082668-1575050150-43467
	Nombre de cuenta:		scosta

Información de servicio:
	Nombre de servicio:		krbtgt/CLIBA.COM.AR

Información de red:
	Dirección de cliente:		::ffff:172.19.9.63
	Puerto de cliente:		50026

Información adicional:
	Opciones de vale:		0x40810010
	Código de error:		0x12
	Tipo de autenticación previa:	0

Información de certificado:
	Nombre de emisor de certificado:		
	Número de serie de certificado: 	
	Huella digital de certificado:		

La información de certificado solo se proporciona si se usó un certificado para la autenticación previa.

Los tipos de autenticación previa, las opciones de vale y los códigos de error se definen en RFC 4120.

Si el vale estaba mal formado o resultó dañado durante el tránsito y no se pudo descifrar, es posible que muchos campos de este evento no estén presentes.

Event[620]:
  Log Name: Security
  Source: Microsoft-Windows-Security-Auditing
  Date: 2024-08-08T07:09:27.065
  Event ID: 4771
  Task: Kerberos Authentication Service
  Level: Información
  Opcode: Información
  Keyword: Error de auditoría
  User: N/A
  User Name: N/A
  Computer: CLIBAAD01.cliba.com.ar
  Description: 
Error de autenticación previa de Kerberos.

Información de cuenta:
	Id. de seguridad:		S-1-5-21-1171290785-409082668-1575050150-43467
	Nombre de cuenta:		scosta

Información de servicio:
	Nombre de servicio:		krbtgt/CLIBA.COM.AR

Información de red:
	Dirección de cliente:		::ffff:172.19.9.63
	Puerto de cliente:		50025

Información adicional:
	Opciones de vale:		0x40810010
	Código de error:		0x12
	Tipo de autenticación previa:	0

Información de certificado:
	Nombre de emisor de certificado:		
	Número de serie de certificado: 	
	Huella digital de certificado:		

La información de certificado solo se proporciona si se usó un certificado para la autenticación previa.

Los tipos de autenticación previa, las opciones de vale y los códigos de error se definen en RFC 4120.

Si el vale estaba mal formado o resultó dañado durante el tránsito y no se pudo descifrar, es posible que muchos campos de este evento no estén presentes.

Event[621]:
  Log Name: Security
  Source: Microsoft-Windows-Security-Auditing
  Date: 2024-08-08T07:09:27.041
  Event ID: 4771
  Task: Kerberos Authentication Service
  Level: Información
  Opcode: Información
  Keyword: Error de auditoría
  User: N/A
  User Name: N/A
  Computer: CLIBAAD01.cliba.com.ar
  Description: 
Error de autenticación previa de Kerberos.

Información de cuenta:
	Id. de seguridad:		S-1-5-21-1171290785-409082668-1575050150-43467
	Nombre de cuenta:		scosta

Información de servicio:
	Nombre de servicio:		krbtgt/CLIBA.COM.AR

Información de red:
	Dirección de cliente:		::ffff:172.19.9.63
	Puerto de cliente:		50024

Información adicional:
	Opciones de vale:		0x40810010
	Código de error:		0x12
	Tipo de autenticación previa:	0

Información de certificado:
	Nombre de emisor de certificado:		
	Número de serie de certificado: 	
	Huella digital de certificado:		

La información de certificado solo se proporciona si se usó un certificado para la autenticación previa.

Los tipos de autenticación previa, las opciones de vale y los códigos de error se definen en RFC 4120.

Si el vale estaba mal formado o resultó dañado durante el tránsito y no se pudo descifrar, es posible que muchos campos de este evento no estén presentes.

Event[622]:
  Log Name: Security
  Source: Microsoft-Windows-Security-Auditing
  Date: 2024-08-08T07:09:27.029
  Event ID: 4771
  Task: Kerberos Authentication Service
  Level: Información
  Opcode: Información
  Keyword: Error de auditoría
  User: N/A
  User Name: N/A
  Computer: CLIBAAD01.cliba.com.ar
  Description: 
Error de autenticación previa de Kerberos.

Información de cuenta:
	Id. de seguridad:		S-1-5-21-1171290785-409082668-1575050150-43467
	Nombre de cuenta:		scosta

Información de servicio:
	Nombre de servicio:		krbtgt/CLIBA.COM.AR

Información de red:
	Dirección de cliente:		::ffff:172.19.9.63
	Puerto de cliente:		50023

Información adicional:
	Opciones de vale:		0x40810010
	Código de error:		0x12
	Tipo de autenticación previa:	0

Información de certificado:
	Nombre de emisor de certificado:		
	Número de serie de certificado: 	
	Huella digital de certificado:		

La información de certificado solo se proporciona si se usó un certificado para la autenticación previa.

Los tipos de autenticación previa, las opciones de vale y los códigos de error se definen en RFC 4120.

Si el vale estaba mal formado o resultó dañado durante el tránsito y no se pudo descifrar, es posible que muchos campos de este evento no estén presentes.

Event[623]:
  Log Name: Security
  Source: Microsoft-Windows-Security-Auditing
  Date: 2024-08-08T07:09:26.984
  Event ID: 4771
  Task: Kerberos Authentication Service
  Level: Información
  Opcode: Información
  Keyword: Error de auditoría
  User: N/A
  User Name: N/A
  Computer: CLIBAAD01.cliba.com.ar
  Description: 
Error de autenticación previa de Kerberos.

Información de cuenta:
	Id. de seguridad:		S-1-5-21-1171290785-409082668-1575050150-43467
	Nombre de cuenta:		scosta

Información de servicio:
	Nombre de servicio:		krbtgt/CLIBA.COM.AR

Información de red:
	Dirección de cliente:		::ffff:172.19.9.63
	Puerto de cliente:		50022

Información adicional:
	Opciones de vale:		0x40810010
	Código de error:		0x12
	Tipo de autenticación previa:	0

Información de certificado:
	Nombre de emisor de certificado:		
	Número de serie de certificado: 	
	Huella digital de certificado:		

La información de certificado solo se proporciona si se usó un certificado para la autenticación previa.

Los tipos de autenticación previa, las opciones de vale y los códigos de error se definen en RFC 4120.

Si el vale estaba mal formado o resultó dañado durante el tránsito y no se pudo descifrar, es posible que muchos campos de este evento no estén presentes.

Event[624]:
  Log Name: Security
  Source: Microsoft-Windows-Security-Auditing
  Date: 2024-08-08T07:09:26.948
  Event ID: 4771
  Task: Kerberos Authentication Service
  Level: Información
  Opcode: Información
  Keyword: Error de auditoría
  User: N/A
  User Name: N/A
  Computer: CLIBAAD01.cliba.com.ar
  Description: 
Error de autenticación previa de Kerberos.

Información de cuenta:
	Id. de seguridad:		S-1-5-21-1171290785-409082668-1575050150-43467
	Nombre de cuenta:		scosta

Información de servicio:
	Nombre de servicio:		krbtgt/CLIBA.COM.AR

Información de red:
	Dirección de cliente:		::ffff:172.19.9.63
	Puerto de cliente:		50020

Información adicional:
	Opciones de vale:		0x40810010
	Código de error:		0x12
	Tipo de autenticación previa:	0

Información de certificado:
	Nombre de emisor de certificado:		
	Número de serie de certificado: 	
	Huella digital de certificado:		

La información de certificado solo se proporciona si se usó un certificado para la autenticación previa.

Los tipos de autenticación previa, las opciones de vale y los códigos de error se definen en RFC 4120.

Si el vale estaba mal formado o resultó dañado durante el tránsito y no se pudo descifrar, es posible que muchos campos de este evento no estén presentes.

Event[625]:
  Log Name: Security
  Source: Microsoft-Windows-Security-Auditing
  Date: 2024-08-08T07:09:25.056
  Event ID: 4771
  Task: Kerberos Authentication Service
  Level: Información
  Opcode: Información
  Keyword: Error de auditoría
  User: N/A
  User Name: N/A
  Computer: CLIBAAD01.cliba.com.ar
  Description: 
Error de autenticación previa de Kerberos.

Información de cuenta:
	Id. de seguridad:		S-1-5-21-1171290785-409082668-1575050150-43467
	Nombre de cuenta:		scosta

Información de servicio:
	Nombre de servicio:		krbtgt/CLIBA.COM.AR

Información de red:
	Dirección de cliente:		::ffff:172.19.9.63
	Puerto de cliente:		50017

Información adicional:
	Opciones de vale:		0x40810010
	Código de error:		0x12
	Tipo de autenticación previa:	0

Información de certificado:
	Nombre de emisor de certificado:		
	Número de serie de certificado: 	
	Huella digital de certificado:		

La información de certificado solo se proporciona si se usó un certificado para la autenticación previa.

Los tipos de autenticación previa, las opciones de vale y los códigos de error se definen en RFC 4120.

Si el vale estaba mal formado o resultó dañado durante el tránsito y no se pudo descifrar, es posible que muchos campos de este evento no estén presentes.

Event[626]:
  Log Name: Security
  Source: Microsoft-Windows-Security-Auditing
  Date: 2024-08-08T07:09:25.020
  Event ID: 4771
  Task: Kerberos Authentication Service
  Level: Información
  Opcode: Información
  Keyword: Error de auditoría
  User: N/A
  User Name: N/A
  Computer: CLIBAAD01.cliba.com.ar
  Description: 
Error de autenticación previa de Kerberos.

Información de cuenta:
	Id. de seguridad:		S-1-5-21-1171290785-409082668-1575050150-43467
	Nombre de cuenta:		scosta

Información de servicio:
	Nombre de servicio:		krbtgt/CLIBA.COM.AR

Información de red:
	Dirección de cliente:		::ffff:172.19.9.63
	Puerto de cliente:		50016

Información adicional:
	Opciones de vale:		0x40810010
	Código de error:		0x12
	Tipo de autenticación previa:	0

Información de certificado:
	Nombre de emisor de certificado:		
	Número de serie de certificado: 	
	Huella digital de certificado:		

La información de certificado solo se proporciona si se usó un certificado para la autenticación previa.

Los tipos de autenticación previa, las opciones de vale y los códigos de error se definen en RFC 4120.

Si el vale estaba mal formado o resultó dañado durante el tránsito y no se pudo descifrar, es posible que muchos campos de este evento no estén presentes.

Event[627]:
