  Log Name: Security
  Source: Microsoft-Windows-Security-Auditing
  Date: 2024-07-13T11:08:46.336
  Event ID: 4625
  Task: Logon
  Level: Información
  Opcode: Información
  Keyword: Error de auditoría
  User: N/A
  User Name: N/A
  Computer: ClibaTS100.cliba.com.ar
  Description: 
Error de una cuenta al iniciar sesión.

Sujeto:
	Id. de seguridad:		S-1-0-0
	Nombre de cuenta:		-
	Dominio de cuenta:		-
	Id. de inicio de sesión:		0x0

Tipo de inicio de sesión:			3

Cuenta con error de inicio de sesión: 
	Id. de seguridad:		S-1-0-0
	Nombre de cuenta:		grey_admin
	Dominio de cuenta:		cliba

Información de error:
	Motivo del error:		La contraseña de la cuenta especificada expiró.
	Estado:			0xC000006E
	Subestado:		0xC0000071

Información de proceso:
	Id. de proceso del autor de la llamada:	0x0
	Nombre de proceso del autor de la llamada:	-

Información de red:
	Nombre de estación de trabajo:	NBA1699
	Dirección de red de origen:	172.16.80.23
	Puerto de origen:		49839

Información de autenticación detallada:
	Proceso de inicio de sesión:		NtLmSsp 
	Paquete de autenticación:	NTLM
	Servicios transitados:	-
	Nombre de paquete (solo NTLM):	-
	Longitud de clave:	0

Este evento se genera cuando se produce un error en una solicitud de inicio de sesión. Lo genera el equipo al que se intentó tener acceso.

Los campos de sujeto indican la cuenta del sistema local que solicitó el inicio de sesión. Suele ser un servicio como el servicio de servidor o un proceso local como Winlogon.exe o Services.exe.

El campo Tipo de inicio de sesión indica la clase de inicio de sesión que se solicitó. Los tipos más comunes son 2 (interactivo) y 3 (red).

Los campos Información de proceso indican la cuenta y el proceso en el sistema que solicitó el inicio de sesión.

Los campos Información de red indican dónde se originó una solicitud de inicio de sesión remota. Nombre de estación de trabajo no está siempre disponible y se puede dejar en blanco en algunos casos.

Los campos de información de autenticación proporcionan información detallada sobre esta solicitud de inicio de sesión específica.
	- Servicios transitados indica los servicios intermedios que participaron en esta solicitud de inicio de sesión.
	- Nombre de paquete indica el subprotocolo que se usó entre los protocolos NTLM.
	- Longitud de clave indica la longitud de la clave de sesión generada. Será 0 si no se solicitó una clave de sesión.

Event[61]:
  Log Name: Security
  Source: Microsoft-Windows-Security-Auditing
  Date: 2024-07-13T11:08:46.170
  Event ID: 4625
  Task: Logon
  Level: Información
  Opcode: Información
  Keyword: Error de auditoría
  User: N/A
  User Name: N/A
  Computer: ClibaTS100.cliba.com.ar
  Description: 
Error de una cuenta al iniciar sesión.

Sujeto:
	Id. de seguridad:		S-1-0-0
	Nombre de cuenta:		-
	Dominio de cuenta:		-
	Id. de inicio de sesión:		0x0

Tipo de inicio de sesión:			3

Cuenta con error de inicio de sesión: 
	Id. de seguridad:		S-1-0-0
	Nombre de cuenta:		grey_admin
	Dominio de cuenta:		cliba

Información de error:
	Motivo del error:		La contraseña de la cuenta especificada expiró.
	Estado:			0xC000006E
	Subestado:		0xC0000071

Información de proceso:
	Id. de proceso del autor de la llamada:	0x0
	Nombre de proceso del autor de la llamada:	-

Información de red:
	Nombre de estación de trabajo:	NBA1699
	Dirección de red de origen:	172.16.80.23
	Puerto de origen:		49836

Información de autenticación detallada:
	Proceso de inicio de sesión:		NtLmSsp 
	Paquete de autenticación:	NTLM
	Servicios transitados:	-
	Nombre de paquete (solo NTLM):	-
	Longitud de clave:	0

Este evento se genera cuando se produce un error en una solicitud de inicio de sesión. Lo genera el equipo al que se intentó tener acceso.

Los campos de sujeto indican la cuenta del sistema local que solicitó el inicio de sesión. Suele ser un servicio como el servicio de servidor o un proceso local como Winlogon.exe o Services.exe.

El campo Tipo de inicio de sesión indica la clase de inicio de sesión que se solicitó. Los tipos más comunes son 2 (interactivo) y 3 (red).

Los campos Información de proceso indican la cuenta y el proceso en el sistema que solicitó el inicio de sesión.

Los campos Información de red indican dónde se originó una solicitud de inicio de sesión remota. Nombre de estación de trabajo no está siempre disponible y se puede dejar en blanco en algunos casos.

Los campos de información de autenticación proporcionan información detallada sobre esta solicitud de inicio de sesión específica.
	- Servicios transitados indica los servicios intermedios que participaron en esta solicitud de inicio de sesión.
	- Nombre de paquete indica el subprotocolo que se usó entre los protocolos NTLM.
	- Longitud de clave indica la longitud de la clave de sesión generada. Será 0 si no se solicitó una clave de sesión.

Event[62]:
  Log Name: Security
  Source: Microsoft-Windows-Security-Auditing
  Date: 2024-07-13T11:08:45.967
  Event ID: 4625
  Task: Logon
  Level: Información
  Opcode: Información
  Keyword: Error de auditoría
  User: N/A
  User Name: N/A
  Computer: ClibaTS100.cliba.com.ar
  Description: 
Error de una cuenta al iniciar sesión.

Sujeto:
	Id. de seguridad:		S-1-0-0
	Nombre de cuenta:		-
	Dominio de cuenta:		-
	Id. de inicio de sesión:		0x0

Tipo de inicio de sesión:			3

Cuenta con error de inicio de sesión: 
	Id. de seguridad:		S-1-0-0
	Nombre de cuenta:		grey_admin
	Dominio de cuenta:		cliba

Información de error:
	Motivo del error:		La contraseña de la cuenta especificada expiró.
	Estado:			0xC000006E
	Subestado:		0xC0000071

Información de proceso:
	Id. de proceso del autor de la llamada:	0x0
	Nombre de proceso del autor de la llamada:	-

Información de red:
	Nombre de estación de trabajo:	NBA1699
	Dirección de red de origen:	172.16.80.23
	Puerto de origen:		49833

Información de autenticación detallada:
	Proceso de inicio de sesión:		NtLmSsp 
	Paquete de autenticación:	NTLM
	Servicios transitados:	-
	Nombre de paquete (solo NTLM):	-
	Longitud de clave:	0

Este evento se genera cuando se produce un error en una solicitud de inicio de sesión. Lo genera el equipo al que se intentó tener acceso.

Los campos de sujeto indican la cuenta del sistema local que solicitó el inicio de sesión. Suele ser un servicio como el servicio de servidor o un proceso local como Winlogon.exe o Services.exe.

El campo Tipo de inicio de sesión indica la clase de inicio de sesión que se solicitó. Los tipos más comunes son 2 (interactivo) y 3 (red).

Los campos Información de proceso indican la cuenta y el proceso en el sistema que solicitó el inicio de sesión.

Los campos Información de red indican dónde se originó una solicitud de inicio de sesión remota. Nombre de estación de trabajo no está siempre disponible y se puede dejar en blanco en algunos casos.

Los campos de información de autenticación proporcionan información detallada sobre esta solicitud de inicio de sesión específica.
	- Servicios transitados indica los servicios intermedios que participaron en esta solicitud de inicio de sesión.
	- Nombre de paquete indica el subprotocolo que se usó entre los protocolos NTLM.
	- Longitud de clave indica la longitud de la clave de sesión generada. Será 0 si no se solicitó una clave de sesión.

Event[63]:
  Log Name: Security
  Source: Microsoft-Windows-Security-Auditing
  Date: 2024-07-13T01:11:13.628
  Event ID: 4625
  Task: Logon
  Level: Información
  Opcode: Información
  Keyword: Error de auditoría
  User: N/A
  User Name: N/A
  Computer: ClibaTS100.cliba.com.ar
  Description: 
Error de una cuenta al iniciar sesión.

Sujeto:
	Id. de seguridad:		S-1-5-20
	Nombre de cuenta:		CLIBATS100$
	Dominio de cuenta:		CLIBA
	Id. de inicio de sesión:		0x3E4

Tipo de inicio de sesión:			5

Cuenta con error de inicio de sesión: 
	Id. de seguridad:		S-1-0-0
	Nombre de cuenta:		-
	Dominio de cuenta:		-

Información de error:
	Motivo del error:		Error durante el inicio de sesión.
	Estado:			0xC0000022
	Subestado:		0xC0000022

Información de proceso:
	Id. de proceso del autor de la llamada:	0x59c
	Nombre de proceso del autor de la llamada:	C:\Windows\System32\svchost.exe

Información de red:
	Nombre de estación de trabajo:	-
	Dirección de red de origen:	-
	Puerto de origen:		-

Información de autenticación detallada:
	Proceso de inicio de sesión:		Advapi  
	Paquete de autenticación:	Negotiate
	Servicios transitados:	-
	Nombre de paquete (solo NTLM):	-
	Longitud de clave:	0

Este evento se genera cuando se produce un error en una solicitud de inicio de sesión. Lo genera el equipo al que se intentó tener acceso.

Los campos de sujeto indican la cuenta del sistema local que solicitó el inicio de sesión. Suele ser un servicio como el servicio de servidor o un proceso local como Winlogon.exe o Services.exe.

El campo Tipo de inicio de sesión indica la clase de inicio de sesión que se solicitó. Los tipos más comunes son 2 (interactivo) y 3 (red).

Los campos Información de proceso indican la cuenta y el proceso en el sistema que solicitó el inicio de sesión.

Los campos Información de red indican dónde se originó una solicitud de inicio de sesión remota. Nombre de estación de trabajo no está siempre disponible y se puede dejar en blanco en algunos casos.

Los campos de información de autenticación proporcionan información detallada sobre esta solicitud de inicio de sesión específica.
	- Servicios transitados indica los servicios intermedios que participaron en esta solicitud de inicio de sesión.
	- Nombre de paquete indica el subprotocolo que se usó entre los protocolos NTLM.
	- Longitud de clave indica la longitud de la clave de sesión generada. Será 0 si no se solicitó una clave de sesión.

Event[64]:
  Log Name: Security
  Source: Microsoft-Windows-Security-Auditing
  Date: 2024-07-13T01:11:13.627
  Event ID: 4625
  Task: Logon
  Level: Información
  Opcode: Información
  Keyword: Error de auditoría
  User: N/A
  User Name: N/A
  Computer: ClibaTS100.cliba.com.ar
  Description: 
Error de una cuenta al iniciar sesión.

Sujeto:
	Id. de seguridad:		S-1-5-20
	Nombre de cuenta:		CLIBATS100$
	Dominio de cuenta:		CLIBA
	Id. de inicio de sesión:		0x3E4

Tipo de inicio de sesión:			5

Cuenta con error de inicio de sesión: 
	Id. de seguridad:		S-1-0-0
	Nombre de cuenta:		-
	Dominio de cuenta:		-

Información de error:
	Motivo del error:		Error durante el inicio de sesión.
	Estado:			0xC0000022
	Subestado:		0xC0000022

Información de proceso:
	Id. de proceso del autor de la llamada:	0x59c
	Nombre de proceso del autor de la llamada:	C:\Windows\System32\svchost.exe

Información de red:
	Nombre de estación de trabajo:	-
	Dirección de red de origen:	-
	Puerto de origen:		-

Información de autenticación detallada:
	Proceso de inicio de sesión:		Advapi  
	Paquete de autenticación:	Negotiate
	Servicios transitados:	-
	Nombre de paquete (solo NTLM):	-
	Longitud de clave:	0

Este evento se genera cuando se produce un error en una solicitud de inicio de sesión. Lo genera el equipo al que se intentó tener acceso.

Los campos de sujeto indican la cuenta del sistema local que solicitó el inicio de sesión. Suele ser un servicio como el servicio de servidor o un proceso local como Winlogon.exe o Services.exe.

El campo Tipo de inicio de sesión indica la clase de inicio de sesión que se solicitó. Los tipos más comunes son 2 (interactivo) y 3 (red).

Los campos Información de proceso indican la cuenta y el proceso en el sistema que solicitó el inicio de sesión.

Los campos Información de red indican dónde se originó una solicitud de inicio de sesión remota. Nombre de estación de trabajo no está siempre disponible y se puede dejar en blanco en algunos casos.

Los campos de información de autenticación proporcionan información detallada sobre esta solicitud de inicio de sesión específica.
	- Servicios transitados indica los servicios intermedios que participaron en esta solicitud de inicio de sesión.
	- Nombre de paquete indica el subprotocolo que se usó entre los protocolos NTLM.
	- Longitud de clave indica la longitud de la clave de sesión generada. Será 0 si no se solicitó una clave de sesión.

Event[65]:
  Log Name: Security
  Source: Microsoft-Windows-Security-Auditing
  Date: 2024-07-12T19:21:06.268
  Event ID: 4625
  Task: Logon
  Level: Información
  Opcode: Información
  Keyword: Error de auditoría
  User: N/A
  User Name: N/A
  Computer: ClibaTS100.cliba.com.ar
  Description: 
Error de una cuenta al iniciar sesión.

Sujeto:
	Id. de seguridad:		S-1-0-0
	Nombre de cuenta:		-
	Dominio de cuenta:		-
	Id. de inicio de sesión:		0x0

Tipo de inicio de sesión:			3

Cuenta con error de inicio de sesión: 
	Id. de seguridad:		S-1-0-0
	Nombre de cuenta:		grey_admin
	Dominio de cuenta:		cliba

Información de error:
	Motivo del error:		La contraseña de la cuenta especificada expiró.
	Estado:			0xC000006E
	Subestado:		0xC0000071

Información de proceso:
	Id. de proceso del autor de la llamada:	0x0
	Nombre de proceso del autor de la llamada:	-

Información de red:
	Nombre de estación de trabajo:	NBA1699
	Dirección de red de origen:	172.16.80.88
	Puerto de origen:		62118

Información de autenticación detallada:
	Proceso de inicio de sesión:		NtLmSsp 
	Paquete de autenticación:	NTLM
	Servicios transitados:	-
	Nombre de paquete (solo NTLM):	-
	Longitud de clave:	0

Este evento se genera cuando se produce un error en una solicitud de inicio de sesión. Lo genera el equipo al que se intentó tener acceso.

Los campos de sujeto indican la cuenta del sistema local que solicitó el inicio de sesión. Suele ser un servicio como el servicio de servidor o un proceso local como Winlogon.exe o Services.exe.

El campo Tipo de inicio de sesión indica la clase de inicio de sesión que se solicitó. Los tipos más comunes son 2 (interactivo) y 3 (red).

Los campos Información de proceso indican la cuenta y el proceso en el sistema que solicitó el inicio de sesión.

Los campos Información de red indican dónde se originó una solicitud de inicio de sesión remota. Nombre de estación de trabajo no está siempre disponible y se puede dejar en blanco en algunos casos.

Los campos de información de autenticación proporcionan información detallada sobre esta solicitud de inicio de sesión específica.
	- Servicios transitados indica los servicios intermedios que participaron en esta solicitud de inicio de sesión.
	- Nombre de paquete indica el subprotocolo que se usó entre los protocolos NTLM.
	- Longitud de clave indica la longitud de la clave de sesión generada. Será 0 si no se solicitó una clave de sesión.

Event[66]:
  Log Name: Security
  Source: Microsoft-Windows-Security-Auditing
  Date: 2024-07-12T19:21:06.117
  Event ID: 4625
  Task: Logon
  Level: Información
  Opcode: Información
  Keyword: Error de auditoría
  User: N/A
  User Name: N/A
  Computer: ClibaTS100.cliba.com.ar
  Description: 
Error de una cuenta al iniciar sesión.

Sujeto:
	Id. de seguridad:		S-1-0-0
	Nombre de cuenta:		-
	Dominio de cuenta:		-
	Id. de inicio de sesión:		0x0

Tipo de inicio de sesión:			3

Cuenta con error de inicio de sesión: 
	Id. de seguridad:		S-1-0-0
	Nombre de cuenta:		grey_admin
	Dominio de cuenta:		cliba

Información de error:
	Motivo del error:		La contraseña de la cuenta especificada expiró.
	Estado:			0xC000006E
	Subestado:		0xC0000071

Información de proceso:
	Id. de proceso del autor de la llamada:	0x0
	Nombre de proceso del autor de la llamada:	-

Información de red:
	Nombre de estación de trabajo:	NBA1699
	Dirección de red de origen:	172.16.80.88
	Puerto de origen:		62115

Información de autenticación detallada:
	Proceso de inicio de sesión:		NtLmSsp 
	Paquete de autenticación:	NTLM
	Servicios transitados:	-
	Nombre de paquete (solo NTLM):	-
	Longitud de clave:	0

Este evento se genera cuando se produce un error en una solicitud de inicio de sesión. Lo genera el equipo al que se intentó tener acceso.

Los campos de sujeto indican la cuenta del sistema local que solicitó el inicio de sesión. Suele ser un servicio como el servicio de servidor o un proceso local como Winlogon.exe o Services.exe.

El campo Tipo de inicio de sesión indica la clase de inicio de sesión que se solicitó. Los tipos más comunes son 2 (interactivo) y 3 (red).

Los campos Información de proceso indican la cuenta y el proceso en el sistema que solicitó el inicio de sesión.

Los campos Información de red indican dónde se originó una solicitud de inicio de sesión remota. Nombre de estación de trabajo no está siempre disponible y se puede dejar en blanco en algunos casos.

Los campos de información de autenticación proporcionan información detallada sobre esta solicitud de inicio de sesión específica.
	- Servicios transitados indica los servicios intermedios que participaron en esta solicitud de inicio de sesión.
	- Nombre de paquete indica el subprotocolo que se usó entre los protocolos NTLM.
	- Longitud de clave indica la longitud de la clave de sesión generada. Será 0 si no se solicitó una clave de sesión.

Event[67]:
  Log Name: Security
  Source: Microsoft-Windows-Security-Auditing
  Date: 2024-07-12T19:21:05.963
  Event ID: 4625
  Task: Logon
  Level: Información
  Opcode: Información
  Keyword: Error de auditoría
  User: N/A
  User Name: N/A
  Computer: ClibaTS100.cliba.com.ar
  Description: 
Error de una cuenta al iniciar sesión.

Sujeto:
	Id. de seguridad:		S-1-0-0
	Nombre de cuenta:		-
	Dominio de cuenta:		-
	Id. de inicio de sesión:		0x0

Tipo de inicio de sesión:			3

Cuenta con error de inicio de sesión: 
	Id. de seguridad:		S-1-0-0
	Nombre de cuenta:		grey_admin
	Dominio de cuenta:		cliba

Información de error:
	Motivo del error:		La contraseña de la cuenta especificada expiró.
	Estado:			0xC000006E
	Subestado:		0xC0000071

Información de proceso:
	Id. de proceso del autor de la llamada:	0x0
	Nombre de proceso del autor de la llamada:	-

Información de red:
	Nombre de estación de trabajo:	NBA1699
	Dirección de red de origen:	172.16.80.88
	Puerto de origen:		62112

Información de autenticación detallada:
	Proceso de inicio de sesión:		NtLmSsp 
	Paquete de autenticación:	NTLM
	Servicios transitados:	-
	Nombre de paquete (solo NTLM):	-
	Longitud de clave:	0

Este evento se genera cuando se produce un error en una solicitud de inicio de sesión. Lo genera el equipo al que se intentó tener acceso.

Los campos de sujeto indican la cuenta del sistema local que solicitó el inicio de sesión. Suele ser un servicio como el servicio de servidor o un proceso local como Winlogon.exe o Services.exe.

El campo Tipo de inicio de sesión indica la clase de inicio de sesión que se solicitó. Los tipos más comunes son 2 (interactivo) y 3 (red).

Los campos Información de proceso indican la cuenta y el proceso en el sistema que solicitó el inicio de sesión.

Los campos Información de red indican dónde se originó una solicitud de inicio de sesión remota. Nombre de estación de trabajo no está siempre disponible y se puede dejar en blanco en algunos casos.

Los campos de información de autenticación proporcionan información detallada sobre esta solicitud de inicio de sesión específica.
	- Servicios transitados indica los servicios intermedios que participaron en esta solicitud de inicio de sesión.
	- Nombre de paquete indica el subprotocolo que se usó entre los protocolos NTLM.
	- Longitud de clave indica la longitud de la clave de sesión generada. Será 0 si no se solicitó una clave de sesión.

Event[68]:
  Log Name: Security
  Source: Microsoft-Windows-Security-Auditing
  Date: 2024-07-12T19:21:05.801
  Event ID: 4625
  Task: Logon
  Level: Información
  Opcode: Información
  Keyword: Error de auditoría
  User: N/A
  User Name: N/A
  Computer: ClibaTS100.cliba.com.ar
  Description: 
Error de una cuenta al iniciar sesión.

Sujeto:
	Id. de seguridad:		S-1-0-0
	Nombre de cuenta:		-
	Dominio de cuenta:		-
	Id. de inicio de sesión:		0x0

Tipo de inicio de sesión:			3

Cuenta con error de inicio de sesión: 
	Id. de seguridad:		S-1-0-0
	Nombre de cuenta:		grey_admin
	Dominio de cuenta:		cliba

Información de error:
	Motivo del error:		La contraseña de la cuenta especificada expiró.
	Estado:			0xC000006E
	Subestado:		0xC0000071

Información de proceso:
	Id. de proceso del autor de la llamada:	0x0
	Nombre de proceso del autor de la llamada:	-

Información de red:
	Nombre de estación de trabajo:	NBA1699
	Dirección de red de origen:	172.16.80.88
	Puerto de origen:		62109

Información de autenticación detallada:
	Proceso de inicio de sesión:		NtLmSsp 
	Paquete de autenticación:	NTLM
	Servicios transitados:	-
	Nombre de paquete (solo NTLM):	-
	Longitud de clave:	0

Este evento se genera cuando se produce un error en una solicitud de inicio de sesión. Lo genera el equipo al que se intentó tener acceso.

Los campos de sujeto indican la cuenta del sistema local que solicitó el inicio de sesión. Suele ser un servicio como el servicio de servidor o un proceso local como Winlogon.exe o Services.exe.

El campo Tipo de inicio de sesión indica la clase de inicio de sesión que se solicitó. Los tipos más comunes son 2 (interactivo) y 3 (red).

Los campos Información de proceso indican la cuenta y el proceso en el sistema que solicitó el inicio de sesión.

Los campos Información de red indican dónde se originó una solicitud de inicio de sesión remota. Nombre de estación de trabajo no está siempre disponible y se puede dejar en blanco en algunos casos.

Los campos de información de autenticación proporcionan información detallada sobre esta solicitud de inicio de sesión específica.
	- Servicios transitados indica los servicios intermedios que participaron en esta solicitud de inicio de sesión.
	- Nombre de paquete indica el subprotocolo que se usó entre los protocolos NTLM.
	- Longitud de clave indica la longitud de la clave de sesión generada. Será 0 si no se solicitó una clave de sesión.

Event[69]:
  Log Name: Security
  Source: Microsoft-Windows-Security-Auditing
  Date: 2024-07-12T19:20:59.137
  Event ID: 4625
  Task: Logon
  Level: Información
  Opcode: Información
  Keyword: Error de auditoría
  User: N/A
  User Name: N/A
  Computer: ClibaTS100.cliba.com.ar
  Description: 
Error de una cuenta al iniciar sesión.

Sujeto:
	Id. de seguridad:		S-1-0-0
	Nombre de cuenta:		-
	Dominio de cuenta:		-
	Id. de inicio de sesión:		0x0

Tipo de inicio de sesión:			3

Cuenta con error de inicio de sesión: 
	Id. de seguridad:		S-1-0-0
	Nombre de cuenta:		grey_admin
	Dominio de cuenta:		cliba

Información de error:
	Motivo del error:		La contraseña de la cuenta especificada expiró.
	Estado:			0xC000006E
	Subestado:		0xC0000071

Información de proceso:
	Id. de proceso del autor de la llamada:	0x0
	Nombre de proceso del autor de la llamada:	-

Información de red:
	Nombre de estación de trabajo:	NBA1699
	Dirección de red de origen:	172.16.80.88
	Puerto de origen:		62069

Información de autenticación detallada:
	Proceso de inicio de sesión:		NtLmSsp 
	Paquete de autenticación:	NTLM
	Servicios transitados:	-
	Nombre de paquete (solo NTLM):	-
	Longitud de clave:	0

Este evento se genera cuando se produce un error en una solicitud de inicio de sesión. Lo genera el equipo al que se intentó tener acceso.

Los campos de sujeto indican la cuenta del sistema local que solicitó el inicio de sesión. Suele ser un servicio como el servicio de servidor o un proceso local como Winlogon.exe o Services.exe.

El campo Tipo de inicio de sesión indica la clase de inicio de sesión que se solicitó. Los tipos más comunes son 2 (interactivo) y 3 (red).

Los campos Información de proceso indican la cuenta y el proceso en el sistema que solicitó el inicio de sesión.

Los campos Información de red indican dónde se originó una solicitud de inicio de sesión remota. Nombre de estación de trabajo no está siempre disponible y se puede dejar en blanco en algunos casos.

Los campos de información de autenticación proporcionan información detallada sobre esta solicitud de inicio de sesión específica.
	- Servicios transitados indica los servicios intermedios que participaron en esta solicitud de inicio de sesión.
	- Nombre de paquete indica el subprotocolo que se usó entre los protocolos NTLM.
	- Longitud de clave indica la longitud de la clave de sesión generada. Será 0 si no se solicitó una clave de sesión.

Event[70]:
  Log Name: Security
  Source: Microsoft-Windows-Security-Auditing
  Date: 2024-07-12T19:20:58.918
  Event ID: 4625
  Task: Logon
  Level: Información
  Opcode: Información
  Keyword: Error de auditoría
  User: N/A
  User Name: N/A
  Computer: ClibaTS100.cliba.com.ar
  Description: 
Error de una cuenta al iniciar sesión.

Sujeto:
	Id. de seguridad:		S-1-0-0
	Nombre de cuenta:		-
	Dominio de cuenta:		-
	Id. de inicio de sesión:		0x0

Tipo de inicio de sesión:			3

Cuenta con error de inicio de sesión: 
	Id. de seguridad:		S-1-0-0
	Nombre de cuenta:		grey_admin
	Dominio de cuenta:		cliba

Información de error:
	Motivo del error:		La contraseña de la cuenta especificada expiró.
	Estado:			0xC000006E
	Subestado:		0xC0000071

Información de proceso:
	Id. de proceso del autor de la llamada:	0x0
	Nombre de proceso del autor de la llamada:	-

Información de red:
	Nombre de estación de trabajo:	NBA1699
	Dirección de red de origen:	172.16.80.88
	Puerto de origen:		62066

Información de autenticación detallada:
	Proceso de inicio de sesión:		NtLmSsp 
	Paquete de autenticación:	NTLM
	Servicios transitados:	-
	Nombre de paquete (solo NTLM):	-
	Longitud de clave:	0

Este evento se genera cuando se produce un error en una solicitud de inicio de sesión. Lo genera el equipo al que se intentó tener acceso.

Los campos de sujeto indican la cuenta del sistema local que solicitó el inicio de sesión. Suele ser un servicio como el servicio de servidor o un proceso local como Winlogon.exe o Services.exe.

El campo Tipo de inicio de sesión indica la clase de inicio de sesión que se solicitó. Los tipos más comunes son 2 (interactivo) y 3 (red).

Los campos Información de proceso indican la cuenta y el proceso en el sistema que solicitó el inicio de sesión.

Los campos Información de red indican dónde se originó una solicitud de inicio de sesión remota. Nombre de estación de trabajo no está siempre disponible y se puede dejar en blanco en algunos casos.

Los campos de información de autenticación proporcionan información detallada sobre esta solicitud de inicio de sesión específica.
	- Servicios transitados indica los servicios intermedios que participaron en esta solicitud de inicio de sesión.
	- Nombre de paquete indica el subprotocolo que se usó entre los protocolos NTLM.
	- Longitud de clave indica la longitud de la clave de sesión generada. Será 0 si no se solicitó una clave de sesión.

Event[71]:
  Log Name: Security
  Source: Microsoft-Windows-Security-Auditing
  Date: 2024-07-12T19:20:58.741
  Event ID: 4625
  Task: Logon
  Level: Información
  Opcode: Información
  Keyword: Error de auditoría
  User: N/A
  User Name: N/A
  Computer: ClibaTS100.cliba.com.ar
  Description: 
Error de una cuenta al iniciar sesión.

Sujeto:
	Id. de seguridad:		S-1-0-0
	Nombre de cuenta:		-
	Dominio de cuenta:		-
	Id. de inicio de sesión:		0x0

Tipo de inicio de sesión:			3

Cuenta con error de inicio de sesión: 
	Id. de seguridad:		S-1-0-0
	Nombre de cuenta:		grey_admin
	Dominio de cuenta:		cliba

Información de error:
	Motivo del error:		La contraseña de la cuenta especificada expiró.
	Estado:			0xC000006E
	Subestado:		0xC0000071

Información de proceso:
	Id. de proceso del autor de la llamada:	0x0
	Nombre de proceso del autor de la llamada:	-

Información de red:
	Nombre de estación de trabajo:	NBA1699
	Dirección de red de origen:	172.16.80.88
	Puerto de origen:		62063

Información de autenticación detallada:
	Proceso de inicio de sesión:		NtLmSsp 
	Paquete de autenticación:	NTLM
	Servicios transitados:	-
	Nombre de paquete (solo NTLM):	-
	Longitud de clave:	0

Este evento se genera cuando se produce un error en una solicitud de inicio de sesión. Lo genera el equipo al que se intentó tener acceso.

Los campos de sujeto indican la cuenta del sistema local que solicitó el inicio de sesión. Suele ser un servicio como el servicio de servidor o un proceso local como Winlogon.exe o Services.exe.

El campo Tipo de inicio de sesión indica la clase de inicio de sesión que se solicitó. Los tipos más comunes son 2 (interactivo) y 3 (red).

Los campos Información de proceso indican la cuenta y el proceso en el sistema que solicitó el inicio de sesión.

Los campos Información de red indican dónde se originó una solicitud de inicio de sesión remota. Nombre de estación de trabajo no está siempre disponible y se puede dejar en blanco en algunos casos.

Los campos de información de autenticación proporcionan información detallada sobre esta solicitud de inicio de sesión específica.
	- Servicios transitados indica los servicios intermedios que participaron en esta solicitud de inicio de sesión.
	- Nombre de paquete indica el subprotocolo que se usó entre los protocolos NTLM.
	- Longitud de clave indica la longitud de la clave de sesión generada. Será 0 si no se solicitó una clave de sesión.

Event[72]:
  Log Name: Security
  Source: Microsoft-Windows-Security-Auditing
  Date: 2024-07-12T19:20:58.573
  Event ID: 4625
  Task: Logon
  Level: Información
  Opcode: Información
  Keyword: Error de auditoría
  User: N/A
  User Name: N/A
  Computer: ClibaTS100.cliba.com.ar
  Description: 
Error de una cuenta al iniciar sesión.

Sujeto:
	Id. de seguridad:		S-1-0-0
	Nombre de cuenta:		-
	Dominio de cuenta:		-
	Id. de inicio de sesión:		0x0

Tipo de inicio de sesión:			3

Cuenta con error de inicio de sesión: 
	Id. de seguridad:		S-1-0-0
	Nombre de cuenta:		grey_admin
	Dominio de cuenta:		cliba

Información de error:
	Motivo del error:		La contraseña de la cuenta especificada expiró.
	Estado:			0xC000006E
	Subestado:		0xC0000071

Información de proceso:
	Id. de proceso del autor de la llamada:	0x0
	Nombre de proceso del autor de la llamada:	-

Información de red:
	Nombre de estación de trabajo:	NBA1699
	Dirección de red de origen:	172.16.80.88
	Puerto de origen:		62060

Información de autenticación detallada:
	Proceso de inicio de sesión:		NtLmSsp 
	Paquete de autenticación:	NTLM
	Servicios transitados:	-
	Nombre de paquete (solo NTLM):	-
	Longitud de clave:	0

Este evento se genera cuando se produce un error en una solicitud de inicio de sesión. Lo genera el equipo al que se intentó tener acceso.

Los campos de sujeto indican la cuenta del sistema local que solicitó el inicio de sesión. Suele ser un servicio como el servicio de servidor o un proceso local como Winlogon.exe o Services.exe.

El campo Tipo de inicio de sesión indica la clase de inicio de sesión que se solicitó. Los tipos más comunes son 2 (interactivo) y 3 (red).

Los campos Información de proceso indican la cuenta y el proceso en el sistema que solicitó el inicio de sesión.

Los campos Información de red indican dónde se originó una solicitud de inicio de sesión remota. Nombre de estación de trabajo no está siempre disponible y se puede dejar en blanco en algunos casos.

Los campos de información de autenticación proporcionan información detallada sobre esta solicitud de inicio de sesión específica.
	- Servicios transitados indica los servicios intermedios que participaron en esta solicitud de inicio de sesión.
	- Nombre de paquete indica el subprotocolo que se usó entre los protocolos NTLM.
	- Longitud de clave indica la longitud de la clave de sesión generada. Será 0 si no se solicitó una clave de sesión.

Event[73]:
  Log Name: Security
  Source: Microsoft-Windows-Security-Auditing
  Date: 2024-07-12T19:20:56.470
  Event ID: 4625
  Task: Logon
  Level: Información
  Opcode: Información
  Keyword: Error de auditoría
  User: N/A
  User Name: N/A
  Computer: ClibaTS100.cliba.com.ar
  Description: 
Error de una cuenta al iniciar sesión.

Sujeto:
	Id. de seguridad:		S-1-0-0
	Nombre de cuenta:		-
	Dominio de cuenta:		-
	Id. de inicio de sesión:		0x0

Tipo de inicio de sesión:			3

Cuenta con error de inicio de sesión: 
	Id. de seguridad:		S-1-0-0
	Nombre de cuenta:		grey_admin
	Dominio de cuenta:		cliba

Información de error:
	Motivo del error:		La contraseña de la cuenta especificada expiró.
	Estado:			0xC000006E
	Subestado:		0xC0000071

Información de proceso:
	Id. de proceso del autor de la llamada:	0x0
	Nombre de proceso del autor de la llamada:	-

Información de red:
	Nombre de estación de trabajo:	NBA1699
	Dirección de red de origen:	172.16.80.88
	Puerto de origen:		62021

Información de autenticación detallada:
	Proceso de inicio de sesión:		NtLmSsp 
	Paquete de autenticación:	NTLM
	Servicios transitados:	-
	Nombre de paquete (solo NTLM):	-
	Longitud de clave:	0

Este evento se genera cuando se produce un error en una solicitud de inicio de sesión. Lo genera el equipo al que se intentó tener acceso.

Los campos de sujeto indican la cuenta del sistema local que solicitó el inicio de sesión. Suele ser un servicio como el servicio de servidor o un proceso local como Winlogon.exe o Services.exe.

El campo Tipo de inicio de sesión indica la clase de inicio de sesión que se solicitó. Los tipos más comunes son 2 (interactivo) y 3 (red).

Los campos Información de proceso indican la cuenta y el proceso en el sistema que solicitó el inicio de sesión.

Los campos Información de red indican dónde se originó una solicitud de inicio de sesión remota. Nombre de estación de trabajo no está siempre disponible y se puede dejar en blanco en algunos casos.

Los campos de información de autenticación proporcionan información detallada sobre esta solicitud de inicio de sesión específica.
	- Servicios transitados indica los servicios intermedios que participaron en esta solicitud de inicio de sesión.
	- Nombre de paquete indica el subprotocolo que se usó entre los protocolos NTLM.
	- Longitud de clave indica la longitud de la clave de sesión generada. Será 0 si no se solicitó una clave de sesión.

Event[74]:
  Log Name: Security
  Source: Microsoft-Windows-Security-Auditing
  Date: 2024-07-12T19:20:56.288
  Event ID: 4625
  Task: Logon
  Level: Información
  Opcode: Información
  Keyword: Error de auditoría
  User: N/A
  User Name: N/A
  Computer: ClibaTS100.cliba.com.ar
  Description: 
Error de una cuenta al iniciar sesión.

Sujeto:
	Id. de seguridad:		S-1-0-0
	Nombre de cuenta:		-
	Dominio de cuenta:		-
	Id. de inicio de sesión:		0x0

Tipo de inicio de sesión:			3

Cuenta con error de inicio de sesión: 
	Id. de seguridad:		S-1-0-0
	Nombre de cuenta:		grey_admin
	Dominio de cuenta:		cliba

Información de error:
	Motivo del error:		La contraseña de la cuenta especificada expiró.
	Estado:			0xC000006E
	Subestado:		0xC0000071

Información de proceso:
	Id. de proceso del autor de la llamada:	0x0
	Nombre de proceso del autor de la llamada:	-

Información de red:
	Nombre de estación de trabajo:	NBA1699
	Dirección de red de origen:	172.16.80.88
	Puerto de origen:		62017

Información de autenticación detallada:
	Proceso de inicio de sesión:		NtLmSsp 
	Paquete de autenticación:	NTLM
	Servicios transitados:	-
	Nombre de paquete (solo NTLM):	-
	Longitud de clave:	0

Este evento se genera cuando se produce un error en una solicitud de inicio de sesión. Lo genera el equipo al que se intentó tener acceso.

Los campos de sujeto indican la cuenta del sistema local que solicitó el inicio de sesión. Suele ser un servicio como el servicio de servidor o un proceso local como Winlogon.exe o Services.exe.

El campo Tipo de inicio de sesión indica la clase de inicio de sesión que se solicitó. Los tipos más comunes son 2 (interactivo) y 3 (red).

Los campos Información de proceso indican la cuenta y el proceso en el sistema que solicitó el inicio de sesión.

Los campos Información de red indican dónde se originó una solicitud de inicio de sesión remota. Nombre de estación de trabajo no está siempre disponible y se puede dejar en blanco en algunos casos.

Los campos de información de autenticación proporcionan información detallada sobre esta solicitud de inicio de sesión específica.
	- Servicios transitados indica los servicios intermedios que participaron en esta solicitud de inicio de sesión.
	- Nombre de paquete indica el subprotocolo que se usó entre los protocolos NTLM.
	- Longitud de clave indica la longitud de la clave de sesión generada. Será 0 si no se solicitó una clave de sesión.

Event[75]:
  Log Name: Security
  Source: Microsoft-Windows-Security-Auditing
  Date: 2024-07-12T19:20:56.122
  Event ID: 4625
  Task: Logon
  Level: Información
  Opcode: Información
  Keyword: Error de auditoría
  User: N/A
  User Name: N/A
  Computer: ClibaTS100.cliba.com.ar
  Description: 
Error de una cuenta al iniciar sesión.

Sujeto:
	Id. de seguridad:		S-1-0-0
	Nombre de cuenta:		-
	Dominio de cuenta:		-
	Id. de inicio de sesión:		0x0

Tipo de inicio de sesión:			3

Cuenta con error de inicio de sesión: 
	Id. de seguridad:		S-1-0-0
	Nombre de cuenta:		grey_admin
	Dominio de cuenta:		cliba

Información de error:
	Motivo del error:		La contraseña de la cuenta especificada expiró.
	Estado:			0xC000006E
	Subestado:		0xC0000071

Información de proceso:
	Id. de proceso del autor de la llamada:	0x0
	Nombre de proceso del autor de la llamada:	-

Información de red:
	Nombre de estación de trabajo:	NBA1699
	Dirección de red de origen:	172.16.80.88
	Puerto de origen:		62014

Información de autenticación detallada:
	Proceso de inicio de sesión:		NtLmSsp 
	Paquete de autenticación:	NTLM
	Servicios transitados:	-
	Nombre de paquete (solo NTLM):	-
	Longitud de clave:	0

Este evento se genera cuando se produce un error en una solicitud de inicio de sesión. Lo genera el equipo al que se intentó tener acceso.

Los campos de sujeto indican la cuenta del sistema local que solicitó el inicio de sesión. Suele ser un servicio como el servicio de servidor o un proceso local como Winlogon.exe o Services.exe.

El campo Tipo de inicio de sesión indica la clase de inicio de sesión que se solicitó. Los tipos más comunes son 2 (interactivo) y 3 (red).

Los campos Información de proceso indican la cuenta y el proceso en el sistema que solicitó el inicio de sesión.

Los campos Información de red indican dónde se originó una solicitud de inicio de sesión remota. Nombre de estación de trabajo no está siempre disponible y se puede dejar en blanco en algunos casos.

Los campos de información de autenticación proporcionan información detallada sobre esta solicitud de inicio de sesión específica.
	- Servicios transitados indica los servicios intermedios que participaron en esta solicitud de inicio de sesión.
	- Nombre de paquete indica el subprotocolo que se usó entre los protocolos NTLM.
	- Longitud de clave indica la longitud de la clave de sesión generada. Será 0 si no se solicitó una clave de sesión.

Event[76]:
  Log Name: Security
  Source: Microsoft-Windows-Security-Auditing
  Date: 2024-07-12T19:20:55.965
  Event ID: 4625
  Task: Logon
  Level: Información
  Opcode: Información
  Keyword: Error de auditoría
  User: N/A
  User Name: N/A
  Computer: ClibaTS100.cliba.com.ar
  Description: 
Error de una cuenta al iniciar sesión.

Sujeto:
	Id. de seguridad:		S-1-0-0
	Nombre de cuenta:		-
	Dominio de cuenta:		-
	Id. de inicio de sesión:		0x0

Tipo de inicio de sesión:			3

Cuenta con error de inicio de sesión: 
	Id. de seguridad:		S-1-0-0
	Nombre de cuenta:		grey_admin
	Dominio de cuenta:		cliba

Información de error:
	Motivo del error:		La contraseña de la cuenta especificada expiró.
	Estado:			0xC000006E
	Subestado:		0xC0000071

Información de proceso:
	Id. de proceso del autor de la llamada:	0x0
	Nombre de proceso del autor de la llamada:	-

Información de red:
	Nombre de estación de trabajo:	NBA1699
	Dirección de red de origen:	172.16.80.88
	Puerto de origen:		62011

Información de autenticación detallada:
	Proceso de inicio de sesión:		NtLmSsp 
	Paquete de autenticación:	NTLM
	Servicios transitados:	-
	Nombre de paquete (solo NTLM):	-
	Longitud de clave:	0

Este evento se genera cuando se produce un error en una solicitud de inicio de sesión. Lo genera el equipo al que se intentó tener acceso.

Los campos de sujeto indican la cuenta del sistema local que solicitó el inicio de sesión. Suele ser un servicio como el servicio de servidor o un proceso local como Winlogon.exe o Services.exe.

El campo Tipo de inicio de sesión indica la clase de inicio de sesión que se solicitó. Los tipos más comunes son 2 (interactivo) y 3 (red).

Los campos Información de proceso indican la cuenta y el proceso en el sistema que solicitó el inicio de sesión.

Los campos Información de red indican dónde se originó una solicitud de inicio de sesión remota. Nombre de estación de trabajo no está siempre disponible y se puede dejar en blanco en algunos casos.

Los campos de información de autenticación proporcionan información detallada sobre esta solicitud de inicio de sesión específica.
	- Servicios transitados indica los servicios intermedios que participaron en esta solicitud de inicio de sesión.
	- Nombre de paquete indica el subprotocolo que se usó entre los protocolos NTLM.
	- Longitud de clave indica la longitud de la clave de sesión generada. Será 0 si no se solicitó una clave de sesión.

Event[77]:
  Log Name: Security
  Source: Microsoft-Windows-Security-Auditing
  Date: 2024-07-12T19:20:53.780
  Event ID: 4625
  Task: Logon
  Level: Información
  Opcode: Información
  Keyword: Error de auditoría
  User: N/A
  User Name: N/A
  Computer: ClibaTS100.cliba.com.ar
  Description: 
Error de una cuenta al iniciar sesión.

Sujeto:
	Id. de seguridad:		S-1-0-0
	Nombre de cuenta:		-
	Dominio de cuenta:		-
	Id. de inicio de sesión:		0x0

Tipo de inicio de sesión:			3

Cuenta con error de inicio de sesión: 
	Id. de seguridad:		S-1-0-0
	Nombre de cuenta:		grey_admin
	Dominio de cuenta:		cliba

Información de error:
	Motivo del error:		La contraseña de la cuenta especificada expiró.
	Estado:			0xC000006E
	Subestado:		0xC0000071

Información de proceso:
	Id. de proceso del autor de la llamada:	0x0
	Nombre de proceso del autor de la llamada:	-

Información de red:
	Nombre de estación de trabajo:	NBA1699
	Dirección de red de origen:	172.16.80.88
	Puerto de origen:		61972

Información de autenticación detallada:
	Proceso de inicio de sesión:		NtLmSsp 
	Paquete de autenticación:	NTLM
	Servicios transitados:	-
	Nombre de paquete (solo NTLM):	-
	Longitud de clave:	0

Este evento se genera cuando se produce un error en una solicitud de inicio de sesión. Lo genera el equipo al que se intentó tener acceso.

Los campos de sujeto indican la cuenta del sistema local que solicitó el inicio de sesión. Suele ser un servicio como el servicio de servidor o un proceso local como Winlogon.exe o Services.exe.

El campo Tipo de inicio de sesión indica la clase de inicio de sesión que se solicitó. Los tipos más comunes son 2 (interactivo) y 3 (red).

Los campos Información de proceso indican la cuenta y el proceso en el sistema que solicitó el inicio de sesión.

Los campos Información de red indican dónde se originó una solicitud de inicio de sesión remota. Nombre de estación de trabajo no está siempre disponible y se puede dejar en blanco en algunos casos.

Los campos de información de autenticación proporcionan información detallada sobre esta solicitud de inicio de sesión específica.
	- Servicios transitados indica los servicios intermedios que participaron en esta solicitud de inicio de sesión.
	- Nombre de paquete indica el subprotocolo que se usó entre los protocolos NTLM.
	- Longitud de clave indica la longitud de la clave de sesión generada. Será 0 si no se solicitó una clave de sesión.

Event[78]:
  Log Name: Security
  Source: Microsoft-Windows-Security-Auditing
  Date: 2024-07-12T19:20:53.587
  Event ID: 4625
  Task: Logon
  Level: Información
  Opcode: Información
  Keyword: Error de auditoría
  User: N/A
  User Name: N/A
  Computer: ClibaTS100.cliba.com.ar
  Description: 
Error de una cuenta al iniciar sesión.

Sujeto:
	Id. de seguridad:		S-1-0-0
	Nombre de cuenta:		-
	Dominio de cuenta:		-
	Id. de inicio de sesión:		0x0

Tipo de inicio de sesión:			3

Cuenta con error de inicio de sesión: 
	Id. de seguridad:		S-1-0-0
	Nombre de cuenta:		grey_admin
	Dominio de cuenta:		cliba

Información de error:
	Motivo del error:		La contraseña de la cuenta especificada expiró.
	Estado:			0xC000006E
	Subestado:		0xC0000071

Información de proceso:
	Id. de proceso del autor de la llamada:	0x0
	Nombre de proceso del autor de la llamada:	-

Información de red:
	Nombre de estación de trabajo:	NBA1699
	Dirección de red de origen:	172.16.80.88
	Puerto de origen:		61969

Información de autenticación detallada:
	Proceso de inicio de sesión:		NtLmSsp 
	Paquete de autenticación:	NTLM
	Servicios transitados:	-
	Nombre de paquete (solo NTLM):	-
	Longitud de clave:	0

Este evento se genera cuando se produce un error en una solicitud de inicio de sesión. Lo genera el equipo al que se intentó tener acceso.

Los campos de sujeto indican la cuenta del sistema local que solicitó el inicio de sesión. Suele ser un servicio como el servicio de servidor o un proceso local como Winlogon.exe o Services.exe.

El campo Tipo de inicio de sesión indica la clase de inicio de sesión que se solicitó. Los tipos más comunes son 2 (interactivo) y 3 (red).

Los campos Información de proceso indican la cuenta y el proceso en el sistema que solicitó el inicio de sesión.

Los campos Información de red indican dónde se originó una solicitud de inicio de sesión remota. Nombre de estación de trabajo no está siempre disponible y se puede dejar en blanco en algunos casos.

Los campos de información de autenticación proporcionan información detallada sobre esta solicitud de inicio de sesión específica.
	- Servicios transitados indica los servicios intermedios que participaron en esta solicitud de inicio de sesión.
	- Nombre de paquete indica el subprotocolo que se usó entre los protocolos NTLM.
	- Longitud de clave indica la longitud de la clave de sesión generada. Será 0 si no se solicitó una clave de sesión.

Event[79]:
  Log Name: Security
  Source: Microsoft-Windows-Security-Auditing
  Date: 2024-07-12T19:20:53.423
  Event ID: 4625
  Task: Logon
  Level: Información
  Opcode: Información
  Keyword: Error de auditoría
  User: N/A
  User Name: N/A
  Computer: ClibaTS100.cliba.com.ar
  Description: 
Error de una cuenta al iniciar sesión.

Sujeto:
	Id. de seguridad:		S-1-0-0
	Nombre de cuenta:		-
	Dominio de cuenta:		-
	Id. de inicio de sesión:		0x0

Tipo de inicio de sesión:			3

Cuenta con error de inicio de sesión: 
	Id. de seguridad:		S-1-0-0
	Nombre de cuenta:		grey_admin
	Dominio de cuenta:		cliba

Información de error:
	Motivo del error:		La contraseña de la cuenta especificada expiró.
	Estado:			0xC000006E
	Subestado:		0xC0000071

Información de proceso:
	Id. de proceso del autor de la llamada:	0x0
	Nombre de proceso del autor de la llamada:	-

Información de red:
	Nombre de estación de trabajo:	NBA1699
	Dirección de red de origen:	172.16.80.88
	Puerto de origen:		61966

Información de autenticación detallada:
	Proceso de inicio de sesión:		NtLmSsp 
	Paquete de autenticación:	NTLM
	Servicios transitados:	-
	Nombre de paquete (solo NTLM):	-
	Longitud de clave:	0

Este evento se genera cuando se produce un error en una solicitud de inicio de sesión. Lo genera el equipo al que se intentó tener acceso.

Los campos de sujeto indican la cuenta del sistema local que solicitó el inicio de sesión. Suele ser un servicio como el servicio de servidor o un proceso local como Winlogon.exe o Services.exe.

El campo Tipo de inicio de sesión indica la clase de inicio de sesión que se solicitó. Los tipos más comunes son 2 (interactivo) y 3 (red).

Los campos Información de proceso indican la cuenta y el proceso en el sistema que solicitó el inicio de sesión.

Los campos Información de red indican dónde se originó una solicitud de inicio de sesión remota. Nombre de estación de trabajo no está siempre disponible y se puede dejar en blanco en algunos casos.

Los campos de información de autenticación proporcionan información detallada sobre esta solicitud de inicio de sesión específica.
	- Servicios transitados indica los servicios intermedios que participaron en esta solicitud de inicio de sesión.
	- Nombre de paquete indica el subprotocolo que se usó entre los protocolos NTLM.
	- Longitud de clave indica la longitud de la clave de sesión generada. Será 0 si no se solicitó una clave de sesión.

Event[80]:
